#
# There is insufficient memory for the Java Runtime Environment to continue.
# Native memory allocation (mmap) failed to map 48234496 bytes for Failed to commit area from 0x000000008e400000 to 0x0000000091200000 of length 48234496.
# Possible reasons:
#   The system is out of physical RAM or swap space
#   The process is running with CompressedOops enabled, and the Java Heap may be blocking the growth of the native heap
# Possible solutions:
#   Reduce memory load on the system
#   Increase physical memory or swap space
#   Check if swap backing store is full
#   Decrease Java heap size (-Xmx/-Xms)
#   Decrease number of Java threads
#   Decrease Java thread stack sizes (-Xss)
#   Set larger code cache with -XX:ReservedCodeCacheSize=
#   JVM is running with Unscaled Compressed Oops mode in which the Java heap is
#     placed in the first 4GB address space. The Java Heap base address is the
#     maximum limit for the native heap growth. Please use -XX:HeapBaseMinAddress
#     to set the Java Heap base and to place the Java Heap above 4GB virtual address.
# This output file may be truncated or incomplete.
#
#  Out of Memory Error (./src/hotspot/os/windows/os_windows.cpp:3301), pid=19880, tid=20720
#
# JRE version: OpenJDK Runtime Environment (11.0.10) (build 11.0.10+0-b96-7249189)
# Java VM: OpenJDK 64-Bit Server VM (11.0.10+0-b96-7249189, mixed mode, tiered, compressed oops, g1 gc, windows-amd64)
# No core dump will be written. Minidumps are not enabled by default on client versions of Windows
#

---------------  S U M M A R Y ------------

Command Line: --add-opens=java.base/java.util=ALL-UNNAMED --add-opens=java.base/java.lang=ALL-UNNAMED --add-opens=java.base/java.lang.invoke=ALL-UNNAMED --add-opens=java.base/java.util=ALL-UNNAMED --add-opens=java.prefs/java.util.prefs=ALL-UNNAMED --add-opens=java.prefs/java.util.prefs=ALL-UNNAMED --add-opens=java.base/java.nio.charset=ALL-UNNAMED --add-opens=java.base/java.net=ALL-UNNAMED --add-opens=java.base/java.util.concurrent.atomic=ALL-UNNAMED -Xmx2048m -Dfile.encoding=UTF-8 -Duser.country=US -Duser.language=en -Duser.variant org.gradle.launcher.daemon.bootstrap.GradleDaemon 7.0.2

Host: Intel(R) Core(TM) i7-6600U CPU @ 2.60GHz, 4 cores, 7G,  Windows 10 , 64 bit Build 19041 (10.0.19041.1348)
Time: Tue Dec 21 19:59:45 2021 E. Africa Standard Time elapsed time: 48.462945 seconds (0d 0h 0m 48s)

---------------  T H R E A D  ---------------

Current thread (0x000001c8ce64b000):  VMThread "VM Thread" [stack: 0x000000b01e500000,0x000000b01e600000] [id=20720]

Stack: [0x000000b01e500000,0x000000b01e600000]
[error occurred during error reporting (printing stack bounds), id 0xc0000005, EXCEPTION_ACCESS_VIOLATION (0xc0000005) at pc=0x000001c8b8560f2d]

Native frames: (J=compiled Java code, j=interpreted, Vv=VM code, C=native code)
V  [jvm.dll+0x5ecfaa]
V  [jvm.dll+0x722bd5]
V  [jvm.dll+0x72412d]
V  [jvm.dll+0x724745]
V  [jvm.dll+0x7246fb]
V  [jvm.dll+0x5ec348]
V  [jvm.dll+0x5ecad8]
C  [ntdll.dll+0xa20cf]
C  [ntdll.dll+0x51454]
C  [ntdll.dll+0xa0bfe]
C  0x000001c8b8560f2d

VM_Operation (0x000000b021efb630): G1CollectForAllocation, mode: safepoint, requested by thread 0x000001c8d6a55000


---------------  P R O C E S S  ---------------

Threads class SMR info:
_java_thread_list=0x000001c8d523c350, length=54, elements={
0x000001c8b2aac000, 0x000001c8ce64f800, 0x000001c8ce65b000, 0x000001c8cefe2800,
0x000001c8ce66d000, 0x000001c8ce66f800, 0x000001c8ce671800, 0x000001c8ce677000,
0x000001c8ce67f800, 0x000001c8cf122000, 0x000001c8d0a75800, 0x000001c8d0ea9800,
0x000001c8cfa12000, 0x000001c8d0e80800, 0x000001c8d02fd800, 0x000001c8cfd46800,
0x000001c8d02ee800, 0x000001c8d010d800, 0x000001c8d09ac800, 0x000001c8d0927000,
0x000001c8d0922000, 0x000001c8d0928000, 0x000001c8d0924800, 0x000001c8d0923000,
0x000001c8d0923800, 0x000001c8d0925800, 0x000001c8d0926000, 0x000001c8d0928800,
0x000001c8d3465800, 0x000001c8d3462800, 0x000001c8d3467000, 0x000001c8d3461800,
0x000001c8d3464000, 0x000001c8d3468000, 0x000001c8d346e800, 0x000001c8d346c000,
0x000001c8d346a800, 0x000001c8d346d000, 0x000001c8d346d800, 0x000001c8d346b000,
0x000001c8d3469000, 0x000001c8d346f800, 0x000001c8d6a50000, 0x000001c8d6a54800,
0x000001c8d6a51000, 0x000001c8d6a57800, 0x000001c8d6a52800, 0x000001c8d6a53800,
0x000001c8d6a52000, 0x000001c8d17ed800, 0x000001c8d6a55000, 0x000001c8d6a59000,
0x000001c8d6a5a000, 0x000001c8d6a5b000
}

Java Threads: ( => current thread )
  0x000001c8b2aac000 JavaThread "main" [_thread_blocked, id=17468, stack(0x000000b01df00000,0x000000b01e000000)]
  0x000001c8ce64f800 JavaThread "Reference Handler" daemon [_thread_blocked, id=3620, stack(0x000000b01e600000,0x000000b01e700000)]
  0x000001c8ce65b000 JavaThread "Finalizer" daemon [_thread_blocked, id=11392, stack(0x000000b01e700000,0x000000b01e800000)]
  0x000001c8cefe2800 JavaThread "Signal Dispatcher" daemon [_thread_blocked, id=20892, stack(0x000000b01e900000,0x000000b01ea00000)]
  0x000001c8ce66d000 JavaThread "Attach Listener" daemon [_thread_blocked, id=17684, stack(0x000000b01ea00000,0x000000b01eb00000)]
  0x000001c8ce66f800 JavaThread "Service Thread" daemon [_thread_blocked, id=16736, stack(0x000000b01eb00000,0x000000b01ec00000)]
  0x000001c8ce671800 JavaThread "C2 CompilerThread0" daemon [_thread_blocked, id=20768, stack(0x000000b01ec00000,0x000000b01ed00000)]
  0x000001c8ce677000 JavaThread "C1 CompilerThread0" daemon [_thread_blocked, id=10308, stack(0x000000b01ed00000,0x000000b01ee00000)]
  0x000001c8ce67f800 JavaThread "Sweeper thread" daemon [_thread_blocked, id=15044, stack(0x000000b01ee00000,0x000000b01ef00000)]
  0x000001c8cf122000 JavaThread "Common-Cleaner" daemon [_thread_blocked, id=16092, stack(0x000000b01ef00000,0x000000b01f000000)]
  0x000001c8d0a75800 JavaThread "Daemon health stats" [_thread_blocked, id=21136, stack(0x000000b01f100000,0x000000b01f200000)]
  0x000001c8d0ea9800 JavaThread "Incoming local TCP Connector on port 55580" [_thread_in_native, id=11416, stack(0x000000b01f400000,0x000000b01f500000)]
  0x000001c8cfa12000 JavaThread "Daemon periodic checks" [_thread_blocked, id=7892, stack(0x000000b01f500000,0x000000b01f600000)]
  0x000001c8d0e80800 JavaThread "Daemon" [_thread_blocked, id=21948, stack(0x000000b01f600000,0x000000b01f700000)]
  0x000001c8d02fd800 JavaThread "Handler for socket connection from /127.0.0.1:55580 to /127.0.0.1:55581" [_thread_in_native, id=11668, stack(0x000000b01f700000,0x000000b01f800000)]
  0x000001c8cfd46800 JavaThread "Cancel handler" [_thread_blocked, id=15496, stack(0x000000b01f800000,0x000000b01f900000)]
  0x000001c8d02ee800 JavaThread "Daemon worker" [_thread_blocked, id=16932, stack(0x000000b01f900000,0x000000b01fa00000)]
  0x000001c8d010d800 JavaThread "Asynchronous log dispatcher for DefaultDaemonConnection: socket connection from /127.0.0.1:55580 to /127.0.0.1:55581" [_thread_blocked, id=19652, stack(0x000000b01fa00000,0x000000b01fb00000)]
  0x000001c8d09ac800 JavaThread "Stdin handler" [_thread_blocked, id=21688, stack(0x000000b01fb00000,0x000000b01fc00000)]
  0x000001c8d0927000 JavaThread "Daemon client event forwarder" [_thread_blocked, id=18856, stack(0x000000b01fd00000,0x000000b01fe00000)]
  0x000001c8d0922000 JavaThread "Cache worker for file hash cache (C:\Users\bruno\.gradle\caches\7.0.2\fileHashes)" [_thread_blocked, id=21516, stack(0x000000b01fe00000,0x000000b01ff00000)]
  0x000001c8d0928000 JavaThread "File lock request listener" [_thread_in_native, id=11740, stack(0x000000b01ff00000,0x000000b020000000)]
  0x000001c8d0924800 JavaThread "Cache worker for journal cache (C:\Users\bruno\.gradle\caches\journal-1)" [_thread_blocked, id=4128, stack(0x000000b020000000,0x000000b020100000)]
  0x000001c8d0923000 JavaThread "Cache worker for file hash cache (C:\Users\bruno\Documents\DIT\2.2\ICT Project II\Project\Android\E-Progression\.gradle\7.0.2\fileHashes)" [_thread_blocked, id=7588, stack(0x000000b020200000,0x000000b020300000)]
  0x000001c8d0923800 JavaThread "File watcher server" daemon [_thread_blocked, id=15144, stack(0x000000b020300000,0x000000b020400000)]
  0x000001c8d0925800 JavaThread "File watcher consumer" daemon [_thread_blocked, id=12856, stack(0x000000b020400000,0x000000b020500000)]
  0x000001c8d0926000 JavaThread "Cache worker for checksums cache (C:\Users\bruno\Documents\DIT\2.2\ICT Project II\Project\Android\E-Progression\.gradle\checksums)" [_thread_blocked, id=8060, stack(0x000000b020500000,0x000000b020600000)]
  0x000001c8d0928800 JavaThread "Cache worker for cache directory md-supplier (C:\Users\bruno\.gradle\caches\7.0.2\md-supplier)" [_thread_blocked, id=13060, stack(0x000000b020600000,0x000000b020700000)]
  0x000001c8d3465800 JavaThread "Cache worker for cache directory md-rule (C:\Users\bruno\.gradle\caches\7.0.2\md-rule)" [_thread_blocked, id=3804, stack(0x000000b020700000,0x000000b020800000)]
  0x000001c8d3462800 JavaThread "Cache worker for execution history cache (C:\Users\bruno\.gradle\caches\7.0.2\executionHistory)" [_thread_blocked, id=21432, stack(0x000000b020800000,0x000000b020900000)]
  0x000001c8d3467000 JavaThread "jar transforms" [_thread_blocked, id=5644, stack(0x000000b020900000,0x000000b020a00000)]
  0x000001c8d3461800 JavaThread "jar transforms Thread 2" [_thread_blocked, id=19012, stack(0x000000b020a00000,0x000000b020b00000)]
  0x000001c8d3464000 JavaThread "Cache worker for file content cache (C:\Users\bruno\.gradle\caches\7.0.2\fileContent)" [_thread_blocked, id=17568, stack(0x000000b020b00000,0x000000b020c00000)]
  0x000001c8d3468000 JavaThread "Cache worker for dependencies-accessors (C:\Users\bruno\Documents\DIT\2.2\ICT Project II\Project\Android\E-Progression\.gradle\7.0.2\dependencies-accessors)" [_thread_blocked, id=12844, stack(0x000000b020c00000,0x000000b020d00000)]
  0x000001c8d346e800 JavaThread "jar transforms Thread 3" [_thread_blocked, id=19044, stack(0x000000b020d00000,0x000000b020e00000)]
  0x000001c8d346c000 JavaThread "Cache worker for Build Output Cleanup Cache (C:\Users\bruno\Documents\DIT\2.2\ICT Project II\Project\Android\E-Progression\.gradle\buildOutputCleanup)" [_thread_blocked, id=14572, stack(0x000000b020e00000,0x000000b020f00000)]
  0x000001c8d346a800 JavaThread "Build operations" [_thread_blocked, id=19020, stack(0x000000b020f00000,0x000000b021000000)]
  0x000001c8d346d000 JavaThread "Build operations Thread 2" [_thread_blocked, id=12168, stack(0x000000b021000000,0x000000b021100000)]
  0x000001c8d346d800 JavaThread "Build operations Thread 3" [_thread_blocked, id=10232, stack(0x000000b021100000,0x000000b021200000)]
  0x000001c8d346b000 JavaThread "Build operations Thread 4" [_thread_blocked, id=14836, stack(0x000000b021200000,0x000000b021300000)]
  0x000001c8d3469000 JavaThread "jar transforms Thread 4" [_thread_blocked, id=21096, stack(0x000000b021300000,0x000000b021400000)]
  0x000001c8d346f800 JavaThread "Memory manager" [_thread_blocked, id=12552, stack(0x000000b021400000,0x000000b021500000)]
  0x000001c8d6a50000 JavaThread "build event listener" [_thread_blocked, id=4620, stack(0x000000b021500000,0x000000b021600000)]
  0x000001c8d6a54800 JavaThread "pool-3-thread-1" [_thread_blocked, id=7560, stack(0x000000b021600000,0x000000b021700000)]
  0x000001c8d6a51000 JavaThread "build event listener" [_thread_blocked, id=14964, stack(0x000000b021700000,0x000000b021800000)]
  0x000001c8d6a57800 JavaThread "Execution worker for ':'" [_thread_blocked, id=12444, stack(0x000000b021800000,0x000000b021900000)]
  0x000001c8d6a52800 JavaThread "Execution worker for ':' Thread 2" [_thread_blocked, id=22428, stack(0x000000b021900000,0x000000b021a00000)]
  0x000001c8d6a53800 JavaThread "Execution worker for ':' Thread 3" [_thread_blocked, id=12400, stack(0x000000b021a00000,0x000000b021b00000)]
  0x000001c8d6a52000 JavaThread "Cache worker for execution history cache (C:\Users\bruno\Documents\DIT\2.2\ICT Project II\Project\Android\E-Progression\.gradle\7.0.2\executionHistory)" [_thread_blocked, id=13920, stack(0x000000b021b00000,0x000000b021c00000)]
  0x000001c8d17ed800 JavaThread "C2 CompilerThread1" daemon [_thread_in_native, id=22004, stack(0x000000b020100000,0x000000b020200000)]
  0x000001c8d6a55000 JavaThread "WorkerExecutor Queue" [_thread_blocked, id=20364, stack(0x000000b021e00000,0x000000b021f00000)]
  0x000001c8d6a59000 JavaThread "WorkerExecutor Queue Thread 2" [_thread_blocked, id=21640, stack(0x000000b021f00000,0x000000b022000000)]
  0x000001c8d6a5a000 JavaThread "WorkerExecutor Queue Thread 3" [_thread_in_native, id=10068, stack(0x000000b022000000,0x000000b022100000)]
  0x000001c8d6a5b000 JavaThread "WorkerExecutor Queue Thread 4" [_thread_in_native, id=19052, stack(0x000000b022100000,0x000000b022200000)]

Other Threads:
=>0x000001c8ce64b000 VMThread "VM Thread" [stack: 0x000000b01e500000,0x000000b01e600000] [id=20720]
  0x000001c8cf12d800 WatcherThread [stack: 0x000000b01f000000,0x000000b01f100000] [id=19300]
  0x000001c8b4a84000 GCTaskThread "GC Thread#0" [stack: 0x000000b01e000000,0x000000b01e100000] [id=4440]
  0x000001c8cfc8d800 GCTaskThread "GC Thread#1" [stack: 0x000000b01f200000,0x000000b01f300000] [id=14348]
  0x000001c8cf4e6800 GCTaskThread "GC Thread#2" [stack: 0x000000b01f300000,0x000000b01f400000] [id=12836]
  0x000001c8d08d0000 GCTaskThread "GC Thread#3" [stack: 0x000000b01fc00000,0x000000b01fd00000] [id=6612]
  0x000001c8b4ab8000 ConcurrentGCThread "G1 Main Marker" [stack: 0x000000b01e100000,0x000000b01e200000] [id=21244]
  0x000001c8b4aba000 ConcurrentGCThread "G1 Conc#0" [stack: 0x000000b01e200000,0x000000b01e300000] [id=21436]
  0x000001c8b4b45800 ConcurrentGCThread "G1 Refine#0" [stack: 0x000000b01e300000,0x000000b01e400000] [id=21964]
  0x000001c8b4b46800 ConcurrentGCThread "G1 Young RemSet Sampling" [stack: 0x000000b01e400000,0x000000b01e500000] [id=16236]

Threads with active compile tasks:
C2 CompilerThread0  48504 14905 %     4       com.android.tools.r8.internal.Nv::a @ 337 (455 bytes)
C2 CompilerThread1  48504 14822 %     4       com.android.tools.r8.ir.regalloc.a::a @ 1405 (3985 bytes)

VM state:at safepoint (normal execution)

VM Mutex/Monitor currently owned by a thread:  ([mutex/lock_event])
[0x000001c8b2aab580] Threads_lock - owner thread: 0x000001c8ce64b000
[0x000001c8b2aaa4a0] Heap_lock - owner thread: 0x000001c8d6a55000

Heap address: 0x0000000080000000, size: 2048 MB, Compressed Oops mode: 32-bit
Narrow klass base: 0x0000000000000000, Narrow klass shift: 3
Compressed class space size: 1073741824 Address: 0x0000000100000000

Heap:
 garbage-first heap   total 280576K, used 131709K [0x0000000080000000, 0x0000000100000000)
  region size 1024K, 2 young (2048K), 2 survivors (2048K)
 Metaspace       used 106770K, capacity 109331K, committed 109604K, reserved 1144832K
  class space    used 13625K, capacity 14633K, committed 14708K, reserved 1048576K
Heap Regions: E=young(eden), S=young(survivor), O=old, HS=humongous(starts), HC=humongous(continues), CS=collection set, F=free, A=archive, TAMS=top-at-mark-start (previous, next)
|   0|0x0000000080000000, 0x0000000080100000, 0x0000000080100000|100%| O|  |TAMS 0x0000000080100000, 0x0000000080000000| Untracked 
|   1|0x0000000080100000, 0x0000000080200000, 0x0000000080200000|100%| O|  |TAMS 0x0000000080200000, 0x0000000080100000| Untracked 
|   2|0x0000000080200000, 0x0000000080300000, 0x0000000080300000|100%| O|  |TAMS 0x0000000080300000, 0x0000000080200000| Untracked 
|   3|0x0000000080300000, 0x0000000080400000, 0x0000000080400000|100%|HS|  |TAMS 0x0000000080400000, 0x0000000080300000| Complete 
|   4|0x0000000080400000, 0x0000000080500000, 0x0000000080500000|100%|HC|  |TAMS 0x0000000080500000, 0x0000000080400000| Complete 
|   5|0x0000000080500000, 0x0000000080600000, 0x0000000080600000|100%|HC|  |TAMS 0x0000000080600000, 0x0000000080500000| Complete 
|   6|0x0000000080600000, 0x0000000080700000, 0x0000000080700000|100%| O|  |TAMS 0x0000000080700000, 0x0000000080600000| Untracked 
|   7|0x0000000080700000, 0x0000000080800000, 0x0000000080800000|100%| O|  |TAMS 0x0000000080800000, 0x0000000080700000| Untracked 
|   8|0x0000000080800000, 0x0000000080900000, 0x0000000080900000|100%| O|  |TAMS 0x0000000080900000, 0x0000000080800000| Untracked 
|   9|0x0000000080900000, 0x0000000080a00000, 0x0000000080a00000|100%| O|  |TAMS 0x0000000080a00000, 0x0000000080900000| Untracked 
|  10|0x0000000080a00000, 0x0000000080b00000, 0x0000000080b00000|100%| O|  |TAMS 0x0000000080b00000, 0x0000000080a00000| Untracked 
|  11|0x0000000080b00000, 0x0000000080c00000, 0x0000000080c00000|100%| O|  |TAMS 0x0000000080c00000, 0x0000000080b00000| Untracked 
|  12|0x0000000080c00000, 0x0000000080d00000, 0x0000000080d00000|100%| O|  |TAMS 0x0000000080d00000, 0x0000000080c00000| Untracked 
|  13|0x0000000080d00000, 0x0000000080e00000, 0x0000000080e00000|100%| O|  |TAMS 0x0000000080e00000, 0x0000000080d00000| Untracked 
|  14|0x0000000080e00000, 0x0000000080f00000, 0x0000000080f00000|100%| O|  |TAMS 0x0000000080f00000, 0x0000000080e00000| Untracked 
|  15|0x0000000080f00000, 0x0000000081000000, 0x0000000081000000|100%| O|  |TAMS 0x0000000081000000, 0x0000000080f00000| Untracked 
|  16|0x0000000081000000, 0x0000000081100000, 0x0000000081100000|100%| O|  |TAMS 0x0000000081100000, 0x0000000081000000| Untracked 
|  17|0x0000000081100000, 0x0000000081200000, 0x0000000081200000|100%| O|  |TAMS 0x0000000081200000, 0x0000000081100000| Untracked 
|  18|0x0000000081200000, 0x0000000081300000, 0x0000000081300000|100%|HS|  |TAMS 0x0000000081300000, 0x0000000081200000| Complete 
|  19|0x0000000081300000, 0x0000000081400000, 0x0000000081400000|100%| O|  |TAMS 0x0000000081400000, 0x0000000081300000| Untracked 
|  20|0x0000000081400000, 0x0000000081500000, 0x0000000081500000|100%| O|  |TAMS 0x0000000081500000, 0x0000000081400000| Untracked 
|  21|0x0000000081500000, 0x0000000081600000, 0x0000000081600000|100%| O|  |TAMS 0x0000000081600000, 0x0000000081500000| Untracked 
|  22|0x0000000081600000, 0x0000000081700000, 0x0000000081700000|100%| O|  |TAMS 0x0000000081700000, 0x0000000081600000| Untracked 
|  23|0x0000000081700000, 0x0000000081800000, 0x0000000081800000|100%| O|  |TAMS 0x0000000081800000, 0x0000000081700000| Untracked 
|  24|0x0000000081800000, 0x0000000081900000, 0x0000000081900000|100%| O|  |TAMS 0x0000000081900000, 0x0000000081800000| Untracked 
|  25|0x0000000081900000, 0x0000000081a00000, 0x0000000081a00000|100%| O|  |TAMS 0x0000000081a00000, 0x0000000081900000| Untracked 
|  26|0x0000000081a00000, 0x0000000081b00000, 0x0000000081b00000|100%| O|  |TAMS 0x0000000081b00000, 0x0000000081a00000| Untracked 
|  27|0x0000000081b00000, 0x0000000081c00000, 0x0000000081c00000|100%|HS|  |TAMS 0x0000000081c00000, 0x0000000081b00000| Complete 
|  28|0x0000000081c00000, 0x0000000081d00000, 0x0000000081d00000|100%|HS|  |TAMS 0x0000000081d00000, 0x0000000081c00000| Complete 
|  29|0x0000000081d00000, 0x0000000081e00000, 0x0000000081e00000|100%|HS|  |TAMS 0x0000000081e00000, 0x0000000081d00000| Complete 
|  30|0x0000000081e00000, 0x0000000081f00000, 0x0000000081f00000|100%|HC|  |TAMS 0x0000000081f00000, 0x0000000081e00000| Complete 
|  31|0x0000000081f00000, 0x0000000082000000, 0x0000000082000000|100%|HC|  |TAMS 0x0000000082000000, 0x0000000081f00000| Complete 
|  32|0x0000000082000000, 0x0000000082100000, 0x0000000082100000|100%|HS|  |TAMS 0x0000000082100000, 0x0000000082000000| Complete 
|  33|0x0000000082100000, 0x0000000082200000, 0x0000000082200000|100%|HC|  |TAMS 0x0000000082200000, 0x0000000082100000| Complete 
|  34|0x0000000082200000, 0x0000000082300000, 0x0000000082300000|100%| O|  |TAMS 0x0000000082300000, 0x0000000082200000| Untracked 
|  35|0x0000000082300000, 0x0000000082400000, 0x0000000082400000|100%| O|  |TAMS 0x0000000082400000, 0x0000000082300000| Untracked 
|  36|0x0000000082400000, 0x0000000082500000, 0x0000000082500000|100%| O|  |TAMS 0x0000000082500000, 0x0000000082400000| Untracked 
|  37|0x0000000082500000, 0x0000000082600000, 0x0000000082600000|100%| O|  |TAMS 0x0000000082600000, 0x0000000082500000| Untracked 
|  38|0x0000000082600000, 0x0000000082700000, 0x0000000082700000|100%| O|  |TAMS 0x0000000082700000, 0x0000000082600000| Untracked 
|  39|0x0000000082700000, 0x0000000082800000, 0x0000000082800000|100%| O|  |TAMS 0x0000000082800000, 0x0000000082700000| Untracked 
|  40|0x0000000082800000, 0x0000000082900000, 0x0000000082900000|100%| O|  |TAMS 0x0000000082900000, 0x0000000082800000| Untracked 
|  41|0x0000000082900000, 0x0000000082a00000, 0x0000000082a00000|100%| O|  |TAMS 0x0000000082a00000, 0x0000000082900000| Untracked 
|  42|0x0000000082a00000, 0x0000000082b00000, 0x0000000082b00000|100%| O|  |TAMS 0x0000000082b00000, 0x0000000082a00000| Untracked 
|  43|0x0000000082b00000, 0x0000000082c00000, 0x0000000082c00000|100%| O|  |TAMS 0x0000000082c00000, 0x0000000082b00000| Untracked 
|  44|0x0000000082c00000, 0x0000000082d00000, 0x0000000082d00000|100%| O|  |TAMS 0x0000000082d00000, 0x0000000082c00000| Untracked 
|  45|0x0000000082d00000, 0x0000000082e00000, 0x0000000082e00000|100%| O|  |TAMS 0x0000000082e00000, 0x0000000082d00000| Untracked 
|  46|0x0000000082e00000, 0x0000000082f00000, 0x0000000082f00000|100%| O|  |TAMS 0x0000000082f00000, 0x0000000082e00000| Untracked 
|  47|0x0000000082f00000, 0x0000000083000000, 0x0000000083000000|100%| O|  |TAMS 0x0000000083000000, 0x0000000082f00000| Untracked 
|  48|0x0000000083000000, 0x0000000083100000, 0x0000000083100000|100%| O|  |TAMS 0x0000000083100000, 0x0000000083000000| Untracked 
|  49|0x0000000083100000, 0x0000000083200000, 0x0000000083200000|100%| O|  |TAMS 0x0000000083200000, 0x0000000083100000| Untracked 
|  50|0x0000000083200000, 0x0000000083300000, 0x0000000083300000|100%| O|  |TAMS 0x0000000083300000, 0x0000000083200000| Untracked 
|  51|0x0000000083300000, 0x0000000083400000, 0x0000000083400000|100%| O|  |TAMS 0x0000000083400000, 0x0000000083300000| Untracked 
|  52|0x0000000083400000, 0x0000000083500000, 0x0000000083500000|100%| O|  |TAMS 0x0000000083500000, 0x0000000083400000| Untracked 
|  53|0x0000000083500000, 0x0000000083600000, 0x0000000083600000|100%| O|  |TAMS 0x0000000083600000, 0x0000000083500000| Untracked 
|  54|0x0000000083600000, 0x0000000083700000, 0x0000000083700000|100%| O|  |TAMS 0x0000000083700000, 0x0000000083600000| Untracked 
|  55|0x0000000083700000, 0x0000000083800000, 0x0000000083800000|100%| O|  |TAMS 0x0000000083800000, 0x0000000083700000| Untracked 
|  56|0x0000000083800000, 0x0000000083900000, 0x0000000083900000|100%| O|  |TAMS 0x0000000083900000, 0x0000000083800000| Untracked 
|  57|0x0000000083900000, 0x0000000083a00000, 0x0000000083a00000|100%| O|  |TAMS 0x0000000083a00000, 0x0000000083900000| Untracked 
|  58|0x0000000083a00000, 0x0000000083b00000, 0x0000000083b00000|100%| O|  |TAMS 0x0000000083b00000, 0x0000000083a00000| Untracked 
|  59|0x0000000083b00000, 0x0000000083c00000, 0x0000000083c00000|100%| O|  |TAMS 0x0000000083c00000, 0x0000000083b00000| Untracked 
|  60|0x0000000083c00000, 0x0000000083d00000, 0x0000000083d00000|100%| O|  |TAMS 0x0000000083d00000, 0x0000000083c00000| Untracked 
|  61|0x0000000083d00000, 0x0000000083e00000, 0x0000000083e00000|100%| O|  |TAMS 0x0000000083e00000, 0x0000000083d00000| Untracked 
|  62|0x0000000083e00000, 0x0000000083f00000, 0x0000000083f00000|100%| O|  |TAMS 0x0000000083f00000, 0x0000000083e00000| Untracked 
|  63|0x0000000083f00000, 0x0000000084000000, 0x0000000084000000|100%| O|  |TAMS 0x0000000084000000, 0x0000000083f00000| Untracked 
|  64|0x0000000084000000, 0x0000000084100000, 0x0000000084100000|100%| O|  |TAMS 0x0000000084100000, 0x0000000084000000| Untracked 
|  65|0x0000000084100000, 0x0000000084200000, 0x0000000084200000|100%| O|  |TAMS 0x0000000084200000, 0x0000000084100000| Untracked 
|  66|0x0000000084200000, 0x0000000084300000, 0x0000000084300000|100%| O|  |TAMS 0x0000000084300000, 0x0000000084200000| Untracked 
|  67|0x0000000084300000, 0x0000000084400000, 0x0000000084400000|100%| O|  |TAMS 0x0000000084400000, 0x0000000084300000| Untracked 
|  68|0x0000000084400000, 0x0000000084500000, 0x0000000084500000|100%| O|  |TAMS 0x0000000084500000, 0x0000000084400000| Untracked 
|  69|0x0000000084500000, 0x0000000084600000, 0x0000000084600000|100%| O|  |TAMS 0x0000000084600000, 0x0000000084500000| Untracked 
|  70|0x0000000084600000, 0x0000000084700000, 0x0000000084700000|100%| O|  |TAMS 0x0000000084700000, 0x0000000084600000| Untracked 
|  71|0x0000000084700000, 0x0000000084800000, 0x0000000084800000|100%| O|  |TAMS 0x0000000084800000, 0x0000000084700000| Untracked 
|  72|0x0000000084800000, 0x0000000084900000, 0x0000000084900000|100%| O|  |TAMS 0x0000000084900000, 0x0000000084800000| Untracked 
|  73|0x0000000084900000, 0x0000000084a00000, 0x0000000084a00000|100%| O|  |TAMS 0x0000000084a00000, 0x0000000084900000| Untracked 
|  74|0x0000000084a00000, 0x0000000084b00000, 0x0000000084b00000|100%| O|  |TAMS 0x0000000084b00000, 0x0000000084a00000| Untracked 
|  75|0x0000000084b00000, 0x0000000084c00000, 0x0000000084c00000|100%| O|  |TAMS 0x0000000084c00000, 0x0000000084b00000| Untracked 
|  76|0x0000000084c00000, 0x0000000084d00000, 0x0000000084d00000|100%| O|  |TAMS 0x0000000084d00000, 0x0000000084c00000| Untracked 
|  77|0x0000000084d00000, 0x0000000084e00000, 0x0000000084e00000|100%| O|  |TAMS 0x0000000084e00000, 0x0000000084d00000| Untracked 
|  78|0x0000000084e00000, 0x0000000084f00000, 0x0000000084f00000|100%| O|  |TAMS 0x0000000084f00000, 0x0000000084e00000| Untracked 
|  79|0x0000000084f00000, 0x0000000085000000, 0x0000000085000000|100%| O|  |TAMS 0x0000000085000000, 0x0000000084f00000| Untracked 
|  80|0x0000000085000000, 0x0000000085100000, 0x0000000085100000|100%| O|  |TAMS 0x0000000085100000, 0x0000000085000000| Untracked 
|  81|0x0000000085100000, 0x0000000085200000, 0x0000000085200000|100%| O|  |TAMS 0x0000000085200000, 0x0000000085100000| Untracked 
|  82|0x0000000085200000, 0x0000000085300000, 0x0000000085300000|100%| O|  |TAMS 0x0000000085300000, 0x0000000085200000| Untracked 
|  83|0x0000000085300000, 0x0000000085400000, 0x0000000085400000|100%| O|  |TAMS 0x0000000085400000, 0x0000000085300000| Untracked 
|  84|0x0000000085400000, 0x0000000085500000, 0x0000000085500000|100%| O|  |TAMS 0x0000000085500000, 0x0000000085400000| Untracked 
|  85|0x0000000085500000, 0x0000000085600000, 0x0000000085600000|100%| O|  |TAMS 0x0000000085600000, 0x0000000085500000| Untracked 
|  86|0x0000000085600000, 0x0000000085700000, 0x0000000085700000|100%| O|  |TAMS 0x0000000085700000, 0x0000000085600000| Untracked 
|  87|0x0000000085700000, 0x0000000085800000, 0x0000000085800000|100%| O|  |TAMS 0x0000000085800000, 0x0000000085700000| Untracked 
|  88|0x0000000085800000, 0x0000000085900000, 0x0000000085900000|100%| O|  |TAMS 0x0000000085900000, 0x0000000085800000| Untracked 
|  89|0x0000000085900000, 0x0000000085a00000, 0x0000000085a00000|100%| O|  |TAMS 0x0000000085a00000, 0x0000000085900000| Untracked 
|  90|0x0000000085a00000, 0x0000000085b00000, 0x0000000085b00000|100%| O|  |TAMS 0x0000000085b00000, 0x0000000085a00000| Untracked 
|  91|0x0000000085b00000, 0x0000000085c00000, 0x0000000085c00000|100%| O|  |TAMS 0x0000000085c00000, 0x0000000085b00000| Untracked 
|  92|0x0000000085c00000, 0x0000000085d00000, 0x0000000085d00000|100%| O|  |TAMS 0x0000000085d00000, 0x0000000085c00000| Untracked 
|  93|0x0000000085d00000, 0x0000000085e00000, 0x0000000085e00000|100%| O|  |TAMS 0x0000000085e00000, 0x0000000085d00000| Untracked 
|  94|0x0000000085e00000, 0x0000000085f00000, 0x0000000085f00000|100%| O|  |TAMS 0x0000000085f00000, 0x0000000085e00000| Untracked 
|  95|0x0000000085f00000, 0x0000000086000000, 0x0000000086000000|100%| O|  |TAMS 0x0000000086000000, 0x0000000085f00000| Untracked 
|  96|0x0000000086000000, 0x0000000086100000, 0x0000000086100000|100%| O|  |TAMS 0x0000000086100000, 0x0000000086000000| Untracked 
|  97|0x0000000086100000, 0x0000000086200000, 0x0000000086200000|100%| O|  |TAMS 0x0000000086200000, 0x0000000086100000| Untracked 
|  98|0x0000000086200000, 0x0000000086300000, 0x0000000086300000|100%| O|  |TAMS 0x0000000086300000, 0x0000000086200000| Untracked 
|  99|0x0000000086300000, 0x0000000086400000, 0x0000000086400000|100%| O|  |TAMS 0x0000000086400000, 0x0000000086300000| Untracked 
| 100|0x0000000086400000, 0x0000000086500000, 0x0000000086500000|100%| O|  |TAMS 0x0000000086500000, 0x0000000086400000| Untracked 
| 101|0x0000000086500000, 0x0000000086600000, 0x0000000086600000|100%| O|  |TAMS 0x0000000086600000, 0x0000000086500000| Untracked 
| 102|0x0000000086600000, 0x0000000086700000, 0x0000000086700000|100%| O|  |TAMS 0x0000000086700000, 0x0000000086600000| Untracked 
| 103|0x0000000086700000, 0x0000000086800000, 0x0000000086800000|100%| O|  |TAMS 0x0000000086800000, 0x0000000086700000| Untracked 
| 104|0x0000000086800000, 0x0000000086900000, 0x0000000086900000|100%| O|  |TAMS 0x0000000086900000, 0x0000000086800000| Untracked 
| 105|0x0000000086900000, 0x0000000086a00000, 0x0000000086a00000|100%| O|  |TAMS 0x0000000086a00000, 0x0000000086900000| Untracked 
| 106|0x0000000086a00000, 0x0000000086b00000, 0x0000000086b00000|100%| O|  |TAMS 0x0000000086b00000, 0x0000000086a00000| Untracked 
| 107|0x0000000086b00000, 0x0000000086c00000, 0x0000000086c00000|100%| O|  |TAMS 0x0000000086c00000, 0x0000000086b00000| Untracked 
| 108|0x0000000086c00000, 0x0000000086d00000, 0x0000000086d00000|100%| O|  |TAMS 0x0000000086d00000, 0x0000000086c00000| Untracked 
| 109|0x0000000086d00000, 0x0000000086e00000, 0x0000000086e00000|100%| O|  |TAMS 0x0000000086e00000, 0x0000000086d00000| Untracked 
| 110|0x0000000086e00000, 0x0000000086f00000, 0x0000000086f00000|100%| O|  |TAMS 0x0000000086f00000, 0x0000000086e00000| Untracked 
| 111|0x0000000086f00000, 0x0000000087000000, 0x0000000087000000|100%| O|  |TAMS 0x0000000087000000, 0x0000000086f00000| Untracked 
| 112|0x0000000087000000, 0x0000000087100000, 0x0000000087100000|100%| O|  |TAMS 0x0000000087100000, 0x0000000087000000| Untracked 
| 113|0x0000000087100000, 0x0000000087200000, 0x0000000087200000|100%| O|  |TAMS 0x0000000087200000, 0x0000000087100000| Untracked 
| 114|0x0000000087200000, 0x0000000087300000, 0x0000000087300000|100%| O|  |TAMS 0x0000000087300000, 0x0000000087200000| Untracked 
| 115|0x0000000087300000, 0x0000000087400000, 0x0000000087400000|100%| O|  |TAMS 0x0000000087400000, 0x0000000087300000| Untracked 
| 116|0x0000000087400000, 0x0000000087500000, 0x0000000087500000|100%| O|  |TAMS 0x0000000087500000, 0x0000000087400000| Untracked 
| 117|0x0000000087500000, 0x0000000087600000, 0x0000000087600000|100%| O|  |TAMS 0x0000000087600000, 0x0000000087500000| Untracked 
| 118|0x0000000087600000, 0x0000000087700000, 0x0000000087700000|100%| O|  |TAMS 0x0000000087700000, 0x0000000087600000| Untracked 
| 119|0x0000000087700000, 0x0000000087800000, 0x0000000087800000|100%| O|  |TAMS 0x0000000087800000, 0x0000000087700000| Untracked 
| 120|0x0000000087800000, 0x0000000087900000, 0x0000000087900000|100%| O|  |TAMS 0x0000000087900000, 0x0000000087800000| Untracked 
| 121|0x0000000087900000, 0x0000000087a00000, 0x0000000087a00000|100%| O|  |TAMS 0x0000000087986200, 0x0000000087900000| Untracked 
| 122|0x0000000087a00000, 0x0000000087b00000, 0x0000000087b00000|100%| O|  |TAMS 0x0000000087a00000, 0x0000000087a00000| Untracked 
| 123|0x0000000087b00000, 0x0000000087c00000, 0x0000000087c00000|100%| O|  |TAMS 0x0000000087b00000, 0x0000000087b00000| Untracked 
| 124|0x0000000087c00000, 0x0000000087d00000, 0x0000000087d00000|100%| O|  |TAMS 0x0000000087c00000, 0x0000000087c00000| Untracked 
| 125|0x0000000087d00000, 0x0000000087d0ea00, 0x0000000087e00000|  5%| O|  |TAMS 0x0000000087d00000, 0x0000000087d00000| Untracked 
| 126|0x0000000087e00000, 0x0000000087f00000, 0x0000000087f00000|100%|HS|  |TAMS 0x0000000087e00000, 0x0000000087e00000| Complete 
| 127|0x0000000087f00000, 0x0000000088000000, 0x0000000088000000|100%|HS|  |TAMS 0x0000000087f00000, 0x0000000087f00000| Complete 
| 128|0x0000000088000000, 0x0000000088000000, 0x0000000088100000|  0%| F|  |TAMS 0x0000000088000000, 0x0000000088000000| Untracked 
| 129|0x0000000088100000, 0x0000000088100000, 0x0000000088200000|  0%| F|  |TAMS 0x0000000088100000, 0x0000000088100000| Untracked 
| 130|0x0000000088200000, 0x0000000088200000, 0x0000000088300000|  0%| F|  |TAMS 0x0000000088200000, 0x0000000088200000| Untracked 
| 131|0x0000000088300000, 0x0000000088300000, 0x0000000088400000|  0%| F|  |TAMS 0x0000000088300000, 0x0000000088300000| Untracked 
| 132|0x0000000088400000, 0x0000000088400000, 0x0000000088500000|  0%| F|  |TAMS 0x0000000088400000, 0x0000000088400000| Untracked 
| 133|0x0000000088500000, 0x0000000088500000, 0x0000000088600000|  0%| F|  |TAMS 0x0000000088500000, 0x0000000088500000| Untracked 
| 134|0x0000000088600000, 0x0000000088600000, 0x0000000088700000|  0%| F|  |TAMS 0x0000000088600000, 0x0000000088600000| Untracked 
| 135|0x0000000088700000, 0x0000000088700000, 0x0000000088800000|  0%| F|  |TAMS 0x0000000088700000, 0x0000000088700000| Untracked 
| 136|0x0000000088800000, 0x0000000088800000, 0x0000000088900000|  0%| F|  |TAMS 0x0000000088800000, 0x0000000088800000| Untracked 
| 137|0x0000000088900000, 0x0000000088900000, 0x0000000088a00000|  0%| F|  |TAMS 0x0000000088900000, 0x0000000088900000| Untracked 
| 138|0x0000000088a00000, 0x0000000088a00000, 0x0000000088b00000|  0%| F|  |TAMS 0x0000000088a00000, 0x0000000088a00000| Untracked 
| 139|0x0000000088b00000, 0x0000000088b00000, 0x0000000088c00000|  0%| F|  |TAMS 0x0000000088b00000, 0x0000000088b00000| Untracked 
| 140|0x0000000088c00000, 0x0000000088c00000, 0x0000000088d00000|  0%| F|  |TAMS 0x0000000088c00000, 0x0000000088c00000| Untracked 
| 141|0x0000000088d00000, 0x0000000088d00000, 0x0000000088e00000|  0%| F|  |TAMS 0x0000000088d00000, 0x0000000088d00000| Untracked 
| 142|0x0000000088e00000, 0x0000000088e00000, 0x0000000088f00000|  0%| F|  |TAMS 0x0000000088e00000, 0x0000000088e00000| Untracked 
| 143|0x0000000088f00000, 0x0000000088f00000, 0x0000000089000000|  0%| F|  |TAMS 0x0000000088f00000, 0x0000000088f00000| Untracked 
| 144|0x0000000089000000, 0x0000000089000000, 0x0000000089100000|  0%| F|  |TAMS 0x0000000089000000, 0x0000000089000000| Untracked 
| 145|0x0000000089100000, 0x0000000089100000, 0x0000000089200000|  0%| F|  |TAMS 0x0000000089100000, 0x0000000089100000| Untracked 
| 146|0x0000000089200000, 0x0000000089200000, 0x0000000089300000|  0%| F|  |TAMS 0x0000000089200000, 0x0000000089200000| Untracked 
| 147|0x0000000089300000, 0x0000000089300000, 0x0000000089400000|  0%| F|  |TAMS 0x0000000089300000, 0x0000000089300000| Untracked 
| 148|0x0000000089400000, 0x0000000089400000, 0x0000000089500000|  0%| F|  |TAMS 0x0000000089400000, 0x0000000089400000| Untracked 
| 149|0x0000000089500000, 0x0000000089500000, 0x0000000089600000|  0%| F|  |TAMS 0x0000000089500000, 0x0000000089500000| Untracked 
| 150|0x0000000089600000, 0x0000000089600000, 0x0000000089700000|  0%| F|  |TAMS 0x0000000089600000, 0x0000000089600000| Untracked 
| 151|0x0000000089700000, 0x0000000089700000, 0x0000000089800000|  0%| F|  |TAMS 0x0000000089700000, 0x0000000089700000| Untracked 
| 152|0x0000000089800000, 0x0000000089800000, 0x0000000089900000|  0%| F|  |TAMS 0x0000000089800000, 0x0000000089800000| Untracked 
| 153|0x0000000089900000, 0x0000000089900000, 0x0000000089a00000|  0%| F|  |TAMS 0x0000000089900000, 0x0000000089900000| Untracked 
| 154|0x0000000089a00000, 0x0000000089a00000, 0x0000000089b00000|  0%| F|  |TAMS 0x0000000089a00000, 0x0000000089a00000| Untracked 
| 155|0x0000000089b00000, 0x0000000089b00000, 0x0000000089c00000|  0%| F|  |TAMS 0x0000000089b00000, 0x0000000089b00000| Untracked 
| 156|0x0000000089c00000, 0x0000000089c00000, 0x0000000089d00000|  0%| F|  |TAMS 0x0000000089c00000, 0x0000000089c00000| Untracked 
| 157|0x0000000089d00000, 0x0000000089d00000, 0x0000000089e00000|  0%| F|  |TAMS 0x0000000089d00000, 0x0000000089d00000| Untracked 
| 158|0x0000000089e00000, 0x0000000089e00000, 0x0000000089f00000|  0%| F|  |TAMS 0x0000000089e00000, 0x0000000089e00000| Untracked 
| 159|0x0000000089f00000, 0x0000000089f00000, 0x000000008a000000|  0%| F|  |TAMS 0x0000000089f00000, 0x0000000089f00000| Untracked 
| 160|0x000000008a000000, 0x000000008a000000, 0x000000008a100000|  0%| F|  |TAMS 0x000000008a000000, 0x000000008a000000| Untracked 
| 161|0x000000008a100000, 0x000000008a100000, 0x000000008a200000|  0%| F|  |TAMS 0x000000008a100000, 0x000000008a100000| Untracked 
| 162|0x000000008a200000, 0x000000008a200000, 0x000000008a300000|  0%| F|  |TAMS 0x000000008a200000, 0x000000008a200000| Untracked 
| 163|0x000000008a300000, 0x000000008a300000, 0x000000008a400000|  0%| F|  |TAMS 0x000000008a300000, 0x000000008a300000| Untracked 
| 164|0x000000008a400000, 0x000000008a400000, 0x000000008a500000|  0%| F|  |TAMS 0x000000008a400000, 0x000000008a400000| Untracked 
| 165|0x000000008a500000, 0x000000008a500000, 0x000000008a600000|  0%| F|  |TAMS 0x000000008a500000, 0x000000008a500000| Untracked 
| 166|0x000000008a600000, 0x000000008a600000, 0x000000008a700000|  0%| F|  |TAMS 0x000000008a600000, 0x000000008a600000| Untracked 
| 167|0x000000008a700000, 0x000000008a700000, 0x000000008a800000|  0%| F|  |TAMS 0x000000008a700000, 0x000000008a700000| Untracked 
| 168|0x000000008a800000, 0x000000008a800000, 0x000000008a900000|  0%| F|  |TAMS 0x000000008a800000, 0x000000008a800000| Untracked 
| 169|0x000000008a900000, 0x000000008a900000, 0x000000008aa00000|  0%| F|  |TAMS 0x000000008a900000, 0x000000008a900000| Untracked 
| 170|0x000000008aa00000, 0x000000008aa00000, 0x000000008ab00000|  0%| F|  |TAMS 0x000000008aa00000, 0x000000008aa00000| Untracked 
| 171|0x000000008ab00000, 0x000000008ab00000, 0x000000008ac00000|  0%| F|  |TAMS 0x000000008ab00000, 0x000000008ab00000| Untracked 
| 172|0x000000008ac00000, 0x000000008ac00000, 0x000000008ad00000|  0%| F|  |TAMS 0x000000008ac00000, 0x000000008ac00000| Untracked 
| 173|0x000000008ad00000, 0x000000008ad00000, 0x000000008ae00000|  0%| F|  |TAMS 0x000000008ad00000, 0x000000008ad00000| Untracked 
| 174|0x000000008ae00000, 0x000000008ae00000, 0x000000008af00000|  0%| F|  |TAMS 0x000000008ae00000, 0x000000008ae00000| Untracked 
| 175|0x000000008af00000, 0x000000008af90a90, 0x000000008b000000| 56%| S|CS|TAMS 0x000000008af00000, 0x000000008af00000| Complete 
| 176|0x000000008b000000, 0x000000008b100000, 0x000000008b100000|100%| S|CS|TAMS 0x000000008b000000, 0x000000008b000000| Complete 
| 177|0x000000008b100000, 0x000000008b100000, 0x000000008b200000|  0%| F|  |TAMS 0x000000008b100000, 0x000000008b100000| Untracked 
| 178|0x000000008b200000, 0x000000008b200000, 0x000000008b300000|  0%| F|  |TAMS 0x000000008b200000, 0x000000008b200000| Untracked 
| 179|0x000000008b300000, 0x000000008b300000, 0x000000008b400000|  0%| F|  |TAMS 0x000000008b300000, 0x000000008b300000| Untracked 
| 180|0x000000008b400000, 0x000000008b400000, 0x000000008b500000|  0%| F|  |TAMS 0x000000008b400000, 0x000000008b400000| Untracked 
| 181|0x000000008b500000, 0x000000008b500000, 0x000000008b600000|  0%| F|  |TAMS 0x000000008b500000, 0x000000008b500000| Untracked 
| 182|0x000000008b600000, 0x000000008b600000, 0x000000008b700000|  0%| F|  |TAMS 0x000000008b600000, 0x000000008b600000| Untracked 
| 183|0x000000008b700000, 0x000000008b700000, 0x000000008b800000|  0%| F|  |TAMS 0x000000008b700000, 0x000000008b700000| Untracked 
| 184|0x000000008b800000, 0x000000008b800000, 0x000000008b900000|  0%| F|  |TAMS 0x000000008b800000, 0x000000008b800000| Untracked 
| 185|0x000000008b900000, 0x000000008b900000, 0x000000008ba00000|  0%| F|  |TAMS 0x000000008b900000, 0x000000008b900000| Untracked 
| 186|0x000000008ba00000, 0x000000008ba00000, 0x000000008bb00000|  0%| F|  |TAMS 0x000000008ba00000, 0x000000008ba00000| Untracked 
| 187|0x000000008bb00000, 0x000000008bb00000, 0x000000008bc00000|  0%| F|  |TAMS 0x000000008bb00000, 0x000000008bb00000| Untracked 
| 188|0x000000008bc00000, 0x000000008bc00000, 0x000000008bd00000|  0%| F|  |TAMS 0x000000008bc00000, 0x000000008bc00000| Untracked 
| 189|0x000000008bd00000, 0x000000008bd00000, 0x000000008be00000|  0%| F|  |TAMS 0x000000008bd00000, 0x000000008bd00000| Untracked 
| 190|0x000000008be00000, 0x000000008be00000, 0x000000008bf00000|  0%| F|  |TAMS 0x000000008be00000, 0x000000008be00000| Untracked 
| 191|0x000000008bf00000, 0x000000008bf00000, 0x000000008c000000|  0%| F|  |TAMS 0x000000008bf00000, 0x000000008bf00000| Untracked 
| 192|0x000000008c000000, 0x000000008c000000, 0x000000008c100000|  0%| F|  |TAMS 0x000000008c000000, 0x000000008c000000| Untracked 
| 193|0x000000008c100000, 0x000000008c100000, 0x000000008c200000|  0%| F|  |TAMS 0x000000008c100000, 0x000000008c100000| Untracked 
| 194|0x000000008c200000, 0x000000008c200000, 0x000000008c300000|  0%| F|  |TAMS 0x000000008c200000, 0x000000008c200000| Untracked 
| 195|0x000000008c300000, 0x000000008c300000, 0x000000008c400000|  0%| F|  |TAMS 0x000000008c300000, 0x000000008c300000| Untracked 
| 196|0x000000008c400000, 0x000000008c400000, 0x000000008c500000|  0%| F|  |TAMS 0x000000008c400000, 0x000000008c400000| Untracked 
| 197|0x000000008c500000, 0x000000008c500000, 0x000000008c600000|  0%| F|  |TAMS 0x000000008c500000, 0x000000008c500000| Untracked 
| 198|0x000000008c600000, 0x000000008c600000, 0x000000008c700000|  0%| F|  |TAMS 0x000000008c600000, 0x000000008c600000| Untracked 
| 199|0x000000008c700000, 0x000000008c700000, 0x000000008c800000|  0%| F|  |TAMS 0x000000008c700000, 0x000000008c700000| Untracked 
| 200|0x000000008c800000, 0x000000008c800000, 0x000000008c900000|  0%| F|  |TAMS 0x000000008c800000, 0x000000008c800000| Untracked 
| 201|0x000000008c900000, 0x000000008c900000, 0x000000008ca00000|  0%| F|  |TAMS 0x000000008c900000, 0x000000008c900000| Untracked 
| 202|0x000000008ca00000, 0x000000008ca00000, 0x000000008cb00000|  0%| F|  |TAMS 0x000000008ca00000, 0x000000008ca00000| Untracked 
| 203|0x000000008cb00000, 0x000000008cb00000, 0x000000008cc00000|  0%| F|  |TAMS 0x000000008cb00000, 0x000000008cb00000| Untracked 
| 204|0x000000008cc00000, 0x000000008cc00000, 0x000000008cd00000|  0%| F|  |TAMS 0x000000008cc00000, 0x000000008cc00000| Untracked 
| 205|0x000000008cd00000, 0x000000008cd00000, 0x000000008ce00000|  0%| F|  |TAMS 0x000000008cd00000, 0x000000008cd00000| Untracked 
| 206|0x000000008ce00000, 0x000000008ce00000, 0x000000008cf00000|  0%| F|  |TAMS 0x000000008ce00000, 0x000000008ce00000| Untracked 
| 207|0x000000008cf00000, 0x000000008cf00000, 0x000000008d000000|  0%| F|  |TAMS 0x000000008cf00000, 0x000000008cf00000| Untracked 
| 208|0x000000008d000000, 0x000000008d000000, 0x000000008d100000|  0%| F|  |TAMS 0x000000008d000000, 0x000000008d000000| Untracked 
| 209|0x000000008d100000, 0x000000008d100000, 0x000000008d200000|  0%| F|  |TAMS 0x000000008d100000, 0x000000008d100000| Untracked 
| 210|0x000000008d200000, 0x000000008d200000, 0x000000008d300000|  0%| F|  |TAMS 0x000000008d200000, 0x000000008d200000| Untracked 
| 211|0x000000008d300000, 0x000000008d300000, 0x000000008d400000|  0%| F|  |TAMS 0x000000008d300000, 0x000000008d300000| Untracked 
| 212|0x000000008d400000, 0x000000008d400000, 0x000000008d500000|  0%| F|  |TAMS 0x000000008d400000, 0x000000008d400000| Untracked 
| 213|0x000000008d500000, 0x000000008d500000, 0x000000008d600000|  0%| F|  |TAMS 0x000000008d500000, 0x000000008d500000| Untracked 
| 214|0x000000008d600000, 0x000000008d600000, 0x000000008d700000|  0%| F|  |TAMS 0x000000008d600000, 0x000000008d600000| Untracked 
| 215|0x000000008d700000, 0x000000008d700000, 0x000000008d800000|  0%| F|  |TAMS 0x000000008d700000, 0x000000008d700000| Untracked 
| 216|0x000000008d800000, 0x000000008d800000, 0x000000008d900000|  0%| F|  |TAMS 0x000000008d800000, 0x000000008d800000| Untracked 
| 217|0x000000008d900000, 0x000000008d900000, 0x000000008da00000|  0%| F|  |TAMS 0x000000008d900000, 0x000000008d900000| Untracked 
| 218|0x000000008da00000, 0x000000008da00000, 0x000000008db00000|  0%| F|  |TAMS 0x000000008da00000, 0x000000008da00000| Untracked 
| 219|0x000000008db00000, 0x000000008db00000, 0x000000008dc00000|  0%| F|  |TAMS 0x000000008db00000, 0x000000008db00000| Untracked 
| 220|0x000000008dc00000, 0x000000008dc00000, 0x000000008dd00000|  0%| F|  |TAMS 0x000000008dc00000, 0x000000008dc00000| Untracked 
| 221|0x000000008dd00000, 0x000000008dd00000, 0x000000008de00000|  0%| F|  |TAMS 0x000000008dd00000, 0x000000008dd00000| Untracked 
| 222|0x000000008de00000, 0x000000008de00000, 0x000000008df00000|  0%| F|  |TAMS 0x000000008de00000, 0x000000008de00000| Untracked 
| 223|0x000000008df00000, 0x000000008df00000, 0x000000008e000000|  0%| F|  |TAMS 0x000000008df00000, 0x000000008df00000| Untracked 
| 224|0x000000008e000000, 0x000000008e000000, 0x000000008e100000|  0%| F|  |TAMS 0x000000008e000000, 0x000000008e000000| Untracked 
| 225|0x000000008e100000, 0x000000008e100000, 0x000000008e200000|  0%| F|  |TAMS 0x000000008e100000, 0x000000008e100000| Untracked 
| 226|0x000000008e200000, 0x000000008e200000, 0x000000008e300000|  0%| F|  |TAMS 0x000000008e200000, 0x000000008e200000| Untracked 
| 227|0x000000008e300000, 0x000000008e300000, 0x000000008e400000|  0%| F|  |TAMS 0x000000008e300000, 0x000000008e300000| Untracked 

Card table byte_map: [0x000001c8c7960000,0x000001c8c7d60000] _byte_map_base: 0x000001c8c7560000

Marking Bits (Prev, Next): (CMBitMap*) 0x000001c8b4aaf120, (CMBitMap*) 0x000001c8b4aaf0e8
 Prev Bits: [0x000001c8ca160000, 0x000001c8cc160000)
 Next Bits: [0x000001c8c8160000, 0x000001c8ca160000)

Polling page: 0x000001c8b29a0000

Metaspace:

Usage:
  Non-class:     92.48 MB capacity,    90.96 MB ( 98%) used,     1.20 MB (  1%) free+waste,   322.13 KB ( <1%) overhead. 
      Class:     14.29 MB capacity,    13.31 MB ( 93%) used,   867.50 KB (  6%) free+waste,   139.81 KB ( <1%) overhead. 
       Both:    106.77 MB capacity,   104.27 MB ( 98%) used,     2.05 MB (  2%) free+waste,   461.94 KB ( <1%) overhead. 

Virtual space:
  Non-class space:       94.00 MB reserved,      92.67 MB ( 99%) committed 
      Class space:        1.00 GB reserved,      14.36 MB (  1%) committed 
             Both:        1.09 GB reserved,     107.04 MB ( 10%) committed 

Chunk freelists:
   Non-Class:  6.00 KB
       Class:  0 bytes
        Both:  6.00 KB

MaxMetaspaceSize: 17179869184.00 GB
CompressedClassSpaceSize: 1.00 GB

CodeHeap 'non-profiled nmethods': size=120064Kb used=9387Kb max_used=9387Kb free=110676Kb
 bounds [0x000001c8c0020000, 0x000001c8c0950000, 0x000001c8c7560000]
CodeHeap 'profiled nmethods': size=120000Kb used=34439Kb max_used=34439Kb free=85560Kb
 bounds [0x000001c8b8af0000, 0x000001c8baca0000, 0x000001c8c0020000]
CodeHeap 'non-nmethods': size=5696Kb used=2315Kb max_used=2399Kb free=3380Kb
 bounds [0x000001c8b8560000, 0x000001c8b87d0000, 0x000001c8b8af0000]
 total_blobs=16203 nmethods=15270 adapters=840
 compilation: enabled
              stopped_count=0, restarted_count=0
 full_count=0

Compilation events (20 events):
Event: 48.389 Thread 0x000001c8ce671800 nmethod 15375 0x000001c8c0949e90 code [0x000001c8c094a040, 0x000001c8c094a498]
Event: 48.389 Thread 0x000001c8ce671800 15367       4       java.util.Spliterators$ArraySpliterator::estimateSize (11 bytes)
Event: 48.389 Thread 0x000001c8ce671800 nmethod 15367 0x000001c8c094a790 code [0x000001c8c094a920, 0x000001c8c094a998]
Event: 48.389 Thread 0x000001c8ce671800 14973       4       java.util.ArrayList::indexOf (11 bytes)
Event: 48.391 Thread 0x000001c8ce671800 nmethod 14973 0x000001c8c094aa10 code [0x000001c8c094aba0, 0x000001c8c094acd8]
Event: 48.391 Thread 0x000001c8ce671800 14905 %     4       com.android.tools.r8.internal.Nv::a @ 337 (455 bytes)
Event: 48.400 Thread 0x000001c8ce677000 15390       2       com.android.tools.r8.internal.Q5::b (135 bytes)
Event: 48.402 Thread 0x000001c8ce677000 nmethod 15390 0x000001c8bac8f390 code [0x000001c8bac8f620, 0x000001c8bac8fb78]
Event: 48.403 Thread 0x000001c8ce677000 15392       2       com.android.tools.r8.internal.he::<init> (5 bytes)
Event: 48.403 Thread 0x000001c8ce677000 nmethod 15392 0x000001c8bac90110 code [0x000001c8bac902c0, 0x000001c8bac903e8]
Event: 48.403 Thread 0x000001c8ce677000 15393       2       com.android.tools.r8.internal.C8::a (8 bytes)
Event: 48.404 Thread 0x000001c8ce677000 nmethod 15393 0x000001c8bac90490 code [0x000001c8bac90660, 0x000001c8bac907b8]
Event: 48.405 Thread 0x000001c8ce677000 15395       2       com.android.tools.r8.internal.i4::a (21 bytes)
Event: 48.405 Thread 0x000001c8ce677000 nmethod 15395 0x000001c8bac90910 code [0x000001c8bac90ae0, 0x000001c8bac90c98]
Event: 48.409 Thread 0x000001c8ce677000 15396       2       com.android.tools.r8.internal.Gg::M0 (10 bytes)
Event: 48.410 Thread 0x000001c8ce677000 nmethod 15396 0x000001c8bac90e10 code [0x000001c8bac90fc0, 0x000001c8bac910e8]
Event: 48.410 Thread 0x000001c8ce677000 15397       2       com.android.tools.r8.internal.Gg::a (41 bytes)
Event: 48.410 Thread 0x000001c8ce677000 nmethod 15397 0x000001c8bac91190 code [0x000001c8bac91380, 0x000001c8bac915f8]
Event: 48.412 Thread 0x000001c8ce677000 15398       2       com.android.tools.r8.internal.F7::a (93 bytes)
Event: 48.413 Thread 0x000001c8ce677000 nmethod 15398 0x000001c8bac91710 code [0x000001c8bac91960, 0x000001c8bac91d48]

GC Heap History (20 events):
Event: 40.014 GC heap after
{Heap after GC invocations=44 (full 0):
 garbage-first heap   total 189440K, used 104946K [0x0000000080000000, 0x0000000100000000)
  region size 1024K, 6 young (6144K), 6 survivors (6144K)
 Metaspace       used 93624K, capacity 95657K, committed 95908K, reserved 1132544K
  class space    used 11884K, capacity 12662K, committed 12788K, reserved 1048576K
}
Event: 40.063 GC heap before
{Heap before GC invocations=44 (full 0):
 garbage-first heap   total 189440K, used 108018K [0x0000000080000000, 0x0000000100000000)
  region size 1024K, 9 young (9216K), 6 survivors (6144K)
 Metaspace       used 93627K, capacity 95657K, committed 95908K, reserved 1132544K
  class space    used 11884K, capacity 12662K, committed 12788K, reserved 1048576K
}
Event: 40.072 GC heap after
{Heap after GC invocations=45 (full 0):
 garbage-first heap   total 189440K, used 104827K [0x0000000080000000, 0x0000000100000000)
  region size 1024K, 1 young (1024K), 1 survivors (1024K)
 Metaspace       used 93627K, capacity 95657K, committed 95908K, reserved 1132544K
  class space    used 11884K, capacity 12662K, committed 12788K, reserved 1048576K
}
Event: 41.438 GC heap before
{Heap before GC invocations=45 (full 0):
 garbage-first heap   total 189440K, used 140667K [0x0000000080000000, 0x0000000100000000)
  region size 1024K, 38 young (38912K), 1 survivors (1024K)
 Metaspace       used 94041K, capacity 96139K, committed 96420K, reserved 1132544K
  class space    used 11942K, capacity 12715K, committed 12788K, reserved 1048576K
}
Event: 41.449 GC heap after
{Heap after GC invocations=46 (full 0):
 garbage-first heap   total 189440K, used 107702K [0x0000000080000000, 0x0000000100000000)
  region size 1024K, 4 young (4096K), 4 survivors (4096K)
 Metaspace       used 94041K, capacity 96139K, committed 96420K, reserved 1132544K
  class space    used 11942K, capacity 12715K, committed 12788K, reserved 1048576K
}
Event: 42.315 GC heap before
{Heap before GC invocations=47 (full 0):
 garbage-first heap   total 189440K, used 153782K [0x0000000080000000, 0x0000000100000000)
  region size 1024K, 46 young (47104K), 4 survivors (4096K)
 Metaspace       used 97459K, capacity 99674K, committed 99748K, reserved 1136640K
  class space    used 12425K, capacity 13248K, committed 13300K, reserved 1048576K
}
Event: 42.337 GC heap after
{Heap after GC invocations=48 (full 0):
 garbage-first heap   total 189440K, used 113914K [0x0000000080000000, 0x0000000100000000)
  region size 1024K, 6 young (6144K), 6 survivors (6144K)
 Metaspace       used 97459K, capacity 99674K, committed 99748K, reserved 1136640K
  class space    used 12425K, capacity 13248K, committed 13300K, reserved 1048576K
}
Event: 42.394 GC heap before
{Heap before GC invocations=48 (full 0):
 garbage-first heap   total 189440K, used 116986K [0x0000000080000000, 0x0000000100000000)
  region size 1024K, 9 young (9216K), 6 survivors (6144K)
 Metaspace       used 97470K, capacity 99674K, committed 99748K, reserved 1136640K
  class space    used 12425K, capacity 13248K, committed 13300K, reserved 1048576K
}
Event: 42.414 GC heap after
{Heap after GC invocations=49 (full 0):
 garbage-first heap   total 189440K, used 112121K [0x0000000080000000, 0x0000000100000000)
  region size 1024K, 2 young (2048K), 2 survivors (2048K)
 Metaspace       used 97470K, capacity 99674K, committed 99748K, reserved 1136640K
  class space    used 12425K, capacity 13248K, committed 13300K, reserved 1048576K
}
Event: 43.412 GC heap before
{Heap before GC invocations=49 (full 0):
 garbage-first heap   total 189440K, used 151033K [0x0000000080000000, 0x0000000100000000)
  region size 1024K, 41 young (41984K), 2 survivors (2048K)
 Metaspace       used 99136K, capacity 101355K, committed 101540K, reserved 1136640K
  class space    used 12636K, capacity 13483K, committed 13556K, reserved 1048576K
}
Event: 43.449 GC heap after
{Heap after GC invocations=50 (full 0):
 garbage-first heap   total 189440K, used 119545K [0x0000000080000000, 0x0000000100000000)
  region size 1024K, 6 young (6144K), 6 survivors (6144K)
 Metaspace       used 99136K, capacity 101355K, committed 101540K, reserved 1136640K
  class space    used 12636K, capacity 13483K, committed 13556K, reserved 1048576K
}
Event: 44.471 GC heap before
{Heap before GC invocations=51 (full 0):
 garbage-first heap   total 189440K, used 153337K [0x0000000080000000, 0x0000000100000000)
  region size 1024K, 40 young (40960K), 6 survivors (6144K)
 Metaspace       used 100491K, capacity 102767K, committed 103076K, reserved 1138688K
  class space    used 12826K, capacity 13706K, committed 13812K, reserved 1048576K
}
Event: 44.498 GC heap after
{Heap after GC invocations=52 (full 0):
 garbage-first heap   total 233472K, used 124550K [0x0000000080000000, 0x0000000100000000)
  region size 1024K, 5 young (5120K), 5 survivors (5120K)
 Metaspace       used 100491K, capacity 102767K, committed 103076K, reserved 1138688K
  class space    used 12826K, capacity 13706K, committed 13812K, reserved 1048576K
}
Event: 44.533 GC heap before
{Heap before GC invocations=52 (full 0):
 garbage-first heap   total 233472K, used 130694K [0x0000000080000000, 0x0000000100000000)
  region size 1024K, 11 young (11264K), 5 survivors (5120K)
 Metaspace       used 100601K, capacity 102903K, committed 103076K, reserved 1138688K
  class space    used 12840K, capacity 13707K, committed 13812K, reserved 1048576K
}
Event: 44.547 GC heap after
{Heap after GC invocations=53 (full 0):
 garbage-first heap   total 233472K, used 125927K [0x0000000080000000, 0x0000000100000000)
  region size 1024K, 2 young (2048K), 2 survivors (2048K)
 Metaspace       used 100601K, capacity 102903K, committed 103076K, reserved 1138688K
  class space    used 12840K, capacity 13707K, committed 13812K, reserved 1048576K
}
Event: 46.163 GC heap before
{Heap before GC invocations=53 (full 0):
 garbage-first heap   total 233472K, used 173031K [0x0000000080000000, 0x0000000100000000)
  region size 1024K, 48 young (49152K), 2 survivors (2048K)
 Metaspace       used 104350K, capacity 106786K, committed 107044K, reserved 1142784K
  class space    used 13413K, capacity 14357K, committed 14452K, reserved 1048576K
}
Event: 46.183 GC heap after
{Heap after GC invocations=54 (full 0):
 garbage-first heap   total 233472K, used 129936K [0x0000000080000000, 0x0000000100000000)
  region size 1024K, 6 young (6144K), 6 survivors (6144K)
 Metaspace       used 104350K, capacity 106786K, committed 107044K, reserved 1142784K
  class space    used 13413K, capacity 14357K, committed 14452K, reserved 1048576K
}
Event: 47.347 GC heap before
{Heap before GC invocations=55 (full 0):
 garbage-first heap   total 233472K, used 178064K [0x0000000080000000, 0x0000000100000000)
  region size 1024K, 53 young (54272K), 6 survivors (6144K)
 Metaspace       used 105692K, capacity 108241K, committed 108452K, reserved 1142784K
  class space    used 13535K, capacity 14524K, committed 14580K, reserved 1048576K
}
Event: 47.362 GC heap after
{Heap after GC invocations=56 (full 0):
 garbage-first heap   total 233472K, used 129718K [0x0000000080000000, 0x0000000100000000)
  region size 1024K, 2 young (2048K), 2 survivors (2048K)
 Metaspace       used 105692K, capacity 108241K, committed 108452K, reserved 1142784K
  class space    used 13535K, capacity 14524K, committed 14580K, reserved 1048576K
}
Event: 48.449 GC heap before
{Heap before GC invocations=56 (full 0):
 garbage-first heap   total 233472K, used 182966K [0x0000000080000000, 0x0000000100000000)
  region size 1024K, 52 young (53248K), 2 survivors (2048K)
 Metaspace       used 106770K, capacity 109331K, committed 109604K, reserved 1144832K
  class space    used 13625K, capacity 14633K, committed 14708K, reserved 1048576K
}

Deoptimization events (20 events):
Event: 47.846 Thread 0x000001c8d6a5a000 DEOPT PACKING pc=0x000001c8c091b128 sp=0x000000b0220fcc20
Event: 47.846 Thread 0x000001c8d6a5a000 DEOPT UNPACKING pc=0x000001c8b85878af sp=0x000000b0220fcb30 mode 2
Event: 47.849 Thread 0x000001c8d6a5a000 Uncommon trap: trap_request=0xffffffd6 fr.pc=0x000001c8c0655f4c relative=0x000000000000078c
Event: 47.849 Thread 0x000001c8d6a5a000 Uncommon trap: reason=array_check action=maybe_recompile pc=0x000001c8c0655f4c method=java.util.TimSort.binarySort([Ljava/lang/Object;IIILjava/util/Comparator;)V @ 193 c2
Event: 47.849 Thread 0x000001c8d6a5a000 DEOPT PACKING pc=0x000001c8c0655f4c sp=0x000000b0220fcec0
Event: 47.849 Thread 0x000001c8d6a5a000 DEOPT UNPACKING pc=0x000001c8b85878af sp=0x000000b0220fce68 mode 2
Event: 47.849 Thread 0x000001c8d6a5a000 Uncommon trap: trap_request=0xffffffd6 fr.pc=0x000001c8c0655f4c relative=0x000000000000078c
Event: 47.849 Thread 0x000001c8d6a5a000 Uncommon trap: reason=array_check action=maybe_recompile pc=0x000001c8c0655f4c method=java.util.TimSort.binarySort([Ljava/lang/Object;IIILjava/util/Comparator;)V @ 193 c2
Event: 47.849 Thread 0x000001c8d6a5a000 DEOPT PACKING pc=0x000001c8c0655f4c sp=0x000000b0220fcec0
Event: 47.849 Thread 0x000001c8d6a5a000 DEOPT UNPACKING pc=0x000001c8b85878af sp=0x000000b0220fce68 mode 2
Event: 47.957 Thread 0x000001c8d6a5a000 Uncommon trap: trap_request=0xffffffc6 fr.pc=0x000001c8c0933938 relative=0x0000000000000278
Event: 47.957 Thread 0x000001c8d6a5a000 Uncommon trap: reason=bimorphic_or_optimized_type_check action=maybe_recompile pc=0x000001c8c0933938 method=com.android.tools.r8.graph.S.a(Lcom/android/tools/r8/dex/w;Lcom/android/tools/r8/graph/S;)V @ 2 c2
Event: 47.957 Thread 0x000001c8d6a5a000 DEOPT PACKING pc=0x000001c8c0933938 sp=0x000000b0220fd200
Event: 47.957 Thread 0x000001c8d6a5a000 DEOPT UNPACKING pc=0x000001c8b85878af sp=0x000000b0220fd0d0 mode 2
Event: 48.088 Thread 0x000001c8d6a5a000 DEOPT PACKING pc=0x000001c8bac1cbef sp=0x000000b0220fccf0
Event: 48.088 Thread 0x000001c8d6a5a000 DEOPT UNPACKING pc=0x000001c8b85876ce sp=0x000000b0220fc1e0 mode 0
Event: 48.103 Thread 0x000001c8d6a5b000 DEOPT PACKING pc=0x000001c8bac193f7 sp=0x000000b0221fc940
Event: 48.103 Thread 0x000001c8d6a5b000 DEOPT UNPACKING pc=0x000001c8b85876ce sp=0x000000b0221fbe80 mode 0
Event: 48.162 Thread 0x000001c8d6a55000 DEOPT PACKING pc=0x000001c8ba964a7c sp=0x000000b021efbe50
Event: 48.162 Thread 0x000001c8d6a55000 DEOPT UNPACKING pc=0x000001c8b85876ce sp=0x000000b021efb300 mode 0

Classes redefined (0 events):
No events

Internal exceptions (20 events):
Event: 44.460 Thread 0x000001c8d6a5a000 Exception <a 'java/lang/NoSuchMethodError'{0x00000000899b8fc0}: 'java.lang.Object java.lang.invoke.Invokers$Holder.linkToTargetMethod(java.lang.Object, java.lang.Object, java.lang.Object, java.lang.Object, java.lang.Object, java.lang.Object, java.lang.Object)'> (0x00000000899b8fc0) thrown at [./src/hotspot/share/interpreter/linkResolver.cpp, line 773]
Event: 44.880 Thread 0x000001c8d6a55000 Exception <a 'java/lang/NoSuchMethodError'{0x000000008d433298}: 'java.lang.Object java.lang.invoke.DirectMethodHandle$Holder.invokeVirtual(java.lang.Object, java.lang.Object, int, java.lang.Object)'> (0x000000008d433298) thrown at [./src/hotspot/share/interpreter/linkResolver.cpp, line 773]
Event: 44.882 Thread 0x000001c8d6a5b000 Exception <a 'java/lang/NoSuchMethodError'{0x000000008d455978}: 'java.lang.Object java.lang.invoke.DirectMethodHandle$Holder.invokeVirtual(java.lang.Object, java.lang.Object, int, java.lang.Object)'> (0x000000008d455978) thrown at [./src/hotspot/share/interpreter/linkResolver.cpp, line 773]
Event: 44.882 Thread 0x000001c8d6a59000 Exception <a 'java/lang/NoSuchMethodError'{0x000000008d5fea80}: 'java.lang.Object java.lang.invoke.DirectMethodHandle$Holder.invokeVirtual(java.lang.Object, java.lang.Object, int, java.lang.Object)'> (0x000000008d5fea80) thrown at [./src/hotspot/share/interpreter/linkResolver.cpp, line 773]
Event: 44.882 Thread 0x000001c8d6a5a000 Exception <a 'java/lang/NoSuchMethodError'{0x000000008e032320}: 'java.lang.Object java.lang.invoke.DirectMethodHandle$Holder.invokeVirtual(java.lang.Object, java.lang.Object, int, java.lang.Object)'> (0x000000008e032320) thrown at [./src/hotspot/share/interpreter/linkResolver.cpp, line 773]
Event: 44.936 Thread 0x000001c8d6a5a000 Exception <a 'java/lang/NoSuchMethodError'{0x000000008d381080}: 'void java.lang.invoke.DirectMethodHandle$Holder.invokeVirtual(java.lang.Object, java.lang.Object, int, java.lang.Object)'> (0x000000008d381080) thrown at [./src/hotspot/share/interpreter/linkResolver.cpp, line 773]
Event: 44.996 Thread 0x000001c8d6a59000 Exception <a 'java/lang/NoSuchMethodError'{0x000000008d2d46a0}: 'long java.lang.invoke.DirectMethodHandle$Holder.invokeStatic(java.lang.Object, java.lang.Object)'> (0x000000008d2d46a0) thrown at [./src/hotspot/share/interpreter/linkResolver.cpp, line 773]
Event: 45.106 Thread 0x000001c8d6a5a000 Exception <a 'java/lang/IncompatibleClassChangeError'{0x000000008d0f8040}: Found class java.lang.Object, but interface was expected> (0x000000008d0f8040) thrown at [./src/hotspot/share/interpreter/linkResolver.cpp, line 839]
Event: 45.116 Thread 0x000001c8d6a5a000 Exception <a 'java/lang/IncompatibleClassChangeError'{0x000000008d0ffb30}: Found class java.lang.Object, but interface was expected> (0x000000008d0ffb30) thrown at [./src/hotspot/share/interpreter/linkResolver.cpp, line 839]
Event: 45.165 Thread 0x000001c8d6a59000 Exception <a 'java/lang/NoSuchMethodError'{0x000000008cfa3708}: 'java.lang.Object java.lang.invoke.DirectMethodHandle$Holder.newInvokeSpecial(java.lang.Object, int)'> (0x000000008cfa3708) thrown at [./src/hotspot/share/interpreter/linkResolver.cpp, line 773]
Event: 46.138 Thread 0x000001c8d6a55000 Implicit null exception at 0x000001c8c08ab5fc to 0x000001c8c08ab680
Event: 47.037 Thread 0x000001c8d6a5a000 Exception <a 'java/lang/NoSuchMethodError'{0x000000008c566c68}: 'void java.lang.invoke.DirectMethodHandle$Holder.invokeSpecial(java.lang.Object, java.lang.Object, int, java.lang.Object, java.lang.Object, java.lang.Object, java.lang.Object)'> (0x000000008c566c68) thrown at [./src/hotspot/share/interpreter/linkResolver.cpp, line 773]
Event: 47.042 Thread 0x000001c8d6a5b000 Exception <a 'java/lang/NoSuchMethodError'{0x000000008c5c1800}: 'void java.lang.invoke.DirectMethodHandle$Holder.invokeSpecial(java.lang.Object, java.lang.Object, int, java.lang.Object, java.lang.Object, java.lang.Object, java.lang.Object)'> (0x000000008c5c1800) thrown at [./src/hotspot/share/interpreter/linkResolver.cpp, line 773]
Event: 47.069 Thread 0x000001c8d6a5a000 Exception <a 'java/lang/NoSuchMethodError'{0x000000008c56d838}: 'java.lang.Object java.lang.invoke.DirectMethodHandle$Holder.invokeSpecial(java.lang.Object, java.lang.Object, java.lang.Object, int, java.lang.Object, java.lang.Object, java.lang.Object)'> (0x000000008c56d838) thrown at [./src/hotspot/share/interpreter/linkResolver.cpp, line 773]
Event: 47.084 Thread 0x000001c8d6a5a000 Exception <a 'java/lang/NoSuchMethodError'{0x000000008c570e50}: 'java.lang.Object java.lang.invoke.Invokers$Holder.linkToTargetMethod(java.lang.Object, int, java.lang.Object, java.lang.Object, java.lang.Object, java.lang.Object)'> (0x000000008c570e50) thrown at [./src/hotspot/share/interpreter/linkResolver.cpp, line 773]
Event: 47.085 Thread 0x000001c8d6a5a000 Exception <a 'java/lang/NoSuchMethodError'{0x000000008c574b08}: 'void java.lang.invoke.DirectMethodHandle$Holder.invokeSpecial(java.lang.Object, java.lang.Object, java.lang.Object, java.lang.Object, java.lang.Object, java.lang.Object, java.lang.Object, java.lang.Object, java.lang.Object)'> (0x000000008c574b08) thrown at [./src/hotspot/share/interpreter/linkResolver.cpp, line 773]
Event: 47.113 Thread 0x000001c8d6a5b000 Exception <a 'java/lang/NoSuchMethodError'{0x000000008c5cce60}: 'java.lang.Object java.lang.invoke.Invokers$Holder.linkToTargetMethod(java.lang.Object, int, java.lang.Object, java.lang.Object, java.lang.Object, java.lang.Object)'> (0x000000008c5cce60) thrown at [./src/hotspot/share/interpreter/linkResolver.cpp, line 773]
Event: 47.115 Thread 0x000001c8d6a5b000 Exception <a 'java/lang/NoSuchMethodError'{0x000000008c5de4a0}: 'void java.lang.invoke.DirectMethodHandle$Holder.invokeStatic(java.lang.Object, java.lang.Object, java.lang.Object, java.lang.Object, java.lang.Object, java.lang.Object, java.lang.Object, java.lang.Object)'> (0x000000008c5de4a0) thrown at [./src/hotspot/share/interpreter/linkResolver.cpp, line 773]
Event: 47.394 Thread 0x000001c8d6a5a000 Exception <a 'java/lang/IncompatibleClassChangeError'{0x000000008e12dde8}: Found class java.lang.Object, but interface was expected> (0x000000008e12dde8) thrown at [./src/hotspot/share/interpreter/linkResolver.cpp, line 839]
Event: 47.952 Thread 0x000001c8d6a5b000 Exception <a 'java/lang/NoSuchMethodError'{0x000000008c641540}: 'void java.lang.invoke.DirectMethodHandle$Holder.invokeVirtual(java.lang.Object, java.lang.Object, int)'> (0x000000008c641540) thrown at [./src/hotspot/share/interpreter/linkResolver.cpp, line 773]

Events (20 events):
Event: 48.123 loading class com/android/tools/r8/graph/y done
Event: 48.123 loading class com/android/tools/r8/graph/y
Event: 48.123 loading class com/android/tools/r8/graph/y done
Event: 48.123 loading class com/android/tools/r8/dex/m
Event: 48.123 loading class com/android/tools/r8/dex/m done
Event: 48.124 loading class com/android/tools/r8/graph/Y
Event: 48.124 loading class com/android/tools/r8/graph/Y done
Event: 48.124 loading class com/android/tools/r8/graph/Y
Event: 48.124 loading class com/android/tools/r8/graph/Y done
Event: 48.124 loading class com/android/tools/r8/dex/m
Event: 48.124 loading class com/android/tools/r8/dex/m done
Event: 48.126 loading class java/util/zip/Adler32
Event: 48.127 loading class java/util/zip/Adler32 done
Event: 48.129 loading class com/android/tools/r8/dex/m$a
Event: 48.129 loading class com/android/tools/r8/dex/m$a done
Event: 48.130 loading class com/android/tools/r8/ByteDataView
Event: 48.130 loading class com/android/tools/r8/ByteDataView done
Event: 48.130 loading class com/android/tools/r8/internal/ya
Event: 48.130 loading class com/android/tools/r8/internal/ya done
Event: 48.413 Executing VM operation: G1CollectForAllocation


Dynamic libraries:
0x00007ff79e600000 - 0x00007ff79e60a000 	C:\Program Files\Android\Android Studio\jre\bin\java.exe
0x00007fffb70b0000 - 0x00007fffb72a5000 	C:\Windows\SYSTEM32\ntdll.dll
0x00007fffb5720000 - 0x00007fffb57de000 	C:\Windows\System32\KERNEL32.DLL
0x00007fffb4a00000 - 0x00007fffb4cc8000 	C:\Windows\System32\KERNELBASE.dll
0x00007fffb48d0000 - 0x00007fffb49d0000 	C:\Windows\System32\ucrtbase.dll
0x00007fff652b0000 - 0x00007fff652c9000 	C:\Program Files\Android\Android Studio\jre\bin\jli.dll
0x00007fffb6b60000 - 0x00007fffb6d01000 	C:\Windows\System32\USER32.dll
0x00007fffb49d0000 - 0x00007fffb49f2000 	C:\Windows\System32\win32u.dll
0x00007fffb56e0000 - 0x00007fffb570b000 	C:\Windows\System32\GDI32.dll
0x00007fffb4fe0000 - 0x00007fffb50ed000 	C:\Windows\System32\gdi32full.dll
0x00007fffb4f40000 - 0x00007fffb4fdd000 	C:\Windows\System32\msvcp_win.dll
0x00007fff97f70000 - 0x00007fff9820a000 	C:\Windows\WinSxS\amd64_microsoft.windows.common-controls_6595b64144ccf1df_6.0.19041.1110_none_60b5254171f9507e\COMCTL32.dll
0x00007fffb6dd0000 - 0x00007fffb6e6e000 	C:\Windows\System32\msvcrt.dll
0x00007fff652d0000 - 0x00007fff652e7000 	C:\Program Files\Android\Android Studio\jre\bin\VCRUNTIME140.dll
0x00007fffb7040000 - 0x00007fffb7070000 	C:\Windows\System32\IMM32.DLL
0x00007fff4b1e0000 - 0x00007fff4b27d000 	C:\Program Files\Android\Android Studio\jre\bin\msvcp140.dll
0x00007fff21050000 - 0x00007fff21b1f000 	C:\Program Files\Android\Android Studio\jre\bin\server\jvm.dll
0x00007fffb5ff0000 - 0x00007fffb609c000 	C:\Windows\System32\ADVAPI32.dll
0x00007fffb6240000 - 0x00007fffb62db000 	C:\Windows\System32\sechost.dll
0x00007fffb69d0000 - 0x00007fffb6afa000 	C:\Windows\System32\RPCRT4.dll
0x00007fffb6d10000 - 0x00007fffb6d18000 	C:\Windows\System32\PSAPI.DLL
0x00007fffaa140000 - 0x00007fffaa149000 	C:\Windows\SYSTEM32\WSOCK32.dll
0x00007fffb60a0000 - 0x00007fffb610b000 	C:\Windows\System32\WS2_32.dll
0x00007fff97450000 - 0x00007fff97477000 	C:\Windows\SYSTEM32\WINMM.dll
0x00007fffaaf50000 - 0x00007fffaaf5a000 	C:\Windows\SYSTEM32\VERSION.dll
0x00007fffb3000000 - 0x00007fffb3012000 	C:\Windows\SYSTEM32\kernel.appcore.dll
0x00007fff7aff0000 - 0x00007fff7b001000 	C:\Program Files\Android\Android Studio\jre\bin\verify.dll
0x00007fffafbf0000 - 0x00007fffafdd4000 	C:\Windows\SYSTEM32\DBGHELP.DLL
0x00007fffa3c30000 - 0x00007fffa3c5c000 	C:\Windows\SYSTEM32\dbgcore.DLL
0x00007fffb47c0000 - 0x00007fffb4842000 	C:\Windows\System32\bcryptPrimitives.dll
0x00007fff7afc0000 - 0x00007fff7afe9000 	C:\Program Files\Android\Android Studio\jre\bin\java.dll
0x00007fffa2d20000 - 0x00007fffa2d2b000 	C:\Program Files\Android\Android Studio\jre\bin\jimage.dll
0x00007fff7afa0000 - 0x00007fff7afb8000 	C:\Program Files\Android\Android Studio\jre\bin\zip.dll
0x00007fffb58a0000 - 0x00007fffb5fe4000 	C:\Windows\System32\SHELL32.dll
0x00007fffb22c0000 - 0x00007fffb2a54000 	C:\Windows\SYSTEM32\windows.storage.dll
0x00007fffb51d0000 - 0x00007fffb5525000 	C:\Windows\System32\combase.dll
0x00007fffb40c0000 - 0x00007fffb40ee000 	C:\Windows\SYSTEM32\Wldp.dll
0x00007fffb6ee0000 - 0x00007fffb6f8d000 	C:\Windows\System32\SHCORE.dll
0x00007fffb6e70000 - 0x00007fffb6ec5000 	C:\Windows\System32\shlwapi.dll
0x00007fffb4700000 - 0x00007fffb471f000 	C:\Windows\SYSTEM32\profapi.dll
0x00007fff7ae30000 - 0x00007fff7ae4a000 	C:\Program Files\Android\Android Studio\jre\bin\net.dll
0x00007fffa4530000 - 0x00007fffa463c000 	C:\Windows\SYSTEM32\WINHTTP.dll
0x00007fffb3e40000 - 0x00007fffb3eaa000 	C:\Windows\system32\mswsock.dll
0x00007fff7a500000 - 0x00007fff7a514000 	C:\Program Files\Android\Android Studio\jre\bin\nio.dll
0x00007fff652f0000 - 0x00007fff65317000 	C:\Users\bruno\.gradle\native\8bec1ad78214c89d9ad589b4d07fe93259594b29d510b10fafb7a158f7737e5d\windows-amd64\native-platform.dll
0x00007fff47860000 - 0x00007fff4799d000 	C:\Users\bruno\.gradle\native\53dbd7edfb1c66fb8903c78663c9afc45aea4f116125fa6feffd364cf09443e8\windows-amd64\native-platform-file-events.dll
0x00007fffa1620000 - 0x00007fffa162a000 	C:\Program Files\Android\Android Studio\jre\bin\management.dll
0x00007fff9fe60000 - 0x00007fff9fe6c000 	C:\Program Files\Android\Android Studio\jre\bin\management_ext.dll
0x00007fffb4420000 - 0x00007fffb4438000 	C:\Windows\SYSTEM32\CRYPTSP.dll
0x00007fffb37e0000 - 0x00007fffb3814000 	C:\Windows\system32\rsaenh.dll
0x00007fffb4850000 - 0x00007fffb4877000 	C:\Windows\System32\bcrypt.dll
0x00007fffb4680000 - 0x00007fffb46ae000 	C:\Windows\SYSTEM32\USERENV.dll
0x00007fffb4030000 - 0x00007fffb403c000 	C:\Windows\SYSTEM32\CRYPTBASE.dll
0x00007fffb3b50000 - 0x00007fffb3b8b000 	C:\Windows\SYSTEM32\IPHLPAPI.DLL
0x00007fffb6ed0000 - 0x00007fffb6ed8000 	C:\Windows\System32\NSI.dll
0x00007fffa9f20000 - 0x00007fffa9f37000 	C:\Windows\SYSTEM32\dhcpcsvc6.DLL
0x00007fffa9ea0000 - 0x00007fffa9ebd000 	C:\Windows\SYSTEM32\dhcpcsvc.DLL
0x00007fffb3b90000 - 0x00007fffb3c5b000 	C:\Windows\SYSTEM32\DNSAPI.dll

dbghelp: loaded successfully - version: 4.0.5 - missing functions: none
symbol engine: initialized successfully - sym options: 0x614 - pdb path: .;C:\Program Files\Android\Android Studio\jre\bin;C:\Windows\SYSTEM32;C:\Windows\WinSxS\amd64_microsoft.windows.common-controls_6595b64144ccf1df_6.0.19041.1110_none_60b5254171f9507e;C:\Program Files\Android\Android Studio\jre\bin\server;C:\Users\bruno\.gradle\native\8bec1ad78214c89d9ad589b4d07fe93259594b29d510b10fafb7a158f7737e5d\windows-amd64;C:\Users\bruno\.gradle\native\53dbd7edfb1c66fb8903c78663c9afc45aea4f116125fa6feffd364cf09443e8\windows-amd64

VM Arguments:
jvm_args: --add-opens=java.base/java.util=ALL-UNNAMED --add-opens=java.base/java.lang=ALL-UNNAMED --add-opens=java.base/java.lang.invoke=ALL-UNNAMED --add-opens=java.base/java.util=ALL-UNNAMED --add-opens=java.prefs/java.util.prefs=ALL-UNNAMED --add-opens=java.prefs/java.util.prefs=ALL-UNNAMED --add-opens=java.base/java.nio.charset=ALL-UNNAMED --add-opens=java.base/java.net=ALL-UNNAMED --add-opens=java.base/java.util.concurrent.atomic=ALL-UNNAMED -Xmx2048m -Dfile.encoding=UTF-8 -Duser.country=US -Duser.language=en -Duser.variant 
java_command: org.gradle.launcher.daemon.bootstrap.GradleDaemon 7.0.2
java_class_path (initial): C:\Users\bruno\.gradle\wrapper\dists\gradle-7.0.2-bin\857tjihv64xamwrf0h14cai3r\gradle-7.0.2\lib\gradle-launcher-7.0.2.jar
Launcher Type: SUN_STANDARD

[Global flags]
     intx CICompilerCount                          = 3                                         {product} {ergonomic}
     uint ConcGCThreads                            = 1                                         {product} {ergonomic}
     uint G1ConcRefinementThreads                  = 4                                         {product} {ergonomic}
   size_t G1HeapRegionSize                         = 1048576                                   {product} {ergonomic}
    uintx GCDrainStackTargetSize                   = 64                                        {product} {ergonomic}
   size_t InitialHeapSize                          = 134217728                                 {product} {ergonomic}
   size_t MarkStackSize                            = 4194304                                   {product} {ergonomic}
   size_t MaxHeapSize                              = 2147483648                                {product} {command line}
   size_t MaxNewSize                               = 1287651328                                {product} {ergonomic}
   size_t MinHeapDeltaBytes                        = 1048576                                   {product} {ergonomic}
    uintx NonNMethodCodeHeapSize                   = 5830732                                {pd product} {ergonomic}
    uintx NonProfiledCodeHeapSize                  = 122913754                              {pd product} {ergonomic}
    uintx ProfiledCodeHeapSize                     = 122913754                              {pd product} {ergonomic}
    uintx ReservedCodeCacheSize                    = 251658240                              {pd product} {ergonomic}
     bool SegmentedCodeCache                       = true                                      {product} {ergonomic}
     bool UseCompressedClassPointers               = true                                 {lp64_product} {ergonomic}
     bool UseCompressedOops                        = true                                 {lp64_product} {ergonomic}
     bool UseG1GC                                  = true                                      {product} {ergonomic}
     bool UseLargePagesIndividualAllocation        = false                                  {pd product} {ergonomic}

Logging:
Log output configuration:
 #0: stdout all=warning uptime,level,tags
 #1: stderr all=off uptime,level,tags

Environment Variables:
PATH=C:\Program Files\Common Files\Oracle\Java\javapath;C:\Program Files (x86)\Common Files\Oracle\Java\javapath;C:\Windows\system32;C:\Windows;C:\Windows\System32\Wbem;C:\Windows\System32\WindowsPowerShell\v1.0\;C:\Windows\System32\OpenSSH\;C:\Program Files\Microsoft VS Code\bin;C:\Users\bruno\AppData\Roaming\nvm;C:\Program Files\nodejs;C:\Program Files\Microsoft SQL Server\130\Tools\Binn\;C:\Program Files\Microsoft SQL Server\Client SDK\ODBC\170\Tools\Binn\;C:\Program Files (x86)\Intel\Intel(R) Management Engine Components\DAL;C:\Program Files\Intel\Intel(R) Management Engine Components\DAL;C:\Program Files\Git\cmd;C:\xampp\php;C:\ProgramData\ComposerSetup\bin;C:\Program Files\dotnet\;C:\Users\bruno\AppData\Local\Microsoft\WindowsApps;C:\Users\bruno\AppData\Roaming\npm;C:\Users\bruno\AppData\Roaming\nvm;C:\Program Files\nodejs;C:\Program Files\Java\jdk-17\bin;C:\Users\bruno\AppData\Local\hyper\app-3.0.2\resources\bin;C:\Program Files\MongoDB\Server\5.0\bin;C:\xampp\mysql\bin;C:\Users\bruno\AppData\Local\GitHubDesktop\bin;C:\Users\bruno\AppData\Local\Android\Sdk\emulator;C:\flutter\flutter\bin;C:\Program Files\JetBrains\IntelliJ IDEA 2021.2.2\bin;;C:\Program Files\JetBrains\CLion 2021.2.2\bin;;C:\Program Files\JetBrains\WebStorm 2021.2.2\bin;;C:\Program Files\heroku\bin;C:\Users\bruno\AppData\Roaming\Composer\vendor\bin;C:\Users\bruno\.dotnet\tools;C:\Program Files (x86)\ngrok;
USERNAME=bruno
OS=Windows_NT
PROCESSOR_IDENTIFIER=Intel64 Family 6 Model 78 Stepping 3, GenuineIntel



---------------  S Y S T E M  ---------------

OS: Windows 10 , 64 bit Build 19041 (10.0.19041.1348)
OS uptime: 3 days 20:45 hours
Hyper-V role detected

CPU:total 4 (initial active 4) (2 cores per cpu, 2 threads per core) family 6 model 78 stepping 3 microcode 0xea, cmov, cx8, fxsr, mmx, sse, sse2, sse3, ssse3, sse4.1, sse4.2, popcnt, avx, avx2, aes, clmul, erms, rtm, 3dnowpref, lzcnt, ht, tsc, tscinvbit, bmi1, bmi2, adx, fma

Memory: 4k page, system-wide physical 8071M (560M free)
TotalPageFile size 19776M (AvailPageFile size 20M)
current process WorkingSet (physical memory assigned to process): 528M, peak: 529M
current process commit charge ("private bytes"): 587M, peak: 633M

vm_info: OpenJDK 64-Bit Server VM (11.0.10+0-b96-7249189) for windows-amd64 JRE (11.0.10+0-b96-7249189), built on Mar 31 2021 21:44:00 by "builder" with MS VC++ 14.0 (VS2015)

END.
