#
# There is insufficient memory for the Java Runtime Environment to continue.
# Native memory allocation (malloc) failed to allocate 2054976 bytes for Chunk::new
# Possible reasons:
#   The system is out of physical RAM or swap space
#   The process is running with CompressedOops enabled, and the Java Heap may be blocking the growth of the native heap
# Possible solutions:
#   Reduce memory load on the system
#   Increase physical memory or swap space
#   Check if swap backing store is full
#   Decrease Java heap size (-Xmx/-Xms)
#   Decrease number of Java threads
#   Decrease Java thread stack sizes (-Xss)
#   Set larger code cache with -XX:ReservedCodeCacheSize=
#   JVM is running with Unscaled Compressed Oops mode in which the Java heap is
#     placed in the first 4GB address space. The Java Heap base address is the
#     maximum limit for the native heap growth. Please use -XX:HeapBaseMinAddress
#     to set the Java Heap base and to place the Java Heap above 4GB virtual address.
# This output file may be truncated or incomplete.
#
#  Out of Memory Error (./src/hotspot/share/memory/arena.cpp:197), pid=19940, tid=12556
#
# JRE version: OpenJDK Runtime Environment (11.0.10) (build 11.0.10+0-b96-7249189)
# Java VM: OpenJDK 64-Bit Server VM (11.0.10+0-b96-7249189, mixed mode, tiered, compressed oops, g1 gc, windows-amd64)
# No core dump will be written. Minidumps are not enabled by default on client versions of Windows
#

---------------  S U M M A R Y ------------

Command Line: --add-opens=java.base/java.util=ALL-UNNAMED --add-opens=java.base/java.lang=ALL-UNNAMED --add-opens=java.base/java.lang.invoke=ALL-UNNAMED --add-opens=java.base/java.util=ALL-UNNAMED --add-opens=java.prefs/java.util.prefs=ALL-UNNAMED --add-opens=java.prefs/java.util.prefs=ALL-UNNAMED --add-opens=java.base/java.nio.charset=ALL-UNNAMED --add-opens=java.base/java.net=ALL-UNNAMED --add-opens=java.base/java.util.concurrent.atomic=ALL-UNNAMED -Xmx2048m -Dfile.encoding=UTF-8 -Duser.country=US -Duser.language=en -Duser.variant org.gradle.launcher.daemon.bootstrap.GradleDaemon 7.0.2

Host: Intel(R) Core(TM) i7-6600U CPU @ 2.60GHz, 4 cores, 7G,  Windows 10 , 64 bit Build 19041 (10.0.19041.1348)
Time: Tue Dec 21 20:03:09 2021 E. Africa Standard Time elapsed time: 52.094976 seconds (0d 0h 0m 52s)

---------------  T H R E A D  ---------------

Current thread (0x000001ddfbea1800):  JavaThread "C2 CompilerThread0" daemon [_thread_in_native, id=12556, stack(0x0000004fe2000000,0x0000004fe2100000)]


Current CompileTask:
C2:  52095 16227 %     4       com.android.tools.r8.ir.regalloc.a::a @ 2157 (3985 bytes)

Stack: [0x0000004fe2000000,0x0000004fe2100000]
Native frames: (J=compiled Java code, j=interpreted, Vv=VM code, C=native code)
V  [jvm.dll+0x5ecfaa]
V  [jvm.dll+0x722bd5]
V  [jvm.dll+0x72412d]
V  [jvm.dll+0x7247e3]
V  [jvm.dll+0x242928]
V  [jvm.dll+0xbc4fc]
V  [jvm.dll+0xbca0c]
V  [jvm.dll+0x2b4fd4]
V  [jvm.dll+0x506028]
V  [jvm.dll+0x203253]
V  [jvm.dll+0x1fd07c]
V  [jvm.dll+0x1fa77f]
V  [jvm.dll+0x18354c]
V  [jvm.dll+0x208ee7]
V  [jvm.dll+0x207731]
V  [jvm.dll+0x6eb1cf]
V  [jvm.dll+0x6e3d45]
V  [jvm.dll+0x5ebe96]
C  [ucrtbase.dll+0x21bb2]
C  [KERNEL32.DLL+0x17034]
C  [ntdll.dll+0x52651]


---------------  P R O C E S S  ---------------

Threads class SMR info:
_java_thread_list=0x000001dd944d7ba0, length=54, elements={
0x000001ddef34e000, 0x000001ddfbe80800, 0x000001ddfbe8c800, 0x000001ddfc812800,
0x000001ddfbe9e000, 0x000001ddfbea0000, 0x000001ddfbea1800, 0x000001ddfbea5000,
0x000001ddfbeb0000, 0x000001ddfc94c800, 0x000001ddfd9a1800, 0x000001ddfdde9800,
0x000001ddfe395000, 0x000001ddfdd2b000, 0x000001ddfd790000, 0x000001ddfe636800,
0x000001ddfd573000, 0x000001ddfd574000, 0x000001ddfcd7e000, 0x000001ddfc8ed800,
0x000001ddfc8f3800, 0x000001ddfc8ef800, 0x000001ddfc8f4800, 0x000001ddfc8f0000,
0x000001ddfc8ee800, 0x000001ddfc8f1000, 0x000001ddfc8f2000, 0x000001ddfc8f2800,
0x000001ddfccc1000, 0x000001ddfccc2000, 0x000001ddfccbd800, 0x000001ddfccbc000,
0x000001ddfccc2800, 0x000001ddfccc4000, 0x000001ddfccbe800, 0x000001ddfccc0000,
0x000001ddfccc5000, 0x000001ddfccbf800, 0x000001ddfcccb000, 0x000001ddfccc6000,
0x000001ddfccc7800, 0x000001ddfccc6800, 0x000001ddfccc8800, 0x000001ddfccc9000,
0x000001ddfccca000, 0x000001ddfd849800, 0x000001ddfd84a000, 0x000001ddfd84b000,
0x000001ddfd845000, 0x000001ddfd84b800, 0x000001ddfd846000, 0x000001ddfd847800,
0x000001dd92325000, 0x000001dd919a2800
}

Java Threads: ( => current thread )
  0x000001ddef34e000 JavaThread "main" [_thread_blocked, id=11872, stack(0x0000004fe1400000,0x0000004fe1500000)]
  0x000001ddfbe80800 JavaThread "Reference Handler" daemon [_thread_blocked, id=22508, stack(0x0000004fe1b00000,0x0000004fe1c00000)]
  0x000001ddfbe8c800 JavaThread "Finalizer" daemon [_thread_blocked, id=22348, stack(0x0000004fe1c00000,0x0000004fe1d00000)]
  0x000001ddfc812800 JavaThread "Signal Dispatcher" daemon [_thread_blocked, id=17296, stack(0x0000004fe1d00000,0x0000004fe1e00000)]
  0x000001ddfbe9e000 JavaThread "Attach Listener" daemon [_thread_blocked, id=20792, stack(0x0000004fe1e00000,0x0000004fe1f00000)]
  0x000001ddfbea0000 JavaThread "Service Thread" daemon [_thread_blocked, id=14760, stack(0x0000004fe1f00000,0x0000004fe2000000)]
=>0x000001ddfbea1800 JavaThread "C2 CompilerThread0" daemon [_thread_in_native, id=12556, stack(0x0000004fe2000000,0x0000004fe2100000)]
  0x000001ddfbea5000 JavaThread "C1 CompilerThread0" daemon [_thread_blocked, id=21140, stack(0x0000004fe2100000,0x0000004fe2200000)]
  0x000001ddfbeb0000 JavaThread "Sweeper thread" daemon [_thread_blocked, id=17604, stack(0x0000004fe2200000,0x0000004fe2300000)]
  0x000001ddfc94c800 JavaThread "Common-Cleaner" daemon [_thread_blocked, id=18996, stack(0x0000004fe2300000,0x0000004fe2400000)]
  0x000001ddfd9a1800 JavaThread "Daemon health stats" [_thread_blocked, id=19336, stack(0x0000004fe2500000,0x0000004fe2600000)]
  0x000001ddfdde9800 JavaThread "Incoming local TCP Connector on port 55810" [_thread_in_native, id=19508, stack(0x0000004fe2800000,0x0000004fe2900000)]
  0x000001ddfe395000 JavaThread "Daemon periodic checks" [_thread_blocked, id=3036, stack(0x0000004fe2900000,0x0000004fe2a00000)]
  0x000001ddfdd2b000 JavaThread "Daemon" [_thread_blocked, id=2240, stack(0x0000004fe2a00000,0x0000004fe2b00000)]
  0x000001ddfd790000 JavaThread "Handler for socket connection from /127.0.0.1:55810 to /127.0.0.1:55811" [_thread_in_native, id=13128, stack(0x0000004fe2b00000,0x0000004fe2c00000)]
  0x000001ddfe636800 JavaThread "Cancel handler" [_thread_blocked, id=8168, stack(0x0000004fe2c00000,0x0000004fe2d00000)]
  0x000001ddfd573000 JavaThread "Daemon worker" [_thread_blocked, id=10856, stack(0x0000004fe2d00000,0x0000004fe2e00000)]
  0x000001ddfd574000 JavaThread "Asynchronous log dispatcher for DefaultDaemonConnection: socket connection from /127.0.0.1:55810 to /127.0.0.1:55811" [_thread_blocked, id=20448, stack(0x0000004fe2e00000,0x0000004fe2f00000)]
  0x000001ddfcd7e000 JavaThread "Stdin handler" [_thread_blocked, id=18956, stack(0x0000004fe2f00000,0x0000004fe3000000)]
  0x000001ddfc8ed800 JavaThread "Daemon client event forwarder" [_thread_blocked, id=12916, stack(0x0000004fe3000000,0x0000004fe3100000)]
  0x000001ddfc8f3800 JavaThread "Cache worker for file hash cache (C:\Users\bruno\.gradle\caches\7.0.2\fileHashes)" [_thread_blocked, id=13208, stack(0x0000004fe3200000,0x0000004fe3300000)]
  0x000001ddfc8ef800 JavaThread "File lock request listener" [_thread_in_native, id=17972, stack(0x0000004fe3300000,0x0000004fe3400000)]
  0x000001ddfc8f4800 JavaThread "Cache worker for journal cache (C:\Users\bruno\.gradle\caches\journal-1)" [_thread_blocked, id=12488, stack(0x0000004fe3400000,0x0000004fe3500000)]
  0x000001ddfc8f0000 JavaThread "Cache worker for file hash cache (C:\Users\bruno\Documents\DIT\2.2\ICT Project II\Project\Android\E-Progression\.gradle\7.0.2\fileHashes)" [_thread_blocked, id=6524, stack(0x0000004fe3500000,0x0000004fe3600000)]
  0x000001ddfc8ee800 JavaThread "File watcher server" daemon [_thread_in_native, id=19188, stack(0x0000004fe3600000,0x0000004fe3700000)]
  0x000001ddfc8f1000 JavaThread "File watcher consumer" daemon [_thread_blocked, id=19972, stack(0x0000004fe3700000,0x0000004fe3800000)]
  0x000001ddfc8f2000 JavaThread "Cache worker for checksums cache (C:\Users\bruno\Documents\DIT\2.2\ICT Project II\Project\Android\E-Progression\.gradle\checksums)" [_thread_blocked, id=16516, stack(0x0000004fe3800000,0x0000004fe3900000)]
  0x000001ddfc8f2800 JavaThread "Cache worker for cache directory md-supplier (C:\Users\bruno\.gradle\caches\7.0.2\md-supplier)" [_thread_blocked, id=19140, stack(0x0000004fe3900000,0x0000004fe3a00000)]
  0x000001ddfccc1000 JavaThread "Cache worker for cache directory md-rule (C:\Users\bruno\.gradle\caches\7.0.2\md-rule)" [_thread_blocked, id=6968, stack(0x0000004fe3a00000,0x0000004fe3b00000)]
  0x000001ddfccc2000 JavaThread "Cache worker for execution history cache (C:\Users\bruno\.gradle\caches\7.0.2\executionHistory)" [_thread_blocked, id=15340, stack(0x0000004fe3b00000,0x0000004fe3c00000)]
  0x000001ddfccbd800 JavaThread "jar transforms" [_thread_blocked, id=22140, stack(0x0000004fe3c00000,0x0000004fe3d00000)]
  0x000001ddfccbc000 JavaThread "jar transforms Thread 2" [_thread_blocked, id=20460, stack(0x0000004fe3d00000,0x0000004fe3e00000)]
  0x000001ddfccc2800 JavaThread "Cache worker for file content cache (C:\Users\bruno\.gradle\caches\7.0.2\fileContent)" [_thread_blocked, id=15612, stack(0x0000004fe3e00000,0x0000004fe3f00000)]
  0x000001ddfccc4000 JavaThread "Cache worker for dependencies-accessors (C:\Users\bruno\Documents\DIT\2.2\ICT Project II\Project\Android\E-Progression\.gradle\7.0.2\dependencies-accessors)" [_thread_blocked, id=4028, stack(0x0000004fe3f00000,0x0000004fe4000000)]
  0x000001ddfccbe800 JavaThread "jar transforms Thread 3" [_thread_blocked, id=3540, stack(0x0000004fe4000000,0x0000004fe4100000)]
  0x000001ddfccc0000 JavaThread "Cache worker for Build Output Cleanup Cache (C:\Users\bruno\Documents\DIT\2.2\ICT Project II\Project\Android\E-Progression\.gradle\buildOutputCleanup)" [_thread_blocked, id=8584, stack(0x0000004fe4100000,0x0000004fe4200000)]
  0x000001ddfccc5000 JavaThread "Build operations" [_thread_blocked, id=22224, stack(0x0000004fe4200000,0x0000004fe4300000)]
  0x000001ddfccbf800 JavaThread "Build operations Thread 2" [_thread_blocked, id=16168, stack(0x0000004fe4300000,0x0000004fe4400000)]
  0x000001ddfcccb000 JavaThread "Build operations Thread 3" [_thread_blocked, id=18424, stack(0x0000004fe4400000,0x0000004fe4500000)]
  0x000001ddfccc6000 JavaThread "Build operations Thread 4" [_thread_blocked, id=12968, stack(0x0000004fe4500000,0x0000004fe4600000)]
  0x000001ddfccc7800 JavaThread "jar transforms Thread 4" [_thread_blocked, id=16588, stack(0x0000004fe4600000,0x0000004fe4700000)]
  0x000001ddfccc6800 JavaThread "Memory manager" [_thread_blocked, id=12256, stack(0x0000004fe4700000,0x0000004fe4800000)]
  0x000001ddfccc8800 JavaThread "build event listener" [_thread_blocked, id=11344, stack(0x0000004fe1300000,0x0000004fe1400000)]
  0x000001ddfccc9000 JavaThread "pool-3-thread-1" [_thread_blocked, id=9268, stack(0x0000004fe4800000,0x0000004fe4900000)]
  0x000001ddfccca000 JavaThread "build event listener" [_thread_blocked, id=6628, stack(0x0000004fe4900000,0x0000004fe4a00000)]
  0x000001ddfd849800 JavaThread "Execution worker for ':'" [_thread_blocked, id=6120, stack(0x0000004fe4a00000,0x0000004fe4b00000)]
  0x000001ddfd84a000 JavaThread "Execution worker for ':' Thread 2" [_thread_blocked, id=22352, stack(0x0000004fe4b00000,0x0000004fe4c00000)]
  0x000001ddfd84b000 JavaThread "Execution worker for ':' Thread 3" [_thread_blocked, id=13316, stack(0x0000004fe4c00000,0x0000004fe4d00000)]
  0x000001ddfd845000 JavaThread "Cache worker for execution history cache (C:\Users\bruno\Documents\DIT\2.2\ICT Project II\Project\Android\E-Progression\.gradle\7.0.2\executionHistory)" [_thread_blocked, id=19424, stack(0x0000004fe4d00000,0x0000004fe4e00000)]
  0x000001ddfd84b800 JavaThread "WorkerExecutor Queue" [_thread_in_native, id=13176, stack(0x0000004fe5000000,0x0000004fe5100000)]
  0x000001ddfd846000 JavaThread "WorkerExecutor Queue Thread 2" [_thread_in_native, id=20372, stack(0x0000004fe5100000,0x0000004fe5200000)]
  0x000001ddfd847800 JavaThread "WorkerExecutor Queue Thread 3" [_thread_blocked, id=21424, stack(0x0000004fe5200000,0x0000004fe5300000)]
  0x000001dd92325000 JavaThread "WorkerExecutor Queue Thread 4" [_thread_blocked, id=13712, stack(0x0000004fe5300000,0x0000004fe5400000)]
  0x000001dd919a2800 JavaThread "C2 CompilerThread1" daemon [_thread_in_vm, id=3296, stack(0x0000004fe5400000,0x0000004fe5500000)]

Other Threads:
  0x000001ddfbe7b000 VMThread "VM Thread" [stack: 0x0000004fe1a00000,0x0000004fe1b00000] [id=22208]
  0x000001ddfc995800 WatcherThread [stack: 0x0000004fe2400000,0x0000004fe2500000] [id=20888]
  0x000001ddef386000 GCTaskThread "GC Thread#0" [stack: 0x0000004fe1500000,0x0000004fe1600000] [id=8348]
  0x000001ddfce8a000 GCTaskThread "GC Thread#1" [stack: 0x0000004fe2600000,0x0000004fe2700000] [id=12280]
  0x000001ddfcd65000 GCTaskThread "GC Thread#2" [stack: 0x0000004fe2700000,0x0000004fe2800000] [id=18976]
  0x000001ddfcd52000 GCTaskThread "GC Thread#3" [stack: 0x0000004fe3100000,0x0000004fe3200000] [id=21820]
  0x000001ddef3b8000 ConcurrentGCThread "G1 Main Marker" [stack: 0x0000004fe1600000,0x0000004fe1700000] [id=11096]
  0x000001ddef3ba000 ConcurrentGCThread "G1 Conc#0" [stack: 0x0000004fe1700000,0x0000004fe1800000] [id=9948]
  0x000001ddef445800 ConcurrentGCThread "G1 Refine#0" [stack: 0x0000004fe1800000,0x0000004fe1900000] [id=20256]
  0x000001ddef446800 ConcurrentGCThread "G1 Young RemSet Sampling" [stack: 0x0000004fe1900000,0x0000004fe1a00000] [id=8148]

Threads with active compile tasks:
C2 CompilerThread0  52166 16227 %     4       com.android.tools.r8.ir.regalloc.a::a @ 2157 (3985 bytes)
C2 CompilerThread1  52166 16476       4       com.android.tools.r8.dex.i::a (14 bytes)

VM state:not at safepoint (normal execution)

VM Mutex/Monitor currently owned by a thread: None

Heap address: 0x0000000080000000, size: 2048 MB, Compressed Oops mode: 32-bit
Narrow klass base: 0x0000000000000000, Narrow klass shift: 3
Compressed class space size: 1073741824 Address: 0x0000000100000000

Heap:
 garbage-first heap   total 273408K, used 159406K [0x0000000080000000, 0x0000000100000000)
  region size 1024K, 37 young (37888K), 4 survivors (4096K)
 Metaspace       used 107708K, capacity 110305K, committed 110408K, reserved 1144832K
  class space    used 13713K, capacity 14753K, committed 14796K, reserved 1048576K
Heap Regions: E=young(eden), S=young(survivor), O=old, HS=humongous(starts), HC=humongous(continues), CS=collection set, F=free, A=archive, TAMS=top-at-mark-start (previous, next)
|   0|0x0000000080000000, 0x0000000080100000, 0x0000000080100000|100%| O|  |TAMS 0x0000000080100000, 0x0000000080000000| Untracked 
|   1|0x0000000080100000, 0x0000000080200000, 0x0000000080200000|100%| O|  |TAMS 0x0000000080200000, 0x0000000080100000| Untracked 
|   2|0x0000000080200000, 0x0000000080300000, 0x0000000080300000|100%| O|  |TAMS 0x0000000080300000, 0x0000000080200000| Untracked 
|   3|0x0000000080300000, 0x0000000080400000, 0x0000000080400000|100%|HS|  |TAMS 0x0000000080400000, 0x0000000080300000| Complete 
|   4|0x0000000080400000, 0x0000000080500000, 0x0000000080500000|100%|HC|  |TAMS 0x0000000080500000, 0x0000000080400000| Complete 
|   5|0x0000000080500000, 0x0000000080600000, 0x0000000080600000|100%|HC|  |TAMS 0x0000000080600000, 0x0000000080500000| Complete 
|   6|0x0000000080600000, 0x0000000080700000, 0x0000000080700000|100%| O|  |TAMS 0x0000000080700000, 0x0000000080600000| Untracked 
|   7|0x0000000080700000, 0x0000000080800000, 0x0000000080800000|100%| O|  |TAMS 0x0000000080800000, 0x0000000080700000| Untracked 
|   8|0x0000000080800000, 0x0000000080900000, 0x0000000080900000|100%| O|  |TAMS 0x0000000080900000, 0x0000000080800000| Untracked 
|   9|0x0000000080900000, 0x0000000080a00000, 0x0000000080a00000|100%| O|  |TAMS 0x0000000080a00000, 0x0000000080900000| Untracked 
|  10|0x0000000080a00000, 0x0000000080b00000, 0x0000000080b00000|100%| O|  |TAMS 0x0000000080b00000, 0x0000000080a00000| Untracked 
|  11|0x0000000080b00000, 0x0000000080c00000, 0x0000000080c00000|100%| O|  |TAMS 0x0000000080c00000, 0x0000000080b00000| Untracked 
|  12|0x0000000080c00000, 0x0000000080d00000, 0x0000000080d00000|100%| O|  |TAMS 0x0000000080d00000, 0x0000000080c00000| Untracked 
|  13|0x0000000080d00000, 0x0000000080e00000, 0x0000000080e00000|100%| O|  |TAMS 0x0000000080e00000, 0x0000000080d00000| Untracked 
|  14|0x0000000080e00000, 0x0000000080f00000, 0x0000000080f00000|100%| O|  |TAMS 0x0000000080f00000, 0x0000000080e00000| Untracked 
|  15|0x0000000080f00000, 0x0000000081000000, 0x0000000081000000|100%| O|  |TAMS 0x0000000081000000, 0x0000000080f00000| Untracked 
|  16|0x0000000081000000, 0x0000000081100000, 0x0000000081100000|100%|HS|  |TAMS 0x0000000081100000, 0x0000000081000000| Complete 
|  17|0x0000000081100000, 0x0000000081200000, 0x0000000081200000|100%| O|  |TAMS 0x0000000081200000, 0x0000000081100000| Untracked 
|  18|0x0000000081200000, 0x0000000081300000, 0x0000000081300000|100%| O|  |TAMS 0x0000000081300000, 0x0000000081200000| Untracked 
|  19|0x0000000081300000, 0x0000000081400000, 0x0000000081400000|100%| O|  |TAMS 0x0000000081400000, 0x0000000081300000| Untracked 
|  20|0x0000000081400000, 0x0000000081500000, 0x0000000081500000|100%| O|  |TAMS 0x0000000081500000, 0x0000000081400000| Untracked 
|  21|0x0000000081500000, 0x0000000081600000, 0x0000000081600000|100%| O|  |TAMS 0x0000000081600000, 0x0000000081500000| Untracked 
|  22|0x0000000081600000, 0x0000000081700000, 0x0000000081700000|100%| O|  |TAMS 0x0000000081700000, 0x0000000081600000| Untracked 
|  23|0x0000000081700000, 0x0000000081800000, 0x0000000081800000|100%|HS|  |TAMS 0x0000000081800000, 0x0000000081700000| Complete 
|  24|0x0000000081800000, 0x0000000081900000, 0x0000000081900000|100%|HS|  |TAMS 0x0000000081900000, 0x0000000081800000| Complete 
|  25|0x0000000081900000, 0x0000000081a00000, 0x0000000081a00000|100%|HS|  |TAMS 0x0000000081a00000, 0x0000000081900000| Complete 
|  26|0x0000000081a00000, 0x0000000081b00000, 0x0000000081b00000|100%|HC|  |TAMS 0x0000000081b00000, 0x0000000081a00000| Complete 
|  27|0x0000000081b00000, 0x0000000081c00000, 0x0000000081c00000|100%|HC|  |TAMS 0x0000000081c00000, 0x0000000081b00000| Complete 
|  28|0x0000000081c00000, 0x0000000081d00000, 0x0000000081d00000|100%|HS|  |TAMS 0x0000000081d00000, 0x0000000081c00000| Complete 
|  29|0x0000000081d00000, 0x0000000081e00000, 0x0000000081e00000|100%|HC|  |TAMS 0x0000000081e00000, 0x0000000081d00000| Complete 
|  30|0x0000000081e00000, 0x0000000081f00000, 0x0000000081f00000|100%| O|  |TAMS 0x0000000081f00000, 0x0000000081e00000| Untracked 
|  31|0x0000000081f00000, 0x0000000082000000, 0x0000000082000000|100%| O|  |TAMS 0x0000000082000000, 0x0000000081f00000| Untracked 
|  32|0x0000000082000000, 0x0000000082100000, 0x0000000082100000|100%| O|  |TAMS 0x0000000082100000, 0x0000000082000000| Untracked 
|  33|0x0000000082100000, 0x0000000082200000, 0x0000000082200000|100%| O|  |TAMS 0x0000000082200000, 0x0000000082100000| Untracked 
|  34|0x0000000082200000, 0x0000000082300000, 0x0000000082300000|100%| O|  |TAMS 0x0000000082300000, 0x0000000082200000| Untracked 
|  35|0x0000000082300000, 0x0000000082400000, 0x0000000082400000|100%| O|  |TAMS 0x0000000082400000, 0x0000000082300000| Untracked 
|  36|0x0000000082400000, 0x0000000082500000, 0x0000000082500000|100%| O|  |TAMS 0x0000000082500000, 0x0000000082400000| Untracked 
|  37|0x0000000082500000, 0x0000000082600000, 0x0000000082600000|100%| O|  |TAMS 0x0000000082600000, 0x0000000082500000| Untracked 
|  38|0x0000000082600000, 0x0000000082700000, 0x0000000082700000|100%| O|  |TAMS 0x0000000082700000, 0x0000000082600000| Untracked 
|  39|0x0000000082700000, 0x0000000082800000, 0x0000000082800000|100%| O|  |TAMS 0x0000000082800000, 0x0000000082700000| Untracked 
|  40|0x0000000082800000, 0x0000000082900000, 0x0000000082900000|100%| O|  |TAMS 0x0000000082900000, 0x0000000082800000| Untracked 
|  41|0x0000000082900000, 0x0000000082a00000, 0x0000000082a00000|100%| O|  |TAMS 0x0000000082a00000, 0x0000000082900000| Untracked 
|  42|0x0000000082a00000, 0x0000000082b00000, 0x0000000082b00000|100%| O|  |TAMS 0x0000000082b00000, 0x0000000082a00000| Untracked 
|  43|0x0000000082b00000, 0x0000000082c00000, 0x0000000082c00000|100%| O|  |TAMS 0x0000000082c00000, 0x0000000082b00000| Untracked 
|  44|0x0000000082c00000, 0x0000000082d00000, 0x0000000082d00000|100%| O|  |TAMS 0x0000000082d00000, 0x0000000082c00000| Untracked 
|  45|0x0000000082d00000, 0x0000000082e00000, 0x0000000082e00000|100%| O|  |TAMS 0x0000000082e00000, 0x0000000082d00000| Untracked 
|  46|0x0000000082e00000, 0x0000000082f00000, 0x0000000082f00000|100%| O|  |TAMS 0x0000000082f00000, 0x0000000082e00000| Untracked 
|  47|0x0000000082f00000, 0x0000000083000000, 0x0000000083000000|100%| O|  |TAMS 0x0000000083000000, 0x0000000082f00000| Untracked 
|  48|0x0000000083000000, 0x0000000083100000, 0x0000000083100000|100%| O|  |TAMS 0x0000000083100000, 0x0000000083000000| Untracked 
|  49|0x0000000083100000, 0x0000000083200000, 0x0000000083200000|100%| O|  |TAMS 0x0000000083200000, 0x0000000083100000| Untracked 
|  50|0x0000000083200000, 0x0000000083300000, 0x0000000083300000|100%| O|  |TAMS 0x0000000083300000, 0x0000000083200000| Untracked 
|  51|0x0000000083300000, 0x0000000083400000, 0x0000000083400000|100%| O|  |TAMS 0x0000000083400000, 0x0000000083300000| Untracked 
|  52|0x0000000083400000, 0x0000000083500000, 0x0000000083500000|100%| O|  |TAMS 0x0000000083500000, 0x0000000083400000| Untracked 
|  53|0x0000000083500000, 0x0000000083600000, 0x0000000083600000|100%| O|  |TAMS 0x0000000083600000, 0x0000000083500000| Untracked 
|  54|0x0000000083600000, 0x0000000083700000, 0x0000000083700000|100%| O|  |TAMS 0x0000000083700000, 0x0000000083600000| Untracked 
|  55|0x0000000083700000, 0x0000000083800000, 0x0000000083800000|100%| O|  |TAMS 0x0000000083800000, 0x0000000083700000| Untracked 
|  56|0x0000000083800000, 0x0000000083900000, 0x0000000083900000|100%| O|  |TAMS 0x0000000083900000, 0x0000000083800000| Untracked 
|  57|0x0000000083900000, 0x0000000083a00000, 0x0000000083a00000|100%| O|  |TAMS 0x0000000083a00000, 0x0000000083900000| Untracked 
|  58|0x0000000083a00000, 0x0000000083b00000, 0x0000000083b00000|100%| O|  |TAMS 0x0000000083b00000, 0x0000000083a00000| Untracked 
|  59|0x0000000083b00000, 0x0000000083c00000, 0x0000000083c00000|100%| O|  |TAMS 0x0000000083c00000, 0x0000000083b00000| Untracked 
|  60|0x0000000083c00000, 0x0000000083d00000, 0x0000000083d00000|100%| O|  |TAMS 0x0000000083d00000, 0x0000000083c00000| Untracked 
|  61|0x0000000083d00000, 0x0000000083e00000, 0x0000000083e00000|100%| O|  |TAMS 0x0000000083e00000, 0x0000000083d00000| Untracked 
|  62|0x0000000083e00000, 0x0000000083f00000, 0x0000000083f00000|100%| O|  |TAMS 0x0000000083f00000, 0x0000000083e00000| Untracked 
|  63|0x0000000083f00000, 0x0000000084000000, 0x0000000084000000|100%| O|  |TAMS 0x0000000084000000, 0x0000000083f00000| Untracked 
|  64|0x0000000084000000, 0x0000000084100000, 0x0000000084100000|100%| O|  |TAMS 0x0000000084100000, 0x0000000084000000| Untracked 
|  65|0x0000000084100000, 0x0000000084200000, 0x0000000084200000|100%| O|  |TAMS 0x0000000084200000, 0x0000000084100000| Untracked 
|  66|0x0000000084200000, 0x0000000084300000, 0x0000000084300000|100%| O|  |TAMS 0x0000000084300000, 0x0000000084200000| Untracked 
|  67|0x0000000084300000, 0x0000000084400000, 0x0000000084400000|100%| O|  |TAMS 0x0000000084400000, 0x0000000084300000| Untracked 
|  68|0x0000000084400000, 0x0000000084500000, 0x0000000084500000|100%| O|  |TAMS 0x0000000084500000, 0x0000000084400000| Untracked 
|  69|0x0000000084500000, 0x0000000084600000, 0x0000000084600000|100%| O|  |TAMS 0x0000000084600000, 0x0000000084500000| Untracked 
|  70|0x0000000084600000, 0x0000000084700000, 0x0000000084700000|100%| O|  |TAMS 0x0000000084700000, 0x0000000084600000| Untracked 
|  71|0x0000000084700000, 0x0000000084800000, 0x0000000084800000|100%| O|  |TAMS 0x0000000084800000, 0x0000000084700000| Untracked 
|  72|0x0000000084800000, 0x0000000084900000, 0x0000000084900000|100%| O|  |TAMS 0x0000000084900000, 0x0000000084800000| Untracked 
|  73|0x0000000084900000, 0x0000000084a00000, 0x0000000084a00000|100%| O|  |TAMS 0x0000000084a00000, 0x0000000084900000| Untracked 
|  74|0x0000000084a00000, 0x0000000084b00000, 0x0000000084b00000|100%| O|  |TAMS 0x0000000084b00000, 0x0000000084a00000| Untracked 
|  75|0x0000000084b00000, 0x0000000084c00000, 0x0000000084c00000|100%| O|  |TAMS 0x0000000084c00000, 0x0000000084b00000| Untracked 
|  76|0x0000000084c00000, 0x0000000084d00000, 0x0000000084d00000|100%| O|  |TAMS 0x0000000084d00000, 0x0000000084c00000| Untracked 
|  77|0x0000000084d00000, 0x0000000084e00000, 0x0000000084e00000|100%| O|  |TAMS 0x0000000084e00000, 0x0000000084d00000| Untracked 
|  78|0x0000000084e00000, 0x0000000084f00000, 0x0000000084f00000|100%| O|  |TAMS 0x0000000084f00000, 0x0000000084e00000| Untracked 
|  79|0x0000000084f00000, 0x0000000085000000, 0x0000000085000000|100%| O|  |TAMS 0x0000000085000000, 0x0000000084f00000| Untracked 
|  80|0x0000000085000000, 0x0000000085100000, 0x0000000085100000|100%| O|  |TAMS 0x0000000085100000, 0x0000000085000000| Untracked 
|  81|0x0000000085100000, 0x0000000085200000, 0x0000000085200000|100%| O|  |TAMS 0x0000000085200000, 0x0000000085100000| Untracked 
|  82|0x0000000085200000, 0x0000000085300000, 0x0000000085300000|100%| O|  |TAMS 0x0000000085300000, 0x0000000085200000| Untracked 
|  83|0x0000000085300000, 0x0000000085400000, 0x0000000085400000|100%| O|  |TAMS 0x0000000085400000, 0x0000000085300000| Untracked 
|  84|0x0000000085400000, 0x0000000085500000, 0x0000000085500000|100%| O|  |TAMS 0x0000000085500000, 0x0000000085400000| Untracked 
|  85|0x0000000085500000, 0x0000000085600000, 0x0000000085600000|100%| O|  |TAMS 0x0000000085600000, 0x0000000085500000| Untracked 
|  86|0x0000000085600000, 0x0000000085700000, 0x0000000085700000|100%| O|  |TAMS 0x0000000085700000, 0x0000000085600000| Untracked 
|  87|0x0000000085700000, 0x0000000085700000, 0x0000000085800000|  0%| F|  |TAMS 0x0000000085700000, 0x0000000085700000| Untracked 
|  88|0x0000000085800000, 0x0000000085900000, 0x0000000085900000|100%| O|  |TAMS 0x0000000085900000, 0x0000000085800000| Untracked 
|  89|0x0000000085900000, 0x0000000085a00000, 0x0000000085a00000|100%| O|  |TAMS 0x0000000085a00000, 0x0000000085900000| Untracked 
|  90|0x0000000085a00000, 0x0000000085b00000, 0x0000000085b00000|100%| O|  |TAMS 0x0000000085b00000, 0x0000000085a00000| Untracked 
|  91|0x0000000085b00000, 0x0000000085c00000, 0x0000000085c00000|100%| O|  |TAMS 0x0000000085c00000, 0x0000000085b00000| Untracked 
|  92|0x0000000085c00000, 0x0000000085d00000, 0x0000000085d00000|100%| O|  |TAMS 0x0000000085d00000, 0x0000000085c00000| Untracked 
|  93|0x0000000085d00000, 0x0000000085e00000, 0x0000000085e00000|100%| O|  |TAMS 0x0000000085e00000, 0x0000000085d00000| Untracked 
|  94|0x0000000085e00000, 0x0000000085f00000, 0x0000000085f00000|100%| O|  |TAMS 0x0000000085f00000, 0x0000000085e00000| Untracked 
|  95|0x0000000085f00000, 0x0000000086000000, 0x0000000086000000|100%| O|  |TAMS 0x0000000086000000, 0x0000000085f00000| Untracked 
|  96|0x0000000086000000, 0x0000000086100000, 0x0000000086100000|100%| O|  |TAMS 0x0000000086100000, 0x0000000086000000| Untracked 
|  97|0x0000000086100000, 0x0000000086200000, 0x0000000086200000|100%| O|  |TAMS 0x0000000086200000, 0x0000000086100000| Untracked 
|  98|0x0000000086200000, 0x0000000086300000, 0x0000000086300000|100%| O|  |TAMS 0x0000000086300000, 0x0000000086200000| Untracked 
|  99|0x0000000086300000, 0x0000000086400000, 0x0000000086400000|100%| O|  |TAMS 0x0000000086400000, 0x0000000086300000| Untracked 
| 100|0x0000000086400000, 0x0000000086500000, 0x0000000086500000|100%| O|  |TAMS 0x0000000086500000, 0x0000000086400000| Untracked 
| 101|0x0000000086500000, 0x0000000086600000, 0x0000000086600000|100%| O|  |TAMS 0x0000000086600000, 0x0000000086500000| Untracked 
| 102|0x0000000086600000, 0x0000000086600000, 0x0000000086700000|  0%| F|  |TAMS 0x0000000086600000, 0x0000000086600000| Untracked 
| 103|0x0000000086700000, 0x0000000086800000, 0x0000000086800000|100%| O|  |TAMS 0x0000000086800000, 0x0000000086700000| Untracked 
| 104|0x0000000086800000, 0x0000000086900000, 0x0000000086900000|100%| O|  |TAMS 0x0000000086900000, 0x0000000086800000| Untracked 
| 105|0x0000000086900000, 0x0000000086a00000, 0x0000000086a00000|100%| O|  |TAMS 0x0000000086a00000, 0x0000000086900000| Untracked 
| 106|0x0000000086a00000, 0x0000000086b00000, 0x0000000086b00000|100%| O|  |TAMS 0x0000000086b00000, 0x0000000086a00000| Untracked 
| 107|0x0000000086b00000, 0x0000000086c00000, 0x0000000086c00000|100%| O|  |TAMS 0x0000000086c00000, 0x0000000086b00000| Untracked 
| 108|0x0000000086c00000, 0x0000000086c00000, 0x0000000086d00000|  0%| F|  |TAMS 0x0000000086c00000, 0x0000000086c00000| Untracked 
| 109|0x0000000086d00000, 0x0000000086d00000, 0x0000000086e00000|  0%| F|  |TAMS 0x0000000086d00000, 0x0000000086d00000| Untracked 
| 110|0x0000000086e00000, 0x0000000086f00000, 0x0000000086f00000|100%| O|  |TAMS 0x0000000086e00000, 0x0000000086e00000| Untracked 
| 111|0x0000000086f00000, 0x0000000086f00000, 0x0000000087000000|  0%| F|  |TAMS 0x0000000086f00000, 0x0000000086f00000| Untracked 
| 112|0x0000000087000000, 0x0000000087100000, 0x0000000087100000|100%| O|  |TAMS 0x0000000087100000, 0x0000000087000000| Untracked 
| 113|0x0000000087100000, 0x0000000087200000, 0x0000000087200000|100%| O|  |TAMS 0x0000000087200000, 0x0000000087100000| Untracked 
| 114|0x0000000087200000, 0x0000000087300000, 0x0000000087300000|100%| O|  |TAMS 0x0000000087300000, 0x0000000087200000| Untracked 
| 115|0x0000000087300000, 0x0000000087400000, 0x0000000087400000|100%| O|  |TAMS 0x0000000087400000, 0x0000000087300000| Untracked 
| 116|0x0000000087400000, 0x0000000087500000, 0x0000000087500000|100%| O|  |TAMS 0x0000000087500000, 0x0000000087400000| Untracked 
| 117|0x0000000087500000, 0x0000000087600000, 0x0000000087600000|100%| O|  |TAMS 0x0000000087600000, 0x0000000087500000| Untracked 
| 118|0x0000000087600000, 0x000000008762ce00, 0x0000000087700000| 17%| O|  |TAMS 0x0000000087600000, 0x0000000087600000| Untracked 
| 119|0x0000000087700000, 0x0000000087800000, 0x0000000087800000|100%| O|  |TAMS 0x0000000087800000, 0x0000000087700000| Untracked 
| 120|0x0000000087800000, 0x0000000087900000, 0x0000000087900000|100%| O|  |TAMS 0x0000000087900000, 0x0000000087800000| Untracked 
| 121|0x0000000087900000, 0x0000000087a00000, 0x0000000087a00000|100%| O|  |TAMS 0x0000000087a00000, 0x0000000087900000| Untracked 
| 122|0x0000000087a00000, 0x0000000087b00000, 0x0000000087b00000|100%| O|  |TAMS 0x0000000087b00000, 0x0000000087a00000| Untracked 
| 123|0x0000000087b00000, 0x0000000087c00000, 0x0000000087c00000|100%| O|  |TAMS 0x0000000087c00000, 0x0000000087b00000| Untracked 
| 124|0x0000000087c00000, 0x0000000087c00000, 0x0000000087d00000|  0%| F|  |TAMS 0x0000000087c00000, 0x0000000087c00000| Untracked 
| 125|0x0000000087d00000, 0x0000000087d00000, 0x0000000087e00000|  0%| F|  |TAMS 0x0000000087d00000, 0x0000000087d00000| Untracked 
| 126|0x0000000087e00000, 0x0000000087f00000, 0x0000000087f00000|100%| O|  |TAMS 0x0000000087f00000, 0x0000000087e00000| Untracked 
| 127|0x0000000087f00000, 0x0000000088000000, 0x0000000088000000|100%| O|  |TAMS 0x0000000088000000, 0x0000000087f00000| Untracked 
| 128|0x0000000088000000, 0x0000000088100000, 0x0000000088100000|100%| O|  |TAMS 0x0000000088100000, 0x0000000088000000| Untracked 
| 129|0x0000000088100000, 0x0000000088100000, 0x0000000088200000|  0%| F|  |TAMS 0x0000000088100000, 0x0000000088100000| Untracked 
| 130|0x0000000088200000, 0x0000000088200000, 0x0000000088300000|  0%| F|  |TAMS 0x0000000088200000, 0x0000000088200000| Untracked 
| 131|0x0000000088300000, 0x0000000088300000, 0x0000000088400000|  0%| F|  |TAMS 0x0000000088300000, 0x0000000088300000| Untracked 
| 132|0x0000000088400000, 0x0000000088400000, 0x0000000088500000|  0%| F|  |TAMS 0x0000000088400000, 0x0000000088400000| Untracked 
| 133|0x0000000088500000, 0x0000000088500000, 0x0000000088600000|  0%| F|  |TAMS 0x0000000088500000, 0x0000000088500000| Untracked 
| 134|0x0000000088600000, 0x0000000088600000, 0x0000000088700000|  0%| F|  |TAMS 0x0000000088600000, 0x0000000088600000| Untracked 
| 135|0x0000000088700000, 0x0000000088700000, 0x0000000088800000|  0%| F|  |TAMS 0x0000000088700000, 0x0000000088700000| Untracked 
| 136|0x0000000088800000, 0x0000000088800000, 0x0000000088900000|  0%| F|  |TAMS 0x0000000088800000, 0x0000000088800000| Untracked 
| 137|0x0000000088900000, 0x0000000088900000, 0x0000000088a00000|  0%| F|  |TAMS 0x0000000088900000, 0x0000000088900000| Untracked 
| 138|0x0000000088a00000, 0x0000000088a00000, 0x0000000088b00000|  0%| F|  |TAMS 0x0000000088a00000, 0x0000000088a00000| Untracked 
| 139|0x0000000088b00000, 0x0000000088b00000, 0x0000000088c00000|  0%| F|  |TAMS 0x0000000088b00000, 0x0000000088b00000| Untracked 
| 140|0x0000000088c00000, 0x0000000088c00000, 0x0000000088d00000|  0%| F|  |TAMS 0x0000000088c00000, 0x0000000088c00000| Untracked 
| 141|0x0000000088d00000, 0x0000000088d00000, 0x0000000088e00000|  0%| F|  |TAMS 0x0000000088d00000, 0x0000000088d00000| Untracked 
| 142|0x0000000088e00000, 0x0000000088e00000, 0x0000000088f00000|  0%| F|  |TAMS 0x0000000088e00000, 0x0000000088e00000| Untracked 
| 143|0x0000000088f00000, 0x0000000088f00000, 0x0000000089000000|  0%| F|  |TAMS 0x0000000088f00000, 0x0000000088f00000| Untracked 
| 144|0x0000000089000000, 0x0000000089000000, 0x0000000089100000|  0%| F|  |TAMS 0x0000000089000000, 0x0000000089000000| Untracked 
| 145|0x0000000089100000, 0x0000000089100000, 0x0000000089200000|  0%| F|  |TAMS 0x0000000089100000, 0x0000000089100000| Untracked 
| 146|0x0000000089200000, 0x0000000089200000, 0x0000000089300000|  0%| F|  |TAMS 0x0000000089200000, 0x0000000089200000| Untracked 
| 147|0x0000000089300000, 0x0000000089300000, 0x0000000089400000|  0%| F|  |TAMS 0x0000000089300000, 0x0000000089300000| Untracked 
| 148|0x0000000089400000, 0x0000000089400000, 0x0000000089500000|  0%| F|  |TAMS 0x0000000089400000, 0x0000000089400000| Untracked 
| 149|0x0000000089500000, 0x0000000089500000, 0x0000000089600000|  0%| F|  |TAMS 0x0000000089500000, 0x0000000089500000| Untracked 
| 150|0x0000000089600000, 0x0000000089600000, 0x0000000089700000|  0%| F|  |TAMS 0x0000000089600000, 0x0000000089600000| Untracked 
| 151|0x0000000089700000, 0x0000000089700000, 0x0000000089800000|  0%| F|  |TAMS 0x0000000089700000, 0x0000000089700000| Untracked 
| 152|0x0000000089800000, 0x0000000089800000, 0x0000000089900000|  0%| F|  |TAMS 0x0000000089800000, 0x0000000089800000| Untracked 
| 153|0x0000000089900000, 0x0000000089900000, 0x0000000089a00000|  0%| F|  |TAMS 0x0000000089900000, 0x0000000089900000| Untracked 
| 154|0x0000000089a00000, 0x0000000089a00000, 0x0000000089b00000|  0%| F|  |TAMS 0x0000000089a00000, 0x0000000089a00000| Untracked 
| 155|0x0000000089b00000, 0x0000000089b00000, 0x0000000089c00000|  0%| F|  |TAMS 0x0000000089b00000, 0x0000000089b00000| Untracked 
| 156|0x0000000089c00000, 0x0000000089c00000, 0x0000000089d00000|  0%| F|  |TAMS 0x0000000089c00000, 0x0000000089c00000| Untracked 
| 157|0x0000000089d00000, 0x0000000089d00000, 0x0000000089e00000|  0%| F|  |TAMS 0x0000000089d00000, 0x0000000089d00000| Untracked 
| 158|0x0000000089e00000, 0x0000000089e00000, 0x0000000089f00000|  0%| F|  |TAMS 0x0000000089e00000, 0x0000000089e00000| Untracked 
| 159|0x0000000089f00000, 0x0000000089f00000, 0x000000008a000000|  0%| F|  |TAMS 0x0000000089f00000, 0x0000000089f00000| Untracked 
| 160|0x000000008a000000, 0x000000008a000000, 0x000000008a100000|  0%| F|  |TAMS 0x000000008a000000, 0x000000008a000000| Untracked 
| 161|0x000000008a100000, 0x000000008a100000, 0x000000008a200000|  0%| F|  |TAMS 0x000000008a100000, 0x000000008a100000| Untracked 
| 162|0x000000008a200000, 0x000000008a200000, 0x000000008a300000|  0%| F|  |TAMS 0x000000008a200000, 0x000000008a200000| Untracked 
| 163|0x000000008a300000, 0x000000008a300000, 0x000000008a400000|  0%| F|  |TAMS 0x000000008a300000, 0x000000008a300000| Untracked 
| 164|0x000000008a400000, 0x000000008a400000, 0x000000008a500000|  0%| F|  |TAMS 0x000000008a400000, 0x000000008a400000| Untracked 
| 165|0x000000008a500000, 0x000000008a500000, 0x000000008a600000|  0%| F|  |TAMS 0x000000008a500000, 0x000000008a500000| Untracked 
| 166|0x000000008a600000, 0x000000008a67edc0, 0x000000008a700000| 49%| S|CS|TAMS 0x000000008a600000, 0x000000008a600000| Complete 
| 167|0x000000008a700000, 0x000000008a800000, 0x000000008a800000|100%| S|CS|TAMS 0x000000008a700000, 0x000000008a700000| Complete 
| 168|0x000000008a800000, 0x000000008a800000, 0x000000008a900000|  0%| F|  |TAMS 0x000000008a800000, 0x000000008a800000| Untracked 
| 169|0x000000008a900000, 0x000000008a900000, 0x000000008aa00000|  0%| F|  |TAMS 0x000000008a900000, 0x000000008a900000| Untracked 
| 170|0x000000008aa00000, 0x000000008aa00000, 0x000000008ab00000|  0%| F|  |TAMS 0x000000008aa00000, 0x000000008aa00000| Untracked 
| 171|0x000000008ab00000, 0x000000008ac00000, 0x000000008ac00000|100%| S|CS|TAMS 0x000000008ab00000, 0x000000008ab00000| Complete 
| 172|0x000000008ac00000, 0x000000008ad00000, 0x000000008ad00000|100%| S|CS|TAMS 0x000000008ac00000, 0x000000008ac00000| Complete 
| 173|0x000000008ad00000, 0x000000008ad00000, 0x000000008ae00000|  0%| F|  |TAMS 0x000000008ad00000, 0x000000008ad00000| Untracked 
| 174|0x000000008ae00000, 0x000000008ae00000, 0x000000008af00000|  0%| F|  |TAMS 0x000000008ae00000, 0x000000008ae00000| Untracked 
| 175|0x000000008af00000, 0x000000008af00000, 0x000000008b000000|  0%| F|  |TAMS 0x000000008af00000, 0x000000008af00000| Untracked 
| 176|0x000000008b000000, 0x000000008b000000, 0x000000008b100000|  0%| F|  |TAMS 0x000000008b000000, 0x000000008b000000| Untracked 
| 177|0x000000008b100000, 0x000000008b100000, 0x000000008b200000|  0%| F|  |TAMS 0x000000008b100000, 0x000000008b100000| Untracked 
| 178|0x000000008b200000, 0x000000008b200000, 0x000000008b300000|  0%| F|  |TAMS 0x000000008b200000, 0x000000008b200000| Untracked 
| 179|0x000000008b300000, 0x000000008b300000, 0x000000008b400000|  0%| F|  |TAMS 0x000000008b300000, 0x000000008b300000| Untracked 
| 180|0x000000008b400000, 0x000000008b400000, 0x000000008b500000|  0%| F|  |TAMS 0x000000008b400000, 0x000000008b400000| Untracked 
| 181|0x000000008b500000, 0x000000008b500000, 0x000000008b600000|  0%| F|  |TAMS 0x000000008b500000, 0x000000008b500000| Untracked 
| 182|0x000000008b600000, 0x000000008b600000, 0x000000008b700000|  0%| F|  |TAMS 0x000000008b600000, 0x000000008b600000| Untracked 
| 183|0x000000008b700000, 0x000000008b700000, 0x000000008b800000|  0%| F|  |TAMS 0x000000008b700000, 0x000000008b700000| Untracked 
| 184|0x000000008b800000, 0x000000008b800000, 0x000000008b900000|  0%| F|  |TAMS 0x000000008b800000, 0x000000008b800000| Untracked 
| 185|0x000000008b900000, 0x000000008b900000, 0x000000008ba00000|  0%| F|  |TAMS 0x000000008b900000, 0x000000008b900000| Untracked 
| 186|0x000000008ba00000, 0x000000008ba00000, 0x000000008bb00000|  0%| F|  |TAMS 0x000000008ba00000, 0x000000008ba00000| Untracked 
| 187|0x000000008bb00000, 0x000000008bb00000, 0x000000008bc00000|  0%| F|  |TAMS 0x000000008bb00000, 0x000000008bb00000| Untracked 
| 188|0x000000008bc00000, 0x000000008bc00000, 0x000000008bd00000|  0%| F|  |TAMS 0x000000008bc00000, 0x000000008bc00000| Untracked 
| 189|0x000000008bd00000, 0x000000008bd00000, 0x000000008be00000|  0%| F|  |TAMS 0x000000008bd00000, 0x000000008bd00000| Untracked 
| 190|0x000000008be00000, 0x000000008be00000, 0x000000008bf00000|  0%| F|  |TAMS 0x000000008be00000, 0x000000008be00000| Untracked 
| 191|0x000000008bf00000, 0x000000008bf00000, 0x000000008c000000|  0%| F|  |TAMS 0x000000008bf00000, 0x000000008bf00000| Untracked 
| 192|0x000000008c000000, 0x000000008c000000, 0x000000008c100000|  0%| F|  |TAMS 0x000000008c000000, 0x000000008c000000| Untracked 
| 193|0x000000008c100000, 0x000000008c100000, 0x000000008c200000|  0%| F|  |TAMS 0x000000008c100000, 0x000000008c100000| Untracked 
| 194|0x000000008c200000, 0x000000008c200000, 0x000000008c300000|  0%| F|  |TAMS 0x000000008c200000, 0x000000008c200000| Untracked 
| 195|0x000000008c300000, 0x000000008c300000, 0x000000008c400000|  0%| F|  |TAMS 0x000000008c300000, 0x000000008c300000| Untracked 
| 196|0x000000008c400000, 0x000000008c400000, 0x000000008c500000|  0%| F|  |TAMS 0x000000008c400000, 0x000000008c400000| Untracked 
| 197|0x000000008c500000, 0x000000008c500000, 0x000000008c600000|  0%| F|  |TAMS 0x000000008c500000, 0x000000008c500000| Untracked 
| 198|0x000000008c600000, 0x000000008c600000, 0x000000008c700000|  0%| F|  |TAMS 0x000000008c600000, 0x000000008c600000| Untracked 
| 199|0x000000008c700000, 0x000000008c700000, 0x000000008c800000|  0%| F|  |TAMS 0x000000008c700000, 0x000000008c700000| Untracked 
| 200|0x000000008c800000, 0x000000008c800000, 0x000000008c900000|  0%| F|  |TAMS 0x000000008c800000, 0x000000008c800000| Untracked 
| 201|0x000000008c900000, 0x000000008c900000, 0x000000008ca00000|  0%| F|  |TAMS 0x000000008c900000, 0x000000008c900000| Untracked 
| 202|0x000000008ca00000, 0x000000008ca00000, 0x000000008cb00000|  0%| F|  |TAMS 0x000000008ca00000, 0x000000008ca00000| Untracked 
| 203|0x000000008cb00000, 0x000000008cb00000, 0x000000008cc00000|  0%| F|  |TAMS 0x000000008cb00000, 0x000000008cb00000| Untracked 
| 204|0x000000008cc00000, 0x000000008cc00000, 0x000000008cd00000|  0%| F|  |TAMS 0x000000008cc00000, 0x000000008cc00000| Untracked 
| 205|0x000000008cd00000, 0x000000008cd00000, 0x000000008ce00000|  0%| F|  |TAMS 0x000000008cd00000, 0x000000008cd00000| Untracked 
| 206|0x000000008ce00000, 0x000000008ce00000, 0x000000008cf00000|  0%| F|  |TAMS 0x000000008ce00000, 0x000000008ce00000| Untracked 
| 207|0x000000008cf00000, 0x000000008cf00000, 0x000000008d000000|  0%| F|  |TAMS 0x000000008cf00000, 0x000000008cf00000| Untracked 
| 208|0x000000008d000000, 0x000000008d000000, 0x000000008d100000|  0%| F|  |TAMS 0x000000008d000000, 0x000000008d000000| Untracked 
| 209|0x000000008d100000, 0x000000008d100000, 0x000000008d200000|  0%| F|  |TAMS 0x000000008d100000, 0x000000008d100000| Untracked 
| 210|0x000000008d200000, 0x000000008d200000, 0x000000008d300000|  0%| F|  |TAMS 0x000000008d200000, 0x000000008d200000| Untracked 
| 211|0x000000008d300000, 0x000000008d300000, 0x000000008d400000|  0%| F|  |TAMS 0x000000008d300000, 0x000000008d300000| Untracked 
| 212|0x000000008d400000, 0x000000008d400000, 0x000000008d500000|  0%| F|  |TAMS 0x000000008d400000, 0x000000008d400000| Untracked 
| 213|0x000000008d500000, 0x000000008d500000, 0x000000008d600000|  0%| F|  |TAMS 0x000000008d500000, 0x000000008d500000| Untracked 
| 214|0x000000008d600000, 0x000000008d600000, 0x000000008d700000|  0%| F|  |TAMS 0x000000008d600000, 0x000000008d600000| Untracked 
| 215|0x000000008d700000, 0x000000008d700000, 0x000000008d800000|  0%| F|  |TAMS 0x000000008d700000, 0x000000008d700000| Untracked 
| 216|0x000000008d800000, 0x000000008d800000, 0x000000008d900000|  0%| F|  |TAMS 0x000000008d800000, 0x000000008d800000| Untracked 
| 217|0x000000008d900000, 0x000000008d900000, 0x000000008da00000|  0%| F|  |TAMS 0x000000008d900000, 0x000000008d900000| Untracked 
| 218|0x000000008da00000, 0x000000008da00000, 0x000000008db00000|  0%| F|  |TAMS 0x000000008da00000, 0x000000008da00000| Untracked 
| 219|0x000000008db00000, 0x000000008db00000, 0x000000008dc00000|  0%| F|  |TAMS 0x000000008db00000, 0x000000008db00000| Untracked 
| 220|0x000000008dc00000, 0x000000008dc00000, 0x000000008dd00000|  0%| F|  |TAMS 0x000000008dc00000, 0x000000008dc00000| Untracked 
| 221|0x000000008dd00000, 0x000000008dd00000, 0x000000008de00000|  0%| F|  |TAMS 0x000000008dd00000, 0x000000008dd00000| Untracked 
| 222|0x000000008de00000, 0x000000008de00000, 0x000000008df00000|  0%| F|  |TAMS 0x000000008de00000, 0x000000008de00000| Untracked 
| 223|0x000000008df00000, 0x000000008df00000, 0x000000008e000000|  0%| F|  |TAMS 0x000000008df00000, 0x000000008df00000| Untracked 
| 224|0x000000008e000000, 0x000000008e000000, 0x000000008e100000|  0%| F|  |TAMS 0x000000008e000000, 0x000000008e000000| Untracked 
| 225|0x000000008e100000, 0x000000008e100000, 0x000000008e200000|  0%| F|  |TAMS 0x000000008e100000, 0x000000008e100000| Untracked 
| 226|0x000000008e200000, 0x000000008e200000, 0x000000008e300000|  0%| F|  |TAMS 0x000000008e200000, 0x000000008e200000| Untracked 
| 227|0x000000008e300000, 0x000000008e300000, 0x000000008e400000|  0%| F|  |TAMS 0x000000008e300000, 0x000000008e300000| Untracked 
| 228|0x000000008e400000, 0x000000008e400000, 0x000000008e500000|  0%| F|  |TAMS 0x000000008e400000, 0x000000008e400000| Untracked 
| 229|0x000000008e500000, 0x000000008e500000, 0x000000008e600000|  0%| F|  |TAMS 0x000000008e500000, 0x000000008e500000| Untracked 
| 230|0x000000008e600000, 0x000000008e600000, 0x000000008e700000|  0%| F|  |TAMS 0x000000008e600000, 0x000000008e600000| Untracked 
| 231|0x000000008e700000, 0x000000008e700000, 0x000000008e800000|  0%| F|  |TAMS 0x000000008e700000, 0x000000008e700000| Untracked 
| 232|0x000000008e800000, 0x000000008e800000, 0x000000008e900000|  0%| F|  |TAMS 0x000000008e800000, 0x000000008e800000| Untracked 
| 233|0x000000008e900000, 0x000000008e900000, 0x000000008ea00000|  0%| F|  |TAMS 0x000000008e900000, 0x000000008e900000| Untracked 
| 234|0x000000008ea00000, 0x000000008eac0030, 0x000000008eb00000| 75%| E|  |TAMS 0x000000008ea00000, 0x000000008ea00000| Complete 
| 235|0x000000008eb00000, 0x000000008ec00000, 0x000000008ec00000|100%| E|  |TAMS 0x000000008eb00000, 0x000000008eb00000| Complete 
| 236|0x000000008ec00000, 0x000000008ed00000, 0x000000008ed00000|100%| E|CS|TAMS 0x000000008ec00000, 0x000000008ec00000| Complete 
| 237|0x000000008ed00000, 0x000000008ee00000, 0x000000008ee00000|100%| E|CS|TAMS 0x000000008ed00000, 0x000000008ed00000| Complete 
| 238|0x000000008ee00000, 0x000000008ef00000, 0x000000008ef00000|100%| E|CS|TAMS 0x000000008ee00000, 0x000000008ee00000| Complete 
| 239|0x000000008ef00000, 0x000000008f000000, 0x000000008f000000|100%| E|CS|TAMS 0x000000008ef00000, 0x000000008ef00000| Complete 
| 240|0x000000008f000000, 0x000000008f100000, 0x000000008f100000|100%| E|CS|TAMS 0x000000008f000000, 0x000000008f000000| Complete 
| 241|0x000000008f100000, 0x000000008f200000, 0x000000008f200000|100%| E|CS|TAMS 0x000000008f100000, 0x000000008f100000| Complete 
| 242|0x000000008f200000, 0x000000008f300000, 0x000000008f300000|100%| E|CS|TAMS 0x000000008f200000, 0x000000008f200000| Complete 
| 243|0x000000008f300000, 0x000000008f400000, 0x000000008f400000|100%| E|CS|TAMS 0x000000008f300000, 0x000000008f300000| Complete 
| 244|0x000000008f400000, 0x000000008f500000, 0x000000008f500000|100%| E|CS|TAMS 0x000000008f400000, 0x000000008f400000| Complete 
| 245|0x000000008f500000, 0x000000008f600000, 0x000000008f600000|100%| E|CS|TAMS 0x000000008f500000, 0x000000008f500000| Complete 
| 246|0x000000008f600000, 0x000000008f700000, 0x000000008f700000|100%| E|CS|TAMS 0x000000008f600000, 0x000000008f600000| Complete 
| 247|0x000000008f700000, 0x000000008f800000, 0x000000008f800000|100%| E|CS|TAMS 0x000000008f700000, 0x000000008f700000| Complete 
| 248|0x000000008f800000, 0x000000008f900000, 0x000000008f900000|100%| E|CS|TAMS 0x000000008f800000, 0x000000008f800000| Complete 
| 249|0x000000008f900000, 0x000000008fa00000, 0x000000008fa00000|100%| E|CS|TAMS 0x000000008f900000, 0x000000008f900000| Complete 
| 250|0x000000008fa00000, 0x000000008fb00000, 0x000000008fb00000|100%| E|CS|TAMS 0x000000008fa00000, 0x000000008fa00000| Complete 
| 251|0x000000008fb00000, 0x000000008fc00000, 0x000000008fc00000|100%| E|CS|TAMS 0x000000008fb00000, 0x000000008fb00000| Complete 
| 252|0x000000008fc00000, 0x000000008fd00000, 0x000000008fd00000|100%| E|CS|TAMS 0x000000008fc00000, 0x000000008fc00000| Complete 
| 253|0x000000008fd00000, 0x000000008fe00000, 0x000000008fe00000|100%| E|CS|TAMS 0x000000008fd00000, 0x000000008fd00000| Complete 
| 254|0x000000008fe00000, 0x000000008ff00000, 0x000000008ff00000|100%| E|CS|TAMS 0x000000008fe00000, 0x000000008fe00000| Complete 
| 255|0x000000008ff00000, 0x0000000090000000, 0x0000000090000000|100%| E|CS|TAMS 0x000000008ff00000, 0x000000008ff00000| Complete 
| 256|0x0000000090000000, 0x0000000090100000, 0x0000000090100000|100%| E|CS|TAMS 0x0000000090000000, 0x0000000090000000| Complete 
| 257|0x0000000090100000, 0x0000000090200000, 0x0000000090200000|100%| E|CS|TAMS 0x0000000090100000, 0x0000000090100000| Complete 
| 258|0x0000000090200000, 0x0000000090300000, 0x0000000090300000|100%| E|CS|TAMS 0x0000000090200000, 0x0000000090200000| Complete 
| 259|0x0000000090300000, 0x0000000090400000, 0x0000000090400000|100%| E|CS|TAMS 0x0000000090300000, 0x0000000090300000| Complete 
| 260|0x0000000090400000, 0x0000000090500000, 0x0000000090500000|100%| E|CS|TAMS 0x0000000090400000, 0x0000000090400000| Complete 
| 261|0x0000000090500000, 0x0000000090600000, 0x0000000090600000|100%| E|CS|TAMS 0x0000000090500000, 0x0000000090500000| Complete 
| 262|0x0000000090600000, 0x0000000090700000, 0x0000000090700000|100%| E|CS|TAMS 0x0000000090600000, 0x0000000090600000| Complete 
| 263|0x0000000090700000, 0x0000000090800000, 0x0000000090800000|100%| E|CS|TAMS 0x0000000090700000, 0x0000000090700000| Complete 
| 264|0x0000000090800000, 0x0000000090900000, 0x0000000090900000|100%| E|CS|TAMS 0x0000000090800000, 0x0000000090800000| Complete 
| 265|0x0000000090900000, 0x0000000090a00000, 0x0000000090a00000|100%| E|CS|TAMS 0x0000000090900000, 0x0000000090900000| Complete 
| 266|0x0000000090a00000, 0x0000000090b00000, 0x0000000090b00000|100%| E|CS|TAMS 0x0000000090a00000, 0x0000000090a00000| Complete 

Card table byte_map: [0x000001ddf5080000,0x000001ddf5480000] _byte_map_base: 0x000001ddf4c80000

Marking Bits (Prev, Next): (CMBitMap*) 0x000001ddef3af2f0, (CMBitMap*) 0x000001ddef3af2b8
 Prev Bits: [0x000001ddf7880000, 0x000001ddf9880000)
 Next Bits: [0x000001ddf5880000, 0x000001ddf7880000)

Polling page: 0x000001ddef1e0000

Metaspace:

Usage:
  Non-class:     93.38 MB capacity,    91.80 MB ( 98%) used,     1.26 MB (  1%) free+waste,   328.06 KB ( <1%) overhead. 
      Class:     14.41 MB capacity,    13.39 MB ( 93%) used,   898.16 KB (  6%) free+waste,   141.50 KB ( <1%) overhead. 
       Both:    107.78 MB capacity,   105.19 MB ( 98%) used,     2.14 MB (  2%) free+waste,   469.56 KB ( <1%) overhead. 

Virtual space:
  Non-class space:       94.00 MB reserved,      93.62 MB (>99%) committed 
      Class space:        1.00 GB reserved,      14.45 MB (  1%) committed 
             Both:        1.09 GB reserved,     108.07 MB ( 10%) committed 

Chunk freelists:
   Non-Class:  58.00 KB
       Class:  0 bytes
        Both:  58.00 KB

MaxMetaspaceSize: 17179869184.00 GB
CompressedClassSpaceSize: 1.00 GB

CodeHeap 'non-profiled nmethods': size=120064Kb used=7795Kb max_used=7795Kb free=112268Kb
 bounds [0x000001dd87ac0000, 0x000001dd88260000, 0x000001dd8f000000]
CodeHeap 'profiled nmethods': size=120000Kb used=37129Kb max_used=37129Kb free=82870Kb
 bounds [0x000001dd80590000, 0x000001dd829e0000, 0x000001dd87ac0000]
CodeHeap 'non-nmethods': size=5696Kb used=2333Kb max_used=2382Kb free=3362Kb
 bounds [0x000001dd80000000, 0x000001dd80270000, 0x000001dd80590000]
 total_blobs=16833 nmethods=15894 adapters=846
 compilation: enabled
              stopped_count=0, restarted_count=0
 full_count=0

Compilation events (20 events):
Event: 52.038 Thread 0x000001ddfbea5000 16498       1       com.android.tools.r8.code.T::u (3 bytes)
Event: 52.039 Thread 0x000001ddfbea5000 nmethod 16498 0x000001dd8824f890 code [0x000001dd8824fa40, 0x000001dd8824faf8]
Event: 52.039 Thread 0x000001ddfbea5000 16499       2       com.android.tools.r8.code.J1::a (94 bytes)
Event: 52.040 Thread 0x000001ddfbea5000 nmethod 16499 0x000001dd829cc910 code [0x000001dd829ccb00, 0x000001dd829cce48]
Event: 52.040 Thread 0x000001ddfbea5000 16500       2       com.android.tools.r8.internal.Xi$a::b (29 bytes)
Event: 52.040 Thread 0x000001ddfbea5000 nmethod 16500 0x000001dd829cd190 code [0x000001dd829cd340, 0x000001dd829cd438]
Event: 52.056 Thread 0x000001ddfbea5000 16501       2       com.android.tools.r8.internal.f9::d (25 bytes)
Event: 52.056 Thread 0x000001ddfbea5000 nmethod 16501 0x000001dd829cd510 code [0x000001dd829cd6e0, 0x000001dd829cd868]
Event: 52.058 Thread 0x000001ddfbea5000 16502       2       com.android.tools.r8.dex.m::a (63 bytes)
Event: 52.058 Thread 0x000001ddfbea5000 nmethod 16502 0x000001dd829cd990 code [0x000001dd829cdb80, 0x000001dd829cddb8]
Event: 52.059 Thread 0x000001dd919a2800 nmethod 16160 0x000001dd8824fb90 code [0x000001dd8824fd40, 0x000001dd882508f8]
Event: 52.059 Thread 0x000001dd919a2800 16152       4       com.android.tools.r8.internal.Mv::a (44 bytes)
Event: 52.069 Thread 0x000001ddfbea5000 16503       2       com.android.tools.r8.internal.Gw::a (52 bytes)
Event: 52.070 Thread 0x000001ddfbea5000 nmethod 16503 0x000001dd829cdf10 code [0x000001dd829ce100, 0x000001dd829ce2f8]
Event: 52.074 Thread 0x000001dd919a2800 nmethod 16152 0x000001dd88250c90 code [0x000001dd88250ec0, 0x000001dd882514d8]
Event: 52.074 Thread 0x000001dd919a2800 16158       4       com.android.tools.r8.internal.oh$e::hasNext (13 bytes)
Event: 52.075 Thread 0x000001dd919a2800 nmethod 16158 0x000001dd88251a10 code [0x000001dd88251ba0, 0x000001dd88251c18]
Event: 52.075 Thread 0x000001dd919a2800 16480       4       com.android.tools.r8.internal.ve::b (16 bytes)
Event: 52.076 Thread 0x000001dd919a2800 nmethod 16480 0x000001dd88251c90 code [0x000001dd88251e60, 0x000001dd88251fb8]
Event: 52.076 Thread 0x000001dd919a2800 16191       4       com.android.tools.r8.internal.m4::a (91 bytes)

GC Heap History (20 events):
Event: 43.476 GC heap before
{Heap before GC invocations=38 (full 0):
 garbage-first heap   total 227328K, used 179103K [0x0000000080000000, 0x0000000100000000)
  region size 1024K, 52 young (53248K), 4 survivors (4096K)
 Metaspace       used 106166K, capacity 108718K, committed 109000K, reserved 1144832K
  class space    used 13585K, capacity 14595K, committed 14668K, reserved 1048576K
}
Event: 43.489 GC heap after
{Heap after GC invocations=39 (full 0):
 garbage-first heap   total 227328K, used 130916K [0x0000000080000000, 0x0000000100000000)
  region size 1024K, 5 young (5120K), 5 survivors (5120K)
 Metaspace       used 106166K, capacity 108718K, committed 109000K, reserved 1144832K
  class space    used 13585K, capacity 14595K, committed 14668K, reserved 1048576K
}
Event: 44.298 GC heap before
{Heap before GC invocations=40 (full 0):
 garbage-first heap   total 227328K, used 182116K [0x0000000080000000, 0x0000000100000000)
  region size 1024K, 54 young (55296K), 5 survivors (5120K)
 Metaspace       used 106988K, capacity 109593K, committed 109896K, reserved 1144832K
  class space    used 13655K, capacity 14683K, committed 14796K, reserved 1048576K
}
Event: 44.321 GC heap after
{Heap after GC invocations=41 (full 0):
 garbage-first heap   total 227328K, used 132928K [0x0000000080000000, 0x0000000100000000)
  region size 1024K, 3 young (3072K), 3 survivors (3072K)
 Metaspace       used 106988K, capacity 109593K, committed 109896K, reserved 1144832K
  class space    used 13655K, capacity 14683K, committed 14796K, reserved 1048576K
}
Event: 44.412 GC heap before
{Heap before GC invocations=41 (full 0):
 garbage-first heap   total 227328K, used 141120K [0x0000000080000000, 0x0000000100000000)
  region size 1024K, 11 young (11264K), 3 survivors (3072K)
 Metaspace       used 107003K, capacity 109593K, committed 109896K, reserved 1144832K
  class space    used 13655K, capacity 14683K, committed 14796K, reserved 1048576K
}
Event: 44.432 GC heap after
{Heap after GC invocations=42 (full 0):
 garbage-first heap   total 273408K, used 132962K [0x0000000080000000, 0x0000000100000000)
  region size 1024K, 2 young (2048K), 2 survivors (2048K)
 Metaspace       used 107003K, capacity 109593K, committed 109896K, reserved 1144832K
  class space    used 13655K, capacity 14683K, committed 14796K, reserved 1048576K
}
Event: 45.177 GC heap before
{Heap before GC invocations=42 (full 0):
 garbage-first heap   total 273408K, used 205666K [0x0000000080000000, 0x0000000100000000)
  region size 1024K, 73 young (74752K), 2 survivors (2048K)
 Metaspace       used 107195K, capacity 109739K, committed 109896K, reserved 1144832K
  class space    used 13662K, capacity 14686K, committed 14796K, reserved 1048576K
}
Event: 45.192 GC heap after
{Heap after GC invocations=43 (full 0):
 garbage-first heap   total 273408K, used 131037K [0x0000000080000000, 0x0000000100000000)
  region size 1024K, 2 young (2048K), 2 survivors (2048K)
 Metaspace       used 107195K, capacity 109739K, committed 109896K, reserved 1144832K
  class space    used 13662K, capacity 14686K, committed 14796K, reserved 1048576K
}
Event: 46.445 GC heap before
{Heap before GC invocations=44 (full 0):
 garbage-first heap   total 273408K, used 207532K [0x0000000080000000, 0x0000000100000000)
  region size 1024K, 78 young (79872K), 2 survivors (2048K)
 Metaspace       used 107211K, capacity 109718K, committed 110152K, reserved 1144832K
  class space    used 13645K, capacity 14653K, committed 14796K, reserved 1048576K
}
Event: 46.452 GC heap after
{Heap after GC invocations=45 (full 0):
 garbage-first heap   total 273408K, used 129721K [0x0000000080000000, 0x0000000100000000)
  region size 1024K, 2 young (2048K), 2 survivors (2048K)
 Metaspace       used 107211K, capacity 109718K, committed 110152K, reserved 1144832K
  class space    used 13645K, capacity 14653K, committed 14796K, reserved 1048576K
}
Event: 46.650 GC heap before
{Heap before GC invocations=45 (full 0):
 garbage-first heap   total 273408K, used 140985K [0x0000000080000000, 0x0000000100000000)
  region size 1024K, 13 young (13312K), 2 survivors (2048K)
 Metaspace       used 107220K, capacity 109721K, committed 110152K, reserved 1144832K
  class space    used 13647K, capacity 14654K, committed 14796K, reserved 1048576K
}
Event: 46.656 GC heap after
{Heap after GC invocations=46 (full 0):
 garbage-first heap   total 273408K, used 125185K [0x0000000080000000, 0x0000000100000000)
  region size 1024K, 2 young (2048K), 2 survivors (2048K)
 Metaspace       used 107220K, capacity 109721K, committed 110152K, reserved 1144832K
  class space    used 13647K, capacity 14654K, committed 14796K, reserved 1048576K
}
Event: 47.393 GC heap before
{Heap before GC invocations=46 (full 0):
 garbage-first heap   total 273408K, used 211201K [0x0000000080000000, 0x0000000100000000)
  region size 1024K, 86 young (88064K), 2 survivors (2048K)
 Metaspace       used 107267K, capacity 109795K, committed 110152K, reserved 1144832K
  class space    used 13652K, capacity 14657K, committed 14796K, reserved 1048576K
}
Event: 47.400 GC heap after
{Heap after GC invocations=47 (full 0):
 garbage-first heap   total 273408K, used 126354K [0x0000000080000000, 0x0000000100000000)
  region size 1024K, 3 young (3072K), 3 survivors (3072K)
 Metaspace       used 107267K, capacity 109795K, committed 110152K, reserved 1144832K
  class space    used 13652K, capacity 14657K, committed 14796K, reserved 1048576K
}
Event: 48.416 GC heap before
{Heap before GC invocations=47 (full 0):
 garbage-first heap   total 273408K, used 215442K [0x0000000080000000, 0x0000000100000000)
  region size 1024K, 90 young (92160K), 3 survivors (3072K)
 Metaspace       used 107331K, capacity 109860K, committed 110152K, reserved 1144832K
  class space    used 13664K, capacity 14699K, committed 14796K, reserved 1048576K
}
Event: 48.424 GC heap after
{Heap after GC invocations=48 (full 0):
 garbage-first heap   total 273408K, used 126131K [0x0000000080000000, 0x0000000100000000)
  region size 1024K, 2 young (2048K), 2 survivors (2048K)
 Metaspace       used 107331K, capacity 109860K, committed 110152K, reserved 1144832K
  class space    used 13664K, capacity 14699K, committed 14796K, reserved 1048576K
}
Event: 49.463 GC heap before
{Heap before GC invocations=48 (full 0):
 garbage-first heap   total 273408K, used 222387K [0x0000000080000000, 0x0000000100000000)
  region size 1024K, 96 young (98304K), 2 survivors (2048K)
 Metaspace       used 107350K, capacity 109935K, committed 110152K, reserved 1144832K
  class space    used 13666K, capacity 14703K, committed 14796K, reserved 1048576K
}
Event: 49.473 GC heap after
{Heap after GC invocations=49 (full 0):
 garbage-first heap   total 273408K, used 127062K [0x0000000080000000, 0x0000000100000000)
  region size 1024K, 3 young (3072K), 3 survivors (3072K)
 Metaspace       used 107350K, capacity 109935K, committed 110152K, reserved 1144832K
  class space    used 13666K, capacity 14703K, committed 14796K, reserved 1048576K
}
Event: 50.590 GC heap before
{Heap before GC invocations=49 (full 0):
 garbage-first heap   total 273408K, used 223318K [0x0000000080000000, 0x0000000100000000)
  region size 1024K, 97 young (99328K), 3 survivors (3072K)
 Metaspace       used 107455K, capacity 110033K, committed 110152K, reserved 1144832K
  class space    used 13697K, capacity 14735K, committed 14796K, reserved 1048576K
}
Event: 50.599 GC heap after
{Heap after GC invocations=50 (full 0):
 garbage-first heap   total 273408K, used 127662K [0x0000000080000000, 0x0000000100000000)
  region size 1024K, 4 young (4096K), 4 survivors (4096K)
 Metaspace       used 107455K, capacity 110033K, committed 110152K, reserved 1144832K
  class space    used 13697K, capacity 14735K, committed 14796K, reserved 1048576K
}

Deoptimization events (20 events):
Event: 50.746 Thread 0x000001ddfd846000 DEOPT PACKING pc=0x000001dd88138d54 sp=0x0000004fe51fcfb0
Event: 50.746 Thread 0x000001ddfd846000 DEOPT UNPACKING pc=0x000001dd800278af sp=0x0000004fe51fcf38 mode 2
Event: 50.874 Thread 0x000001ddfd846000 DEOPT PACKING pc=0x000001dd82980948 sp=0x0000004fe51fd0d0
Event: 50.874 Thread 0x000001ddfd846000 DEOPT UNPACKING pc=0x000001dd800276ce sp=0x0000004fe51fc610 mode 0
Event: 51.097 Thread 0x000001ddfd846000 Uncommon trap: trap_request=0xffffff7e fr.pc=0x000001dd881850c8 relative=0x0000000000000088
Event: 51.099 Thread 0x000001ddfd846000 Uncommon trap: reason=predicate action=maybe_recompile pc=0x000001dd881850c8 method=java.util.TimSort.binarySort([Ljava/lang/Object;IIILjava/util/Comparator;)V @ 34 c2
Event: 51.099 Thread 0x000001ddfd846000 DEOPT PACKING pc=0x000001dd881850c8 sp=0x0000004fe51fd310
Event: 51.099 Thread 0x000001ddfd846000 DEOPT UNPACKING pc=0x000001dd800278af sp=0x0000004fe51fd2d0 mode 2
Event: 51.384 Thread 0x000001ddfd84b800 DEOPT PACKING pc=0x000001dd8297f062 sp=0x0000004fe50fd120
Event: 51.384 Thread 0x000001ddfd84b800 DEOPT UNPACKING pc=0x000001dd800276ce sp=0x0000004fe50fc5d0 mode 0
Event: 51.612 Thread 0x000001ddfd84b800 DEOPT PACKING pc=0x000001dd823632b8 sp=0x0000004fe50fd4f0
Event: 51.612 Thread 0x000001ddfd84b800 DEOPT UNPACKING pc=0x000001dd800276ce sp=0x0000004fe50fca00 mode 0
Event: 51.638 Thread 0x000001ddfd84b800 Uncommon trap: trap_request=0xffffff4d fr.pc=0x000001dd8820ef7c relative=0x000000000000057c
Event: 51.638 Thread 0x000001ddfd84b800 Uncommon trap: reason=unstable_if action=reinterpret pc=0x000001dd8820ef7c method=com.android.tools.r8.internal.i8.a(Ljava/util/Iterator;Ljava/util/Iterator;Lcom/android/tools/r8/internal/EE$a;)I @ 5 c2
Event: 51.638 Thread 0x000001ddfd84b800 DEOPT PACKING pc=0x000001dd8820ef7c sp=0x0000004fe50fc700
Event: 51.638 Thread 0x000001ddfd84b800 DEOPT UNPACKING pc=0x000001dd800278af sp=0x0000004fe50fc6a8 mode 2
Event: 51.876 Thread 0x000001ddfd84b800 Uncommon trap: trap_request=0xffffff4d fr.pc=0x000001dd8823ead4 relative=0x0000000000000314
Event: 51.876 Thread 0x000001ddfd84b800 Uncommon trap: reason=unstable_if action=reinterpret pc=0x000001dd8823ead4 method=com.android.tools.r8.graph.c0.a(Lcom/android/tools/r8/graph/c0;)I @ 83 c2
Event: 51.877 Thread 0x000001ddfd84b800 DEOPT PACKING pc=0x000001dd8823ead4 sp=0x0000004fe50fc970
Event: 51.877 Thread 0x000001ddfd84b800 DEOPT UNPACKING pc=0x000001dd800278af sp=0x0000004fe50fc8f8 mode 2

Classes redefined (0 events):
No events

Internal exceptions (20 events):
Event: 51.814 Thread 0x000001ddfd84b800 Exception <a 'sun/nio/fs/WindowsException'{0x000000008f3f47b8}> (0x000000008f3f47b8) thrown at [./src/hotspot/share/prims/jni.cpp, line 615]
Event: 51.814 Thread 0x000001ddfd84b800 Exception <a 'sun/nio/fs/WindowsException'{0x000000008f3f5290}> (0x000000008f3f5290) thrown at [./src/hotspot/share/prims/jni.cpp, line 615]
Event: 51.814 Thread 0x000001ddfd84b800 Exception <a 'sun/nio/fs/WindowsException'{0x000000008f3f5468}> (0x000000008f3f5468) thrown at [./src/hotspot/share/prims/jni.cpp, line 615]
Event: 51.814 Thread 0x000001ddfd84b800 Exception <a 'sun/nio/fs/WindowsException'{0x000000008f3f6758}> (0x000000008f3f6758) thrown at [./src/hotspot/share/prims/jni.cpp, line 615]
Event: 51.824 Thread 0x000001ddfd846000 Exception <a 'sun/nio/fs/WindowsException'{0x000000008f25b980}> (0x000000008f25b980) thrown at [./src/hotspot/share/prims/jni.cpp, line 615]
Event: 51.865 Thread 0x000001ddfd846000 Exception <a 'sun/nio/fs/WindowsException'{0x000000008f262fb8}> (0x000000008f262fb8) thrown at [./src/hotspot/share/prims/jni.cpp, line 615]
Event: 51.879 Thread 0x000001ddfd84b800 Exception <a 'sun/nio/fs/WindowsException'{0x000000008f1c4160}> (0x000000008f1c4160) thrown at [./src/hotspot/share/prims/jni.cpp, line 615]
Event: 51.908 Thread 0x000001ddfd846000 Exception <a 'sun/nio/fs/WindowsException'{0x000000008f26d718}> (0x000000008f26d718) thrown at [./src/hotspot/share/prims/jni.cpp, line 615]
Event: 51.957 Thread 0x000001ddfd846000 Exception <a 'sun/nio/fs/WindowsException'{0x000000008f278068}> (0x000000008f278068) thrown at [./src/hotspot/share/prims/jni.cpp, line 615]
Event: 51.966 Thread 0x000001ddfd84b800 Exception <a 'sun/nio/fs/WindowsException'{0x000000008f1ceba0}> (0x000000008f1ceba0) thrown at [./src/hotspot/share/prims/jni.cpp, line 615]
Event: 51.967 Thread 0x000001ddfd84b800 Exception <a 'sun/nio/fs/WindowsException'{0x000000008f1cf698}> (0x000000008f1cf698) thrown at [./src/hotspot/share/prims/jni.cpp, line 615]
Event: 51.967 Thread 0x000001ddfd84b800 Exception <a 'sun/nio/fs/WindowsException'{0x000000008f1cf888}> (0x000000008f1cf888) thrown at [./src/hotspot/share/prims/jni.cpp, line 615]
Event: 51.969 Thread 0x000001ddfd84b800 Exception <a 'sun/nio/fs/WindowsException'{0x000000008f1d0ba0}> (0x000000008f1d0ba0) thrown at [./src/hotspot/share/prims/jni.cpp, line 615]
Event: 52.016 Thread 0x000001ddfd846000 Exception <a 'sun/nio/fs/WindowsException'{0x000000008f0ce7b0}> (0x000000008f0ce7b0) thrown at [./src/hotspot/share/prims/jni.cpp, line 615]
Event: 52.016 Thread 0x000001ddfd846000 Exception <a 'sun/nio/fs/WindowsException'{0x000000008f0cf288}> (0x000000008f0cf288) thrown at [./src/hotspot/share/prims/jni.cpp, line 615]
Event: 52.016 Thread 0x000001ddfd846000 Exception <a 'sun/nio/fs/WindowsException'{0x000000008f0cf460}> (0x000000008f0cf460) thrown at [./src/hotspot/share/prims/jni.cpp, line 615]
Event: 52.017 Thread 0x000001ddfd846000 Exception <a 'sun/nio/fs/WindowsException'{0x000000008f0d0750}> (0x000000008f0d0750) thrown at [./src/hotspot/share/prims/jni.cpp, line 615]
Event: 52.041 Thread 0x000001ddfd84b800 Exception <a 'sun/nio/fs/WindowsException'{0x000000008f1e3120}> (0x000000008f1e3120) thrown at [./src/hotspot/share/prims/jni.cpp, line 615]
Event: 52.045 Thread 0x000001ddfd846000 Exception <a 'sun/nio/fs/WindowsException'{0x000000008f0db688}> (0x000000008f0db688) thrown at [./src/hotspot/share/prims/jni.cpp, line 615]
Event: 52.071 Thread 0x000001ddfd846000 Exception <a 'sun/nio/fs/WindowsException'{0x000000008f0e21d0}> (0x000000008f0e21d0) thrown at [./src/hotspot/share/prims/jni.cpp, line 615]

Events (20 events):
Event: 51.805 loading class com/android/tools/r8/graph/J
Event: 51.805 loading class com/android/tools/r8/graph/J done
Event: 51.807 loading class com/android/tools/r8/graph/J
Event: 51.807 loading class com/android/tools/r8/graph/J done
Event: 51.807 loading class com/android/tools/r8/graph/J
Event: 51.807 loading class com/android/tools/r8/graph/J done
Event: 51.808 loading class com/android/tools/r8/internal/EE
Event: 51.808 loading class com/android/tools/r8/internal/EE done
Event: 51.808 loading class com/android/tools/r8/internal/EE
Event: 51.808 loading class com/android/tools/r8/internal/EE done
Event: 51.809 loading class com/android/tools/r8/internal/EE$a
Event: 51.809 loading class com/android/tools/r8/internal/EE$a done
Event: 51.809 loading class com/android/tools/r8/internal/EE
Event: 51.809 loading class com/android/tools/r8/internal/EE done
Event: 51.809 loading class com/android/tools/r8/internal/EE$b
Event: 51.809 loading class com/android/tools/r8/internal/EE$b done
Event: 51.810 loading class com/android/tools/r8/graph/J
Event: 51.810 loading class com/android/tools/r8/graph/J done
Event: 51.810 loading class com/android/tools/r8/graph/J
Event: 51.810 loading class com/android/tools/r8/graph/J done


Dynamic libraries:
0x00007ff79e600000 - 0x00007ff79e60a000 	C:\Program Files\Android\Android Studio\jre\bin\java.exe
0x00007fffb70b0000 - 0x00007fffb72a5000 	C:\Windows\SYSTEM32\ntdll.dll
0x00007fffb5720000 - 0x00007fffb57de000 	C:\Windows\System32\KERNEL32.DLL
0x00007fffb4a00000 - 0x00007fffb4cc8000 	C:\Windows\System32\KERNELBASE.dll
0x00007fffb48d0000 - 0x00007fffb49d0000 	C:\Windows\System32\ucrtbase.dll
0x00007fff652d0000 - 0x00007fff652e7000 	C:\Program Files\Android\Android Studio\jre\bin\VCRUNTIME140.dll
0x00007fff652b0000 - 0x00007fff652c9000 	C:\Program Files\Android\Android Studio\jre\bin\jli.dll
0x00007fffb6b60000 - 0x00007fffb6d01000 	C:\Windows\System32\USER32.dll
0x00007fffb49d0000 - 0x00007fffb49f2000 	C:\Windows\System32\win32u.dll
0x00007fffb56e0000 - 0x00007fffb570b000 	C:\Windows\System32\GDI32.dll
0x00007fffb4fe0000 - 0x00007fffb50ed000 	C:\Windows\System32\gdi32full.dll
0x00007fffb4f40000 - 0x00007fffb4fdd000 	C:\Windows\System32\msvcp_win.dll
0x00007fff97f70000 - 0x00007fff9820a000 	C:\Windows\WinSxS\amd64_microsoft.windows.common-controls_6595b64144ccf1df_6.0.19041.1110_none_60b5254171f9507e\COMCTL32.dll
0x00007fffb6dd0000 - 0x00007fffb6e6e000 	C:\Windows\System32\msvcrt.dll
0x00007fffb7040000 - 0x00007fffb7070000 	C:\Windows\System32\IMM32.DLL
0x00007fff4b1e0000 - 0x00007fff4b27d000 	C:\Program Files\Android\Android Studio\jre\bin\msvcp140.dll
0x00007fff21050000 - 0x00007fff21b1f000 	C:\Program Files\Android\Android Studio\jre\bin\server\jvm.dll
0x00007fffb5ff0000 - 0x00007fffb609c000 	C:\Windows\System32\ADVAPI32.dll
0x00007fffb6240000 - 0x00007fffb62db000 	C:\Windows\System32\sechost.dll
0x00007fffb69d0000 - 0x00007fffb6afa000 	C:\Windows\System32\RPCRT4.dll
0x00007fffb6d10000 - 0x00007fffb6d18000 	C:\Windows\System32\PSAPI.DLL
0x00007fffaa140000 - 0x00007fffaa149000 	C:\Windows\SYSTEM32\WSOCK32.dll
0x00007fffb60a0000 - 0x00007fffb610b000 	C:\Windows\System32\WS2_32.dll
0x00007fffaaf50000 - 0x00007fffaaf5a000 	C:\Windows\SYSTEM32\VERSION.dll
0x00007fff97450000 - 0x00007fff97477000 	C:\Windows\SYSTEM32\WINMM.dll
0x00007fffb3000000 - 0x00007fffb3012000 	C:\Windows\SYSTEM32\kernel.appcore.dll
0x00007fff7aff0000 - 0x00007fff7b001000 	C:\Program Files\Android\Android Studio\jre\bin\verify.dll
0x00007fffafbf0000 - 0x00007fffafdd4000 	C:\Windows\SYSTEM32\DBGHELP.DLL
0x00007fffa3c30000 - 0x00007fffa3c5c000 	C:\Windows\SYSTEM32\dbgcore.DLL
0x00007fffb47c0000 - 0x00007fffb4842000 	C:\Windows\System32\bcryptPrimitives.dll
0x00007fff7afc0000 - 0x00007fff7afe9000 	C:\Program Files\Android\Android Studio\jre\bin\java.dll
0x00007fffa2d20000 - 0x00007fffa2d2b000 	C:\Program Files\Android\Android Studio\jre\bin\jimage.dll
0x00007fff7afa0000 - 0x00007fff7afb8000 	C:\Program Files\Android\Android Studio\jre\bin\zip.dll
0x00007fffb58a0000 - 0x00007fffb5fe4000 	C:\Windows\System32\SHELL32.dll
0x00007fffb22c0000 - 0x00007fffb2a54000 	C:\Windows\SYSTEM32\windows.storage.dll
0x00007fffb51d0000 - 0x00007fffb5525000 	C:\Windows\System32\combase.dll
0x00007fffb40c0000 - 0x00007fffb40ee000 	C:\Windows\SYSTEM32\Wldp.dll
0x00007fffb6ee0000 - 0x00007fffb6f8d000 	C:\Windows\System32\SHCORE.dll
0x00007fffb6e70000 - 0x00007fffb6ec5000 	C:\Windows\System32\shlwapi.dll
0x00007fffb4700000 - 0x00007fffb471f000 	C:\Windows\SYSTEM32\profapi.dll
0x00007fff7ae30000 - 0x00007fff7ae4a000 	C:\Program Files\Android\Android Studio\jre\bin\net.dll
0x00007fffa4530000 - 0x00007fffa463c000 	C:\Windows\SYSTEM32\WINHTTP.dll
0x00007fffb3e40000 - 0x00007fffb3eaa000 	C:\Windows\system32\mswsock.dll
0x00007fff7a500000 - 0x00007fff7a514000 	C:\Program Files\Android\Android Studio\jre\bin\nio.dll
0x00007fff652f0000 - 0x00007fff65317000 	C:\Users\bruno\.gradle\native\8bec1ad78214c89d9ad589b4d07fe93259594b29d510b10fafb7a158f7737e5d\windows-amd64\native-platform.dll
0x00007fff47860000 - 0x00007fff4799d000 	C:\Users\bruno\.gradle\native\53dbd7edfb1c66fb8903c78663c9afc45aea4f116125fa6feffd364cf09443e8\windows-amd64\native-platform-file-events.dll
0x00007fffa1620000 - 0x00007fffa162a000 	C:\Program Files\Android\Android Studio\jre\bin\management.dll
0x00007fff9fe60000 - 0x00007fff9fe6c000 	C:\Program Files\Android\Android Studio\jre\bin\management_ext.dll
0x00007fffb4420000 - 0x00007fffb4438000 	C:\Windows\SYSTEM32\CRYPTSP.dll
0x00007fffb37e0000 - 0x00007fffb3814000 	C:\Windows\system32\rsaenh.dll
0x00007fffb4850000 - 0x00007fffb4877000 	C:\Windows\System32\bcrypt.dll
0x00007fffb4680000 - 0x00007fffb46ae000 	C:\Windows\SYSTEM32\USERENV.dll
0x00007fffb4030000 - 0x00007fffb403c000 	C:\Windows\SYSTEM32\CRYPTBASE.dll
0x00007fffb3b50000 - 0x00007fffb3b8b000 	C:\Windows\SYSTEM32\IPHLPAPI.DLL
0x00007fffb6ed0000 - 0x00007fffb6ed8000 	C:\Windows\System32\NSI.dll
0x00007fffa9f20000 - 0x00007fffa9f37000 	C:\Windows\SYSTEM32\dhcpcsvc6.DLL
0x00007fffa9ea0000 - 0x00007fffa9ebd000 	C:\Windows\SYSTEM32\dhcpcsvc.DLL
0x00007fffb3b90000 - 0x00007fffb3c5b000 	C:\Windows\SYSTEM32\DNSAPI.dll

dbghelp: loaded successfully - version: 4.0.5 - missing functions: none
symbol engine: initialized successfully - sym options: 0x614 - pdb path: .;C:\Program Files\Android\Android Studio\jre\bin;C:\Windows\SYSTEM32;C:\Windows\WinSxS\amd64_microsoft.windows.common-controls_6595b64144ccf1df_6.0.19041.1110_none_60b5254171f9507e;C:\Program Files\Android\Android Studio\jre\bin\server;C:\Users\bruno\.gradle\native\8bec1ad78214c89d9ad589b4d07fe93259594b29d510b10fafb7a158f7737e5d\windows-amd64;C:\Users\bruno\.gradle\native\53dbd7edfb1c66fb8903c78663c9afc45aea4f116125fa6feffd364cf09443e8\windows-amd64

VM Arguments:
jvm_args: --add-opens=java.base/java.util=ALL-UNNAMED --add-opens=java.base/java.lang=ALL-UNNAMED --add-opens=java.base/java.lang.invoke=ALL-UNNAMED --add-opens=java.base/java.util=ALL-UNNAMED --add-opens=java.prefs/java.util.prefs=ALL-UNNAMED --add-opens=java.prefs/java.util.prefs=ALL-UNNAMED --add-opens=java.base/java.nio.charset=ALL-UNNAMED --add-opens=java.base/java.net=ALL-UNNAMED --add-opens=java.base/java.util.concurrent.atomic=ALL-UNNAMED -Xmx2048m -Dfile.encoding=UTF-8 -Duser.country=US -Duser.language=en -Duser.variant 
java_command: org.gradle.launcher.daemon.bootstrap.GradleDaemon 7.0.2
java_class_path (initial): C:\Users\bruno\.gradle\wrapper\dists\gradle-7.0.2-bin\857tjihv64xamwrf0h14cai3r\gradle-7.0.2\lib\gradle-launcher-7.0.2.jar
Launcher Type: SUN_STANDARD

[Global flags]
     intx CICompilerCount                          = 3                                         {product} {ergonomic}
     uint ConcGCThreads                            = 1                                         {product} {ergonomic}
     uint G1ConcRefinementThreads                  = 4                                         {product} {ergonomic}
   size_t G1HeapRegionSize                         = 1048576                                   {product} {ergonomic}
    uintx GCDrainStackTargetSize                   = 64                                        {product} {ergonomic}
   size_t InitialHeapSize                          = 134217728                                 {product} {ergonomic}
   size_t MarkStackSize                            = 4194304                                   {product} {ergonomic}
   size_t MaxHeapSize                              = 2147483648                                {product} {command line}
   size_t MaxNewSize                               = 1287651328                                {product} {ergonomic}
   size_t MinHeapDeltaBytes                        = 1048576                                   {product} {ergonomic}
    uintx NonNMethodCodeHeapSize                   = 5830732                                {pd product} {ergonomic}
    uintx NonProfiledCodeHeapSize                  = 122913754                              {pd product} {ergonomic}
    uintx ProfiledCodeHeapSize                     = 122913754                              {pd product} {ergonomic}
    uintx ReservedCodeCacheSize                    = 251658240                              {pd product} {ergonomic}
     bool SegmentedCodeCache                       = true                                      {product} {ergonomic}
     bool UseCompressedClassPointers               = true                                 {lp64_product} {ergonomic}
     bool UseCompressedOops                        = true                                 {lp64_product} {ergonomic}
     bool UseG1GC                                  = true                                      {product} {ergonomic}
     bool UseLargePagesIndividualAllocation        = false                                  {pd product} {ergonomic}

Logging:
Log output configuration:
 #0: stdout all=warning uptime,level,tags
 #1: stderr all=off uptime,level,tags

Environment Variables:
PATH=C:\Program Files\Common Files\Oracle\Java\javapath;C:\Program Files (x86)\Common Files\Oracle\Java\javapath;C:\Windows\system32;C:\Windows;C:\Windows\System32\Wbem;C:\Windows\System32\WindowsPowerShell\v1.0\;C:\Windows\System32\OpenSSH\;C:\Program Files\Microsoft VS Code\bin;C:\Users\bruno\AppData\Roaming\nvm;C:\Program Files\nodejs;C:\Program Files\Microsoft SQL Server\130\Tools\Binn\;C:\Program Files\Microsoft SQL Server\Client SDK\ODBC\170\Tools\Binn\;C:\Program Files (x86)\Intel\Intel(R) Management Engine Components\DAL;C:\Program Files\Intel\Intel(R) Management Engine Components\DAL;C:\Program Files\Git\cmd;C:\xampp\php;C:\ProgramData\ComposerSetup\bin;C:\Program Files\dotnet\;C:\Users\bruno\AppData\Local\Microsoft\WindowsApps;C:\Users\bruno\AppData\Roaming\npm;C:\Users\bruno\AppData\Roaming\nvm;C:\Program Files\nodejs;C:\Program Files\Java\jdk-17\bin;C:\Users\bruno\AppData\Local\hyper\app-3.0.2\resources\bin;C:\Program Files\MongoDB\Server\5.0\bin;C:\xampp\mysql\bin;C:\Users\bruno\AppData\Local\GitHubDesktop\bin;C:\Users\bruno\AppData\Local\Android\Sdk\emulator;C:\flutter\flutter\bin;C:\Program Files\JetBrains\IntelliJ IDEA 2021.2.2\bin;;C:\Program Files\JetBrains\CLion 2021.2.2\bin;;C:\Program Files\JetBrains\WebStorm 2021.2.2\bin;;C:\Program Files\heroku\bin;C:\Users\bruno\AppData\Roaming\Composer\vendor\bin;C:\Users\bruno\.dotnet\tools;C:\Program Files (x86)\ngrok;
USERNAME=bruno
OS=Windows_NT
PROCESSOR_IDENTIFIER=Intel64 Family 6 Model 78 Stepping 3, GenuineIntel



---------------  S Y S T E M  ---------------

OS: Windows 10 , 64 bit Build 19041 (10.0.19041.1348)
OS uptime: 3 days 20:48 hours
Hyper-V role detected

CPU:total 4 (initial active 4) (2 cores per cpu, 2 threads per core) family 6 model 78 stepping 3 microcode 0xea, cmov, cx8, fxsr, mmx, sse, sse2, sse3, ssse3, sse4.1, sse4.2, popcnt, avx, avx2, aes, clmul, erms, rtm, 3dnowpref, lzcnt, ht, tsc, tscinvbit, bmi1, bmi2, adx, fma

Memory: 4k page, system-wide physical 8071M (419M free)
TotalPageFile size 19776M (AvailPageFile size 5M)
current process WorkingSet (physical memory assigned to process): 460M, peak: 461M
current process commit charge ("private bytes"): 623M, peak: 626M

vm_info: OpenJDK 64-Bit Server VM (11.0.10+0-b96-7249189) for windows-amd64 JRE (11.0.10+0-b96-7249189), built on Mar 31 2021 21:44:00 by "builder" with MS VC++ 14.0 (VS2015)

END.
