#
# There is insufficient memory for the Java Runtime Environment to continue.
# Native memory allocation (malloc) failed to allocate 2482416 bytes for Chunk::new
# Possible reasons:
#   The system is out of physical RAM or swap space
#   The process is running with CompressedOops enabled, and the Java Heap may be blocking the growth of the native heap
# Possible solutions:
#   Reduce memory load on the system
#   Increase physical memory or swap space
#   Check if swap backing store is full
#   Decrease Java heap size (-Xmx/-Xms)
#   Decrease number of Java threads
#   Decrease Java thread stack sizes (-Xss)
#   Set larger code cache with -XX:ReservedCodeCacheSize=
#   JVM is running with Unscaled Compressed Oops mode in which the Java heap is
#     placed in the first 4GB address space. The Java Heap base address is the
#     maximum limit for the native heap growth. Please use -XX:HeapBaseMinAddress
#     to set the Java Heap base and to place the Java Heap above 4GB virtual address.
# This output file may be truncated or incomplete.
#
#  Out of Memory Error (./src/hotspot/share/memory/arena.cpp:197), pid=22388, tid=7004
#
# JRE version: OpenJDK Runtime Environment (11.0.10) (build 11.0.10+0-b96-7249189)
# Java VM: OpenJDK 64-Bit Server VM (11.0.10+0-b96-7249189, mixed mode, tiered, compressed oops, g1 gc, windows-amd64)
# No core dump will be written. Minidumps are not enabled by default on client versions of Windows
#

---------------  S U M M A R Y ------------

Command Line: --add-opens=java.base/java.util=ALL-UNNAMED --add-opens=java.base/java.lang=ALL-UNNAMED --add-opens=java.base/java.lang.invoke=ALL-UNNAMED --add-opens=java.base/java.util=ALL-UNNAMED --add-opens=java.prefs/java.util.prefs=ALL-UNNAMED --add-opens=java.prefs/java.util.prefs=ALL-UNNAMED --add-opens=java.base/java.nio.charset=ALL-UNNAMED --add-opens=java.base/java.net=ALL-UNNAMED --add-opens=java.base/java.util.concurrent.atomic=ALL-UNNAMED -Xmx2048m -Dfile.encoding=UTF-8 -Duser.country=US -Duser.language=en -Duser.variant org.gradle.launcher.daemon.bootstrap.GradleDaemon 7.0.2

Host: Intel(R) Core(TM) i7-6600U CPU @ 2.60GHz, 4 cores, 7G,  Windows 10 , 64 bit Build 19041 (10.0.19041.1348)
Time: Tue Dec 21 20:08:42 2021 E. Africa Standard Time elapsed time: 69.456634 seconds (0d 0h 1m 9s)

---------------  T H R E A D  ---------------

Current thread (0x000002857151f000):  JavaThread "C2 CompilerThread0" daemon [_thread_in_native, id=7004, stack(0x0000008e19400000,0x0000008e19500000)]


Current CompileTask:
C2:  69456 19649   !   4       java.io.ObjectOutputStream::writeObject0 (619 bytes)

Stack: [0x0000008e19400000,0x0000008e19500000]
Native frames: (J=compiled Java code, j=interpreted, Vv=VM code, C=native code)
V  [jvm.dll+0x5ecfaa]
V  [jvm.dll+0x722bd5]
V  [jvm.dll+0x72412d]
V  [jvm.dll+0x7247e3]
V  [jvm.dll+0x242928]
V  [jvm.dll+0xbc4fc]
V  [jvm.dll+0xbca0c]
V  [jvm.dll+0x352d3b]
V  [jvm.dll+0x320ad3]
V  [jvm.dll+0x31ffca]
V  [jvm.dll+0x1fb602]
V  [jvm.dll+0x1fa7f4]
V  [jvm.dll+0x18354c]
V  [jvm.dll+0x208ee7]
V  [jvm.dll+0x207731]
V  [jvm.dll+0x6eb1cf]
V  [jvm.dll+0x6e3d45]
V  [jvm.dll+0x5ebe96]
C  [ucrtbase.dll+0x21bb2]
C  [KERNEL32.DLL+0x17034]
C  [ntdll.dll+0x52651]


---------------  P R O C E S S  ---------------

Threads class SMR info:
_java_thread_list=0x000002857da7e4e0, length=59, elements={
0x0000028557931800, 0x00000285714ff800, 0x000002857150b000, 0x0000028571518800,
0x000002857151c000, 0x000002857151e000, 0x000002857151f000, 0x0000028571547800,
0x0000028571eb7000, 0x0000028571fd9800, 0x000002857349f800, 0x0000028573742800,
0x0000028573f0a800, 0x0000028573a17000, 0x0000028573c9a800, 0x0000028573c2e800,
0x0000028572b49000, 0x0000028572b4a000, 0x0000028574272800, 0x0000028574273800,
0x0000028574277800, 0x0000028574274800, 0x0000028574275000, 0x0000028574276000,
0x0000028574277000, 0x0000028574272000, 0x0000028574278800, 0x0000028576240000,
0x0000028576242000, 0x0000028576243000, 0x0000028576241800, 0x0000028576244800,
0x000002857624b000, 0x000002857624c000, 0x0000028576246800, 0x0000028576248000,
0x0000028576247000, 0x000002857624d800, 0x0000028576249000, 0x000002857624d000,
0x0000028576249800, 0x0000028579cec000, 0x0000028579ce9800, 0x0000028572abb800,
0x0000028572abf800, 0x0000028572abe000, 0x0000028572abd000, 0x0000028572abe800,
0x0000028572aba000, 0x0000028572aba800, 0x0000028572ac0800, 0x0000028572ac7000,
0x0000028572ac6000, 0x0000028572ac4800, 0x0000028572ac3000, 0x000002857eed1000,
0x000002857eed5800, 0x000002857eed2000, 0x000002857eed3800
}

Java Threads: ( => current thread )
  0x0000028557931800 JavaThread "main" [_thread_blocked, id=13980, stack(0x0000008e18800000,0x0000008e18900000)]
  0x00000285714ff800 JavaThread "Reference Handler" daemon [_thread_blocked, id=22096, stack(0x0000008e18f00000,0x0000008e19000000)]
  0x000002857150b000 JavaThread "Finalizer" daemon [_thread_blocked, id=20824, stack(0x0000008e19000000,0x0000008e19100000)]
  0x0000028571518800 JavaThread "Signal Dispatcher" daemon [_thread_blocked, id=17816, stack(0x0000008e19100000,0x0000008e19200000)]
  0x000002857151c000 JavaThread "Attach Listener" daemon [_thread_blocked, id=16772, stack(0x0000008e19200000,0x0000008e19300000)]
  0x000002857151e000 JavaThread "Service Thread" daemon [_thread_blocked, id=18556, stack(0x0000008e19300000,0x0000008e19400000)]
=>0x000002857151f000 JavaThread "C2 CompilerThread0" daemon [_thread_in_native, id=7004, stack(0x0000008e19400000,0x0000008e19500000)]
  0x0000028571547800 JavaThread "C1 CompilerThread0" daemon [_thread_blocked, id=6712, stack(0x0000008e19500000,0x0000008e19600000)]
  0x0000028571eb7000 JavaThread "Sweeper thread" daemon [_thread_blocked, id=14672, stack(0x0000008e19600000,0x0000008e19700000)]
  0x0000028571fd9800 JavaThread "Common-Cleaner" daemon [_thread_blocked, id=18768, stack(0x0000008e19700000,0x0000008e19800000)]
  0x000002857349f800 JavaThread "Daemon health stats" [_thread_blocked, id=6584, stack(0x0000008e19b00000,0x0000008e19c00000)]
  0x0000028573742800 JavaThread "Incoming local TCP Connector on port 56162" [_thread_in_native, id=21280, stack(0x0000008e19d00000,0x0000008e19e00000)]
  0x0000028573f0a800 JavaThread "Daemon periodic checks" [_thread_blocked, id=15544, stack(0x0000008e19e00000,0x0000008e19f00000)]
  0x0000028573a17000 JavaThread "Daemon" [_thread_blocked, id=14412, stack(0x0000008e19f00000,0x0000008e1a000000)]
  0x0000028573c9a800 JavaThread "Handler for socket connection from /127.0.0.1:56162 to /127.0.0.1:56163" [_thread_in_native, id=9272, stack(0x0000008e1a000000,0x0000008e1a100000)]
  0x0000028573c2e800 JavaThread "Cancel handler" [_thread_blocked, id=8120, stack(0x0000008e1a100000,0x0000008e1a200000)]
  0x0000028572b49000 JavaThread "Daemon worker" [_thread_in_native, id=5844, stack(0x0000008e1a200000,0x0000008e1a300000)]
  0x0000028572b4a000 JavaThread "Asynchronous log dispatcher for DefaultDaemonConnection: socket connection from /127.0.0.1:56162 to /127.0.0.1:56163" [_thread_blocked, id=19568, stack(0x0000008e1a300000,0x0000008e1a400000)]
  0x0000028574272800 JavaThread "Daemon client event forwarder" [_thread_blocked, id=6308, stack(0x0000008e1a500000,0x0000008e1a600000)]
  0x0000028574273800 JavaThread "Cache worker for file hash cache (C:\Users\bruno\.gradle\caches\7.0.2\fileHashes)" [_thread_blocked, id=21904, stack(0x0000008e1a600000,0x0000008e1a700000)]
  0x0000028574277800 JavaThread "File lock request listener" [_thread_in_native, id=17548, stack(0x0000008e1a700000,0x0000008e1a800000)]
  0x0000028574274800 JavaThread "Cache worker for journal cache (C:\Users\bruno\.gradle\caches\journal-1)" [_thread_blocked, id=6124, stack(0x0000008e1a800000,0x0000008e1a900000)]
  0x0000028574275000 JavaThread "Cache worker for file hash cache (C:\Users\bruno\Documents\DIT\2.2\ICT Project II\Project\Android\E-Progression\.gradle\7.0.2\fileHashes)" [_thread_blocked, id=21172, stack(0x0000008e1a900000,0x0000008e1aa00000)]
  0x0000028574276000 JavaThread "File watcher server" daemon [_thread_in_native, id=21644, stack(0x0000008e1aa00000,0x0000008e1ab00000)]
  0x0000028574277000 JavaThread "File watcher consumer" daemon [_thread_blocked, id=20588, stack(0x0000008e1ab00000,0x0000008e1ac00000)]
  0x0000028574272000 JavaThread "Cache worker for checksums cache (C:\Users\bruno\Documents\DIT\2.2\ICT Project II\Project\Android\E-Progression\.gradle\checksums)" [_thread_blocked, id=5484, stack(0x0000008e1ac00000,0x0000008e1ad00000)]
  0x0000028574278800 JavaThread "Cache worker for cache directory md-supplier (C:\Users\bruno\.gradle\caches\7.0.2\md-supplier)" [_thread_blocked, id=10248, stack(0x0000008e1ad00000,0x0000008e1ae00000)]
  0x0000028576240000 JavaThread "Cache worker for cache directory md-rule (C:\Users\bruno\.gradle\caches\7.0.2\md-rule)" [_thread_blocked, id=20704, stack(0x0000008e1ae00000,0x0000008e1af00000)]
  0x0000028576242000 JavaThread "Cache worker for execution history cache (C:\Users\bruno\.gradle\caches\7.0.2\executionHistory)" [_thread_blocked, id=13720, stack(0x0000008e1af00000,0x0000008e1b000000)]
  0x0000028576243000 JavaThread "jar transforms" [_thread_blocked, id=21628, stack(0x0000008e1b000000,0x0000008e1b100000)]
  0x0000028576241800 JavaThread "jar transforms Thread 2" [_thread_blocked, id=15756, stack(0x0000008e1b100000,0x0000008e1b200000)]
  0x0000028576244800 JavaThread "Cache worker for file content cache (C:\Users\bruno\.gradle\caches\7.0.2\fileContent)" [_thread_blocked, id=20632, stack(0x0000008e1b200000,0x0000008e1b300000)]
  0x000002857624b000 JavaThread "Cache worker for dependencies-accessors (C:\Users\bruno\Documents\DIT\2.2\ICT Project II\Project\Android\E-Progression\.gradle\7.0.2\dependencies-accessors)" [_thread_blocked, id=16904, stack(0x0000008e1b300000,0x0000008e1b400000)]
  0x000002857624c000 JavaThread "jar transforms Thread 3" [_thread_blocked, id=15648, stack(0x0000008e1b400000,0x0000008e1b500000)]
  0x0000028576246800 JavaThread "Cache worker for Build Output Cleanup Cache (C:\Users\bruno\Documents\DIT\2.2\ICT Project II\Project\Android\E-Progression\.gradle\buildOutputCleanup)" [_thread_blocked, id=16372, stack(0x0000008e1b500000,0x0000008e1b600000)]
  0x0000028576248000 JavaThread "Build operations" [_thread_blocked, id=3496, stack(0x0000008e1b600000,0x0000008e1b700000)]
  0x0000028576247000 JavaThread "Build operations Thread 2" [_thread_blocked, id=15696, stack(0x0000008e1b700000,0x0000008e1b800000)]
  0x000002857624d800 JavaThread "Build operations Thread 3" [_thread_blocked, id=19928, stack(0x0000008e1b800000,0x0000008e1b900000)]
  0x0000028576249000 JavaThread "Build operations Thread 4" [_thread_blocked, id=13144, stack(0x0000008e1b900000,0x0000008e1ba00000)]
  0x000002857624d000 JavaThread "jar transforms Thread 4" [_thread_blocked, id=12560, stack(0x0000008e1ba00000,0x0000008e1bb00000)]
  0x0000028576249800 JavaThread "Memory manager" [_thread_blocked, id=8348, stack(0x0000008e1bb00000,0x0000008e1bc00000)]
  0x0000028579cec000 JavaThread "pool-3-thread-1" [_thread_blocked, id=6968, stack(0x0000008e1bd00000,0x0000008e1be00000)]
  0x0000028579ce9800 JavaThread "Cache worker for execution history cache (C:\Users\bruno\Documents\DIT\2.2\ICT Project II\Project\Android\E-Progression\.gradle\7.0.2\executionHistory)" [_thread_blocked, id=15644, stack(0x0000008e1c200000,0x0000008e1c300000)]
  0x0000028572abb800 JavaThread "RMI Scheduler(0)" daemon [_thread_blocked, id=20372, stack(0x0000008e1c300000,0x0000008e1c400000)]
  0x0000028572abf800 JavaThread "RMI GC Daemon" daemon [_thread_blocked, id=21384, stack(0x0000008e1c500000,0x0000008e1c600000)]
  0x0000028572abe000 JavaThread "RMI TCP Accept-0" daemon [_thread_in_native, id=19940, stack(0x0000008e1c600000,0x0000008e1c700000)]
  0x0000028572abd000 JavaThread "RMI Reaper" [_thread_blocked, id=20484, stack(0x0000008e1c700000,0x0000008e1c800000)]
  0x0000028572abe800 JavaThread "RMI TCP Connection(idle)" daemon [_thread_blocked, id=22160, stack(0x0000008e1c800000,0x0000008e1c900000)]
  0x0000028572aba000 JavaThread "RMI TCP Connection(2)-127.0.0.1" daemon [_thread_in_native, id=21148, stack(0x0000008e1cb00000,0x0000008e1cc00000)]
  0x0000028572aba800 JavaThread "Cache worker for Java compile cache (C:\Users\bruno\.gradle\caches\7.0.2\javaCompile)" [_thread_blocked, id=21236, stack(0x0000008e1cc00000,0x0000008e1cd00000)]
  0x0000028572ac0800 JavaThread "Cache worker for Java compile cache (C:\Users\bruno\Documents\DIT\2.2\ICT Project II\Project\Android\E-Progression\.gradle\7.0.2\javaCompile)" [_thread_blocked, id=21484, stack(0x0000008e1cd00000,0x0000008e1ce00000)]
  0x0000028572ac7000 JavaThread "WorkerExecutor Queue Thread 2" [_thread_blocked, id=20572, stack(0x0000008e1ce00000,0x0000008e1cf00000)]
  0x0000028572ac6000 JavaThread "WorkerExecutor Queue Thread 3" [_thread_blocked, id=18892, stack(0x0000008e1cf00000,0x0000008e1d000000)]
  0x0000028572ac4800 JavaThread "WorkerExecutor Queue Thread 4" [_thread_blocked, id=21948, stack(0x0000008e1d000000,0x0000008e1d100000)]
  0x0000028572ac3000 JavaThread "WorkerExecutor Queue Thread 5" [_thread_blocked, id=14964, stack(0x0000008e18600000,0x0000008e18700000)]
  0x000002857eed1000 JavaThread "ForkJoinPool.commonPool-worker-3" daemon [_thread_blocked, id=19020, stack(0x0000008e1a400000,0x0000008e1a500000)]
  0x000002857eed5800 JavaThread "ForkJoinPool.commonPool-worker-5" daemon [_thread_blocked, id=14572, stack(0x0000008e1d100000,0x0000008e1d200000)]
  0x000002857eed2000 JavaThread "ForkJoinPool.commonPool-worker-7" daemon [_thread_blocked, id=12168, stack(0x0000008e1d200000,0x0000008e1d300000)]
  0x000002857eed3800 JavaThread "pool-2-thread-1" [_thread_in_vm, id=18520, stack(0x0000008e1bc00000,0x0000008e1bd00000)]

Other Threads:
  0x00000285714bc000 VMThread "VM Thread" [stack: 0x0000008e18e00000,0x0000008e18f00000] [id=13240]
  0x0000028571fe5000 WatcherThread [stack: 0x0000008e19800000,0x0000008e19900000] [id=18332]
  0x000002855580a000 GCTaskThread "GC Thread#0" [stack: 0x0000008e18900000,0x0000008e18a00000] [id=12484]
  0x0000028572816000 GCTaskThread "GC Thread#1" [stack: 0x0000008e19900000,0x0000008e19a00000] [id=16396]
  0x000002857285f000 GCTaskThread "GC Thread#2" [stack: 0x0000008e19a00000,0x0000008e19b00000] [id=22460]
  0x0000028573805800 GCTaskThread "GC Thread#3" [stack: 0x0000008e19c00000,0x0000008e19d00000] [id=256]
  0x0000028557976800 ConcurrentGCThread "G1 Main Marker" [stack: 0x0000008e18a00000,0x0000008e18b00000] [id=7584]
  0x0000028557978800 ConcurrentGCThread "G1 Conc#0" [stack: 0x0000008e18b00000,0x0000008e18c00000] [id=13324]
  0x0000028557a02800 ConcurrentGCThread "G1 Refine#0" [stack: 0x0000008e18c00000,0x0000008e18d00000] [id=4972]
  0x0000028557a03800 ConcurrentGCThread "G1 Young RemSet Sampling" [stack: 0x0000008e18d00000,0x0000008e18e00000] [id=8644]

Threads with active compile tasks:
C2 CompilerThread0  69518 19649   !   4       java.io.ObjectOutputStream::writeObject0 (619 bytes)

VM state:not at safepoint (normal execution)

VM Mutex/Monitor currently owned by a thread: None

Heap address: 0x0000000080000000, size: 2048 MB, Compressed Oops mode: 32-bit
Narrow klass base: 0x0000000000000000, Narrow klass shift: 3
Compressed class space size: 1073741824 Address: 0x0000000100000000

Heap:
 garbage-first heap   total 273408K, used 179300K [0x0000000080000000, 0x0000000100000000)
  region size 1024K, 22 young (22528K), 6 survivors (6144K)
 Metaspace       used 126047K, capacity 129223K, committed 129280K, reserved 1161216K
  class space    used 15864K, capacity 17100K, committed 17152K, reserved 1048576K
Heap Regions: E=young(eden), S=young(survivor), O=old, HS=humongous(starts), HC=humongous(continues), CS=collection set, F=free, A=archive, TAMS=top-at-mark-start (previous, next)
|   0|0x0000000080000000, 0x0000000080100000, 0x0000000080100000|100%| O|  |TAMS 0x0000000080100000, 0x0000000080000000| Untracked 
|   1|0x0000000080100000, 0x0000000080200000, 0x0000000080200000|100%| O|  |TAMS 0x0000000080200000, 0x0000000080100000| Untracked 
|   2|0x0000000080200000, 0x0000000080300000, 0x0000000080300000|100%| O|  |TAMS 0x0000000080300000, 0x0000000080200000| Complete 
|   3|0x0000000080300000, 0x0000000080400000, 0x0000000080400000|100%|HS|  |TAMS 0x0000000080400000, 0x0000000080300000| Complete 
|   4|0x0000000080400000, 0x0000000080500000, 0x0000000080500000|100%|HC|  |TAMS 0x0000000080500000, 0x0000000080400000| Complete 
|   5|0x0000000080500000, 0x0000000080600000, 0x0000000080600000|100%|HC|  |TAMS 0x0000000080600000, 0x0000000080500000| Complete 
|   6|0x0000000080600000, 0x0000000080700000, 0x0000000080700000|100%| O|  |TAMS 0x0000000080700000, 0x0000000080600000| Complete 
|   7|0x0000000080700000, 0x0000000080800000, 0x0000000080800000|100%| O|  |TAMS 0x0000000080800000, 0x0000000080700000| Untracked 
|   8|0x0000000080800000, 0x0000000080900000, 0x0000000080900000|100%| O|  |TAMS 0x0000000080900000, 0x0000000080800000| Untracked 
|   9|0x0000000080900000, 0x0000000080a00000, 0x0000000080a00000|100%| O|  |TAMS 0x0000000080a00000, 0x0000000080900000| Untracked 
|  10|0x0000000080a00000, 0x0000000080b00000, 0x0000000080b00000|100%| O|  |TAMS 0x0000000080b00000, 0x0000000080a00000| Untracked 
|  11|0x0000000080b00000, 0x0000000080c00000, 0x0000000080c00000|100%| O|  |TAMS 0x0000000080c00000, 0x0000000080b00000| Untracked 
|  12|0x0000000080c00000, 0x0000000080d00000, 0x0000000080d00000|100%| O|  |TAMS 0x0000000080d00000, 0x0000000080c00000| Complete 
|  13|0x0000000080d00000, 0x0000000080e00000, 0x0000000080e00000|100%| O|  |TAMS 0x0000000080e00000, 0x0000000080d00000| Untracked 
|  14|0x0000000080e00000, 0x0000000080f00000, 0x0000000080f00000|100%| O|  |TAMS 0x0000000080f00000, 0x0000000080e00000| Untracked 
|  15|0x0000000080f00000, 0x0000000081000000, 0x0000000081000000|100%| O|  |TAMS 0x0000000081000000, 0x0000000080f00000| Untracked 
|  16|0x0000000081000000, 0x0000000081100000, 0x0000000081100000|100%| O|  |TAMS 0x0000000081100000, 0x0000000081000000| Untracked 
|  17|0x0000000081100000, 0x0000000081200000, 0x0000000081200000|100%| O|  |TAMS 0x0000000081200000, 0x0000000081100000| Complete 
|  18|0x0000000081200000, 0x0000000081300000, 0x0000000081300000|100%| O|  |TAMS 0x0000000081300000, 0x0000000081200000| Complete 
|  19|0x0000000081300000, 0x0000000081400000, 0x0000000081400000|100%| O|  |TAMS 0x0000000081400000, 0x0000000081300000| Untracked 
|  20|0x0000000081400000, 0x0000000081500000, 0x0000000081500000|100%| O|  |TAMS 0x0000000081500000, 0x0000000081400000| Untracked 
|  21|0x0000000081500000, 0x0000000081600000, 0x0000000081600000|100%| O|  |TAMS 0x0000000081600000, 0x0000000081500000| Untracked 
|  22|0x0000000081600000, 0x0000000081700000, 0x0000000081700000|100%| O|  |TAMS 0x0000000081700000, 0x0000000081600000| Untracked 
|  23|0x0000000081700000, 0x0000000081800000, 0x0000000081800000|100%| O|  |TAMS 0x0000000081800000, 0x0000000081700000| Untracked 
|  24|0x0000000081800000, 0x0000000081900000, 0x0000000081900000|100%| O|  |TAMS 0x0000000081900000, 0x0000000081800000| Untracked 
|  25|0x0000000081900000, 0x0000000081a00000, 0x0000000081a00000|100%| O|  |TAMS 0x0000000081a00000, 0x0000000081900000| Complete 
|  26|0x0000000081a00000, 0x0000000081b00000, 0x0000000081b00000|100%|HS|  |TAMS 0x0000000081b00000, 0x0000000081a00000| Complete 
|  27|0x0000000081b00000, 0x0000000081c00000, 0x0000000081c00000|100%|HS|  |TAMS 0x0000000081c00000, 0x0000000081b00000| Complete 
|  28|0x0000000081c00000, 0x0000000081d00000, 0x0000000081d00000|100%|HS|  |TAMS 0x0000000081d00000, 0x0000000081c00000| Complete 
|  29|0x0000000081d00000, 0x0000000081e00000, 0x0000000081e00000|100%|HS|  |TAMS 0x0000000081e00000, 0x0000000081d00000| Complete 
|  30|0x0000000081e00000, 0x0000000081f00000, 0x0000000081f00000|100%|HC|  |TAMS 0x0000000081f00000, 0x0000000081e00000| Complete 
|  31|0x0000000081f00000, 0x0000000082000000, 0x0000000082000000|100%|HC|  |TAMS 0x0000000082000000, 0x0000000081f00000| Complete 
|  32|0x0000000082000000, 0x0000000082100000, 0x0000000082100000|100%|HS|  |TAMS 0x0000000082100000, 0x0000000082000000| Complete 
|  33|0x0000000082100000, 0x0000000082200000, 0x0000000082200000|100%|HC|  |TAMS 0x0000000082200000, 0x0000000082100000| Complete 
|  34|0x0000000082200000, 0x0000000082300000, 0x0000000082300000|100%| O|  |TAMS 0x0000000082300000, 0x0000000082200000| Untracked 
|  35|0x0000000082300000, 0x0000000082400000, 0x0000000082400000|100%| O|  |TAMS 0x0000000082400000, 0x0000000082300000| Untracked 
|  36|0x0000000082400000, 0x0000000082500000, 0x0000000082500000|100%|HS|  |TAMS 0x0000000082400000, 0x0000000082400000| Complete 
|  37|0x0000000082500000, 0x0000000082600000, 0x0000000082600000|100%|HC|  |TAMS 0x0000000082500000, 0x0000000082500000| Complete 
|  38|0x0000000082600000, 0x0000000082700000, 0x0000000082700000|100%| O|  |TAMS 0x0000000082700000, 0x0000000082600000| Complete 
|  39|0x0000000082700000, 0x0000000082800000, 0x0000000082800000|100%|HS|  |TAMS 0x0000000082700000, 0x0000000082700000| Complete 
|  40|0x0000000082800000, 0x0000000082900000, 0x0000000082900000|100%| O|  |TAMS 0x0000000082900000, 0x0000000082800000| Complete 
|  41|0x0000000082900000, 0x0000000082a00000, 0x0000000082a00000|100%| O|  |TAMS 0x0000000082a00000, 0x0000000082900000| Untracked 
|  42|0x0000000082a00000, 0x0000000082b00000, 0x0000000082b00000|100%| O|  |TAMS 0x0000000082b00000, 0x0000000082a00000| Untracked 
|  43|0x0000000082b00000, 0x0000000082c00000, 0x0000000082c00000|100%| O|  |TAMS 0x0000000082c00000, 0x0000000082b00000| Untracked 
|  44|0x0000000082c00000, 0x0000000082d00000, 0x0000000082d00000|100%| O|  |TAMS 0x0000000082d00000, 0x0000000082c00000| Complete 
|  45|0x0000000082d00000, 0x0000000082e00000, 0x0000000082e00000|100%| O|  |TAMS 0x0000000082e00000, 0x0000000082d00000| Untracked 
|  46|0x0000000082e00000, 0x0000000082f00000, 0x0000000082f00000|100%| O|  |TAMS 0x0000000082f00000, 0x0000000082e00000| Untracked 
|  47|0x0000000082f00000, 0x0000000083000000, 0x0000000083000000|100%| O|  |TAMS 0x0000000083000000, 0x0000000082f00000| Untracked 
|  48|0x0000000083000000, 0x0000000083100000, 0x0000000083100000|100%| O|  |TAMS 0x0000000083100000, 0x0000000083000000| Untracked 
|  49|0x0000000083100000, 0x0000000083200000, 0x0000000083200000|100%| O|  |TAMS 0x0000000083200000, 0x0000000083100000| Complete 
|  50|0x0000000083200000, 0x0000000083300000, 0x0000000083300000|100%| O|  |TAMS 0x0000000083300000, 0x0000000083200000| Untracked 
|  51|0x0000000083300000, 0x0000000083400000, 0x0000000083400000|100%| O|  |TAMS 0x0000000083400000, 0x0000000083300000| Untracked 
|  52|0x0000000083400000, 0x0000000083500000, 0x0000000083500000|100%| O|  |TAMS 0x0000000083500000, 0x0000000083400000| Untracked 
|  53|0x0000000083500000, 0x0000000083600000, 0x0000000083600000|100%| O|  |TAMS 0x0000000083600000, 0x0000000083500000| Untracked 
|  54|0x0000000083600000, 0x0000000083700000, 0x0000000083700000|100%| O|  |TAMS 0x0000000083700000, 0x0000000083600000| Complete 
|  55|0x0000000083700000, 0x0000000083800000, 0x0000000083800000|100%| O|  |TAMS 0x0000000083800000, 0x0000000083700000| Untracked 
|  56|0x0000000083800000, 0x0000000083900000, 0x0000000083900000|100%| O|  |TAMS 0x0000000083900000, 0x0000000083800000| Untracked 
|  57|0x0000000083900000, 0x0000000083a00000, 0x0000000083a00000|100%| O|  |TAMS 0x0000000083a00000, 0x0000000083900000| Untracked 
|  58|0x0000000083a00000, 0x0000000083b00000, 0x0000000083b00000|100%| O|  |TAMS 0x0000000083b00000, 0x0000000083a00000| Untracked 
|  59|0x0000000083b00000, 0x0000000083b00000, 0x0000000083c00000|  0%| F|  |TAMS 0x0000000083b00000, 0x0000000083b00000| Untracked 
|  60|0x0000000083c00000, 0x0000000083d00000, 0x0000000083d00000|100%| O|  |TAMS 0x0000000083d00000, 0x0000000083c00000| Untracked 
|  61|0x0000000083d00000, 0x0000000083e00000, 0x0000000083e00000|100%| O|  |TAMS 0x0000000083e00000, 0x0000000083d00000| Untracked 
|  62|0x0000000083e00000, 0x0000000083f00000, 0x0000000083f00000|100%| O|  |TAMS 0x0000000083f00000, 0x0000000083e00000| Untracked 
|  63|0x0000000083f00000, 0x0000000084000000, 0x0000000084000000|100%| O|  |TAMS 0x0000000084000000, 0x0000000083f00000| Untracked 
|  64|0x0000000084000000, 0x0000000084100000, 0x0000000084100000|100%| O|  |TAMS 0x0000000084100000, 0x0000000084000000| Untracked 
|  65|0x0000000084100000, 0x0000000084200000, 0x0000000084200000|100%| O|  |TAMS 0x0000000084200000, 0x0000000084100000| Complete 
|  66|0x0000000084200000, 0x0000000084300000, 0x0000000084300000|100%| O|  |TAMS 0x0000000084300000, 0x0000000084200000| Complete 
|  67|0x0000000084300000, 0x0000000084400000, 0x0000000084400000|100%| O|  |TAMS 0x0000000084400000, 0x0000000084300000| Untracked 
|  68|0x0000000084400000, 0x0000000084500000, 0x0000000084500000|100%| O|  |TAMS 0x0000000084500000, 0x0000000084400000| Untracked 
|  69|0x0000000084500000, 0x0000000084600000, 0x0000000084600000|100%| O|  |TAMS 0x0000000084600000, 0x0000000084500000| Untracked 
|  70|0x0000000084600000, 0x0000000084700000, 0x0000000084700000|100%| O|  |TAMS 0x0000000084700000, 0x0000000084600000| Untracked 
|  71|0x0000000084700000, 0x0000000084700000, 0x0000000084800000|  0%| F|  |TAMS 0x0000000084700000, 0x0000000084700000| Untracked 
|  72|0x0000000084800000, 0x0000000084900000, 0x0000000084900000|100%| O|  |TAMS 0x0000000084900000, 0x0000000084800000| Untracked 
|  73|0x0000000084900000, 0x0000000084a00000, 0x0000000084a00000|100%| O|  |TAMS 0x0000000084a00000, 0x0000000084900000| Untracked 
|  74|0x0000000084a00000, 0x0000000084b00000, 0x0000000084b00000|100%| O|  |TAMS 0x0000000084b00000, 0x0000000084a00000| Untracked 
|  75|0x0000000084b00000, 0x0000000084c00000, 0x0000000084c00000|100%| O|  |TAMS 0x0000000084c00000, 0x0000000084b00000| Untracked 
|  76|0x0000000084c00000, 0x0000000084d00000, 0x0000000084d00000|100%| O|  |TAMS 0x0000000084d00000, 0x0000000084c00000| Complete 
|  77|0x0000000084d00000, 0x0000000084e00000, 0x0000000084e00000|100%| O|  |TAMS 0x0000000084e00000, 0x0000000084d00000| Untracked 
|  78|0x0000000084e00000, 0x0000000084f00000, 0x0000000084f00000|100%| O|  |TAMS 0x0000000084f00000, 0x0000000084e00000| Complete 
|  79|0x0000000084f00000, 0x0000000085000000, 0x0000000085000000|100%| O|  |TAMS 0x0000000085000000, 0x0000000084f00000| Untracked 
|  80|0x0000000085000000, 0x0000000085100000, 0x0000000085100000|100%| O|  |TAMS 0x0000000085100000, 0x0000000085000000| Untracked 
|  81|0x0000000085100000, 0x0000000085100000, 0x0000000085200000|  0%| F|  |TAMS 0x0000000085100000, 0x0000000085100000| Untracked 
|  82|0x0000000085200000, 0x0000000085300000, 0x0000000085300000|100%| O|  |TAMS 0x0000000085300000, 0x0000000085200000| Complete 
|  83|0x0000000085300000, 0x0000000085400000, 0x0000000085400000|100%| O|  |TAMS 0x0000000085400000, 0x0000000085300000| Untracked 
|  84|0x0000000085400000, 0x0000000085500000, 0x0000000085500000|100%| O|  |TAMS 0x0000000085500000, 0x0000000085400000| Complete 
|  85|0x0000000085500000, 0x0000000085500000, 0x0000000085600000|  0%| F|  |TAMS 0x0000000085500000, 0x0000000085500000| Untracked 
|  86|0x0000000085600000, 0x0000000085700000, 0x0000000085700000|100%| O|  |TAMS 0x0000000085700000, 0x0000000085600000| Complete 
|  87|0x0000000085700000, 0x0000000085800000, 0x0000000085800000|100%| O|  |TAMS 0x0000000085800000, 0x0000000085700000| Complete 
|  88|0x0000000085800000, 0x0000000085800000, 0x0000000085900000|  0%| F|  |TAMS 0x0000000085800000, 0x0000000085800000| Untracked 
|  89|0x0000000085900000, 0x0000000085a00000, 0x0000000085a00000|100%| O|  |TAMS 0x0000000085a00000, 0x0000000085900000| Untracked 
|  90|0x0000000085a00000, 0x0000000085a00000, 0x0000000085b00000|  0%| F|  |TAMS 0x0000000085a00000, 0x0000000085a00000| Untracked 
|  91|0x0000000085b00000, 0x0000000085c00000, 0x0000000085c00000|100%| O|  |TAMS 0x0000000085c00000, 0x0000000085b00000| Complete 
|  92|0x0000000085c00000, 0x0000000085d00000, 0x0000000085d00000|100%| O|  |TAMS 0x0000000085d00000, 0x0000000085c00000| Complete 
|  93|0x0000000085d00000, 0x0000000085e00000, 0x0000000085e00000|100%| O|  |TAMS 0x0000000085e00000, 0x0000000085d00000| Complete 
|  94|0x0000000085e00000, 0x0000000085f00000, 0x0000000085f00000|100%| O|  |TAMS 0x0000000085f00000, 0x0000000085e00000| Untracked 
|  95|0x0000000085f00000, 0x0000000086000000, 0x0000000086000000|100%| O|  |TAMS 0x0000000086000000, 0x0000000085f00000| Untracked 
|  96|0x0000000086000000, 0x0000000086100000, 0x0000000086100000|100%| O|  |TAMS 0x0000000086100000, 0x0000000086000000| Untracked 
|  97|0x0000000086100000, 0x0000000086200000, 0x0000000086200000|100%| O|  |TAMS 0x0000000086200000, 0x0000000086100000| Complete 
|  98|0x0000000086200000, 0x0000000086300000, 0x0000000086300000|100%| O|  |TAMS 0x0000000086300000, 0x0000000086200000| Complete 
|  99|0x0000000086300000, 0x0000000086300000, 0x0000000086400000|  0%| F|  |TAMS 0x0000000086300000, 0x0000000086300000| Untracked 
| 100|0x0000000086400000, 0x0000000086500000, 0x0000000086500000|100%| O|  |TAMS 0x0000000086500000, 0x0000000086400000| Complete 
| 101|0x0000000086500000, 0x0000000086600000, 0x0000000086600000|100%| O|  |TAMS 0x0000000086600000, 0x0000000086500000| Untracked 
| 102|0x0000000086600000, 0x0000000086700000, 0x0000000086700000|100%| O|  |TAMS 0x0000000086700000, 0x0000000086600000| Untracked 
| 103|0x0000000086700000, 0x0000000086800000, 0x0000000086800000|100%| O|  |TAMS 0x0000000086800000, 0x0000000086700000| Untracked 
| 104|0x0000000086800000, 0x0000000086800000, 0x0000000086900000|  0%| F|  |TAMS 0x0000000086800000, 0x0000000086800000| Untracked 
| 105|0x0000000086900000, 0x0000000086a00000, 0x0000000086a00000|100%| O|  |TAMS 0x0000000086a00000, 0x0000000086900000| Complete 
| 106|0x0000000086a00000, 0x0000000086b00000, 0x0000000086b00000|100%| O|  |TAMS 0x0000000086b00000, 0x0000000086a00000| Complete 
| 107|0x0000000086b00000, 0x0000000086c00000, 0x0000000086c00000|100%| O|  |TAMS 0x0000000086c00000, 0x0000000086b00000| Complete 
| 108|0x0000000086c00000, 0x0000000086c00000, 0x0000000086d00000|  0%| F|  |TAMS 0x0000000086c00000, 0x0000000086c00000| Untracked 
| 109|0x0000000086d00000, 0x0000000086d00000, 0x0000000086e00000|  0%| F|  |TAMS 0x0000000086d00000, 0x0000000086d00000| Untracked 
| 110|0x0000000086e00000, 0x0000000086f00000, 0x0000000086f00000|100%| O|  |TAMS 0x0000000086f00000, 0x0000000086e00000| Complete 
| 111|0x0000000086f00000, 0x0000000087000000, 0x0000000087000000|100%| O|  |TAMS 0x0000000087000000, 0x0000000086f00000| Complete 
| 112|0x0000000087000000, 0x0000000087100000, 0x0000000087100000|100%| O|  |TAMS 0x0000000087100000, 0x0000000087000000| Complete 
| 113|0x0000000087100000, 0x0000000087200000, 0x0000000087200000|100%| O|  |TAMS 0x0000000087200000, 0x0000000087100000| Complete 
| 114|0x0000000087200000, 0x0000000087300000, 0x0000000087300000|100%| O|  |TAMS 0x0000000087300000, 0x0000000087200000| Complete 
| 115|0x0000000087300000, 0x0000000087400000, 0x0000000087400000|100%| O|  |TAMS 0x0000000087400000, 0x0000000087300000| Complete 
| 116|0x0000000087400000, 0x0000000087500000, 0x0000000087500000|100%|HS|  |TAMS 0x0000000087500000, 0x0000000087400000| Complete 
| 117|0x0000000087500000, 0x0000000087600000, 0x0000000087600000|100%|HC|  |TAMS 0x0000000087600000, 0x0000000087500000| Complete 
| 118|0x0000000087600000, 0x0000000087700000, 0x0000000087700000|100%| O|  |TAMS 0x0000000087700000, 0x0000000087600000| Complete 
| 119|0x0000000087700000, 0x0000000087800000, 0x0000000087800000|100%| O|  |TAMS 0x0000000087800000, 0x0000000087700000| Untracked 
| 120|0x0000000087800000, 0x0000000087900000, 0x0000000087900000|100%| O|  |TAMS 0x0000000087900000, 0x0000000087800000| Untracked 
| 121|0x0000000087900000, 0x0000000087a00000, 0x0000000087a00000|100%| O|  |TAMS 0x0000000087a00000, 0x0000000087900000| Complete 
| 122|0x0000000087a00000, 0x0000000087b00000, 0x0000000087b00000|100%| O|  |TAMS 0x0000000087b00000, 0x0000000087a00000| Complete 
| 123|0x0000000087b00000, 0x0000000087c00000, 0x0000000087c00000|100%| O|  |TAMS 0x0000000087c00000, 0x0000000087b00000| Complete 
| 124|0x0000000087c00000, 0x0000000087c00000, 0x0000000087d00000|  0%| F|  |TAMS 0x0000000087c00000, 0x0000000087c00000| Untracked 
| 125|0x0000000087d00000, 0x0000000087e00000, 0x0000000087e00000|100%| O|  |TAMS 0x0000000087e00000, 0x0000000087d00000| Complete 
| 126|0x0000000087e00000, 0x0000000087f00000, 0x0000000087f00000|100%| O|  |TAMS 0x0000000087f00000, 0x0000000087e00000| Complete 
| 127|0x0000000087f00000, 0x0000000088000000, 0x0000000088000000|100%| O|  |TAMS 0x0000000088000000, 0x0000000087f00000| Complete 
| 128|0x0000000088000000, 0x0000000088100000, 0x0000000088100000|100%| O|  |TAMS 0x0000000088100000, 0x0000000088000000| Complete 
| 129|0x0000000088100000, 0x0000000088200000, 0x0000000088200000|100%| O|  |TAMS 0x0000000088200000, 0x0000000088100000| Untracked 
| 130|0x0000000088200000, 0x0000000088300000, 0x0000000088300000|100%| O|  |TAMS 0x0000000088300000, 0x0000000088200000| Complete 
| 131|0x0000000088300000, 0x0000000088400000, 0x0000000088400000|100%| O|  |TAMS 0x0000000088400000, 0x0000000088300000| Untracked 
| 132|0x0000000088400000, 0x0000000088500000, 0x0000000088500000|100%| O|  |TAMS 0x0000000088500000, 0x0000000088400000| Untracked 
| 133|0x0000000088500000, 0x0000000088600000, 0x0000000088600000|100%|HS|  |TAMS 0x0000000088500000, 0x0000000088500000| Complete 
| 134|0x0000000088600000, 0x0000000088700000, 0x0000000088700000|100%|HC|  |TAMS 0x0000000088600000, 0x0000000088600000| Complete 
| 135|0x0000000088700000, 0x0000000088700000, 0x0000000088800000|  0%| F|  |TAMS 0x0000000088700000, 0x0000000088700000| Untracked 
| 136|0x0000000088800000, 0x0000000088900000, 0x0000000088900000|100%| O|  |TAMS 0x0000000088900000, 0x0000000088800000| Complete 
| 137|0x0000000088900000, 0x0000000088900000, 0x0000000088a00000|  0%| F|  |TAMS 0x0000000088900000, 0x0000000088900000| Untracked 
| 138|0x0000000088a00000, 0x0000000088b00000, 0x0000000088b00000|100%| O|  |TAMS 0x0000000088b00000, 0x0000000088a00000| Complete 
| 139|0x0000000088b00000, 0x0000000088c00000, 0x0000000088c00000|100%| O|  |TAMS 0x0000000088c00000, 0x0000000088b00000| Complete 
| 140|0x0000000088c00000, 0x0000000088d00000, 0x0000000088d00000|100%| O|  |TAMS 0x0000000088d00000, 0x0000000088c00000| Complete 
| 141|0x0000000088d00000, 0x0000000088e00000, 0x0000000088e00000|100%| O|  |TAMS 0x0000000088e00000, 0x0000000088d00000| Complete 
| 142|0x0000000088e00000, 0x0000000088f00000, 0x0000000088f00000|100%| O|  |TAMS 0x0000000088f00000, 0x0000000088e00000| Complete 
| 143|0x0000000088f00000, 0x0000000089000000, 0x0000000089000000|100%| O|  |TAMS 0x0000000089000000, 0x0000000088f00000| Complete 
| 144|0x0000000089000000, 0x0000000089100000, 0x0000000089100000|100%| O|  |TAMS 0x0000000089100000, 0x0000000089000000| Untracked 
| 145|0x0000000089100000, 0x0000000089200000, 0x0000000089200000|100%| O|  |TAMS 0x0000000089200000, 0x0000000089100000| Untracked 
| 146|0x0000000089200000, 0x0000000089300000, 0x0000000089300000|100%| O|  |TAMS 0x0000000089300000, 0x0000000089200000| Complete 
| 147|0x0000000089300000, 0x0000000089400000, 0x0000000089400000|100%| O|  |TAMS 0x0000000089400000, 0x0000000089300000| Complete 
| 148|0x0000000089400000, 0x0000000089500000, 0x0000000089500000|100%| O|  |TAMS 0x0000000089500000, 0x0000000089400000| Complete 
| 149|0x0000000089500000, 0x00000000895f7a00, 0x0000000089600000| 96%| O|  |TAMS 0x00000000895f7a00, 0x0000000089500000| Untracked 
| 150|0x0000000089600000, 0x0000000089700000, 0x0000000089700000|100%|HS|  |TAMS 0x0000000089600000, 0x0000000089600000| Complete 
| 151|0x0000000089700000, 0x0000000089800000, 0x0000000089800000|100%|HC|  |TAMS 0x0000000089700000, 0x0000000089700000| Complete 
| 152|0x0000000089800000, 0x0000000089900000, 0x0000000089900000|100%|HS|  |TAMS 0x0000000089800000, 0x0000000089800000| Complete 
| 153|0x0000000089900000, 0x0000000089a00000, 0x0000000089a00000|100%|HC|  |TAMS 0x0000000089900000, 0x0000000089900000| Complete 
| 154|0x0000000089a00000, 0x0000000089b00000, 0x0000000089b00000|100%|HS|  |TAMS 0x0000000089a00000, 0x0000000089a00000| Complete 
| 155|0x0000000089b00000, 0x0000000089c00000, 0x0000000089c00000|100%|HC|  |TAMS 0x0000000089b00000, 0x0000000089b00000| Complete 
| 156|0x0000000089c00000, 0x0000000089d00000, 0x0000000089d00000|100%|HS|  |TAMS 0x0000000089c00000, 0x0000000089c00000| Complete 
| 157|0x0000000089d00000, 0x0000000089e00000, 0x0000000089e00000|100%|HC|  |TAMS 0x0000000089d00000, 0x0000000089d00000| Complete 
| 158|0x0000000089e00000, 0x0000000089f00000, 0x0000000089f00000|100%|HS|  |TAMS 0x0000000089e00000, 0x0000000089e00000| Complete 
| 159|0x0000000089f00000, 0x000000008a000000, 0x000000008a000000|100%|HC|  |TAMS 0x0000000089f00000, 0x0000000089f00000| Complete 
| 160|0x000000008a000000, 0x000000008a100000, 0x000000008a100000|100%|HS|  |TAMS 0x000000008a000000, 0x000000008a000000| Complete 
| 161|0x000000008a100000, 0x000000008a200000, 0x000000008a200000|100%|HC|  |TAMS 0x000000008a100000, 0x000000008a100000| Complete 
| 162|0x000000008a200000, 0x000000008a300000, 0x000000008a300000|100%|HS|  |TAMS 0x000000008a200000, 0x000000008a200000| Complete 
| 163|0x000000008a300000, 0x000000008a400000, 0x000000008a400000|100%|HC|  |TAMS 0x000000008a300000, 0x000000008a300000| Complete 
| 164|0x000000008a400000, 0x000000008a500000, 0x000000008a500000|100%|HS|  |TAMS 0x000000008a400000, 0x000000008a400000| Complete 
| 165|0x000000008a500000, 0x000000008a600000, 0x000000008a600000|100%|HC|  |TAMS 0x000000008a500000, 0x000000008a500000| Complete 
| 166|0x000000008a600000, 0x000000008a700000, 0x000000008a700000|100%|HS|  |TAMS 0x000000008a600000, 0x000000008a600000| Complete 
| 167|0x000000008a700000, 0x000000008a800000, 0x000000008a800000|100%|HC|  |TAMS 0x000000008a700000, 0x000000008a700000| Complete 
| 168|0x000000008a800000, 0x000000008a800000, 0x000000008a900000|  0%| F|  |TAMS 0x000000008a800000, 0x000000008a800000| Untracked 
| 169|0x000000008a900000, 0x000000008a900000, 0x000000008aa00000|  0%| F|  |TAMS 0x000000008a900000, 0x000000008a900000| Untracked 
| 170|0x000000008aa00000, 0x000000008aa00000, 0x000000008ab00000|  0%| F|  |TAMS 0x000000008aa00000, 0x000000008aa00000| Untracked 
| 171|0x000000008ab00000, 0x000000008ab00000, 0x000000008ac00000|  0%| F|  |TAMS 0x000000008ab00000, 0x000000008ab00000| Untracked 
| 172|0x000000008ac00000, 0x000000008ac00000, 0x000000008ad00000|  0%| F|  |TAMS 0x000000008ac00000, 0x000000008ac00000| Untracked 
| 173|0x000000008ad00000, 0x000000008ad00000, 0x000000008ae00000|  0%| F|  |TAMS 0x000000008ad00000, 0x000000008ad00000| Untracked 
| 174|0x000000008ae00000, 0x000000008ae00000, 0x000000008af00000|  0%| F|  |TAMS 0x000000008ae00000, 0x000000008ae00000| Untracked 
| 175|0x000000008af00000, 0x000000008af00000, 0x000000008b000000|  0%| F|  |TAMS 0x000000008af00000, 0x000000008af00000| Untracked 
| 176|0x000000008b000000, 0x000000008b000000, 0x000000008b100000|  0%| F|  |TAMS 0x000000008b000000, 0x000000008b000000| Untracked 
| 177|0x000000008b100000, 0x000000008b100000, 0x000000008b200000|  0%| F|  |TAMS 0x000000008b100000, 0x000000008b100000| Untracked 
| 178|0x000000008b200000, 0x000000008b200000, 0x000000008b300000|  0%| F|  |TAMS 0x000000008b200000, 0x000000008b200000| Untracked 
| 179|0x000000008b300000, 0x000000008b300000, 0x000000008b400000|  0%| F|  |TAMS 0x000000008b300000, 0x000000008b300000| Untracked 
| 180|0x000000008b400000, 0x000000008b400000, 0x000000008b500000|  0%| F|  |TAMS 0x000000008b400000, 0x000000008b400000| Untracked 
| 181|0x000000008b500000, 0x000000008b500000, 0x000000008b600000|  0%| F|  |TAMS 0x000000008b500000, 0x000000008b500000| Untracked 
| 182|0x000000008b600000, 0x000000008b600000, 0x000000008b700000|  0%| F|  |TAMS 0x000000008b600000, 0x000000008b600000| Untracked 
| 183|0x000000008b700000, 0x000000008b700000, 0x000000008b800000|  0%| F|  |TAMS 0x000000008b700000, 0x000000008b700000| Untracked 
| 184|0x000000008b800000, 0x000000008b800000, 0x000000008b900000|  0%| F|  |TAMS 0x000000008b800000, 0x000000008b800000| Untracked 
| 185|0x000000008b900000, 0x000000008b900000, 0x000000008ba00000|  0%| F|  |TAMS 0x000000008b900000, 0x000000008b900000| Untracked 
| 186|0x000000008ba00000, 0x000000008ba00000, 0x000000008bb00000|  0%| F|  |TAMS 0x000000008ba00000, 0x000000008ba00000| Untracked 
| 187|0x000000008bb00000, 0x000000008bb00000, 0x000000008bc00000|  0%| F|  |TAMS 0x000000008bb00000, 0x000000008bb00000| Untracked 
| 188|0x000000008bc00000, 0x000000008bc00000, 0x000000008bd00000|  0%| F|  |TAMS 0x000000008bc00000, 0x000000008bc00000| Untracked 
| 189|0x000000008bd00000, 0x000000008bd00000, 0x000000008be00000|  0%| F|  |TAMS 0x000000008bd00000, 0x000000008bd00000| Untracked 
| 190|0x000000008be00000, 0x000000008be00000, 0x000000008bf00000|  0%| F|  |TAMS 0x000000008be00000, 0x000000008be00000| Untracked 
| 191|0x000000008bf00000, 0x000000008bf00000, 0x000000008c000000|  0%| F|  |TAMS 0x000000008bf00000, 0x000000008bf00000| Untracked 
| 192|0x000000008c000000, 0x000000008c000000, 0x000000008c100000|  0%| F|  |TAMS 0x000000008c000000, 0x000000008c000000| Untracked 
| 193|0x000000008c100000, 0x000000008c100000, 0x000000008c200000|  0%| F|  |TAMS 0x000000008c100000, 0x000000008c100000| Untracked 
| 194|0x000000008c200000, 0x000000008c200000, 0x000000008c300000|  0%| F|  |TAMS 0x000000008c200000, 0x000000008c200000| Untracked 
| 195|0x000000008c300000, 0x000000008c300000, 0x000000008c400000|  0%| F|  |TAMS 0x000000008c300000, 0x000000008c300000| Untracked 
| 196|0x000000008c400000, 0x000000008c400000, 0x000000008c500000|  0%| F|  |TAMS 0x000000008c400000, 0x000000008c400000| Untracked 
| 197|0x000000008c500000, 0x000000008c500000, 0x000000008c600000|  0%| F|  |TAMS 0x000000008c500000, 0x000000008c500000| Untracked 
| 198|0x000000008c600000, 0x000000008c600000, 0x000000008c700000|  0%| F|  |TAMS 0x000000008c600000, 0x000000008c600000| Untracked 
| 199|0x000000008c700000, 0x000000008c700000, 0x000000008c800000|  0%| F|  |TAMS 0x000000008c700000, 0x000000008c700000| Untracked 
| 200|0x000000008c800000, 0x000000008c800000, 0x000000008c900000|  0%| F|  |TAMS 0x000000008c800000, 0x000000008c800000| Untracked 
| 201|0x000000008c900000, 0x000000008c900000, 0x000000008ca00000|  0%| F|  |TAMS 0x000000008c900000, 0x000000008c900000| Untracked 
| 202|0x000000008ca00000, 0x000000008ca00000, 0x000000008cb00000|  0%| F|  |TAMS 0x000000008ca00000, 0x000000008ca00000| Untracked 
| 203|0x000000008cb00000, 0x000000008cb00000, 0x000000008cc00000|  0%| F|  |TAMS 0x000000008cb00000, 0x000000008cb00000| Untracked 
| 204|0x000000008cc00000, 0x000000008cc00000, 0x000000008cd00000|  0%| F|  |TAMS 0x000000008cc00000, 0x000000008cc00000| Untracked 
| 205|0x000000008cd00000, 0x000000008cd00000, 0x000000008ce00000|  0%| F|  |TAMS 0x000000008cd00000, 0x000000008cd00000| Untracked 
| 206|0x000000008ce00000, 0x000000008ce00000, 0x000000008cf00000|  0%| F|  |TAMS 0x000000008ce00000, 0x000000008ce00000| Untracked 
| 207|0x000000008cf00000, 0x000000008cf00000, 0x000000008d000000|  0%| F|  |TAMS 0x000000008cf00000, 0x000000008cf00000| Untracked 
| 208|0x000000008d000000, 0x000000008d000000, 0x000000008d100000|  0%| F|  |TAMS 0x000000008d000000, 0x000000008d000000| Untracked 
| 209|0x000000008d100000, 0x000000008d100000, 0x000000008d200000|  0%| F|  |TAMS 0x000000008d100000, 0x000000008d100000| Untracked 
| 210|0x000000008d200000, 0x000000008d200000, 0x000000008d300000|  0%| F|  |TAMS 0x000000008d200000, 0x000000008d200000| Untracked 
| 211|0x000000008d300000, 0x000000008d300000, 0x000000008d400000|  0%| F|  |TAMS 0x000000008d300000, 0x000000008d300000| Untracked 
| 212|0x000000008d400000, 0x000000008d400000, 0x000000008d500000|  0%| F|  |TAMS 0x000000008d400000, 0x000000008d400000| Untracked 
| 213|0x000000008d500000, 0x000000008d500000, 0x000000008d600000|  0%| F|  |TAMS 0x000000008d500000, 0x000000008d500000| Untracked 
| 214|0x000000008d600000, 0x000000008d600000, 0x000000008d700000|  0%| F|  |TAMS 0x000000008d600000, 0x000000008d600000| Untracked 
| 215|0x000000008d700000, 0x000000008d700000, 0x000000008d800000|  0%| F|  |TAMS 0x000000008d700000, 0x000000008d700000| Untracked 
| 216|0x000000008d800000, 0x000000008d800000, 0x000000008d900000|  0%| F|  |TAMS 0x000000008d800000, 0x000000008d800000| Untracked 
| 217|0x000000008d900000, 0x000000008d900000, 0x000000008da00000|  0%| F|  |TAMS 0x000000008d900000, 0x000000008d900000| Untracked 
| 218|0x000000008da00000, 0x000000008da00000, 0x000000008db00000|  0%| F|  |TAMS 0x000000008da00000, 0x000000008da00000| Untracked 
| 219|0x000000008db00000, 0x000000008db00000, 0x000000008dc00000|  0%| F|  |TAMS 0x000000008db00000, 0x000000008db00000| Untracked 
| 220|0x000000008dc00000, 0x000000008dc00000, 0x000000008dd00000|  0%| F|  |TAMS 0x000000008dc00000, 0x000000008dc00000| Untracked 
| 221|0x000000008dd00000, 0x000000008dd00000, 0x000000008de00000|  0%| F|  |TAMS 0x000000008dd00000, 0x000000008dd00000| Untracked 
| 222|0x000000008de00000, 0x000000008de00000, 0x000000008df00000|  0%| F|  |TAMS 0x000000008de00000, 0x000000008de00000| Untracked 
| 223|0x000000008df00000, 0x000000008df00000, 0x000000008e000000|  0%| F|  |TAMS 0x000000008df00000, 0x000000008df00000| Untracked 
| 224|0x000000008e000000, 0x000000008e000000, 0x000000008e100000|  0%| F|  |TAMS 0x000000008e000000, 0x000000008e000000| Untracked 
| 225|0x000000008e100000, 0x000000008e100000, 0x000000008e200000|  0%| F|  |TAMS 0x000000008e100000, 0x000000008e100000| Untracked 
| 226|0x000000008e200000, 0x000000008e200000, 0x000000008e300000|  0%| F|  |TAMS 0x000000008e200000, 0x000000008e200000| Untracked 
| 227|0x000000008e300000, 0x000000008e300000, 0x000000008e400000|  0%| F|  |TAMS 0x000000008e300000, 0x000000008e300000| Untracked 
| 228|0x000000008e400000, 0x000000008e400000, 0x000000008e500000|  0%| F|  |TAMS 0x000000008e400000, 0x000000008e400000| Untracked 
| 229|0x000000008e500000, 0x000000008e500000, 0x000000008e600000|  0%| F|  |TAMS 0x000000008e500000, 0x000000008e500000| Untracked 
| 230|0x000000008e600000, 0x000000008e600000, 0x000000008e700000|  0%| F|  |TAMS 0x000000008e600000, 0x000000008e600000| Untracked 
| 231|0x000000008e700000, 0x000000008e700000, 0x000000008e800000|  0%| F|  |TAMS 0x000000008e700000, 0x000000008e700000| Untracked 
| 232|0x000000008e800000, 0x000000008e800000, 0x000000008e900000|  0%| F|  |TAMS 0x000000008e800000, 0x000000008e800000| Untracked 
| 233|0x000000008e900000, 0x000000008e921910, 0x000000008ea00000| 13%| S|CS|TAMS 0x000000008e900000, 0x000000008e900000| Complete 
| 234|0x000000008ea00000, 0x000000008eb00000, 0x000000008eb00000|100%| S|CS|TAMS 0x000000008ea00000, 0x000000008ea00000| Complete 
| 235|0x000000008eb00000, 0x000000008ec00000, 0x000000008ec00000|100%| S|CS|TAMS 0x000000008eb00000, 0x000000008eb00000| Complete 
| 236|0x000000008ec00000, 0x000000008ed00000, 0x000000008ed00000|100%| S|CS|TAMS 0x000000008ec00000, 0x000000008ec00000| Complete 
| 237|0x000000008ed00000, 0x000000008ee00000, 0x000000008ee00000|100%| S|CS|TAMS 0x000000008ed00000, 0x000000008ed00000| Complete 
| 238|0x000000008ee00000, 0x000000008ef00000, 0x000000008ef00000|100%| S|CS|TAMS 0x000000008ee00000, 0x000000008ee00000| Complete 
| 239|0x000000008ef00000, 0x000000008ef00000, 0x000000008f000000|  0%| F|  |TAMS 0x000000008ef00000, 0x000000008ef00000| Untracked 
| 240|0x000000008f000000, 0x000000008f000000, 0x000000008f100000|  0%| F|  |TAMS 0x000000008f000000, 0x000000008f000000| Untracked 
| 241|0x000000008f100000, 0x000000008f100000, 0x000000008f200000|  0%| F|  |TAMS 0x000000008f100000, 0x000000008f100000| Untracked 
| 242|0x000000008f200000, 0x000000008f200000, 0x000000008f300000|  0%| F|  |TAMS 0x000000008f200000, 0x000000008f200000| Untracked 
| 243|0x000000008f300000, 0x000000008f300000, 0x000000008f400000|  0%| F|  |TAMS 0x000000008f300000, 0x000000008f300000| Untracked 
| 244|0x000000008f400000, 0x000000008f400000, 0x000000008f500000|  0%| F|  |TAMS 0x000000008f400000, 0x000000008f400000| Untracked 
| 245|0x000000008f500000, 0x000000008f500000, 0x000000008f600000|  0%| F|  |TAMS 0x000000008f500000, 0x000000008f500000| Untracked 
| 246|0x000000008f600000, 0x000000008f600000, 0x000000008f700000|  0%| F|  |TAMS 0x000000008f600000, 0x000000008f600000| Untracked 
| 247|0x000000008f700000, 0x000000008f700000, 0x000000008f800000|  0%| F|  |TAMS 0x000000008f700000, 0x000000008f700000| Untracked 
| 248|0x000000008f800000, 0x000000008f800000, 0x000000008f900000|  0%| F|  |TAMS 0x000000008f800000, 0x000000008f800000| Untracked 
| 249|0x000000008f900000, 0x000000008f900000, 0x000000008fa00000|  0%| F|  |TAMS 0x000000008f900000, 0x000000008f900000| Untracked 
| 250|0x000000008fa00000, 0x000000008fa00000, 0x000000008fb00000|  0%| F|  |TAMS 0x000000008fa00000, 0x000000008fa00000| Untracked 
| 251|0x000000008fb00000, 0x000000008fba08e8, 0x000000008fc00000| 62%| E|  |TAMS 0x000000008fb00000, 0x000000008fb00000| Complete 
| 252|0x000000008fc00000, 0x000000008fd00000, 0x000000008fd00000|100%| E|CS|TAMS 0x000000008fc00000, 0x000000008fc00000| Complete 
| 253|0x000000008fd00000, 0x000000008fe00000, 0x000000008fe00000|100%| E|CS|TAMS 0x000000008fd00000, 0x000000008fd00000| Complete 
| 254|0x000000008fe00000, 0x000000008ff00000, 0x000000008ff00000|100%| E|CS|TAMS 0x000000008fe00000, 0x000000008fe00000| Complete 
| 255|0x000000008ff00000, 0x0000000090000000, 0x0000000090000000|100%| E|CS|TAMS 0x000000008ff00000, 0x000000008ff00000| Complete 
| 256|0x0000000090000000, 0x0000000090100000, 0x0000000090100000|100%| E|CS|TAMS 0x0000000090000000, 0x0000000090000000| Complete 
| 257|0x0000000090100000, 0x0000000090200000, 0x0000000090200000|100%| E|CS|TAMS 0x0000000090100000, 0x0000000090100000| Complete 
| 258|0x0000000090200000, 0x0000000090300000, 0x0000000090300000|100%| E|CS|TAMS 0x0000000090200000, 0x0000000090200000| Complete 
| 259|0x0000000090300000, 0x0000000090400000, 0x0000000090400000|100%| E|CS|TAMS 0x0000000090300000, 0x0000000090300000| Complete 
| 260|0x0000000090400000, 0x0000000090500000, 0x0000000090500000|100%| E|CS|TAMS 0x0000000090400000, 0x0000000090400000| Complete 
| 261|0x0000000090500000, 0x0000000090600000, 0x0000000090600000|100%| E|CS|TAMS 0x0000000090500000, 0x0000000090500000| Complete 
| 262|0x0000000090600000, 0x0000000090700000, 0x0000000090700000|100%| E|CS|TAMS 0x0000000090600000, 0x0000000090600000| Complete 
| 263|0x0000000090700000, 0x0000000090800000, 0x0000000090800000|100%| E|CS|TAMS 0x0000000090700000, 0x0000000090700000| Complete 
| 264|0x0000000090800000, 0x0000000090900000, 0x0000000090900000|100%| E|CS|TAMS 0x0000000090800000, 0x0000000090800000| Complete 
| 265|0x0000000090900000, 0x0000000090a00000, 0x0000000090a00000|100%| E|CS|TAMS 0x0000000090900000, 0x0000000090900000| Complete 
| 266|0x0000000090a00000, 0x0000000090b00000, 0x0000000090b00000|100%| E|CS|TAMS 0x0000000090a00000, 0x0000000090a00000| Complete 

Card table byte_map: [0x000002856a820000,0x000002856ac20000] _byte_map_base: 0x000002856a420000

Marking Bits (Prev, Next): (CMBitMap*) 0x000002855796db60, (CMBitMap*) 0x000002855796db28
 Prev Bits: [0x000002856d020000, 0x000002856f020000)
 Next Bits: [0x000002856b020000, 0x000002856d020000)

Polling page: 0x00000285558a0000

Metaspace:

Usage:
  Non-class:    109.50 MB capacity,   107.60 MB ( 98%) used,     1.50 MB (  1%) free+waste,   406.75 KB ( <1%) overhead. 
      Class:     16.70 MB capacity,    15.49 MB ( 93%) used,     1.03 MB (  6%) free+waste,   175.75 KB (  1%) overhead. 
       Both:    126.19 MB capacity,   123.09 MB ( 98%) used,     2.53 MB (  2%) free+waste,   582.50 KB ( <1%) overhead. 

Virtual space:
  Non-class space:      110.00 MB reserved,     109.50 MB (>99%) committed 
      Class space:        1.00 GB reserved,      16.75 MB (  2%) committed 
             Both:        1.11 GB reserved,     126.25 MB ( 11%) committed 

Chunk freelists:
   Non-Class:  5.00 KB
       Class:  20.00 KB
        Both:  25.00 KB

MaxMetaspaceSize: 17179869184.00 GB
CompressedClassSpaceSize: 1.00 GB

CodeHeap 'non-profiled nmethods': size=120064Kb used=9250Kb max_used=9250Kb free=110813Kb
 bounds [0x0000028562ee0000, 0x00000285637f0000, 0x000002856a420000]
CodeHeap 'profiled nmethods': size=120000Kb used=44629Kb max_used=44629Kb free=75370Kb
 bounds [0x000002855b9b0000, 0x000002855e550000, 0x0000028562ee0000]
CodeHeap 'non-nmethods': size=5696Kb used=2364Kb max_used=2402Kb free=3331Kb
 bounds [0x000002855b420000, 0x000002855b690000, 0x000002855b9b0000]
 total_blobs=20142 nmethods=19147 adapters=904
 compilation: enabled
              stopped_count=0, restarted_count=0
 full_count=0

Compilation events (20 events):
Event: 69.281 Thread 0x0000028571547800 19681       3       org.gradle.internal.watch.registry.impl.WatchableHierarchies$RemoveUnwatchedFiles::shouldBeRemoved (55 bytes)
Event: 69.281 Thread 0x0000028571547800 nmethod 19681 0x000002855e53b210 code [0x000002855e53b400, 0x000002855e53ba58]
Event: 69.281 Thread 0x0000028571547800 19682       3       org.gradle.internal.watch.registry.impl.WatchableHierarchies::isInWatchableHierarchy (11 bytes)
Event: 69.281 Thread 0x0000028571547800 nmethod 19682 0x000002855e53bc90 code [0x000002855e53be40, 0x000002855e53c008]
Event: 69.281 Thread 0x0000028571547800 19683       3       org.gradle.internal.watch.registry.impl.WatchableHierarchies$$Lambda$1884/0x0000000101091840::visitSnapshotRoot (9 bytes)
Event: 69.282 Thread 0x0000028571547800 nmethod 19683 0x000002855e53c110 code [0x000002855e53c2e0, 0x000002855e53c508]
Event: 69.282 Thread 0x0000028571547800 19684       3       org.gradle.internal.watch.registry.impl.WatchableHierarchies::lambda$removeUnwatchedSnapshots$0 (9 bytes)
Event: 69.282 Thread 0x0000028571547800 nmethod 19684 0x000002855e53c610 code [0x000002855e53c7c0, 0x000002855e53c968]
Event: 69.282 Thread 0x0000028571547800 19685       3       org.gradle.internal.snapshot.FileSystemSnapshotHierarchyVisitor::enterDirectory (1 bytes)
Event: 69.282 Thread 0x0000028571547800 nmethod 19685 0x000002855e53ca10 code [0x000002855e53cbc0, 0x000002855e53ccb8]
Event: 69.282 Thread 0x0000028571547800 19686       3       org.gradle.internal.snapshot.FileSystemSnapshotHierarchyVisitor::leaveDirectory (1 bytes)
Event: 69.282 Thread 0x0000028571547800 nmethod 19686 0x000002855e53cd90 code [0x000002855e53cf40, 0x000002855e53d038]
Event: 69.282 Thread 0x0000028571547800 19687       3       org.gradle.internal.snapshot.AbstractIncompleteFileSystemNode::accept (16 bytes)
Event: 69.282 Thread 0x0000028571547800 nmethod 19687 0x000002855e53d110 code [0x000002855e53d320, 0x000002855e53d908]
Event: 69.282 Thread 0x0000028571547800 19688       3       org.gradle.internal.snapshot.AbstractIncompleteFileSystemNode$$Lambda$315/0x00000001004dfc40::get$Lambda (9 bytes)
Event: 69.283 Thread 0x0000028571547800 nmethod 19688 0x000002855e53db10 code [0x000002855e53dce0, 0x000002855e53df38]
Event: 69.283 Thread 0x0000028571547800 19689       3       org.gradle.internal.snapshot.AbstractIncompleteFileSystemNode$$Lambda$315/0x00000001004dfc40::<init> (10 bytes)
Event: 69.283 Thread 0x0000028571547800 nmethod 19689 0x000002855e53e010 code [0x000002855e53e1c0, 0x000002855e53e378]
Event: 69.287 Thread 0x0000028571547800 19694       3       org.gradle.internal.snapshot.AbstractInvalidateChildHandler::<init> (10 bytes)
Event: 69.287 Thread 0x0000028571547800 nmethod 19694 0x000002855e53e410 code [0x000002855e53e5c0, 0x000002855e53e778]

GC Heap History (20 events):
Event: 61.928 GC heap before
{Heap before GC invocations=48 (full 0):
 garbage-first heap   total 273408K, used 220904K [0x0000000080000000, 0x0000000100000000)
  region size 1024K, 77 young (78848K), 3 survivors (3072K)
 Metaspace       used 119171K, capacity 122162K, committed 122368K, reserved 1155072K
  class space    used 15150K, capacity 16270K, committed 16384K, reserved 1048576K
}
Event: 61.939 GC heap after
{Heap after GC invocations=49 (full 0):
 garbage-first heap   total 273408K, used 145788K [0x0000000080000000, 0x0000000100000000)
  region size 1024K, 4 young (4096K), 4 survivors (4096K)
 Metaspace       used 119171K, capacity 122162K, committed 122368K, reserved 1155072K
  class space    used 15150K, capacity 16270K, committed 16384K, reserved 1048576K
}
Event: 61.972 GC heap before
{Heap before GC invocations=49 (full 0):
 garbage-first heap   total 273408K, used 155004K [0x0000000080000000, 0x0000000100000000)
  region size 1024K, 13 young (13312K), 4 survivors (4096K)
 Metaspace       used 119174K, capacity 122163K, committed 122368K, reserved 1155072K
  class space    used 15150K, capacity 16270K, committed 16384K, reserved 1048576K
}
Event: 61.998 GC heap after
{Heap after GC invocations=50 (full 0):
 garbage-first heap   total 273408K, used 143381K [0x0000000080000000, 0x0000000100000000)
  region size 1024K, 1 young (1024K), 1 survivors (1024K)
 Metaspace       used 119174K, capacity 122163K, committed 122368K, reserved 1155072K
  class space    used 15150K, capacity 16270K, committed 16384K, reserved 1048576K
}
Event: 62.354 GC heap before
{Heap before GC invocations=50 (full 0):
 garbage-first heap   total 273408K, used 223253K [0x0000000080000000, 0x0000000100000000)
  region size 1024K, 79 young (80896K), 1 survivors (1024K)
 Metaspace       used 119218K, capacity 122169K, committed 122368K, reserved 1155072K
  class space    used 15155K, capacity 16271K, committed 16384K, reserved 1048576K
}
Event: 62.364 GC heap after
{Heap after GC invocations=51 (full 0):
 garbage-first heap   total 273408K, used 144457K [0x0000000080000000, 0x0000000100000000)
  region size 1024K, 2 young (2048K), 2 survivors (2048K)
 Metaspace       used 119218K, capacity 122169K, committed 122368K, reserved 1155072K
  class space    used 15155K, capacity 16271K, committed 16384K, reserved 1048576K
}
Event: 62.853 GC heap before
{Heap before GC invocations=51 (full 0):
 garbage-first heap   total 273408K, used 225353K [0x0000000080000000, 0x0000000100000000)
  region size 1024K, 81 young (82944K), 2 survivors (2048K)
 Metaspace       used 119237K, capacity 122181K, committed 122368K, reserved 1155072K
  class space    used 15158K, capacity 16275K, committed 16384K, reserved 1048576K
}
Event: 62.859 GC heap after
{Heap after GC invocations=52 (full 0):
 garbage-first heap   total 273408K, used 144719K [0x0000000080000000, 0x0000000100000000)
  region size 1024K, 3 young (3072K), 3 survivors (3072K)
 Metaspace       used 119237K, capacity 122181K, committed 122368K, reserved 1155072K
  class space    used 15158K, capacity 16275K, committed 16384K, reserved 1048576K
}
Event: 63.298 GC heap before
{Heap before GC invocations=52 (full 0):
 garbage-first heap   total 273408K, used 226639K [0x0000000080000000, 0x0000000100000000)
  region size 1024K, 83 young (84992K), 3 survivors (3072K)
 Metaspace       used 119261K, capacity 122245K, committed 122624K, reserved 1155072K
  class space    used 15158K, capacity 16275K, committed 16384K, reserved 1048576K
}
Event: 63.303 GC heap after
{Heap after GC invocations=53 (full 0):
 garbage-first heap   total 273408K, used 144861K [0x0000000080000000, 0x0000000100000000)
  region size 1024K, 3 young (3072K), 3 survivors (3072K)
 Metaspace       used 119261K, capacity 122245K, committed 122624K, reserved 1155072K
  class space    used 15158K, capacity 16275K, committed 16384K, reserved 1048576K
}
Event: 63.952 GC heap before
{Heap before GC invocations=53 (full 0):
 garbage-first heap   total 273408K, used 230877K [0x0000000080000000, 0x0000000100000000)
  region size 1024K, 88 young (90112K), 3 survivors (3072K)
 Metaspace       used 119639K, capacity 122654K, committed 122880K, reserved 1155072K
  class space    used 15203K, capacity 16356K, committed 16384K, reserved 1048576K
}
Event: 63.967 GC heap after
{Heap after GC invocations=54 (full 0):
 garbage-first heap   total 273408K, used 146819K [0x0000000080000000, 0x0000000100000000)
  region size 1024K, 5 young (5120K), 5 survivors (5120K)
 Metaspace       used 119639K, capacity 122654K, committed 122880K, reserved 1155072K
  class space    used 15203K, capacity 16356K, committed 16384K, reserved 1048576K
}
Event: 65.545 GC heap before
{Heap before GC invocations=55 (full 0):
 garbage-first heap   total 273408K, used 231811K [0x0000000080000000, 0x0000000100000000)
  region size 1024K, 89 young (91136K), 5 survivors (5120K)
 Metaspace       used 119866K, capacity 122824K, committed 122880K, reserved 1155072K
  class space    used 15201K, capacity 16351K, committed 16384K, reserved 1048576K
}
Event: 65.561 GC heap after
{Heap after GC invocations=56 (full 0):
 garbage-first heap   total 273408K, used 148455K [0x0000000080000000, 0x0000000100000000)
  region size 1024K, 6 young (6144K), 6 survivors (6144K)
 Metaspace       used 119866K, capacity 122824K, committed 122880K, reserved 1155072K
  class space    used 15201K, capacity 16351K, committed 16384K, reserved 1048576K
}
Event: 65.611 GC heap before
{Heap before GC invocations=56 (full 0):
 garbage-first heap   total 273408K, used 154599K [0x0000000080000000, 0x0000000100000000)
  region size 1024K, 13 young (13312K), 6 survivors (6144K)
 Metaspace       used 119872K, capacity 122888K, committed 123136K, reserved 1157120K
  class space    used 15201K, capacity 16351K, committed 16384K, reserved 1048576K
}
Event: 65.690 GC heap after
{Heap after GC invocations=57 (full 0):
 garbage-first heap   total 273408K, used 138206K [0x0000000080000000, 0x0000000100000000)
  region size 1024K, 1 young (1024K), 1 survivors (1024K)
 Metaspace       used 119872K, capacity 122888K, committed 123136K, reserved 1157120K
  class space    used 15201K, capacity 16351K, committed 16384K, reserved 1048576K
}
Event: 66.985 GC heap before
{Heap before GC invocations=57 (full 0):
 garbage-first heap   total 273408K, used 230366K [0x0000000080000000, 0x0000000100000000)
  region size 1024K, 92 young (94208K), 1 survivors (1024K)
 Metaspace       used 121174K, capacity 124255K, committed 124416K, reserved 1157120K
  class space    used 15372K, capacity 16562K, committed 16640K, reserved 1048576K
}
Event: 66.999 GC heap after
{Heap after GC invocations=58 (full 0):
 garbage-first heap   total 273408K, used 140562K [0x0000000080000000, 0x0000000100000000)
  region size 1024K, 4 young (4096K), 4 survivors (4096K)
 Metaspace       used 121174K, capacity 124255K, committed 124416K, reserved 1157120K
  class space    used 15372K, capacity 16562K, committed 16640K, reserved 1048576K
}
Event: 68.283 GC heap before
{Heap before GC invocations=58 (full 0):
 garbage-first heap   total 273408K, used 168210K [0x0000000080000000, 0x0000000100000000)
  region size 1024K, 32 young (32768K), 4 survivors (4096K)
 Metaspace       used 122975K, capacity 126117K, committed 126208K, reserved 1159168K
  class space    used 15600K, capacity 16813K, committed 16896K, reserved 1048576K
}
Event: 68.292 GC heap after
{Heap after GC invocations=59 (full 0):
 garbage-first heap   total 273408K, used 142436K [0x0000000080000000, 0x0000000100000000)
  region size 1024K, 6 young (6144K), 6 survivors (6144K)
 Metaspace       used 122975K, capacity 126117K, committed 126208K, reserved 1159168K
  class space    used 15600K, capacity 16813K, committed 16896K, reserved 1048576K
}

Deoptimization events (20 events):
Event: 68.746 Thread 0x0000028572ac7000 DEOPT PACKING pc=0x00000285634e6d84 sp=0x0000008e1cefd960
Event: 68.746 Thread 0x0000028572ac7000 DEOPT UNPACKING pc=0x000002855b4478af sp=0x0000008e1cefd928 mode 2
Event: 68.971 Thread 0x0000028579ce7800 DEOPT PACKING pc=0x000002855c263edc sp=0x0000008e1c0fec10
Event: 68.971 Thread 0x0000028579ce7800 DEOPT UNPACKING pc=0x000002855b4476ce sp=0x0000008e1c0fe1e0 mode 0
Event: 68.972 Thread 0x0000028579ce8800 DEOPT PACKING pc=0x000002855c263edc sp=0x0000008e1c1ff050
Event: 68.972 Thread 0x0000028579ce8800 DEOPT UNPACKING pc=0x000002855b4476ce sp=0x0000008e1c1fe620 mode 0
Event: 68.973 Thread 0x0000028579ce7000 DEOPT PACKING pc=0x000002855c263edc sp=0x0000008e1bffecb0
Event: 68.975 Thread 0x0000028579ce7000 DEOPT UNPACKING pc=0x000002855b4476ce sp=0x0000008e1bffe280 mode 0
Event: 69.086 Thread 0x0000028579ceb000 DEOPT PACKING pc=0x000002855c263edc sp=0x0000008e1bcff0c0
Event: 69.086 Thread 0x0000028579ceb000 DEOPT UNPACKING pc=0x000002855b4476ce sp=0x0000008e1bcfe690 mode 0
Event: 69.087 Thread 0x0000028579cec800 DEOPT PACKING pc=0x000002855c263edc sp=0x0000008e1befed20
Event: 69.087 Thread 0x0000028579cec800 DEOPT UNPACKING pc=0x000002855b4476ce sp=0x0000008e1befe2f0 mode 0
Event: 69.126 Thread 0x0000028572b49000 Uncommon trap: trap_request=0xffffff4d fr.pc=0x00000285635d95f4 relative=0x0000000000000214
Event: 69.126 Thread 0x0000028572b49000 Uncommon trap: reason=unstable_if action=reinterpret pc=0x00000285635d95f4 method=org.gradle.internal.util.Trie.find(Ljava/lang/CharSequence;)Z @ 91 c2
Event: 69.126 Thread 0x0000028572b49000 DEOPT PACKING pc=0x00000285635d95f4 sp=0x0000008e1a2fb100
Event: 69.126 Thread 0x0000028572b49000 DEOPT UNPACKING pc=0x000002855b4478af sp=0x0000008e1a2fb058 mode 2
Event: 69.246 Thread 0x0000028572b49000 Uncommon trap: trap_request=0xfffffff4 fr.pc=0x0000028563592c64 relative=0x0000000000003b84
Event: 69.246 Thread 0x0000028572b49000 Uncommon trap: reason=null_check action=make_not_entrant pc=0x0000028563592c64 method=org.gradle.internal.logging.sink.OutputEventTransformer.onOutput(Lorg/gradle/internal/logging/events/OutputEvent;)V @ 358 c2
Event: 69.246 Thread 0x0000028572b49000 DEOPT PACKING pc=0x0000028563592c64 sp=0x0000008e1a2fb8c0
Event: 69.246 Thread 0x0000028572b49000 DEOPT UNPACKING pc=0x000002855b4478af sp=0x0000008e1a2fb8a8 mode 2

Classes redefined (0 events):
No events

Internal exceptions (20 events):
Event: 66.039 Thread 0x0000028572ac3800 Exception <a 'sun/nio/fs/WindowsException'{0x000000008e3f3fa8}> (0x000000008e3f3fa8) thrown at [./src/hotspot/share/prims/jni.cpp, line 615]
Event: 66.347 Thread 0x0000028579ce7800 Exception <a 'java/lang/NoSuchMethodError'{0x000000008d466018}: <clinit>> (0x000000008d466018) thrown at [./src/hotspot/share/prims/jni.cpp, line 1362]
Event: 66.470 Thread 0x0000028576249000 Implicit null exception at 0x00000285632e8274 to 0x00000285632e85c8
Event: 66.516 Thread 0x0000028572ac6000 Exception <a 'sun/nio/fs/WindowsException'{0x000000008bf84c60}> (0x000000008bf84c60) thrown at [./src/hotspot/share/prims/jni.cpp, line 615]
Event: 66.575 Thread 0x0000028572ac3000 Exception <a 'sun/nio/fs/WindowsException'{0x000000008babc730}> (0x000000008babc730) thrown at [./src/hotspot/share/prims/jni.cpp, line 615]
Event: 66.754 Thread 0x0000028572ac6000 Exception <a 'sun/nio/fs/WindowsException'{0x000000008b46c5d8}> (0x000000008b46c5d8) thrown at [./src/hotspot/share/prims/jni.cpp, line 615]
Event: 66.799 Thread 0x0000028572ac3000 Exception <a 'sun/nio/fs/WindowsException'{0x000000008b380188}> (0x000000008b380188) thrown at [./src/hotspot/share/prims/jni.cpp, line 615]
Event: 67.110 Thread 0x0000028579ce7800 Exception <a 'java/lang/NoSuchMethodError'{0x0000000090661398}: <clinit>> (0x0000000090661398) thrown at [./src/hotspot/share/prims/jni.cpp, line 1362]
Event: 67.112 Thread 0x0000028579ce7800 Exception <a 'java/lang/NoSuchMethodError'{0x0000000090673c78}: <clinit>> (0x0000000090673c78) thrown at [./src/hotspot/share/prims/jni.cpp, line 1362]
Event: 67.303 Thread 0x0000028572ac7000 Exception <a 'sun/nio/fs/WindowsException'{0x00000000903aa768}> (0x00000000903aa768) thrown at [./src/hotspot/share/prims/jni.cpp, line 615]
Event: 67.314 Thread 0x0000028572ac7000 Implicit null exception at 0x0000028563383290 to 0x0000028563385f2c
Event: 67.472 Thread 0x0000028572ac7000 Exception <a 'java/lang/NoSuchMethodError'{0x000000008ffaf1e8}: 'java.lang.Object java.lang.invoke.DirectMethodHandle$Holder.invokeStatic(java.lang.Object, java.lang.Object, java.lang.Object, java.lang.Object, java.lang.Object, int, java.lang.Object)'> (0x000000008ffaf1e8) thrown at [./src/hotspot/share/interpreter/linkResolver.cpp, line 773]
Event: 67.629 Thread 0x0000028572ac7000 Exception <a 'java/lang/NoSuchMethodError'{0x000000008fb904b8}: 'java.lang.Object java.lang.invoke.DirectMethodHandle$Holder.invokeSpecial(java.lang.Object, java.lang.Object, java.lang.Object, java.lang.Object, java.lang.Object, java.lang.Object, java.lang.Object, int, java.lang.Object)'> (0x000000008fb904b8) thrown at [./src/hotspot/share/interpreter/linkResolver.cpp, line 773]
Event: 67.633 Thread 0x0000028572ac7000 Exception <a 'java/lang/NoSuchMethodError'{0x000000008fb996e0}: 'java.lang.Object java.lang.invoke.DirectMethodHandle$Holder.invokeStatic(java.lang.Object, java.lang.Object, java.lang.Object, java.lang.Object, java.lang.Object, java.lang.Object, java.lang.Object, int)'> (0x000000008fb996e0) thrown at [./src/hotspot/share/interpreter/linkResolver.cpp, line 773]
Event: 67.633 Thread 0x0000028572ac7000 Exception <a 'java/lang/NoSuchMethodError'{0x000000008fb9d700}: 'java.lang.Object java.lang.invoke.DirectMethodHandle$Holder.invokeSpecial(java.lang.Object, java.lang.Object, java.lang.Object, java.lang.Object, java.lang.Object, java.lang.Object, java.lang.Object, java.lang.Object, int)'> (0x000000008fb9d700) thrown at [./src/hotspot/share/interpreter/linkResolver.cpp, line 773]
Event: 67.634 Thread 0x0000028572ac7000 Exception <a 'java/lang/NoSuchMethodError'{0x000000008fba0d98}: 'java.lang.Object java.lang.invoke.Invokers$Holder.linkToTargetMethod(java.lang.Object, java.lang.Object, java.lang.Object, java.lang.Object, java.lang.Object, java.lang.Object, int, java.lang.Object)'> (0x000000008fba0d98) thrown at [./src/hotspot/share/interpreter/linkResolver.cpp, line 773]
Event: 68.747 Thread 0x0000028572ac7000 Exception <a 'java/lang/NoSuchMethodError'{0x00000000909cd890}: 'java.lang.Object java.lang.invoke.DirectMethodHandle$Holder.invokeVirtual(java.lang.Object, java.lang.Object, int)'> (0x00000000909cd890) thrown at [./src/hotspot/share/interpreter/linkResolver.cpp, line 773]
Event: 69.123 Thread 0x000002857eed3800 Exception <a 'sun/nio/fs/WindowsException'{0x00000000907d2578}> (0x00000000907d2578) thrown at [./src/hotspot/share/prims/jni.cpp, line 615]
Event: 69.246 Thread 0x0000028572b49000 Implicit null exception at 0x0000028563591327 to 0x0000028563592c58
Event: 69.263 Thread 0x0000028572b49000 Exception <a 'java/lang/NoSuchMethodError'{0x00000000904c2750}: 'java.lang.Object java.lang.invoke.DirectMethodHandle$Holder.invokeSpecial(java.lang.Object, java.lang.Object, java.lang.Object, java.lang.Object, int, java.lang.Object, java.lang.Object)'> (0x00000000904c2750) thrown at [./src/hotspot/share/interpreter/linkResolver.cpp, line 773]

Events (20 events):
Event: 69.403 loading class com/google/wireless/android/sdk/stats/JniInspectionEvent
Event: 69.403 loading class com/google/wireless/android/sdk/stats/JniInspectionEvent done
Event: 69.407 loading class com/google/wireless/android/sdk/stats/LLDBFrontendDetails
Event: 69.407 loading class com/google/wireless/android/sdk/stats/LLDBFrontendDetails done
Event: 69.409 loading class com/google/wireless/android/sdk/stats/CMakeEditingEvent
Event: 69.409 loading class com/google/wireless/android/sdk/stats/CMakeEditingEvent done
Event: 69.411 loading class com/google/wireless/android/sdk/stats/TypingLatencyStats
Event: 69.411 loading class com/google/wireless/android/sdk/stats/TypingLatencyStats done
Event: 69.413 loading class com/google/wireless/android/sdk/stats/ImportSampleEvent
Event: 69.413 loading class com/google/wireless/android/sdk/stats/ImportSampleEvent done
Event: 69.414 loading class com/google/wireless/android/sdk/stats/ApkAnalyzerStats
Event: 69.414 loading class com/google/wireless/android/sdk/stats/ApkAnalyzerStats done
Event: 69.416 loading class com/google/wireless/android/sdk/stats/MlModelBindingEvent
Event: 69.416 loading class com/google/wireless/android/sdk/stats/MlModelBindingEvent done
Event: 69.417 loading class com/google/wireless/android/sdk/stats/NavSafeArgsEvent
Event: 69.417 loading class com/google/wireless/android/sdk/stats/NavSafeArgsEvent done
Event: 69.419 loading class com/google/wireless/android/sdk/stats/DaggerEditorEvent
Event: 69.419 loading class com/google/wireless/android/sdk/stats/DaggerEditorEvent done
Event: 69.421 loading class com/google/wireless/android/sdk/stats/ComposeDeployEvent
Event: 69.421 loading class com/google/wireless/android/sdk/stats/ComposeDeployEvent done


Dynamic libraries:
0x00007ff79e600000 - 0x00007ff79e60a000 	C:\Program Files\Android\Android Studio\jre\bin\java.exe
0x00007fffb70b0000 - 0x00007fffb72a5000 	C:\Windows\SYSTEM32\ntdll.dll
0x00007fffb5720000 - 0x00007fffb57de000 	C:\Windows\System32\KERNEL32.DLL
0x00007fffb4a00000 - 0x00007fffb4cc8000 	C:\Windows\System32\KERNELBASE.dll
0x00007fffb48d0000 - 0x00007fffb49d0000 	C:\Windows\System32\ucrtbase.dll
0x00007fff652b0000 - 0x00007fff652c9000 	C:\Program Files\Android\Android Studio\jre\bin\jli.dll
0x00007fff652d0000 - 0x00007fff652e7000 	C:\Program Files\Android\Android Studio\jre\bin\VCRUNTIME140.dll
0x00007fffb6b60000 - 0x00007fffb6d01000 	C:\Windows\System32\USER32.dll
0x00007fffb49d0000 - 0x00007fffb49f2000 	C:\Windows\System32\win32u.dll
0x00007fffb56e0000 - 0x00007fffb570b000 	C:\Windows\System32\GDI32.dll
0x00007fffb4fe0000 - 0x00007fffb50ed000 	C:\Windows\System32\gdi32full.dll
0x00007fffb4f40000 - 0x00007fffb4fdd000 	C:\Windows\System32\msvcp_win.dll
0x00007fff97f70000 - 0x00007fff9820a000 	C:\Windows\WinSxS\amd64_microsoft.windows.common-controls_6595b64144ccf1df_6.0.19041.1110_none_60b5254171f9507e\COMCTL32.dll
0x00007fffb6dd0000 - 0x00007fffb6e6e000 	C:\Windows\System32\msvcrt.dll
0x00007fffb7040000 - 0x00007fffb7070000 	C:\Windows\System32\IMM32.DLL
0x00007fff4b1e0000 - 0x00007fff4b27d000 	C:\Program Files\Android\Android Studio\jre\bin\msvcp140.dll
0x00007fff21050000 - 0x00007fff21b1f000 	C:\Program Files\Android\Android Studio\jre\bin\server\jvm.dll
0x00007fffb5ff0000 - 0x00007fffb609c000 	C:\Windows\System32\ADVAPI32.dll
0x00007fffb6240000 - 0x00007fffb62db000 	C:\Windows\System32\sechost.dll
0x00007fffb69d0000 - 0x00007fffb6afa000 	C:\Windows\System32\RPCRT4.dll
0x00007fffb6d10000 - 0x00007fffb6d18000 	C:\Windows\System32\PSAPI.DLL
0x00007fffaa140000 - 0x00007fffaa149000 	C:\Windows\SYSTEM32\WSOCK32.dll
0x00007fffb60a0000 - 0x00007fffb610b000 	C:\Windows\System32\WS2_32.dll
0x00007fff97450000 - 0x00007fff97477000 	C:\Windows\SYSTEM32\WINMM.dll
0x00007fffaaf50000 - 0x00007fffaaf5a000 	C:\Windows\SYSTEM32\VERSION.dll
0x00007fffb3000000 - 0x00007fffb3012000 	C:\Windows\SYSTEM32\kernel.appcore.dll
0x00007fff7aff0000 - 0x00007fff7b001000 	C:\Program Files\Android\Android Studio\jre\bin\verify.dll
0x00007fffafbf0000 - 0x00007fffafdd4000 	C:\Windows\SYSTEM32\DBGHELP.DLL
0x00007fffa3c30000 - 0x00007fffa3c5c000 	C:\Windows\SYSTEM32\dbgcore.DLL
0x00007fffb47c0000 - 0x00007fffb4842000 	C:\Windows\System32\bcryptPrimitives.dll
0x00007fff7afc0000 - 0x00007fff7afe9000 	C:\Program Files\Android\Android Studio\jre\bin\java.dll
0x00007fffa2d20000 - 0x00007fffa2d2b000 	C:\Program Files\Android\Android Studio\jre\bin\jimage.dll
0x00007fff7afa0000 - 0x00007fff7afb8000 	C:\Program Files\Android\Android Studio\jre\bin\zip.dll
0x00007fffb58a0000 - 0x00007fffb5fe4000 	C:\Windows\System32\SHELL32.dll
0x00007fffb22c0000 - 0x00007fffb2a54000 	C:\Windows\SYSTEM32\windows.storage.dll
0x00007fffb51d0000 - 0x00007fffb5525000 	C:\Windows\System32\combase.dll
0x00007fffb40c0000 - 0x00007fffb40ee000 	C:\Windows\SYSTEM32\Wldp.dll
0x00007fffb6ee0000 - 0x00007fffb6f8d000 	C:\Windows\System32\SHCORE.dll
0x00007fffb6e70000 - 0x00007fffb6ec5000 	C:\Windows\System32\shlwapi.dll
0x00007fffb4700000 - 0x00007fffb471f000 	C:\Windows\SYSTEM32\profapi.dll
0x00007fff7ae30000 - 0x00007fff7ae4a000 	C:\Program Files\Android\Android Studio\jre\bin\net.dll
0x00007fffa4530000 - 0x00007fffa463c000 	C:\Windows\SYSTEM32\WINHTTP.dll
0x00007fffb3e40000 - 0x00007fffb3eaa000 	C:\Windows\system32\mswsock.dll
0x00007fff7a500000 - 0x00007fff7a514000 	C:\Program Files\Android\Android Studio\jre\bin\nio.dll
0x00007fff652f0000 - 0x00007fff65317000 	C:\Users\bruno\.gradle\native\8bec1ad78214c89d9ad589b4d07fe93259594b29d510b10fafb7a158f7737e5d\windows-amd64\native-platform.dll
0x00007fff47860000 - 0x00007fff4799d000 	C:\Users\bruno\.gradle\native\53dbd7edfb1c66fb8903c78663c9afc45aea4f116125fa6feffd364cf09443e8\windows-amd64\native-platform-file-events.dll
0x00007fffa1620000 - 0x00007fffa162a000 	C:\Program Files\Android\Android Studio\jre\bin\management.dll
0x00007fff9fe60000 - 0x00007fff9fe6c000 	C:\Program Files\Android\Android Studio\jre\bin\management_ext.dll
0x00007fffb4420000 - 0x00007fffb4438000 	C:\Windows\SYSTEM32\CRYPTSP.dll
0x00007fffb37e0000 - 0x00007fffb3814000 	C:\Windows\system32\rsaenh.dll
0x00007fffb4850000 - 0x00007fffb4877000 	C:\Windows\System32\bcrypt.dll
0x00007fffb4680000 - 0x00007fffb46ae000 	C:\Windows\SYSTEM32\USERENV.dll
0x00007fffb4030000 - 0x00007fffb403c000 	C:\Windows\SYSTEM32\CRYPTBASE.dll
0x00007fffb3b50000 - 0x00007fffb3b8b000 	C:\Windows\SYSTEM32\IPHLPAPI.DLL
0x00007fffb6ed0000 - 0x00007fffb6ed8000 	C:\Windows\System32\NSI.dll
0x00007fffa9f20000 - 0x00007fffa9f37000 	C:\Windows\SYSTEM32\dhcpcsvc6.DLL
0x00007fffa9ea0000 - 0x00007fffa9ebd000 	C:\Windows\SYSTEM32\dhcpcsvc.DLL
0x00007fffb3b90000 - 0x00007fffb3c5b000 	C:\Windows\SYSTEM32\DNSAPI.dll
0x00007fff8baa0000 - 0x00007fff8baa8000 	C:\Program Files\Android\Android Studio\jre\bin\rmi.dll
0x00007fffb3470000 - 0x00007fffb34a3000 	C:\Windows\SYSTEM32\ntmarta.dll
0x00007fff71010000 - 0x00007fff71037000 	C:\Program Files\Android\Android Studio\jre\bin\sunec.dll

dbghelp: loaded successfully - version: 4.0.5 - missing functions: none
symbol engine: initialized successfully - sym options: 0x614 - pdb path: .;C:\Program Files\Android\Android Studio\jre\bin;C:\Windows\SYSTEM32;C:\Windows\WinSxS\amd64_microsoft.windows.common-controls_6595b64144ccf1df_6.0.19041.1110_none_60b5254171f9507e;C:\Program Files\Android\Android Studio\jre\bin\server;C:\Users\bruno\.gradle\native\8bec1ad78214c89d9ad589b4d07fe93259594b29d510b10fafb7a158f7737e5d\windows-amd64;C:\Users\bruno\.gradle\native\53dbd7edfb1c66fb8903c78663c9afc45aea4f116125fa6feffd364cf09443e8\windows-amd64

VM Arguments:
jvm_args: --add-opens=java.base/java.util=ALL-UNNAMED --add-opens=java.base/java.lang=ALL-UNNAMED --add-opens=java.base/java.lang.invoke=ALL-UNNAMED --add-opens=java.base/java.util=ALL-UNNAMED --add-opens=java.prefs/java.util.prefs=ALL-UNNAMED --add-opens=java.prefs/java.util.prefs=ALL-UNNAMED --add-opens=java.base/java.nio.charset=ALL-UNNAMED --add-opens=java.base/java.net=ALL-UNNAMED --add-opens=java.base/java.util.concurrent.atomic=ALL-UNNAMED -Xmx2048m -Dfile.encoding=UTF-8 -Duser.country=US -Duser.language=en -Duser.variant 
java_command: org.gradle.launcher.daemon.bootstrap.GradleDaemon 7.0.2
java_class_path (initial): C:\Users\bruno\.gradle\wrapper\dists\gradle-7.0.2-bin\857tjihv64xamwrf0h14cai3r\gradle-7.0.2\lib\gradle-launcher-7.0.2.jar
Launcher Type: SUN_STANDARD

[Global flags]
     intx CICompilerCount                          = 3                                         {product} {ergonomic}
     uint ConcGCThreads                            = 1                                         {product} {ergonomic}
     uint G1ConcRefinementThreads                  = 4                                         {product} {ergonomic}
   size_t G1HeapRegionSize                         = 1048576                                   {product} {ergonomic}
    uintx GCDrainStackTargetSize                   = 64                                        {product} {ergonomic}
   size_t InitialHeapSize                          = 134217728                                 {product} {ergonomic}
   size_t MarkStackSize                            = 4194304                                   {product} {ergonomic}
   size_t MaxHeapSize                              = 2147483648                                {product} {command line}
   size_t MaxNewSize                               = 1287651328                                {product} {ergonomic}
   size_t MinHeapDeltaBytes                        = 1048576                                   {product} {ergonomic}
    uintx NonNMethodCodeHeapSize                   = 5830732                                {pd product} {ergonomic}
    uintx NonProfiledCodeHeapSize                  = 122913754                              {pd product} {ergonomic}
    uintx ProfiledCodeHeapSize                     = 122913754                              {pd product} {ergonomic}
    uintx ReservedCodeCacheSize                    = 251658240                              {pd product} {ergonomic}
     bool SegmentedCodeCache                       = true                                      {product} {ergonomic}
     bool UseCompressedClassPointers               = true                                 {lp64_product} {ergonomic}
     bool UseCompressedOops                        = true                                 {lp64_product} {ergonomic}
     bool UseG1GC                                  = true                                      {product} {ergonomic}
     bool UseLargePagesIndividualAllocation        = false                                  {pd product} {ergonomic}

Logging:
Log output configuration:
 #0: stdout all=warning uptime,level,tags
 #1: stderr all=off uptime,level,tags

Environment Variables:
PATH=C:\Program Files\Common Files\Oracle\Java\javapath;C:\Program Files (x86)\Common Files\Oracle\Java\javapath;C:\Windows\system32;C:\Windows;C:\Windows\System32\Wbem;C:\Windows\System32\WindowsPowerShell\v1.0\;C:\Windows\System32\OpenSSH\;C:\Program Files\Microsoft VS Code\bin;C:\Users\bruno\AppData\Roaming\nvm;C:\Program Files\nodejs;C:\Program Files\Microsoft SQL Server\130\Tools\Binn\;C:\Program Files\Microsoft SQL Server\Client SDK\ODBC\170\Tools\Binn\;C:\Program Files (x86)\Intel\Intel(R) Management Engine Components\DAL;C:\Program Files\Intel\Intel(R) Management Engine Components\DAL;C:\Program Files\Git\cmd;C:\xampp\php;C:\ProgramData\ComposerSetup\bin;C:\Program Files\dotnet\;C:\Users\bruno\AppData\Local\Microsoft\WindowsApps;C:\Users\bruno\AppData\Roaming\npm;C:\Users\bruno\AppData\Roaming\nvm;C:\Program Files\nodejs;C:\Program Files\Java\jdk-17\bin;C:\Users\bruno\AppData\Local\hyper\app-3.0.2\resources\bin;C:\Program Files\MongoDB\Server\5.0\bin;C:\xampp\mysql\bin;C:\Users\bruno\AppData\Local\GitHubDesktop\bin;C:\Users\bruno\AppData\Local\Android\Sdk\emulator;C:\flutter\flutter\bin;C:\Program Files\JetBrains\IntelliJ IDEA 2021.2.2\bin;;C:\Program Files\JetBrains\CLion 2021.2.2\bin;;C:\Program Files\JetBrains\WebStorm 2021.2.2\bin;;C:\Program Files\heroku\bin;C:\Users\bruno\AppData\Roaming\Composer\vendor\bin;C:\Users\bruno\.dotnet\tools;C:\Program Files (x86)\ngrok;
USERNAME=bruno
OS=Windows_NT
PROCESSOR_IDENTIFIER=Intel64 Family 6 Model 78 Stepping 3, GenuineIntel



---------------  S Y S T E M  ---------------

OS: Windows 10 , 64 bit Build 19041 (10.0.19041.1348)
OS uptime: 3 days 20:53 hours
Hyper-V role detected

CPU:total 4 (initial active 4) (2 cores per cpu, 2 threads per core) family 6 model 78 stepping 3 microcode 0xea, cmov, cx8, fxsr, mmx, sse, sse2, sse3, ssse3, sse4.1, sse4.2, popcnt, avx, avx2, aes, clmul, erms, rtm, 3dnowpref, lzcnt, ht, tsc, tscinvbit, bmi1, bmi2, adx, fma

Memory: 4k page, system-wide physical 8071M (247M free)
TotalPageFile size 19776M (AvailPageFile size 5M)
current process WorkingSet (physical memory assigned to process): 502M, peak: 502M
current process commit charge ("private bytes"): 636M, peak: 638M

vm_info: OpenJDK 64-Bit Server VM (11.0.10+0-b96-7249189) for windows-amd64 JRE (11.0.10+0-b96-7249189), built on Mar 31 2021 21:44:00 by "builder" with MS VC++ 14.0 (VS2015)

END.
