#
# There is insufficient memory for the Java Runtime Environment to continue.
# Native memory allocation (mmap) failed to map 52428800 bytes for Failed to commit area from 0x000000008f600000 to 0x0000000092800000 of length 52428800.
# Possible reasons:
#   The system is out of physical RAM or swap space
#   The process is running with CompressedOops enabled, and the Java Heap may be blocking the growth of the native heap
# Possible solutions:
#   Reduce memory load on the system
#   Increase physical memory or swap space
#   Check if swap backing store is full
#   Decrease Java heap size (-Xmx/-Xms)
#   Decrease number of Java threads
#   Decrease Java thread stack sizes (-Xss)
#   Set larger code cache with -XX:ReservedCodeCacheSize=
#   JVM is running with Unscaled Compressed Oops mode in which the Java heap is
#     placed in the first 4GB address space. The Java Heap base address is the
#     maximum limit for the native heap growth. Please use -XX:HeapBaseMinAddress
#     to set the Java Heap base and to place the Java Heap above 4GB virtual address.
# This output file may be truncated or incomplete.
#
#  Out of Memory Error (./src/hotspot/os/windows/os_windows.cpp:3301), pid=13820, tid=16244
#
# JRE version: OpenJDK Runtime Environment (11.0.10) (build 11.0.10+0-b96-7249189)
# Java VM: OpenJDK 64-Bit Server VM (11.0.10+0-b96-7249189, mixed mode, tiered, compressed oops, g1 gc, windows-amd64)
# No core dump will be written. Minidumps are not enabled by default on client versions of Windows
#

---------------  S U M M A R Y ------------

Command Line: --add-opens=java.base/java.util=ALL-UNNAMED --add-opens=java.base/java.lang=ALL-UNNAMED --add-opens=java.base/java.lang.invoke=ALL-UNNAMED --add-opens=java.base/java.util=ALL-UNNAMED --add-opens=java.prefs/java.util.prefs=ALL-UNNAMED --add-opens=java.prefs/java.util.prefs=ALL-UNNAMED --add-opens=java.base/java.nio.charset=ALL-UNNAMED --add-opens=java.base/java.net=ALL-UNNAMED --add-opens=java.base/java.util.concurrent.atomic=ALL-UNNAMED -Xmx2048m -Dfile.encoding=UTF-8 -Duser.country=US -Duser.language=en -Duser.variant org.gradle.launcher.daemon.bootstrap.GradleDaemon 7.0.2

Host: Intel(R) Core(TM) i7-6600U CPU @ 2.60GHz, 4 cores, 7G,  Windows 10 , 64 bit Build 19041 (10.0.19041.1348)
Time: Fri Dec 24 01:41:44 2021 E. Africa Standard Time elapsed time: 6320.025103 seconds (0d 1h 45m 20s)

---------------  T H R E A D  ---------------

Current thread (0x0000022ff35aa800):  VMThread "VM Thread" [stack: 0x000000beed000000,0x000000beed100000] [id=16244]

Stack: [0x000000beed000000,0x000000beed100000]
[error occurred during error reporting (printing stack bounds), id 0xc0000005, EXCEPTION_ACCESS_VIOLATION (0xc0000005) at pc=0x0000022fdcd80f2d]

Native frames: (J=compiled Java code, j=interpreted, Vv=VM code, C=native code)
V  [jvm.dll+0x5ecfaa]
V  [jvm.dll+0x722bd5]
V  [jvm.dll+0x72412d]
V  [jvm.dll+0x724745]
V  [jvm.dll+0x7246fb]
V  [jvm.dll+0x5ec348]
V  [jvm.dll+0x5ecad8]
C  [ntdll.dll+0xa20cf]
C  [ntdll.dll+0x51454]
C  [ntdll.dll+0xa0bfe]
C  0x0000022fdcd80f2d

VM_Operation (0x000000bef29fcc80): G1CollectForAllocation, mode: safepoint, requested by thread 0x0000022ff721b800


---------------  P R O C E S S  ---------------

Threads class SMR info:
_java_thread_list=0x0000022ffbfeb740, length=90, elements={
0x0000022fd7a5e800, 0x0000022ff35b0800, 0x0000022ff35bc000, 0x0000022ff3f42800,
0x0000022ff35cc000, 0x0000022ff35cd800, 0x0000022ff35cf800, 0x0000022ff35dc000,
0x0000022ff35e4000, 0x0000022ff4074000, 0x0000022ff6080000, 0x0000022ff42fe800,
0x0000022ff53c5000, 0x0000022ff69c0800, 0x0000022ff69c0000, 0x0000022ff69c1800,
0x0000022ff69bc800, 0x0000022ff69c3000, 0x0000022ff7212800, 0x0000022ff7213800,
0x0000022ff7210000, 0x0000022ff7216800, 0x0000022ff7217800, 0x0000022ff721a000,
0x0000022ff7218800, 0x0000022ffb87a000, 0x0000022ffb880800, 0x0000022ffb883000,
0x0000022ffb883800, 0x0000022ffb882000, 0x0000022ffb885800, 0x0000022ffb881000,
0x0000022ffba30000, 0x0000022ffba2d800, 0x0000022ffb87a800, 0x0000022ffba2b000,
0x0000022ffba2c800, 0x0000022ffba2c000, 0x0000022ffba2a000, 0x0000022ffa4da000,
0x0000022ffba24800, 0x0000022ff721d000, 0x0000022ffba23800, 0x0000022ffe4d3000,
0x0000022ffe4d2000, 0x0000022ffe4d4000, 0x0000022ffe4cb800, 0x0000022ffe4d0800,
0x0000022ffe4d5800, 0x0000022ffe4d6800, 0x0000022ffba21800, 0x0000022ffba27000,
0x0000022ffba26000, 0x0000022ffb87f800, 0x0000022ffb87d000, 0x0000022ffb886000,
0x0000022ffba22000, 0x0000022ff7212000, 0x0000022ff7215000, 0x0000022ffe4d1800,
0x0000022ff721b000, 0x0000022ffba28000, 0x0000022ffa4d7800, 0x0000022ffa4d3000,
0x0000022ffa4d4000, 0x0000022ffa4d5000, 0x0000022ffa4d5800, 0x0000022ffa4d6800,
0x0000022ffe4c8800, 0x0000022ffe4cd800, 0x0000022ffe4c9000, 0x0000022ffe4ca000,
0x0000022ffe4cb000, 0x0000022ffe4c7800, 0x0000022ffe4cf800, 0x0000022ffe4cc800,
0x0000022ffe4cf000, 0x0000022ffe4ce000, 0x0000022ffe4d4800, 0x0000022ffba28800,
0x0000022ffba23000, 0x0000022ffba29800, 0x0000022ffba25800, 0x0000022ffba2e800,
0x0000022ff69bd800, 0x0000022ff69bf000, 0x0000022ff69be000, 0x0000022ff7211000,
0x0000022ff721b800, 0x0000022ff721c800
}

Java Threads: ( => current thread )
  0x0000022fd7a5e800 JavaThread "main" [_thread_blocked, id=14328, stack(0x000000beeca00000,0x000000beecb00000)]
  0x0000022ff35b0800 JavaThread "Reference Handler" daemon [_thread_blocked, id=14268, stack(0x000000beed100000,0x000000beed200000)]
  0x0000022ff35bc000 JavaThread "Finalizer" daemon [_thread_blocked, id=1472, stack(0x000000beed200000,0x000000beed300000)]
  0x0000022ff3f42800 JavaThread "Signal Dispatcher" daemon [_thread_blocked, id=15404, stack(0x000000beed400000,0x000000beed500000)]
  0x0000022ff35cc000 JavaThread "Attach Listener" daemon [_thread_blocked, id=14052, stack(0x000000beed500000,0x000000beed600000)]
  0x0000022ff35cd800 JavaThread "Service Thread" daemon [_thread_blocked, id=13900, stack(0x000000beed600000,0x000000beed700000)]
  0x0000022ff35cf800 JavaThread "C2 CompilerThread0" daemon [_thread_blocked, id=15188, stack(0x000000beed700000,0x000000beed800000)]
  0x0000022ff35dc000 JavaThread "C1 CompilerThread0" daemon [_thread_blocked, id=16012, stack(0x000000beed800000,0x000000beed900000)]
  0x0000022ff35e4000 JavaThread "Sweeper thread" daemon [_thread_blocked, id=3560, stack(0x000000beed900000,0x000000beeda00000)]
  0x0000022ff4074000 JavaThread "Common-Cleaner" daemon [_thread_blocked, id=8856, stack(0x000000beeda00000,0x000000beedb00000)]
  0x0000022ff6080000 JavaThread "Daemon health stats" [_thread_blocked, id=8408, stack(0x000000beedf00000,0x000000beee000000)]
  0x0000022ff42fe800 JavaThread "Incoming local TCP Connector on port 49726" [_thread_in_native, id=15416, stack(0x000000beedc00000,0x000000beedd00000)]
  0x0000022ff53c5000 JavaThread "Daemon periodic checks" [_thread_blocked, id=5368, stack(0x000000beee000000,0x000000beee100000)]
  0x0000022ff69c0800 JavaThread "Cache worker for file hash cache (C:\Users\bruno\.gradle\caches\7.0.2\fileHashes)" [_thread_blocked, id=11068, stack(0x000000beee800000,0x000000beee900000)]
  0x0000022ff69c0000 JavaThread "File lock request listener" [_thread_in_native, id=11912, stack(0x000000beee900000,0x000000beeea00000)]
  0x0000022ff69c1800 JavaThread "Cache worker for journal cache (C:\Users\bruno\.gradle\caches\journal-1)" [_thread_blocked, id=5808, stack(0x000000beeeb00000,0x000000beeec00000)]
  0x0000022ff69bc800 JavaThread "File watcher server" daemon [_thread_blocked, id=5880, stack(0x000000beeed00000,0x000000beeee00000)]
  0x0000022ff69c3000 JavaThread "File watcher consumer" daemon [_thread_blocked, id=12496, stack(0x000000beeee00000,0x000000beeef00000)]
  0x0000022ff7212800 JavaThread "Cache worker for execution history cache (C:\Users\bruno\.gradle\caches\7.0.2\executionHistory)" [_thread_blocked, id=6244, stack(0x000000beef100000,0x000000beef200000)]
  0x0000022ff7213800 JavaThread "jar transforms" [_thread_blocked, id=11812, stack(0x000000beef300000,0x000000beef400000)]
  0x0000022ff7210000 JavaThread "jar transforms Thread 2" [_thread_blocked, id=4196, stack(0x000000beef500000,0x000000beef600000)]
  0x0000022ff7216800 JavaThread "Cache worker for file content cache (C:\Users\bruno\.gradle\caches\7.0.2\fileContent)" [_thread_blocked, id=15672, stack(0x000000beef600000,0x000000beef700000)]
  0x0000022ff7217800 JavaThread "jar transforms Thread 3" [_thread_blocked, id=2404, stack(0x000000beef700000,0x000000beef800000)]
  0x0000022ff721a000 JavaThread "jar transforms Thread 4" [_thread_blocked, id=5888, stack(0x000000beefe00000,0x000000beeff00000)]
  0x0000022ff7218800 JavaThread "Memory manager" [_thread_blocked, id=13112, stack(0x000000beeff00000,0x000000bef0000000)]
  0x0000022ffb87a000 JavaThread "pool-3-thread-1" [_thread_blocked, id=13904, stack(0x000000bef0100000,0x000000bef0200000)]
  0x0000022ffb880800 JavaThread "RMI Scheduler(0)" daemon [_thread_blocked, id=11440, stack(0x000000beef800000,0x000000beef900000)]
  0x0000022ffb883000 JavaThread "RMI GC Daemon" daemon [_thread_blocked, id=4404, stack(0x000000bef0a00000,0x000000bef0b00000)]
  0x0000022ffb883800 JavaThread "RMI TCP Accept-0" daemon [_thread_in_native, id=14648, stack(0x000000bef0c00000,0x000000bef0d00000)]
  0x0000022ffb882000 JavaThread "RMI Reaper" [_thread_blocked, id=2732, stack(0x000000bef0d00000,0x000000bef0e00000)]
  0x0000022ffb885800 JavaThread "Cache worker for Java compile cache (C:\Users\bruno\.gradle\caches\7.0.2\javaCompile)" [_thread_blocked, id=6868, stack(0x000000beec900000,0x000000beeca00000)]
  0x0000022ffb881000 JavaThread "pool-7-thread-1" [_thread_blocked, id=13672, stack(0x000000bef0200000,0x000000bef0300000)]
  0x0000022ffba30000 JavaThread "pool-11-thread-1" [_thread_blocked, id=972, stack(0x000000bef0000000,0x000000bef0100000)]
  0x0000022ffba2d800 JavaThread "pool-15-thread-1" [_thread_blocked, id=13456, stack(0x000000bef0300000,0x000000bef0400000)]
  0x0000022ffb87a800 JavaThread "pool-19-thread-1" [_thread_blocked, id=15088, stack(0x000000beefd00000,0x000000beefe00000)]
  0x0000022ffba2b000 JavaThread "pool-23-thread-1" [_thread_blocked, id=15956, stack(0x000000bef0400000,0x000000bef0500000)]
  0x0000022ffba2c800 JavaThread "pool-26-thread-1" [_thread_blocked, id=10740, stack(0x000000bef0500000,0x000000bef0600000)]
  0x0000022ffba2c000 JavaThread "pool-29-thread-1" [_thread_blocked, id=1920, stack(0x000000bef0600000,0x000000bef0700000)]
  0x0000022ffba2a000 JavaThread "pool-32-thread-1" [_thread_blocked, id=4920, stack(0x000000bef0700000,0x000000bef0800000)]
  0x0000022ffa4da000 JavaThread "pool-36-thread-1" [_thread_blocked, id=6332, stack(0x000000bef0800000,0x000000bef0900000)]
  0x0000022ffba24800 JavaThread "pool-39-thread-1" [_thread_blocked, id=12636, stack(0x000000bef0900000,0x000000bef0a00000)]
  0x0000022ff721d000 JavaThread "pool-43-thread-1" [_thread_blocked, id=5800, stack(0x000000bef0e00000,0x000000bef0f00000)]
  0x0000022ffba23800 JavaThread "pool-47-thread-1" [_thread_blocked, id=14836, stack(0x000000bef0f00000,0x000000bef1000000)]
  0x0000022ffe4d3000 JavaThread "pool-51-thread-1" [_thread_blocked, id=14392, stack(0x000000bef1000000,0x000000bef1100000)]
  0x0000022ffe4d2000 JavaThread "pool-55-thread-1" [_thread_blocked, id=2752, stack(0x000000bef0b00000,0x000000bef0c00000)]
  0x0000022ffe4d4000 JavaThread "pool-59-thread-1" [_thread_blocked, id=13184, stack(0x000000bef1100000,0x000000bef1200000)]
  0x0000022ffe4cb800 JavaThread "pool-63-thread-1" [_thread_blocked, id=9444, stack(0x000000bef1200000,0x000000bef1300000)]
  0x0000022ffe4d0800 JavaThread "pool-67-thread-1" [_thread_blocked, id=6504, stack(0x000000bef1300000,0x000000bef1400000)]
  0x0000022ffe4d5800 JavaThread "pool-71-thread-1" [_thread_blocked, id=3868, stack(0x000000bef1400000,0x000000bef1500000)]
  0x0000022ffe4d6800 JavaThread "pool-75-thread-1" [_thread_blocked, id=9180, stack(0x000000bef1500000,0x000000bef1600000)]
  0x0000022ffba21800 JavaThread "pool-79-thread-1" [_thread_blocked, id=7516, stack(0x000000bef1600000,0x000000bef1700000)]
  0x0000022ffba27000 JavaThread "pool-83-thread-1" [_thread_blocked, id=11356, stack(0x000000bef1800000,0x000000bef1900000)]
  0x0000022ffba26000 JavaThread "pool-87-thread-1" [_thread_blocked, id=12528, stack(0x000000bef1900000,0x000000bef1a00000)]
  0x0000022ffb87f800 JavaThread "ForkJoinPool.commonPool-worker-3" daemon [_thread_blocked, id=10676, stack(0x000000bef2a00000,0x000000bef2b00000)]
  0x0000022ffb87d000 JavaThread "Daemon Thread 21" [_thread_blocked, id=9880, stack(0x000000beec800000,0x000000beec900000)]
  0x0000022ffb886000 JavaThread "Daemon worker Thread 21" [_thread_blocked, id=4864, stack(0x000000beee200000,0x000000beee300000)]
  0x0000022ffba22000 JavaThread "pool-91-thread-1" [_thread_blocked, id=2308, stack(0x000000bef1700000,0x000000bef1800000)]
  0x0000022ff7212000 JavaThread "RMI TCP Connection(107)-127.0.0.1" daemon [_thread_in_native, id=1928, stack(0x000000bef2000000,0x000000bef2100000)]
  0x0000022ff7215000 JavaThread "RMI TCP Connection(105)-127.0.0.1" daemon [_thread_in_native, id=14104, stack(0x000000bef2200000,0x000000bef2300000)]
  0x0000022ffe4d1800 JavaThread "pool-94-thread-1" [_thread_blocked, id=13172, stack(0x000000bef1a00000,0x000000bef1b00000)]
  0x0000022ff721b000 JavaThread "RMI TCP Connection(idle)" daemon [_thread_blocked, id=16268, stack(0x000000bef2400000,0x000000bef2500000)]
  0x0000022ffba28000 JavaThread "pool-97-thread-1" [_thread_blocked, id=3224, stack(0x000000bef1b00000,0x000000bef1c00000)]
  0x0000022ffa4d7800 JavaThread "Handler for socket connection from /127.0.0.1:49726 to /127.0.0.1:60159" [_thread_in_native, id=9060, stack(0x000000beed300000,0x000000beed400000)]
  0x0000022ffa4d3000 JavaThread "Cancel handler" [_thread_blocked, id=11564, stack(0x000000beee100000,0x000000beee200000)]
  0x0000022ffa4d4000 JavaThread "Asynchronous log dispatcher for DefaultDaemonConnection: socket connection from /127.0.0.1:49726 to /127.0.0.1:60159" [_thread_blocked, id=1500, stack(0x000000beee300000,0x000000beee400000)]
  0x0000022ffa4d5000 JavaThread "Stdin handler" [_thread_blocked, id=16104, stack(0x000000beee400000,0x000000beee500000)]
  0x0000022ffa4d5800 JavaThread "Daemon client event forwarder" [_thread_blocked, id=5324, stack(0x000000beee500000,0x000000beee600000)]
  0x0000022ffa4d6800 JavaThread "Cache worker for file hash cache (C:\Users\bruno\Documents\DIT\2.2\ICT Project II\Project\Android\E-Progression\.gradle\7.0.2\fileHashes)" [_thread_blocked, id=14976, stack(0x000000beee600000,0x000000beee700000)]
  0x0000022ffe4c8800 JavaThread "Cache worker for checksums cache (C:\Users\bruno\Documents\DIT\2.2\ICT Project II\Project\Android\E-Progression\.gradle\checksums)" [_thread_blocked, id=6076, stack(0x000000beee700000,0x000000beee800000)]
  0x0000022ffe4cd800 JavaThread "Cache worker for cache directory md-supplier (C:\Users\bruno\.gradle\caches\7.0.2\md-supplier)" [_thread_blocked, id=10692, stack(0x000000beeec00000,0x000000beeed00000)]
  0x0000022ffe4c9000 JavaThread "Cache worker for cache directory md-rule (C:\Users\bruno\.gradle\caches\7.0.2\md-rule)" [_thread_blocked, id=16356, stack(0x000000beeef00000,0x000000beef000000)]
  0x0000022ffe4ca000 JavaThread "Cache worker for dependencies-accessors (C:\Users\bruno\Documents\DIT\2.2\ICT Project II\Project\Android\E-Progression\.gradle\7.0.2\dependencies-accessors)" [_thread_blocked, id=8392, stack(0x000000beef000000,0x000000beef100000)]
  0x0000022ffe4cb000 JavaThread "Cache worker for Build Output Cleanup Cache (C:\Users\bruno\Documents\DIT\2.2\ICT Project II\Project\Android\E-Progression\.gradle\buildOutputCleanup)" [_thread_blocked, id=6676, stack(0x000000beef200000,0x000000beef300000)]
  0x0000022ffe4c7800 JavaThread "Build operations" [_thread_blocked, id=14796, stack(0x000000beef400000,0x000000beef500000)]
  0x0000022ffe4cf800 JavaThread "Build operations Thread 2" [_thread_blocked, id=10996, stack(0x000000beef900000,0x000000beefa00000)]
  0x0000022ffe4cc800 JavaThread "Build operations Thread 3" [_thread_blocked, id=6700, stack(0x000000beefa00000,0x000000beefb00000)]
  0x0000022ffe4cf000 JavaThread "Build operations Thread 4" [_thread_blocked, id=9148, stack(0x000000beefb00000,0x000000beefc00000)]
  0x0000022ffe4ce000 JavaThread "build event listener" [_thread_blocked, id=6000, stack(0x000000beefc00000,0x000000beefd00000)]
  0x0000022ffe4d4800 JavaThread "pool-100-thread-1" [_thread_blocked, id=16252, stack(0x000000bef1c00000,0x000000bef1d00000)]
  0x0000022ffba28800 JavaThread "build event listener" [_thread_blocked, id=16376, stack(0x000000bef1d00000,0x000000bef1e00000)]
  0x0000022ffba23000 JavaThread "Execution worker for ':'" [_thread_blocked, id=3368, stack(0x000000bef1e00000,0x000000bef1f00000)]
  0x0000022ffba29800 JavaThread "Execution worker for ':' Thread 2" [_thread_blocked, id=15464, stack(0x000000bef1f00000,0x000000bef2000000)]
  0x0000022ffba25800 JavaThread "Execution worker for ':' Thread 3" [_thread_blocked, id=7216, stack(0x000000bef2100000,0x000000bef2200000)]
  0x0000022ffba2e800 JavaThread "Cache worker for execution history cache (C:\Users\bruno\Documents\DIT\2.2\ICT Project II\Project\Android\E-Progression\.gradle\7.0.2\executionHistory)" [_thread_blocked, id=4876, stack(0x000000bef2300000,0x000000bef2400000)]
  0x0000022ff69bd800 JavaThread "WorkerExecutor Queue" [_thread_blocked, id=15228, stack(0x000000bef2500000,0x000000bef2600000)]
  0x0000022ff69bf000 JavaThread "Cache worker for Java compile cache (C:\Users\bruno\Documents\DIT\2.2\ICT Project II\Project\Android\E-Progression\.gradle\7.0.2\javaCompile)" [_thread_blocked, id=2708, stack(0x000000bef2700000,0x000000bef2800000)]
  0x0000022ff69be000 JavaThread "WorkerExecutor Queue Thread 2" [_thread_blocked, id=6796, stack(0x000000bef2600000,0x000000bef2700000)]
  0x0000022ff7211000 JavaThread "WorkerExecutor Queue Thread 3" [_thread_blocked, id=7060, stack(0x000000bef2800000,0x000000bef2900000)]
  0x0000022ff721b800 JavaThread "WorkerExecutor Queue Thread 4" [_thread_blocked, id=15116, stack(0x000000bef2900000,0x000000bef2a00000)]
  0x0000022ff721c800 JavaThread "WorkerExecutor Queue Thread 5" [_thread_blocked, id=2688, stack(0x000000bef2b00000,0x000000bef2c00000)]

Other Threads:
=>0x0000022ff35aa800 VMThread "VM Thread" [stack: 0x000000beed000000,0x000000beed100000] [id=16244]
  0x0000022ff40ab000 WatcherThread [stack: 0x000000beedb00000,0x000000beedc00000] [id=13028]
  0x0000022fd7a75800 GCTaskThread "GC Thread#0" [stack: 0x000000beecb00000,0x000000beecc00000] [id=4044]
  0x0000022ff4792000 GCTaskThread "GC Thread#1" [stack: 0x000000beedd00000,0x000000beede00000] [id=4208]
  0x0000022ff4ae3000 GCTaskThread "GC Thread#2" [stack: 0x000000beede00000,0x000000beedf00000] [id=11668]
  0x0000022ff5ace800 GCTaskThread "GC Thread#3" [stack: 0x000000beeea00000,0x000000beeeb00000] [id=16136]
  0x0000022fd7aa8000 ConcurrentGCThread "G1 Main Marker" [stack: 0x000000beecc00000,0x000000beecd00000] [id=6772]
  0x0000022fd7aaa800 ConcurrentGCThread "G1 Conc#0" [stack: 0x000000beecd00000,0x000000beece00000] [id=14876]
  0x0000022fd7b38800 ConcurrentGCThread "G1 Refine#0" [stack: 0x000000beece00000,0x000000beecf00000] [id=4296]
  0x0000022fd7b39800 ConcurrentGCThread "G1 Young RemSet Sampling" [stack: 0x000000beecf00000,0x000000beed000000] [id=4484]

Threads with active compile tasks:
C2 CompilerThread06320124 42884       4       com.android.tools.r8.internal.Ne::G (324 bytes)

VM state:at safepoint (normal execution)

VM Mutex/Monitor currently owned by a thread:  ([mutex/lock_event])
[0x0000022fd7a3ab60] Threads_lock - owner thread: 0x0000022ff35aa800
[0x0000022fd7a3b3d0] Heap_lock - owner thread: 0x0000022ff721b800

Heap address: 0x0000000080000000, size: 2048 MB, Compressed Oops mode: 32-bit
Narrow klass base: 0x0000000000000000, Narrow klass shift: 3
Compressed class space size: 1073741824 Address: 0x0000000100000000

Heap:
 garbage-first heap   total 303104K, used 166532K [0x0000000080000000, 0x0000000100000000)
  region size 1024K, 3 young (3072K), 3 survivors (3072K)
 Metaspace       used 141410K, capacity 146591K, committed 158716K, reserved 1187840K
  class space    used 16941K, capacity 18789K, committed 20608K, reserved 1048576K
Heap Regions: E=young(eden), S=young(survivor), O=old, HS=humongous(starts), HC=humongous(continues), CS=collection set, F=free, A=archive, TAMS=top-at-mark-start (previous, next)
|   0|0x0000000080000000, 0x0000000080100000, 0x0000000080100000|100%| O|  |TAMS 0x0000000080100000, 0x0000000080000000| Updating 
|   1|0x0000000080100000, 0x0000000080200000, 0x0000000080200000|100%| O|  |TAMS 0x0000000080200000, 0x0000000080100000| Updating 
|   2|0x0000000080200000, 0x0000000080300000, 0x0000000080300000|100%| O|  |TAMS 0x0000000080300000, 0x0000000080200000| Updating 
|   3|0x0000000080300000, 0x0000000080400000, 0x0000000080400000|100%|HS|  |TAMS 0x0000000080400000, 0x0000000080300000| Complete 
|   4|0x0000000080400000, 0x0000000080500000, 0x0000000080500000|100%|HC|  |TAMS 0x0000000080500000, 0x0000000080400000| Complete 
|   5|0x0000000080500000, 0x0000000080600000, 0x0000000080600000|100%|HC|  |TAMS 0x0000000080600000, 0x0000000080500000| Complete 
|   6|0x0000000080600000, 0x0000000080700000, 0x0000000080700000|100%| O|  |TAMS 0x0000000080700000, 0x0000000080600000| Updating 
|   7|0x0000000080700000, 0x0000000080800000, 0x0000000080800000|100%| O|  |TAMS 0x0000000080800000, 0x0000000080700000| Updating 
|   8|0x0000000080800000, 0x0000000080900000, 0x0000000080900000|100%| O|  |TAMS 0x0000000080900000, 0x0000000080800000| Updating 
|   9|0x0000000080900000, 0x0000000080a00000, 0x0000000080a00000|100%| O|  |TAMS 0x0000000080a00000, 0x0000000080900000| Updating 
|  10|0x0000000080a00000, 0x0000000080b00000, 0x0000000080b00000|100%| O|  |TAMS 0x0000000080b00000, 0x0000000080a00000| Updating 
|  11|0x0000000080b00000, 0x0000000080c00000, 0x0000000080c00000|100%| O|  |TAMS 0x0000000080c00000, 0x0000000080b00000| Updating 
|  12|0x0000000080c00000, 0x0000000080d00000, 0x0000000080d00000|100%| O|  |TAMS 0x0000000080d00000, 0x0000000080c00000| Updating 
|  13|0x0000000080d00000, 0x0000000080e00000, 0x0000000080e00000|100%| O|  |TAMS 0x0000000080e00000, 0x0000000080d00000| Updating 
|  14|0x0000000080e00000, 0x0000000080f00000, 0x0000000080f00000|100%| O|  |TAMS 0x0000000080f00000, 0x0000000080e00000| Updating 
|  15|0x0000000080f00000, 0x0000000081000000, 0x0000000081000000|100%| O|  |TAMS 0x0000000081000000, 0x0000000080f00000| Updating 
|  16|0x0000000081000000, 0x0000000081100000, 0x0000000081100000|100%|HS|  |TAMS 0x0000000081100000, 0x0000000081000000| Complete 
|  17|0x0000000081100000, 0x0000000081200000, 0x0000000081200000|100%| O|  |TAMS 0x0000000081200000, 0x0000000081100000| Updating 
|  18|0x0000000081200000, 0x0000000081300000, 0x0000000081300000|100%|HS|  |TAMS 0x0000000081300000, 0x0000000081200000| Complete 
|  19|0x0000000081300000, 0x0000000081400000, 0x0000000081400000|100%| O|  |TAMS 0x0000000081400000, 0x0000000081300000| Updating 
|  20|0x0000000081400000, 0x0000000081500000, 0x0000000081500000|100%| O|  |TAMS 0x0000000081500000, 0x0000000081400000| Updating 
|  21|0x0000000081500000, 0x0000000081600000, 0x0000000081600000|100%| O|  |TAMS 0x0000000081600000, 0x0000000081500000| Updating 
|  22|0x0000000081600000, 0x0000000081700000, 0x0000000081700000|100%|HS|  |TAMS 0x0000000081700000, 0x0000000081600000| Complete 
|  23|0x0000000081700000, 0x0000000081800000, 0x0000000081800000|100%|HS|  |TAMS 0x0000000081800000, 0x0000000081700000| Complete 
|  24|0x0000000081800000, 0x0000000081900000, 0x0000000081900000|100%|HS|  |TAMS 0x0000000081900000, 0x0000000081800000| Complete 
|  25|0x0000000081900000, 0x0000000081a00000, 0x0000000081a00000|100%|HC|  |TAMS 0x0000000081a00000, 0x0000000081900000| Complete 
|  26|0x0000000081a00000, 0x0000000081b00000, 0x0000000081b00000|100%|HC|  |TAMS 0x0000000081b00000, 0x0000000081a00000| Complete 
|  27|0x0000000081b00000, 0x0000000081c00000, 0x0000000081c00000|100%|HS|  |TAMS 0x0000000081c00000, 0x0000000081b00000| Complete 
|  28|0x0000000081c00000, 0x0000000081d00000, 0x0000000081d00000|100%|HC|  |TAMS 0x0000000081d00000, 0x0000000081c00000| Complete 
|  29|0x0000000081d00000, 0x0000000081e00000, 0x0000000081e00000|100%| O|  |TAMS 0x0000000081e00000, 0x0000000081d00000| Updating 
|  30|0x0000000081e00000, 0x0000000081f00000, 0x0000000081f00000|100%| O|  |TAMS 0x0000000081f00000, 0x0000000081e00000| Updating 
|  31|0x0000000081f00000, 0x0000000082000000, 0x0000000082000000|100%| O|  |TAMS 0x0000000082000000, 0x0000000081f00000| Updating 
|  32|0x0000000082000000, 0x0000000082100000, 0x0000000082100000|100%| O|  |TAMS 0x0000000082100000, 0x0000000082000000| Updating 
|  33|0x0000000082100000, 0x0000000082200000, 0x0000000082200000|100%| O|  |TAMS 0x0000000082200000, 0x0000000082100000| Updating 
|  34|0x0000000082200000, 0x0000000082300000, 0x0000000082300000|100%| O|  |TAMS 0x0000000082300000, 0x0000000082200000| Updating 
|  35|0x0000000082300000, 0x0000000082400000, 0x0000000082400000|100%| O|  |TAMS 0x0000000082400000, 0x0000000082300000| Updating 
|  36|0x0000000082400000, 0x0000000082500000, 0x0000000082500000|100%| O|  |TAMS 0x0000000082500000, 0x0000000082400000| Updating 
|  37|0x0000000082500000, 0x0000000082600000, 0x0000000082600000|100%| O|  |TAMS 0x0000000082600000, 0x0000000082500000| Updating 
|  38|0x0000000082600000, 0x0000000082700000, 0x0000000082700000|100%| O|  |TAMS 0x0000000082700000, 0x0000000082600000| Updating 
|  39|0x0000000082700000, 0x0000000082800000, 0x0000000082800000|100%| O|  |TAMS 0x0000000082800000, 0x0000000082700000| Updating 
|  40|0x0000000082800000, 0x0000000082900000, 0x0000000082900000|100%| O|  |TAMS 0x0000000082900000, 0x0000000082800000| Updating 
|  41|0x0000000082900000, 0x0000000082a00000, 0x0000000082a00000|100%| O|  |TAMS 0x0000000082a00000, 0x0000000082900000| Updating 
|  42|0x0000000082a00000, 0x0000000082b00000, 0x0000000082b00000|100%| O|  |TAMS 0x0000000082b00000, 0x0000000082a00000| Updating 
|  43|0x0000000082b00000, 0x0000000082c00000, 0x0000000082c00000|100%| O|  |TAMS 0x0000000082c00000, 0x0000000082b00000| Updating 
|  44|0x0000000082c00000, 0x0000000082d00000, 0x0000000082d00000|100%|HS|  |TAMS 0x0000000082d00000, 0x0000000082c00000| Complete 
|  45|0x0000000082d00000, 0x0000000082e00000, 0x0000000082e00000|100%|HC|  |TAMS 0x0000000082e00000, 0x0000000082d00000| Complete 
|  46|0x0000000082e00000, 0x0000000082f00000, 0x0000000082f00000|100%| O|  |TAMS 0x0000000082f00000, 0x0000000082e00000| Updating 
|  47|0x0000000082f00000, 0x0000000083000000, 0x0000000083000000|100%| O|  |TAMS 0x0000000083000000, 0x0000000082f00000| Updating 
|  48|0x0000000083000000, 0x0000000083100000, 0x0000000083100000|100%| O|  |TAMS 0x0000000083100000, 0x0000000083000000| Updating 
|  49|0x0000000083100000, 0x0000000083200000, 0x0000000083200000|100%| O|  |TAMS 0x0000000083200000, 0x0000000083100000| Updating 
|  50|0x0000000083200000, 0x0000000083300000, 0x0000000083300000|100%| O|  |TAMS 0x0000000083300000, 0x0000000083200000| Updating 
|  51|0x0000000083300000, 0x0000000083400000, 0x0000000083400000|100%| O|  |TAMS 0x0000000083400000, 0x0000000083300000| Updating 
|  52|0x0000000083400000, 0x0000000083500000, 0x0000000083500000|100%| O|  |TAMS 0x0000000083500000, 0x0000000083400000| Updating 
|  53|0x0000000083500000, 0x0000000083600000, 0x0000000083600000|100%| O|  |TAMS 0x0000000083600000, 0x0000000083500000| Updating 
|  54|0x0000000083600000, 0x0000000083700000, 0x0000000083700000|100%| O|  |TAMS 0x0000000083700000, 0x0000000083600000| Updating 
|  55|0x0000000083700000, 0x0000000083800000, 0x0000000083800000|100%| O|  |TAMS 0x0000000083800000, 0x0000000083700000| Updating 
|  56|0x0000000083800000, 0x0000000083900000, 0x0000000083900000|100%| O|  |TAMS 0x0000000083900000, 0x0000000083800000| Updating 
|  57|0x0000000083900000, 0x0000000083a00000, 0x0000000083a00000|100%| O|  |TAMS 0x0000000083a00000, 0x0000000083900000| Updating 
|  58|0x0000000083a00000, 0x0000000083b00000, 0x0000000083b00000|100%| O|  |TAMS 0x0000000083b00000, 0x0000000083a00000| Updating 
|  59|0x0000000083b00000, 0x0000000083c00000, 0x0000000083c00000|100%| O|  |TAMS 0x0000000083c00000, 0x0000000083b00000| Updating 
|  60|0x0000000083c00000, 0x0000000083d00000, 0x0000000083d00000|100%| O|  |TAMS 0x0000000083d00000, 0x0000000083c00000| Updating 
|  61|0x0000000083d00000, 0x0000000083e00000, 0x0000000083e00000|100%| O|  |TAMS 0x0000000083e00000, 0x0000000083d00000| Updating 
|  62|0x0000000083e00000, 0x0000000083f00000, 0x0000000083f00000|100%| O|  |TAMS 0x0000000083f00000, 0x0000000083e00000| Updating 
|  63|0x0000000083f00000, 0x0000000084000000, 0x0000000084000000|100%| O|  |TAMS 0x0000000084000000, 0x0000000083f00000| Updating 
|  64|0x0000000084000000, 0x0000000084100000, 0x0000000084100000|100%| O|  |TAMS 0x0000000084100000, 0x0000000084000000| Updating 
|  65|0x0000000084100000, 0x0000000084200000, 0x0000000084200000|100%| O|  |TAMS 0x0000000084200000, 0x0000000084100000| Updating 
|  66|0x0000000084200000, 0x0000000084300000, 0x0000000084300000|100%| O|  |TAMS 0x0000000084300000, 0x0000000084200000| Updating 
|  67|0x0000000084300000, 0x0000000084400000, 0x0000000084400000|100%| O|  |TAMS 0x0000000084400000, 0x0000000084300000| Updating 
|  68|0x0000000084400000, 0x0000000084500000, 0x0000000084500000|100%| O|  |TAMS 0x0000000084500000, 0x0000000084400000| Updating 
|  69|0x0000000084500000, 0x0000000084600000, 0x0000000084600000|100%| O|  |TAMS 0x0000000084600000, 0x0000000084500000| Updating 
|  70|0x0000000084600000, 0x0000000084700000, 0x0000000084700000|100%| O|  |TAMS 0x0000000084700000, 0x0000000084600000| Updating 
|  71|0x0000000084700000, 0x0000000084800000, 0x0000000084800000|100%| O|  |TAMS 0x0000000084800000, 0x0000000084700000| Updating 
|  72|0x0000000084800000, 0x0000000084900000, 0x0000000084900000|100%| O|  |TAMS 0x0000000084900000, 0x0000000084800000| Updating 
|  73|0x0000000084900000, 0x0000000084a00000, 0x0000000084a00000|100%| O|  |TAMS 0x0000000084a00000, 0x0000000084900000| Updating 
|  74|0x0000000084a00000, 0x0000000084b00000, 0x0000000084b00000|100%| O|  |TAMS 0x0000000084b00000, 0x0000000084a00000| Updating 
|  75|0x0000000084b00000, 0x0000000084c00000, 0x0000000084c00000|100%| O|  |TAMS 0x0000000084c00000, 0x0000000084b00000| Updating 
|  76|0x0000000084c00000, 0x0000000084d00000, 0x0000000084d00000|100%| O|  |TAMS 0x0000000084d00000, 0x0000000084c00000| Updating 
|  77|0x0000000084d00000, 0x0000000084e00000, 0x0000000084e00000|100%| O|  |TAMS 0x0000000084e00000, 0x0000000084d00000| Updating 
|  78|0x0000000084e00000, 0x0000000084f00000, 0x0000000084f00000|100%| O|  |TAMS 0x0000000084f00000, 0x0000000084e00000| Updating 
|  79|0x0000000084f00000, 0x0000000085000000, 0x0000000085000000|100%| O|  |TAMS 0x0000000085000000, 0x0000000084f00000| Updating 
|  80|0x0000000085000000, 0x0000000085100000, 0x0000000085100000|100%| O|  |TAMS 0x0000000085100000, 0x0000000085000000| Updating 
|  81|0x0000000085100000, 0x0000000085200000, 0x0000000085200000|100%| O|  |TAMS 0x0000000085200000, 0x0000000085100000| Updating 
|  82|0x0000000085200000, 0x0000000085300000, 0x0000000085300000|100%| O|  |TAMS 0x0000000085300000, 0x0000000085200000| Updating 
|  83|0x0000000085300000, 0x0000000085400000, 0x0000000085400000|100%| O|  |TAMS 0x0000000085400000, 0x0000000085300000| Updating 
|  84|0x0000000085400000, 0x0000000085500000, 0x0000000085500000|100%| O|  |TAMS 0x0000000085500000, 0x0000000085400000| Updating 
|  85|0x0000000085500000, 0x0000000085600000, 0x0000000085600000|100%| O|  |TAMS 0x0000000085600000, 0x0000000085500000| Updating 
|  86|0x0000000085600000, 0x0000000085700000, 0x0000000085700000|100%| O|  |TAMS 0x0000000085700000, 0x0000000085600000| Updating 
|  87|0x0000000085700000, 0x0000000085800000, 0x0000000085800000|100%| O|  |TAMS 0x0000000085800000, 0x0000000085700000| Updating 
|  88|0x0000000085800000, 0x0000000085900000, 0x0000000085900000|100%| O|  |TAMS 0x0000000085800000, 0x0000000085800000| Untracked 
|  89|0x0000000085900000, 0x0000000085a00000, 0x0000000085a00000|100%| O|  |TAMS 0x0000000085a00000, 0x0000000085900000| Updating 
|  90|0x0000000085a00000, 0x0000000085b00000, 0x0000000085b00000|100%| O|  |TAMS 0x0000000085b00000, 0x0000000085a00000| Updating 
|  91|0x0000000085b00000, 0x0000000085c00000, 0x0000000085c00000|100%| O|  |TAMS 0x0000000085c00000, 0x0000000085b00000| Updating 
|  92|0x0000000085c00000, 0x0000000085d00000, 0x0000000085d00000|100%| O|  |TAMS 0x0000000085d00000, 0x0000000085c00000| Updating 
|  93|0x0000000085d00000, 0x0000000085e00000, 0x0000000085e00000|100%| O|  |TAMS 0x0000000085e00000, 0x0000000085d00000| Updating 
|  94|0x0000000085e00000, 0x0000000085f00000, 0x0000000085f00000|100%| O|  |TAMS 0x0000000085e00000, 0x0000000085e00000| Untracked 
|  95|0x0000000085f00000, 0x0000000086000000, 0x0000000086000000|100%| O|  |TAMS 0x0000000086000000, 0x0000000085f00000| Updating 
|  96|0x0000000086000000, 0x0000000086100000, 0x0000000086100000|100%| O|  |TAMS 0x0000000086100000, 0x0000000086000000| Updating 
|  97|0x0000000086100000, 0x0000000086200000, 0x0000000086200000|100%| O|  |TAMS 0x0000000086200000, 0x0000000086100000| Updating 
|  98|0x0000000086200000, 0x0000000086300000, 0x0000000086300000|100%| O|  |TAMS 0x0000000086300000, 0x0000000086200000| Updating 
|  99|0x0000000086300000, 0x0000000086400000, 0x0000000086400000|100%| O|  |TAMS 0x0000000086400000, 0x0000000086300000| Updating 
| 100|0x0000000086400000, 0x0000000086500000, 0x0000000086500000|100%| O|  |TAMS 0x0000000086500000, 0x0000000086400000| Updating 
| 101|0x0000000086500000, 0x0000000086600000, 0x0000000086600000|100%| O|  |TAMS 0x0000000086600000, 0x0000000086500000| Updating 
| 102|0x0000000086600000, 0x0000000086700000, 0x0000000086700000|100%| O|  |TAMS 0x0000000086600000, 0x0000000086600000| Untracked 
| 103|0x0000000086700000, 0x0000000086800000, 0x0000000086800000|100%| O|  |TAMS 0x0000000086800000, 0x0000000086700000| Updating 
| 104|0x0000000086800000, 0x0000000086900000, 0x0000000086900000|100%| O|  |TAMS 0x0000000086900000, 0x0000000086800000| Updating 
| 105|0x0000000086900000, 0x0000000086a00000, 0x0000000086a00000|100%| O|  |TAMS 0x0000000086a00000, 0x0000000086900000| Updating 
| 106|0x0000000086a00000, 0x0000000086b00000, 0x0000000086b00000|100%| O|  |TAMS 0x0000000086b00000, 0x0000000086a00000| Updating 
| 107|0x0000000086b00000, 0x0000000086c00000, 0x0000000086c00000|100%| O|  |TAMS 0x0000000086c00000, 0x0000000086b00000| Updating 
| 108|0x0000000086c00000, 0x0000000086d00000, 0x0000000086d00000|100%| O|  |TAMS 0x0000000086d00000, 0x0000000086c00000| Updating 
| 109|0x0000000086d00000, 0x0000000086e00000, 0x0000000086e00000|100%| O|  |TAMS 0x0000000086e00000, 0x0000000086d00000| Updating 
| 110|0x0000000086e00000, 0x0000000086f00000, 0x0000000086f00000|100%| O|  |TAMS 0x0000000086f00000, 0x0000000086e00000| Updating 
| 111|0x0000000086f00000, 0x0000000087000000, 0x0000000087000000|100%| O|  |TAMS 0x0000000087000000, 0x0000000086f00000| Updating 
| 112|0x0000000087000000, 0x0000000087100000, 0x0000000087100000|100%| O|  |TAMS 0x0000000087000000, 0x0000000087000000| Untracked 
| 113|0x0000000087100000, 0x0000000087200000, 0x0000000087200000|100%| O|  |TAMS 0x0000000087200000, 0x0000000087100000| Updating 
| 114|0x0000000087200000, 0x0000000087300000, 0x0000000087300000|100%| O|  |TAMS 0x0000000087300000, 0x0000000087200000| Updating 
| 115|0x0000000087300000, 0x0000000087400000, 0x0000000087400000|100%| O|  |TAMS 0x0000000087400000, 0x0000000087300000| Updating 
| 116|0x0000000087400000, 0x0000000087500000, 0x0000000087500000|100%| O|  |TAMS 0x0000000087500000, 0x0000000087400000| Updating 
| 117|0x0000000087500000, 0x0000000087600000, 0x0000000087600000|100%| O|  |TAMS 0x0000000087600000, 0x0000000087500000| Updating 
| 118|0x0000000087600000, 0x0000000087700000, 0x0000000087700000|100%| O|  |TAMS 0x0000000087600000, 0x0000000087600000| Untracked 
| 119|0x0000000087700000, 0x0000000087800000, 0x0000000087800000|100%| O|  |TAMS 0x0000000087800000, 0x0000000087700000| Updating 
| 120|0x0000000087800000, 0x0000000087900000, 0x0000000087900000|100%| O|  |TAMS 0x0000000087900000, 0x0000000087800000| Updating 
| 121|0x0000000087900000, 0x0000000087a00000, 0x0000000087a00000|100%| O|  |TAMS 0x0000000087900000, 0x0000000087900000| Untracked 
| 122|0x0000000087a00000, 0x0000000087b00000, 0x0000000087b00000|100%| O|  |TAMS 0x0000000087a00000, 0x0000000087a00000| Untracked 
| 123|0x0000000087b00000, 0x0000000087c00000, 0x0000000087c00000|100%| O|  |TAMS 0x0000000087c00000, 0x0000000087b00000| Updating 
| 124|0x0000000087c00000, 0x0000000087d00000, 0x0000000087d00000|100%| O|  |TAMS 0x0000000087d00000, 0x0000000087c00000| Updating 
| 125|0x0000000087d00000, 0x0000000087e00000, 0x0000000087e00000|100%| O|  |TAMS 0x0000000087e00000, 0x0000000087d00000| Updating 
| 126|0x0000000087e00000, 0x0000000087f00000, 0x0000000087f00000|100%| O|  |TAMS 0x0000000087e00000, 0x0000000087e00000| Untracked 
| 127|0x0000000087f00000, 0x0000000088000000, 0x0000000088000000|100%| O|  |TAMS 0x0000000088000000, 0x0000000087f00000| Updating 
| 128|0x0000000088000000, 0x0000000088100000, 0x0000000088100000|100%| O|  |TAMS 0x0000000088100000, 0x0000000088000000| Updating 
| 129|0x0000000088100000, 0x0000000088200000, 0x0000000088200000|100%| O|  |TAMS 0x0000000088200000, 0x0000000088100000| Updating 
| 130|0x0000000088200000, 0x0000000088300000, 0x0000000088300000|100%| O|  |TAMS 0x0000000088300000, 0x0000000088200000| Updating 
| 131|0x0000000088300000, 0x0000000088400000, 0x0000000088400000|100%| O|  |TAMS 0x0000000088400000, 0x0000000088300000| Updating 
| 132|0x0000000088400000, 0x0000000088500000, 0x0000000088500000|100%| O|  |TAMS 0x0000000088500000, 0x0000000088400000| Updating 
| 133|0x0000000088500000, 0x0000000088600000, 0x0000000088600000|100%|HS|  |TAMS 0x0000000088600000, 0x0000000088500000| Complete 
| 134|0x0000000088600000, 0x0000000088700000, 0x0000000088700000|100%|HC|  |TAMS 0x0000000088700000, 0x0000000088600000| Complete 
| 135|0x0000000088700000, 0x0000000088800000, 0x0000000088800000|100%|HC|  |TAMS 0x0000000088800000, 0x0000000088700000| Complete 
| 136|0x0000000088800000, 0x0000000088900000, 0x0000000088900000|100%| O|  |TAMS 0x0000000088900000, 0x0000000088800000| Updating 
| 137|0x0000000088900000, 0x0000000088a00000, 0x0000000088a00000|100%| O|  |TAMS 0x0000000088a00000, 0x0000000088900000| Updating 
| 138|0x0000000088a00000, 0x0000000088b00000, 0x0000000088b00000|100%| O|  |TAMS 0x0000000088b00000, 0x0000000088a00000| Updating 
| 139|0x0000000088b00000, 0x0000000088c00000, 0x0000000088c00000|100%| O|  |TAMS 0x0000000088c00000, 0x0000000088b00000| Updating 
| 140|0x0000000088c00000, 0x0000000088d00000, 0x0000000088d00000|100%| O|  |TAMS 0x0000000088d00000, 0x0000000088c00000| Updating 
| 141|0x0000000088d00000, 0x0000000088e00000, 0x0000000088e00000|100%| O|  |TAMS 0x0000000088e00000, 0x0000000088d00000| Updating 
| 142|0x0000000088e00000, 0x0000000088f00000, 0x0000000088f00000|100%| O|  |TAMS 0x0000000088e00000, 0x0000000088e00000| Untracked 
| 143|0x0000000088f00000, 0x0000000089000000, 0x0000000089000000|100%| O|  |TAMS 0x0000000089000000, 0x0000000088f00000| Updating 
| 144|0x0000000089000000, 0x0000000089100000, 0x0000000089100000|100%| O|  |TAMS 0x0000000089100000, 0x0000000089000000| Updating 
| 145|0x0000000089100000, 0x0000000089200000, 0x0000000089200000|100%| O|  |TAMS 0x0000000089200000, 0x0000000089100000| Updating 
| 146|0x0000000089200000, 0x0000000089300000, 0x0000000089300000|100%| O|  |TAMS 0x0000000089200000, 0x0000000089200000| Updating 
| 147|0x0000000089300000, 0x0000000089400000, 0x0000000089400000|100%|HS|  |TAMS 0x0000000089400000, 0x0000000089300000| Complete 
| 148|0x0000000089400000, 0x0000000089500000, 0x0000000089500000|100%|HC|  |TAMS 0x0000000089500000, 0x0000000089400000| Complete 
| 149|0x0000000089500000, 0x0000000089600000, 0x0000000089600000|100%| O|  |TAMS 0x0000000089600000, 0x0000000089500000| Updating 
| 150|0x0000000089600000, 0x0000000089700000, 0x0000000089700000|100%| O|  |TAMS 0x0000000089600000, 0x0000000089600000| Untracked 
| 151|0x0000000089700000, 0x0000000089800000, 0x0000000089800000|100%| O|  |TAMS 0x0000000089700000, 0x0000000089700000| Untracked 
| 152|0x0000000089800000, 0x0000000089900000, 0x0000000089900000|100%| O|  |TAMS 0x0000000089800000, 0x0000000089800000| Untracked 
| 153|0x0000000089900000, 0x0000000089a00000, 0x0000000089a00000|100%| O|  |TAMS 0x0000000089a00000, 0x0000000089900000| Updating 
| 154|0x0000000089a00000, 0x0000000089b00000, 0x0000000089b00000|100%| O|  |TAMS 0x0000000089b00000, 0x0000000089a00000| Updating 
| 155|0x0000000089b00000, 0x0000000089c00000, 0x0000000089c00000|100%| O|  |TAMS 0x0000000089c00000, 0x0000000089b00000| Updating 
| 156|0x0000000089c00000, 0x0000000089d00000, 0x0000000089d00000|100%| O|  |TAMS 0x0000000089d00000, 0x0000000089c00000| Updating 
| 157|0x0000000089d00000, 0x0000000089d00000, 0x0000000089e00000|  0%| F|  |TAMS 0x0000000089d00000, 0x0000000089d00000| Untracked 
| 158|0x0000000089e00000, 0x0000000089e00000, 0x0000000089f00000|  0%| F|  |TAMS 0x0000000089e00000, 0x0000000089e00000| Untracked 
| 159|0x0000000089f00000, 0x0000000089f00000, 0x000000008a000000|  0%| F|  |TAMS 0x0000000089f00000, 0x0000000089f00000| Untracked 
| 160|0x000000008a000000, 0x000000008a000000, 0x000000008a100000|  0%| F|  |TAMS 0x000000008a000000, 0x000000008a000000| Untracked 
| 161|0x000000008a100000, 0x000000008a100000, 0x000000008a200000|  0%| F|  |TAMS 0x000000008a100000, 0x000000008a100000| Untracked 
| 162|0x000000008a200000, 0x000000008a200000, 0x000000008a300000|  0%| F|  |TAMS 0x000000008a200000, 0x000000008a200000| Untracked 
| 163|0x000000008a300000, 0x000000008a300000, 0x000000008a400000|  0%| F|  |TAMS 0x000000008a300000, 0x000000008a300000| Untracked 
| 164|0x000000008a400000, 0x000000008a400000, 0x000000008a500000|  0%| F|  |TAMS 0x000000008a400000, 0x000000008a400000| Untracked 
| 165|0x000000008a500000, 0x000000008a500000, 0x000000008a600000|  0%| F|  |TAMS 0x000000008a500000, 0x000000008a500000| Untracked 
| 166|0x000000008a600000, 0x000000008a600000, 0x000000008a700000|  0%| F|  |TAMS 0x000000008a600000, 0x000000008a600000| Untracked 
| 167|0x000000008a700000, 0x000000008a700000, 0x000000008a800000|  0%| F|  |TAMS 0x000000008a700000, 0x000000008a700000| Untracked 
| 168|0x000000008a800000, 0x000000008a800000, 0x000000008a900000|  0%| F|  |TAMS 0x000000008a800000, 0x000000008a800000| Untracked 
| 169|0x000000008a900000, 0x000000008a900000, 0x000000008aa00000|  0%| F|  |TAMS 0x000000008a900000, 0x000000008a900000| Untracked 
| 170|0x000000008aa00000, 0x000000008aa00000, 0x000000008ab00000|  0%| F|  |TAMS 0x000000008aa00000, 0x000000008aa00000| Untracked 
| 171|0x000000008ab00000, 0x000000008ab00000, 0x000000008ac00000|  0%| F|  |TAMS 0x000000008ab00000, 0x000000008ab00000| Untracked 
| 172|0x000000008ac00000, 0x000000008ac00000, 0x000000008ad00000|  0%| F|  |TAMS 0x000000008ac00000, 0x000000008ac00000| Untracked 
| 173|0x000000008ad00000, 0x000000008ad00000, 0x000000008ae00000|  0%| F|  |TAMS 0x000000008ad00000, 0x000000008ad00000| Untracked 
| 174|0x000000008ae00000, 0x000000008ae00000, 0x000000008af00000|  0%| F|  |TAMS 0x000000008ae00000, 0x000000008ae00000| Untracked 
| 175|0x000000008af00000, 0x000000008af00000, 0x000000008b000000|  0%| F|  |TAMS 0x000000008af00000, 0x000000008af00000| Untracked 
| 176|0x000000008b000000, 0x000000008b000000, 0x000000008b100000|  0%| F|  |TAMS 0x000000008b000000, 0x000000008b000000| Untracked 
| 177|0x000000008b100000, 0x000000008b100000, 0x000000008b200000|  0%| F|  |TAMS 0x000000008b100000, 0x000000008b100000| Untracked 
| 178|0x000000008b200000, 0x000000008b200000, 0x000000008b300000|  0%| F|  |TAMS 0x000000008b200000, 0x000000008b200000| Untracked 
| 179|0x000000008b300000, 0x000000008b300000, 0x000000008b400000|  0%| F|  |TAMS 0x000000008b300000, 0x000000008b300000| Untracked 
| 180|0x000000008b400000, 0x000000008b500000, 0x000000008b500000|100%| O|  |TAMS 0x000000008b500000, 0x000000008b400000| Updating 
| 181|0x000000008b500000, 0x000000008b600000, 0x000000008b600000|100%| O|  |TAMS 0x000000008b600000, 0x000000008b500000| Updating 
| 182|0x000000008b600000, 0x000000008b700000, 0x000000008b700000|100%| O|  |TAMS 0x000000008b700000, 0x000000008b600000| Updating 
| 183|0x000000008b700000, 0x000000008b700000, 0x000000008b800000|  0%| F|  |TAMS 0x000000008b700000, 0x000000008b700000| Untracked 
| 184|0x000000008b800000, 0x000000008b800000, 0x000000008b900000|  0%| F|  |TAMS 0x000000008b800000, 0x000000008b800000| Untracked 
| 185|0x000000008b900000, 0x000000008b900000, 0x000000008ba00000|  0%| F|  |TAMS 0x000000008b900000, 0x000000008b900000| Untracked 
| 186|0x000000008ba00000, 0x000000008ba00000, 0x000000008bb00000|  0%| F|  |TAMS 0x000000008ba00000, 0x000000008ba00000| Untracked 
| 187|0x000000008bb00000, 0x000000008bb00000, 0x000000008bc00000|  0%| F|  |TAMS 0x000000008bb00000, 0x000000008bb00000| Untracked 
| 188|0x000000008bc00000, 0x000000008bc00000, 0x000000008bd00000|  0%| F|  |TAMS 0x000000008bc00000, 0x000000008bc00000| Untracked 
| 189|0x000000008bd00000, 0x000000008bd00000, 0x000000008be00000|  0%| F|  |TAMS 0x000000008bd00000, 0x000000008bd00000| Untracked 
| 190|0x000000008be00000, 0x000000008be00000, 0x000000008bf00000|  0%| F|  |TAMS 0x000000008be00000, 0x000000008be00000| Untracked 
| 191|0x000000008bf00000, 0x000000008bf00000, 0x000000008c000000|  0%| F|  |TAMS 0x000000008bf00000, 0x000000008bf00000| Untracked 
| 192|0x000000008c000000, 0x000000008c000000, 0x000000008c100000|  0%| F|  |TAMS 0x000000008c000000, 0x000000008c000000| Untracked 
| 193|0x000000008c100000, 0x000000008c100000, 0x000000008c200000|  0%| F|  |TAMS 0x000000008c100000, 0x000000008c100000| Untracked 
| 194|0x000000008c200000, 0x000000008c200000, 0x000000008c300000|  0%| F|  |TAMS 0x000000008c200000, 0x000000008c200000| Untracked 
| 195|0x000000008c300000, 0x000000008c300000, 0x000000008c400000|  0%| F|  |TAMS 0x000000008c300000, 0x000000008c300000| Untracked 
| 196|0x000000008c400000, 0x000000008c400000, 0x000000008c500000|  0%| F|  |TAMS 0x000000008c400000, 0x000000008c400000| Untracked 
| 197|0x000000008c500000, 0x000000008c500000, 0x000000008c600000|  0%| F|  |TAMS 0x000000008c500000, 0x000000008c500000| Untracked 
| 198|0x000000008c600000, 0x000000008c600000, 0x000000008c700000|  0%| F|  |TAMS 0x000000008c600000, 0x000000008c600000| Untracked 
| 199|0x000000008c700000, 0x000000008c700000, 0x000000008c800000|  0%| F|  |TAMS 0x000000008c700000, 0x000000008c700000| Untracked 
| 200|0x000000008c800000, 0x000000008c800000, 0x000000008c900000|  0%| F|  |TAMS 0x000000008c800000, 0x000000008c800000| Untracked 
| 201|0x000000008c900000, 0x000000008c900000, 0x000000008ca00000|  0%| F|  |TAMS 0x000000008c900000, 0x000000008c900000| Untracked 
| 202|0x000000008ca00000, 0x000000008ca00000, 0x000000008cb00000|  0%| F|  |TAMS 0x000000008ca00000, 0x000000008ca00000| Untracked 
| 203|0x000000008cb00000, 0x000000008cb00000, 0x000000008cc00000|  0%| F|  |TAMS 0x000000008cb00000, 0x000000008cb00000| Untracked 
| 204|0x000000008cc00000, 0x000000008cca12b0, 0x000000008cd00000| 62%| S|CS|TAMS 0x000000008cc00000, 0x000000008cc00000| Complete 
| 205|0x000000008cd00000, 0x000000008ce00000, 0x000000008ce00000|100%| S|CS|TAMS 0x000000008cd00000, 0x000000008cd00000| Complete 
| 206|0x000000008ce00000, 0x000000008cf00000, 0x000000008cf00000|100%| S|CS|TAMS 0x000000008ce00000, 0x000000008ce00000| Complete 
| 207|0x000000008cf00000, 0x000000008cf00000, 0x000000008d000000|  0%| F|  |TAMS 0x000000008cf00000, 0x000000008cf00000| Untracked 
| 208|0x000000008d000000, 0x000000008d000000, 0x000000008d100000|  0%| F|  |TAMS 0x000000008d000000, 0x000000008d000000| Untracked 
| 209|0x000000008d100000, 0x000000008d100000, 0x000000008d200000|  0%| F|  |TAMS 0x000000008d100000, 0x000000008d100000| Untracked 
| 210|0x000000008d200000, 0x000000008d200000, 0x000000008d300000|  0%| F|  |TAMS 0x000000008d200000, 0x000000008d200000| Untracked 
| 211|0x000000008d300000, 0x000000008d300000, 0x000000008d400000|  0%| F|  |TAMS 0x000000008d300000, 0x000000008d300000| Untracked 
| 212|0x000000008d400000, 0x000000008d400000, 0x000000008d500000|  0%| F|  |TAMS 0x000000008d400000, 0x000000008d400000| Untracked 
| 213|0x000000008d500000, 0x000000008d500000, 0x000000008d600000|  0%| F|  |TAMS 0x000000008d500000, 0x000000008d500000| Untracked 
| 214|0x000000008d600000, 0x000000008d600000, 0x000000008d700000|  0%| F|  |TAMS 0x000000008d600000, 0x000000008d600000| Untracked 
| 215|0x000000008d700000, 0x000000008d700000, 0x000000008d800000|  0%| F|  |TAMS 0x000000008d700000, 0x000000008d700000| Untracked 
| 216|0x000000008d800000, 0x000000008d800000, 0x000000008d900000|  0%| F|  |TAMS 0x000000008d800000, 0x000000008d800000| Untracked 
| 217|0x000000008d900000, 0x000000008d900000, 0x000000008da00000|  0%| F|  |TAMS 0x000000008d900000, 0x000000008d900000| Untracked 
| 218|0x000000008da00000, 0x000000008da00000, 0x000000008db00000|  0%| F|  |TAMS 0x000000008da00000, 0x000000008da00000| Untracked 
| 219|0x000000008db00000, 0x000000008db00000, 0x000000008dc00000|  0%| F|  |TAMS 0x000000008db00000, 0x000000008db00000| Untracked 
| 220|0x000000008dc00000, 0x000000008dc00000, 0x000000008dd00000|  0%| F|  |TAMS 0x000000008dc00000, 0x000000008dc00000| Untracked 
| 221|0x000000008dd00000, 0x000000008dd00000, 0x000000008de00000|  0%| F|  |TAMS 0x000000008dd00000, 0x000000008dd00000| Untracked 
| 222|0x000000008de00000, 0x000000008de00000, 0x000000008df00000|  0%| F|  |TAMS 0x000000008de00000, 0x000000008de00000| Untracked 
| 223|0x000000008df00000, 0x000000008df00000, 0x000000008e000000|  0%| F|  |TAMS 0x000000008df00000, 0x000000008df00000| Untracked 
| 224|0x000000008e000000, 0x000000008e000000, 0x000000008e100000|  0%| F|  |TAMS 0x000000008e000000, 0x000000008e000000| Untracked 
| 225|0x000000008e100000, 0x000000008e100000, 0x000000008e200000|  0%| F|  |TAMS 0x000000008e100000, 0x000000008e100000| Untracked 
| 226|0x000000008e200000, 0x000000008e200000, 0x000000008e300000|  0%| F|  |TAMS 0x000000008e200000, 0x000000008e200000| Untracked 
| 227|0x000000008e300000, 0x000000008e300000, 0x000000008e400000|  0%| F|  |TAMS 0x000000008e300000, 0x000000008e300000| Untracked 
| 228|0x000000008e400000, 0x000000008e400000, 0x000000008e500000|  0%| F|  |TAMS 0x000000008e400000, 0x000000008e400000| Untracked 
| 229|0x000000008e500000, 0x000000008e500000, 0x000000008e600000|  0%| F|  |TAMS 0x000000008e500000, 0x000000008e500000| Untracked 
| 230|0x000000008e600000, 0x000000008e600000, 0x000000008e700000|  0%| F|  |TAMS 0x000000008e600000, 0x000000008e600000| Untracked 
| 231|0x000000008e700000, 0x000000008e700000, 0x000000008e800000|  0%| F|  |TAMS 0x000000008e700000, 0x000000008e700000| Untracked 
| 232|0x000000008e800000, 0x000000008e800000, 0x000000008e900000|  0%| F|  |TAMS 0x000000008e800000, 0x000000008e800000| Untracked 
| 233|0x000000008e900000, 0x000000008e900000, 0x000000008ea00000|  0%| F|  |TAMS 0x000000008e900000, 0x000000008e900000| Untracked 
| 234|0x000000008ea00000, 0x000000008ea00000, 0x000000008eb00000|  0%| F|  |TAMS 0x000000008ea00000, 0x000000008ea00000| Untracked 
| 235|0x000000008eb00000, 0x000000008eb00000, 0x000000008ec00000|  0%| F|  |TAMS 0x000000008eb00000, 0x000000008eb00000| Untracked 
| 236|0x000000008ec00000, 0x000000008ec00000, 0x000000008ed00000|  0%| F|  |TAMS 0x000000008ec00000, 0x000000008ec00000| Untracked 
| 237|0x000000008ed00000, 0x000000008ed00000, 0x000000008ee00000|  0%| F|  |TAMS 0x000000008ed00000, 0x000000008ed00000| Untracked 
| 238|0x000000008ee00000, 0x000000008ee00000, 0x000000008ef00000|  0%| F|  |TAMS 0x000000008ee00000, 0x000000008ee00000| Untracked 
| 239|0x000000008ef00000, 0x000000008ef00000, 0x000000008f000000|  0%| F|  |TAMS 0x000000008ef00000, 0x000000008ef00000| Untracked 
| 240|0x000000008f000000, 0x000000008f000000, 0x000000008f100000|  0%| F|  |TAMS 0x000000008f000000, 0x000000008f000000| Untracked 
| 241|0x000000008f100000, 0x000000008f100000, 0x000000008f200000|  0%| F|  |TAMS 0x000000008f100000, 0x000000008f100000| Untracked 
| 242|0x000000008f200000, 0x000000008f200000, 0x000000008f300000|  0%| F|  |TAMS 0x000000008f200000, 0x000000008f200000| Untracked 
| 243|0x000000008f300000, 0x000000008f300000, 0x000000008f400000|  0%| F|  |TAMS 0x000000008f300000, 0x000000008f300000| Untracked 
| 244|0x000000008f400000, 0x000000008f400000, 0x000000008f500000|  0%| F|  |TAMS 0x000000008f400000, 0x000000008f400000| Untracked 
| 245|0x000000008f500000, 0x000000008f500000, 0x000000008f600000|  0%| F|  |TAMS 0x000000008f500000, 0x000000008f500000| Untracked 

Card table byte_map: [0x0000022fec7b0000,0x0000022fecbb0000] _byte_map_base: 0x0000022fec3b0000

Marking Bits (Prev, Next): (CMBitMap*) 0x0000022fd7a9f6a8, (CMBitMap*) 0x0000022fd7a9f6e0
 Prev Bits: [0x0000022fecfb0000, 0x0000022feefb0000)
 Next Bits: [0x0000022feefb0000, 0x0000022ff0fb0000)

Polling page: 0x0000022fd78d0000

Metaspace:

Usage:
  Non-class:    124.81 MB capacity,   121.55 MB ( 97%) used,     2.66 MB (  2%) free+waste,   604.63 KB ( <1%) overhead. 
      Class:     18.35 MB capacity,    16.54 MB ( 90%) used,     1.55 MB (  8%) free+waste,   259.69 KB (  1%) overhead. 
       Both:    143.16 MB capacity,   138.10 MB ( 96%) used,     4.22 MB (  3%) free+waste,   864.31 KB ( <1%) overhead. 

Virtual space:
  Non-class space:      136.00 MB reserved,     134.87 MB (>99%) committed 
      Class space:        1.00 GB reserved,      20.13 MB (  2%) committed 
             Both:        1.13 GB reserved,     155.00 MB ( 13%) committed 

Chunk freelists:
   Non-Class:  10.00 MB
       Class:  1.71 MB
        Both:  11.71 MB

MaxMetaspaceSize: 17179869184.00 GB
CompressedClassSpaceSize: 1.00 GB

CodeHeap 'non-profiled nmethods': size=120064Kb used=29683Kb max_used=31859Kb free=90380Kb
 bounds [0x0000022fe4840000, 0x0000022fe6770000, 0x0000022febd80000]
CodeHeap 'profiled nmethods': size=120000Kb used=57901Kb max_used=64897Kb free=62098Kb
 bounds [0x0000022fdd310000, 0x0000022fe12e0000, 0x0000022fe4840000]
CodeHeap 'non-nmethods': size=5696Kb used=2378Kb max_used=2463Kb free=3317Kb
 bounds [0x0000022fdcd80000, 0x0000022fdcff0000, 0x0000022fdd310000]
 total_blobs=29068 nmethods=28062 adapters=914
 compilation: enabled
              stopped_count=0, restarted_count=0
 full_count=0

Compilation events (20 events):
Event: 6319.914 Thread 0x0000022ff35dc000 43005       1       com.android.tools.r8.internal.QE::V1 (2 bytes)
Event: 6319.914 Thread 0x0000022ff35dc000 nmethod 43005 0x0000022fe48fe990 code [0x0000022fe48feb40, 0x0000022fe48febf8]
Event: 6319.914 Thread 0x0000022ff35dc000 43006       2       com.android.tools.r8.internal.Oi::a (13 bytes)
Event: 6319.915 Thread 0x0000022ff35dc000 nmethod 43006 0x0000022fdd604f90 code [0x0000022fdd605140, 0x0000022fdd605258]
Event: 6319.917 Thread 0x0000022ff35dc000 43008       2       com.android.tools.r8.internal.k4$$Lambda$1425/0x0000000100f15c40::test (16 bytes)
Event: 6319.917 Thread 0x0000022ff35dc000 nmethod 43008 0x0000022fdd639510 code [0x0000022fdd6396e0, 0x0000022fdd639908]
Event: 6319.928 Thread 0x0000022ff35dc000 43011       2       com.android.tools.r8.internal.qf::g (15 bytes)
Event: 6319.928 Thread 0x0000022ff35dc000 nmethod 43011 0x0000022fdd64e990 code [0x0000022fdd64eb60, 0x0000022fdd64edb8]
Event: 6319.928 Thread 0x0000022ff35dc000 43012       2       com.android.tools.r8.internal.pf::<init> (12 bytes)
Event: 6319.929 Thread 0x0000022ff35dc000 nmethod 43012 0x0000022fdd683890 code [0x0000022fdd683a60, 0x0000022fdd683cd8]
Event: 6319.929 Thread 0x0000022ff35dc000 43013       2       com.android.tools.r8.internal.vA::b (1053 bytes)
Event: 6319.934 Thread 0x0000022ff35dc000 nmethod 43013 0x0000022fdec3f990 code [0x0000022fdec40020, 0x0000022fdec426e8]
Event: 6319.962 Thread 0x0000022ff35dc000 43018       1       com.android.tools.r8.internal.DI::a2 (3 bytes)
Event: 6319.962 Thread 0x0000022ff35dc000 nmethod 43018 0x0000022fe48fe690 code [0x0000022fe48fe840, 0x0000022fe48fe8f8]
Event: 6319.964 Thread 0x0000022ff35dc000 43020       2       com.android.tools.r8.code.T0::a (1 bytes)
Event: 6319.964 Thread 0x0000022ff35dc000 nmethod 43020 0x0000022fdd640390 code [0x0000022fdd640540, 0x0000022fdd640638]
Event: 6319.964 Thread 0x0000022ff35dc000 43021       2       com.android.tools.r8.code.G2::a (16 bytes)
Event: 6319.965 Thread 0x0000022ff35dc000 nmethod 43021 0x0000022fdd683290 code [0x0000022fdd683480, 0x0000022fdd683698]
Event: 6319.991 Thread 0x0000022ff35dc000 43027       2       com.android.tools.r8.dex.z::c (8 bytes)
Event: 6319.991 Thread 0x0000022ff35dc000 nmethod 43027 0x0000022fdd68be90 code [0x0000022fdd68c040, 0x0000022fdd68c168]

GC Heap History (20 events):
Event: 6307.980 GC heap after
{Heap after GC invocations=494 (full 0):
 garbage-first heap   total 251904K, used 156953K [0x0000000080000000, 0x0000000100000000)
  region size 1024K, 7 young (7168K), 7 survivors (7168K)
 Metaspace       used 152592K, capacity 158550K, committed 158716K, reserved 1187840K
  class space    used 18418K, capacity 20541K, committed 20608K, reserved 1048576K
}
Event: 6313.325 GC heap before
{Heap before GC invocations=494 (full 0):
 garbage-first heap   total 251904K, used 162073K [0x0000000080000000, 0x0000000100000000)
  region size 1024K, 12 young (12288K), 7 survivors (7168K)
 Metaspace       used 152593K, capacity 158550K, committed 158716K, reserved 1187840K
  class space    used 18418K, capacity 20541K, committed 20608K, reserved 1048576K
}
Event: 6313.336 GC heap after
{Heap after GC invocations=495 (full 0):
 garbage-first heap   total 251904K, used 151918K [0x0000000080000000, 0x0000000100000000)
  region size 1024K, 1 young (1024K), 1 survivors (1024K)
 Metaspace       used 152593K, capacity 158550K, committed 158716K, reserved 1187840K
  class space    used 18418K, capacity 20541K, committed 20608K, reserved 1048576K
}
Event: 6313.573 GC heap before
{Heap before GC invocations=495 (full 0):
 garbage-first heap   total 251904K, used 159086K [0x0000000080000000, 0x0000000100000000)
  region size 1024K, 9 young (9216K), 1 survivors (1024K)
 Metaspace       used 152599K, capacity 158550K, committed 158716K, reserved 1187840K
  class space    used 18418K, capacity 20541K, committed 20608K, reserved 1048576K
}
Event: 6313.584 GC heap after
{Heap after GC invocations=496 (full 0):
 garbage-first heap   total 251904K, used 152811K [0x0000000080000000, 0x0000000100000000)
  region size 1024K, 2 young (2048K), 2 survivors (2048K)
 Metaspace       used 152599K, capacity 158550K, committed 158716K, reserved 1187840K
  class space    used 18418K, capacity 20541K, committed 20608K, reserved 1048576K
}
Event: 6316.642 GC heap before
{Heap before GC invocations=497 (full 0):
 garbage-first heap   total 251904K, used 200939K [0x0000000080000000, 0x0000000100000000)
  region size 1024K, 49 young (50176K), 2 survivors (2048K)
 Metaspace       used 141286K, capacity 146433K, committed 158716K, reserved 1187840K
  class space    used 16930K, capacity 18781K, committed 20608K, reserved 1048576K
}
Event: 6316.659 GC heap after
{Heap after GC invocations=498 (full 0):
 garbage-first heap   total 251904K, used 162758K [0x0000000080000000, 0x0000000100000000)
  region size 1024K, 7 young (7168K), 7 survivors (7168K)
 Metaspace       used 141286K, capacity 146433K, committed 158716K, reserved 1187840K
  class space    used 16930K, capacity 18781K, committed 20608K, reserved 1048576K
}
Event: 6316.906 GC heap before
{Heap before GC invocations=498 (full 0):
 garbage-first heap   total 251904K, used 167878K [0x0000000080000000, 0x0000000100000000)
  region size 1024K, 12 young (12288K), 7 survivors (7168K)
 Metaspace       used 141289K, capacity 146434K, committed 158716K, reserved 1187840K
  class space    used 16930K, capacity 18781K, committed 20608K, reserved 1048576K
}
Event: 6316.924 GC heap after
{Heap after GC invocations=499 (full 0):
 garbage-first heap   total 251904K, used 142998K [0x0000000080000000, 0x0000000100000000)
  region size 1024K, 2 young (2048K), 2 survivors (2048K)
 Metaspace       used 141289K, capacity 146434K, committed 158716K, reserved 1187840K
  class space    used 16930K, capacity 18781K, committed 20608K, reserved 1048576K
}
Event: 6317.215 GC heap before
{Heap before GC invocations=499 (full 0):
 garbage-first heap   total 251904K, used 152214K [0x0000000080000000, 0x0000000100000000)
  region size 1024K, 13 young (13312K), 2 survivors (2048K)
 Metaspace       used 141289K, capacity 146434K, committed 158716K, reserved 1187840K
  class space    used 16930K, capacity 18781K, committed 20608K, reserved 1048576K
}
Event: 6317.222 GC heap after
{Heap after GC invocations=500 (full 0):
 garbage-first heap   total 251904K, used 144179K [0x0000000080000000, 0x0000000100000000)
  region size 1024K, 3 young (3072K), 3 survivors (3072K)
 Metaspace       used 141289K, capacity 146434K, committed 158716K, reserved 1187840K
  class space    used 16930K, capacity 18781K, committed 20608K, reserved 1048576K
}
Event: 6319.048 GC heap before
{Heap before GC invocations=501 (full 0):
 garbage-first heap   total 251904K, used 202547K [0x0000000080000000, 0x0000000100000000)
  region size 1024K, 55 young (56320K), 3 survivors (3072K)
 Metaspace       used 141332K, capacity 146500K, committed 158716K, reserved 1187840K
  class space    used 16932K, capacity 18781K, committed 20608K, reserved 1048576K
}
Event: 6319.058 GC heap after
{Heap after GC invocations=502 (full 0):
 garbage-first heap   total 251904K, used 151730K [0x0000000080000000, 0x0000000100000000)
  region size 1024K, 7 young (7168K), 7 survivors (7168K)
 Metaspace       used 141332K, capacity 146500K, committed 158716K, reserved 1187840K
  class space    used 16932K, capacity 18781K, committed 20608K, reserved 1048576K
}
Event: 6319.067 GC heap before
{Heap before GC invocations=502 (full 0):
 garbage-first heap   total 251904K, used 156850K [0x0000000080000000, 0x0000000100000000)
  region size 1024K, 12 young (12288K), 7 survivors (7168K)
 Metaspace       used 141332K, capacity 146500K, committed 158716K, reserved 1187840K
  class space    used 16932K, capacity 18781K, committed 20608K, reserved 1048576K
}
Event: 6319.086 GC heap after
{Heap after GC invocations=503 (full 0):
 garbage-first heap   total 251904K, used 149408K [0x0000000080000000, 0x0000000100000000)
  region size 1024K, 2 young (2048K), 2 survivors (2048K)
 Metaspace       used 141332K, capacity 146500K, committed 158716K, reserved 1187840K
  class space    used 16932K, capacity 18781K, committed 20608K, reserved 1048576K
}
Event: 6319.281 GC heap before
{Heap before GC invocations=503 (full 0):
 garbage-first heap   total 251904K, used 199584K [0x0000000080000000, 0x0000000100000000)
  region size 1024K, 52 young (53248K), 2 survivors (2048K)
 Metaspace       used 141352K, capacity 146570K, committed 158716K, reserved 1187840K
  class space    used 16933K, capacity 18782K, committed 20608K, reserved 1048576K
}
Event: 6319.309 GC heap after
{Heap after GC invocations=504 (full 0):
 garbage-first heap   total 251904K, used 159744K [0x0000000080000000, 0x0000000100000000)
  region size 1024K, 7 young (7168K), 7 survivors (7168K)
 Metaspace       used 141352K, capacity 146570K, committed 158716K, reserved 1187840K
  class space    used 16933K, capacity 18782K, committed 20608K, reserved 1048576K
}
Event: 6319.647 GC heap before
{Heap before GC invocations=504 (full 0):
 garbage-first heap   total 251904K, used 204800K [0x0000000080000000, 0x0000000100000000)
  region size 1024K, 51 young (52224K), 7 survivors (7168K)
 Metaspace       used 141369K, capacity 146572K, committed 158716K, reserved 1187840K
  class space    used 16934K, capacity 18782K, committed 20608K, reserved 1048576K
}
Event: 6319.673 GC heap after
{Heap after GC invocations=505 (full 0):
 garbage-first heap   total 251904K, used 167402K [0x0000000080000000, 0x0000000100000000)
  region size 1024K, 7 young (7168K), 7 survivors (7168K)
 Metaspace       used 141369K, capacity 146572K, committed 158716K, reserved 1187840K
  class space    used 16934K, capacity 18782K, committed 20608K, reserved 1048576K
}
Event: 6320.003 GC heap before
{Heap before GC invocations=505 (full 0):
 garbage-first heap   total 251904K, used 205290K [0x0000000080000000, 0x0000000100000000)
  region size 1024K, 46 young (47104K), 7 survivors (7168K)
 Metaspace       used 141410K, capacity 146591K, committed 158716K, reserved 1187840K
  class space    used 16941K, capacity 18789K, committed 20608K, reserved 1048576K
}

Deoptimization events (20 events):
Event: 6319.748 Thread 0x0000022ff69bd800 DEOPT PACKING pc=0x0000022fe5cf82bc sp=0x000000bef25fc390
Event: 6319.748 Thread 0x0000022ff69bd800 DEOPT UNPACKING pc=0x0000022fdcda78af sp=0x000000bef25fc388 mode 2
Event: 6319.822 Thread 0x0000022ff721b800 DEOPT PACKING pc=0x0000022fdd7ce387 sp=0x000000bef29fc170
Event: 6319.822 Thread 0x0000022ff721b800 DEOPT UNPACKING pc=0x0000022fdcda76ce sp=0x000000bef29fb688 mode 0
Event: 6319.844 Thread 0x0000022ff721b800 DEOPT PACKING pc=0x0000022fe02b125a sp=0x000000bef29fbdb0
Event: 6319.844 Thread 0x0000022ff721b800 DEOPT UNPACKING pc=0x0000022fdcda76ce sp=0x000000bef29fb578 mode 0
Event: 6319.853 Thread 0x0000022ff69be000 DEOPT PACKING pc=0x0000022fe00c2dc8 sp=0x000000bef26fc3b0
Event: 6319.853 Thread 0x0000022ff69be000 DEOPT UNPACKING pc=0x0000022fdcda76ce sp=0x000000bef26fb900 mode 0
Event: 6319.901 Thread 0x0000022ff7211000 DEOPT PACKING pc=0x0000022fe0065227 sp=0x000000bef28fc610
Event: 6319.901 Thread 0x0000022ff7211000 DEOPT UNPACKING pc=0x0000022fdcda76ce sp=0x000000bef28fbcf0 mode 0
Event: 6319.975 Thread 0x0000022ff7211000 DEOPT PACKING pc=0x0000022fdf698861 sp=0x000000bef28fca70
Event: 6319.975 Thread 0x0000022ff7211000 DEOPT UNPACKING pc=0x0000022fdcda76ce sp=0x000000bef28fbf60 mode 0
Event: 6319.977 Thread 0x0000022ff7211000 DEOPT PACKING pc=0x0000022fdf698861 sp=0x000000bef28fca70
Event: 6319.977 Thread 0x0000022ff7211000 DEOPT UNPACKING pc=0x0000022fdcda76ce sp=0x000000bef28fbf60 mode 0
Event: 6319.979 Thread 0x0000022ff7211000 DEOPT PACKING pc=0x0000022fdf698861 sp=0x000000bef28fca70
Event: 6319.979 Thread 0x0000022ff7211000 DEOPT UNPACKING pc=0x0000022fdcda76ce sp=0x000000bef28fbf60 mode 0
Event: 6319.980 Thread 0x0000022ff7211000 DEOPT PACKING pc=0x0000022fdf698861 sp=0x000000bef28fca70
Event: 6319.980 Thread 0x0000022ff7211000 DEOPT UNPACKING pc=0x0000022fdcda76ce sp=0x000000bef28fbf60 mode 0
Event: 6319.994 Thread 0x0000022ff69be000 DEOPT PACKING pc=0x0000022fe02b1739 sp=0x000000bef26fbb30
Event: 6319.994 Thread 0x0000022ff69be000 DEOPT UNPACKING pc=0x0000022fdcda76ce sp=0x000000bef26fb2f0 mode 0

Classes redefined (0 events):
No events

Internal exceptions (20 events):
Event: 6318.758 Thread 0x0000022ffba23000 Exception <a 'sun/nio/fs/WindowsException'{0x000000008e188538}> (0x000000008e188538) thrown at [./src/hotspot/share/prims/jni.cpp, line 615]
Event: 6318.760 Thread 0x0000022ffba23000 Exception <a 'sun/nio/fs/WindowsException'{0x000000008e190b10}> (0x000000008e190b10) thrown at [./src/hotspot/share/prims/jni.cpp, line 615]
Event: 6318.764 Thread 0x0000022ffba23000 Exception <a 'sun/nio/fs/WindowsException'{0x000000008e1a1a28}> (0x000000008e1a1a28) thrown at [./src/hotspot/share/prims/jni.cpp, line 615]
Event: 6318.767 Thread 0x0000022ffba23000 Exception <a 'sun/nio/fs/WindowsException'{0x000000008e1aa100}> (0x000000008e1aa100) thrown at [./src/hotspot/share/prims/jni.cpp, line 615]
Event: 6318.769 Thread 0x0000022ffba23000 Exception <a 'sun/nio/fs/WindowsException'{0x000000008e1b9398}> (0x000000008e1b9398) thrown at [./src/hotspot/share/prims/jni.cpp, line 615]
Event: 6318.771 Thread 0x0000022ffba23000 Exception <a 'sun/nio/fs/WindowsException'{0x000000008e1c2440}> (0x000000008e1c2440) thrown at [./src/hotspot/share/prims/jni.cpp, line 615]
Event: 6318.773 Thread 0x0000022ffba23000 Exception <a 'sun/nio/fs/WindowsException'{0x000000008e1c9ec8}> (0x000000008e1c9ec8) thrown at [./src/hotspot/share/prims/jni.cpp, line 615]
Event: 6318.775 Thread 0x0000022ffba23000 Exception <a 'sun/nio/fs/WindowsException'{0x000000008e1d2d58}> (0x000000008e1d2d58) thrown at [./src/hotspot/share/prims/jni.cpp, line 615]
Event: 6318.783 Thread 0x0000022ffba23000 Exception <a 'sun/nio/fs/WindowsException'{0x000000008e1dcce8}> (0x000000008e1dcce8) thrown at [./src/hotspot/share/prims/jni.cpp, line 615]
Event: 6318.786 Thread 0x0000022ffba23000 Exception <a 'sun/nio/fs/WindowsException'{0x000000008e1e5418}> (0x000000008e1e5418) thrown at [./src/hotspot/share/prims/jni.cpp, line 615]
Event: 6318.791 Thread 0x0000022ffba23000 Exception <a 'sun/nio/fs/WindowsException'{0x000000008e1f0c80}> (0x000000008e1f0c80) thrown at [./src/hotspot/share/prims/jni.cpp, line 615]
Event: 6318.798 Thread 0x0000022ffba23000 Exception <a 'sun/nio/fs/WindowsException'{0x000000008e1f9660}> (0x000000008e1f9660) thrown at [./src/hotspot/share/prims/jni.cpp, line 615]
Event: 6318.800 Thread 0x0000022ffba23000 Exception <a 'sun/nio/fs/WindowsException'{0x000000008e001ec0}> (0x000000008e001ec0) thrown at [./src/hotspot/share/prims/jni.cpp, line 615]
Event: 6318.803 Thread 0x0000022ffba23000 Exception <a 'sun/nio/fs/WindowsException'{0x000000008e009ed0}> (0x000000008e009ed0) thrown at [./src/hotspot/share/prims/jni.cpp, line 615]
Event: 6318.805 Thread 0x0000022ffba23000 Exception <a 'sun/nio/fs/WindowsException'{0x000000008e00af68}> (0x000000008e00af68) thrown at [./src/hotspot/share/prims/jni.cpp, line 615]
Event: 6318.814 Thread 0x0000022ffba23000 Exception <a 'sun/nio/fs/WindowsException'{0x000000008e086760}> (0x000000008e086760) thrown at [./src/hotspot/share/prims/jni.cpp, line 615]
Event: 6318.817 Thread 0x0000022ffba23000 Exception <a 'sun/nio/fs/WindowsException'{0x000000008e08e7c0}> (0x000000008e08e7c0) thrown at [./src/hotspot/share/prims/jni.cpp, line 615]
Event: 6318.951 Thread 0x0000022ffba23000 Exception <a 'sun/nio/fs/WindowsException'{0x000000008d82b890}> (0x000000008d82b890) thrown at [./src/hotspot/share/prims/jni.cpp, line 615]
Event: 6319.136 Thread 0x0000022ff69bd800 Exception <a 'sun/nio/fs/WindowsException'{0x000000008e89ee88}> (0x000000008e89ee88) thrown at [./src/hotspot/share/prims/jni.cpp, line 615]
Event: 6319.172 Thread 0x0000022ff69be000 Exception <a 'sun/nio/fs/WindowsException'{0x000000008deff210}> (0x000000008deff210) thrown at [./src/hotspot/share/prims/jni.cpp, line 615]

Events (20 events):
Event: 6319.753 loading class com/android/tools/r8/internal/GE done
Event: 6319.753 loading class com/android/tools/r8/code/G0
Event: 6319.753 loading class com/android/tools/r8/code/G0 done
Event: 6319.754 loading class com/android/tools/r8/code/G0
Event: 6319.754 loading class com/android/tools/r8/code/G0 done
Event: 6319.754 loading class com/android/tools/r8/code/G0
Event: 6319.754 loading class com/android/tools/r8/code/G0 done
Event: 6319.754 loading class com/android/tools/r8/internal/tA
Event: 6319.754 loading class com/android/tools/r8/internal/tA done
Event: 6319.758 Executing VM operation: CGC_Operation
Event: 6319.792 Executing VM operation: CGC_Operation done
Event: 6319.854 loading class com/android/tools/r8/internal/tA
Event: 6319.854 loading class com/android/tools/r8/internal/tA done
Event: 6319.855 loading class com/android/tools/r8/internal/QG
Event: 6319.855 loading class com/android/tools/r8/internal/QG done
Event: 6319.855 loading class com/android/tools/r8/internal/tA
Event: 6319.855 loading class com/android/tools/r8/internal/tA done
Event: 6319.856 Executing VM operation: RevokeBias
Event: 6319.881 Executing VM operation: RevokeBias done
Event: 6320.000 Executing VM operation: G1CollectForAllocation


Dynamic libraries:
0x00007ff724170000 - 0x00007ff72417a000 	C:\Program Files\Android\Android Studio\jre\bin\java.exe
0x00007ff86fed0000 - 0x00007ff8700c5000 	C:\Windows\SYSTEM32\ntdll.dll
0x00007ff86f060000 - 0x00007ff86f11e000 	C:\Windows\System32\KERNEL32.DLL
0x00007ff86d9a0000 - 0x00007ff86dc68000 	C:\Windows\System32\KERNELBASE.dll
0x00007ff86dde0000 - 0x00007ff86dee0000 	C:\Windows\System32\ucrtbase.dll
0x00007ff856da0000 - 0x00007ff856db9000 	C:\Program Files\Android\Android Studio\jre\bin\jli.dll
0x00007ff86f630000 - 0x00007ff86f7d1000 	C:\Windows\System32\USER32.dll
0x00007ff86dee0000 - 0x00007ff86df02000 	C:\Windows\System32\win32u.dll
0x00007ff86e660000 - 0x00007ff86e68b000 	C:\Windows\System32\GDI32.dll
0x00007ff86d5e0000 - 0x00007ff86d6ed000 	C:\Windows\System32\gdi32full.dll
0x00007ff86d7a0000 - 0x00007ff86d83d000 	C:\Windows\System32\msvcp_win.dll
0x00007ff855860000 - 0x00007ff855877000 	C:\Program Files\Android\Android Studio\jre\bin\VCRUNTIME140.dll
0x00007ff858fa0000 - 0x00007ff85923a000 	C:\Windows\WinSxS\amd64_microsoft.windows.common-controls_6595b64144ccf1df_6.0.19041.1110_none_60b5254171f9507e\COMCTL32.dll
0x00007ff86f370000 - 0x00007ff86f40e000 	C:\Windows\System32\msvcrt.dll
0x00007ff86fca0000 - 0x00007ff86fcd0000 	C:\Windows\System32\IMM32.DLL
0x00007ff848080000 - 0x00007ff84811d000 	C:\Program Files\Android\Android Studio\jre\bin\msvcp140.dll
0x00007ffff23d0000 - 0x00007ffff2e9f000 	C:\Program Files\Android\Android Studio\jre\bin\server\jvm.dll
0x00007ff86ee40000 - 0x00007ff86eeec000 	C:\Windows\System32\ADVAPI32.dll
0x00007ff86fdf0000 - 0x00007ff86fe8b000 	C:\Windows\System32\sechost.dll
0x00007ff86e450000 - 0x00007ff86e57a000 	C:\Windows\System32\RPCRT4.dll
0x00007ff86f360000 - 0x00007ff86f368000 	C:\Windows\System32\PSAPI.DLL
0x00007ff865500000 - 0x00007ff865509000 	C:\Windows\SYSTEM32\WSOCK32.dll
0x00007ff86f410000 - 0x00007ff86f47b000 	C:\Windows\System32\WS2_32.dll
0x00007ff850320000 - 0x00007ff850347000 	C:\Windows\SYSTEM32\WINMM.dll
0x00007ff862b40000 - 0x00007ff862b4a000 	C:\Windows\SYSTEM32\VERSION.dll
0x00007ff86be50000 - 0x00007ff86be62000 	C:\Windows\SYSTEM32\kernel.appcore.dll
0x00007ff854800000 - 0x00007ff854811000 	C:\Program Files\Android\Android Studio\jre\bin\verify.dll
0x00007ff86a720000 - 0x00007ff86a904000 	C:\Windows\SYSTEM32\DBGHELP.DLL
0x00007ff8593c0000 - 0x00007ff8593ec000 	C:\Windows\SYSTEM32\dbgcore.DLL
0x00007ff86dd50000 - 0x00007ff86ddd2000 	C:\Windows\System32\bcryptPrimitives.dll
0x00007ff83ff70000 - 0x00007ff83ff99000 	C:\Program Files\Android\Android Studio\jre\bin\java.dll
0x00007ff8654f0000 - 0x00007ff8654fb000 	C:\Program Files\Android\Android Studio\jre\bin\jimage.dll
0x00007ff83ff50000 - 0x00007ff83ff68000 	C:\Program Files\Android\Android Studio\jre\bin\zip.dll
0x00007ff86e6f0000 - 0x00007ff86ee34000 	C:\Windows\System32\SHELL32.dll
0x00007ff86b040000 - 0x00007ff86b7d4000 	C:\Windows\SYSTEM32\windows.storage.dll
0x00007ff86f890000 - 0x00007ff86fbe5000 	C:\Windows\System32\combase.dll
0x00007ff86cee0000 - 0x00007ff86cf0e000 	C:\Windows\SYSTEM32\Wldp.dll
0x00007ff86fbf0000 - 0x00007ff86fc9d000 	C:\Windows\System32\SHCORE.dll
0x00007ff86e690000 - 0x00007ff86e6e5000 	C:\Windows\System32\shlwapi.dll
0x00007ff86d520000 - 0x00007ff86d53f000 	C:\Windows\SYSTEM32\profapi.dll
0x00007ff830d40000 - 0x00007ff830d5a000 	C:\Program Files\Android\Android Studio\jre\bin\net.dll
0x00007ff85cf30000 - 0x00007ff85d03c000 	C:\Windows\SYSTEM32\WINHTTP.dll
0x00007ff86cc60000 - 0x00007ff86ccca000 	C:\Windows\system32\mswsock.dll
0x00007ff830af0000 - 0x00007ff830b04000 	C:\Program Files\Android\Android Studio\jre\bin\nio.dll
0x00007ff8563b0000 - 0x00007ff8563d7000 	C:\Users\bruno\.gradle\native\8bec1ad78214c89d9ad589b4d07fe93259594b29d510b10fafb7a158f7737e5d\windows-amd64\native-platform.dll
0x00007ff8194f0000 - 0x00007ff81962d000 	C:\Users\bruno\.gradle\native\53dbd7edfb1c66fb8903c78663c9afc45aea4f116125fa6feffd364cf09443e8\windows-amd64\native-platform-file-events.dll
0x00007ff854890000 - 0x00007ff85489a000 	C:\Program Files\Android\Android Studio\jre\bin\management.dll
0x00007ff84f410000 - 0x00007ff84f41c000 	C:\Program Files\Android\Android Studio\jre\bin\management_ext.dll
0x00007ff86d220000 - 0x00007ff86d238000 	C:\Windows\SYSTEM32\CRYPTSP.dll
0x00007ff86c600000 - 0x00007ff86c634000 	C:\Windows\system32\rsaenh.dll
0x00007ff86dcd0000 - 0x00007ff86dcf7000 	C:\Windows\System32\bcrypt.dll
0x00007ff86d4e0000 - 0x00007ff86d50e000 	C:\Windows\SYSTEM32\USERENV.dll
0x00007ff86ce50000 - 0x00007ff86ce5c000 	C:\Windows\SYSTEM32\CRYPTBASE.dll
0x00007ff86c970000 - 0x00007ff86c9ab000 	C:\Windows\SYSTEM32\IPHLPAPI.DLL
0x00007ff86e650000 - 0x00007ff86e658000 	C:\Windows\System32\NSI.dll
0x00007ff860df0000 - 0x00007ff860e07000 	C:\Windows\SYSTEM32\dhcpcsvc6.DLL
0x00007ff85da60000 - 0x00007ff85da7d000 	C:\Windows\SYSTEM32\dhcpcsvc.DLL
0x00007ff86c9b0000 - 0x00007ff86ca7b000 	C:\Windows\SYSTEM32\DNSAPI.dll
0x00007ff865400000 - 0x00007ff86541e000 	C:\Users\bruno\AppData\Local\Temp\native-platform17432275696460974024dir\native-platform.dll
0x00007ff8563a0000 - 0x00007ff8563a8000 	C:\Program Files\Android\Android Studio\jre\bin\rmi.dll
0x00007ff86c290000 - 0x00007ff86c2c3000 	C:\Windows\SYSTEM32\ntmarta.dll
0x00007ff81dfc0000 - 0x00007ff81dfe7000 	C:\Program Files\Android\Android Studio\jre\bin\sunec.dll

dbghelp: loaded successfully - version: 4.0.5 - missing functions: none
symbol engine: initialized successfully - sym options: 0x614 - pdb path: .;C:\Program Files\Android\Android Studio\jre\bin;C:\Windows\SYSTEM32;C:\Windows\WinSxS\amd64_microsoft.windows.common-controls_6595b64144ccf1df_6.0.19041.1110_none_60b5254171f9507e;C:\Program Files\Android\Android Studio\jre\bin\server;C:\Users\bruno\.gradle\native\8bec1ad78214c89d9ad589b4d07fe93259594b29d510b10fafb7a158f7737e5d\windows-amd64;C:\Users\bruno\.gradle\native\53dbd7edfb1c66fb8903c78663c9afc45aea4f116125fa6feffd364cf09443e8\windows-amd64;C:\Users\bruno\AppData\Local\Temp\native-platform17432275696460974024dir

VM Arguments:
jvm_args: --add-opens=java.base/java.util=ALL-UNNAMED --add-opens=java.base/java.lang=ALL-UNNAMED --add-opens=java.base/java.lang.invoke=ALL-UNNAMED --add-opens=java.base/java.util=ALL-UNNAMED --add-opens=java.prefs/java.util.prefs=ALL-UNNAMED --add-opens=java.prefs/java.util.prefs=ALL-UNNAMED --add-opens=java.base/java.nio.charset=ALL-UNNAMED --add-opens=java.base/java.net=ALL-UNNAMED --add-opens=java.base/java.util.concurrent.atomic=ALL-UNNAMED -Xmx2048m -Dfile.encoding=UTF-8 -Duser.country=US -Duser.language=en -Duser.variant 
java_command: org.gradle.launcher.daemon.bootstrap.GradleDaemon 7.0.2
java_class_path (initial): C:\Users\bruno\.gradle\wrapper\dists\gradle-7.0.2-bin\857tjihv64xamwrf0h14cai3r\gradle-7.0.2\lib\gradle-launcher-7.0.2.jar
Launcher Type: SUN_STANDARD

[Global flags]
     intx CICompilerCount                          = 3                                         {product} {ergonomic}
     uint ConcGCThreads                            = 1                                         {product} {ergonomic}
     uint G1ConcRefinementThreads                  = 4                                         {product} {ergonomic}
   size_t G1HeapRegionSize                         = 1048576                                   {product} {ergonomic}
    uintx GCDrainStackTargetSize                   = 64                                        {product} {ergonomic}
   size_t InitialHeapSize                          = 134217728                                 {product} {ergonomic}
   size_t MarkStackSize                            = 4194304                                   {product} {ergonomic}
   size_t MaxHeapSize                              = 2147483648                                {product} {command line}
   size_t MaxNewSize                               = 1287651328                                {product} {ergonomic}
   size_t MinHeapDeltaBytes                        = 1048576                                   {product} {ergonomic}
    uintx NonNMethodCodeHeapSize                   = 5830732                                {pd product} {ergonomic}
    uintx NonProfiledCodeHeapSize                  = 122913754                              {pd product} {ergonomic}
    uintx ProfiledCodeHeapSize                     = 122913754                              {pd product} {ergonomic}
    uintx ReservedCodeCacheSize                    = 251658240                              {pd product} {ergonomic}
     bool SegmentedCodeCache                       = true                                      {product} {ergonomic}
     bool UseCompressedClassPointers               = true                                 {lp64_product} {ergonomic}
     bool UseCompressedOops                        = true                                 {lp64_product} {ergonomic}
     bool UseG1GC                                  = true                                      {product} {ergonomic}
     bool UseLargePagesIndividualAllocation        = false                                  {pd product} {ergonomic}

Logging:
Log output configuration:
 #0: stdout all=warning uptime,level,tags
 #1: stderr all=off uptime,level,tags

Environment Variables:
PATH=C:\Program Files\Common Files\Oracle\Java\javapath;C:\Program Files (x86)\Common Files\Oracle\Java\javapath;C:\Windows\system32;C:\Windows;C:\Windows\System32\Wbem;C:\Windows\System32\WindowsPowerShell\v1.0\;C:\Windows\System32\OpenSSH\;C:\Program Files\Microsoft VS Code\bin;C:\Users\bruno\AppData\Roaming\nvm;C:\Program Files\nodejs;C:\Program Files\Microsoft SQL Server\130\Tools\Binn\;C:\Program Files\Microsoft SQL Server\Client SDK\ODBC\170\Tools\Binn\;C:\Program Files (x86)\Intel\Intel(R) Management Engine Components\DAL;C:\Program Files\Intel\Intel(R) Management Engine Components\DAL;C:\Program Files\Git\cmd;C:\xampp\php;C:\ProgramData\ComposerSetup\bin;C:\Program Files\dotnet\;C:\Users\bruno\AppData\Local\Microsoft\WindowsApps;C:\Users\bruno\AppData\Roaming\npm;C:\Users\bruno\AppData\Roaming\nvm;C:\Program Files\nodejs;C:\Program Files\Java\jdk-17\bin;C:\Users\bruno\AppData\Local\hyper\app-3.0.2\resources\bin;C:\Program Files\MongoDB\Server\5.0\bin;C:\xampp\mysql\bin;C:\Users\bruno\AppData\Local\GitHubDesktop\bin;C:\Users\bruno\AppData\Local\Android\Sdk\emulator;C:\flutter\flutter\bin;C:\Program Files\JetBrains\IntelliJ IDEA 2021.2.2\bin;;C:\Program Files\JetBrains\CLion 2021.2.2\bin;;C:\Program Files\JetBrains\WebStorm 2021.2.2\bin;;C:\Program Files\heroku\bin;C:\Users\bruno\AppData\Roaming\Composer\vendor\bin;C:\Users\bruno\.dotnet\tools;C:\Program Files (x86)\ngrok;
USERNAME=bruno
OS=Windows_NT
PROCESSOR_IDENTIFIER=Intel64 Family 6 Model 78 Stepping 3, GenuineIntel



---------------  S Y S T E M  ---------------

OS: Windows 10 , 64 bit Build 19041 (10.0.19041.1348)
OS uptime: 1 days 1:45 hours
Hyper-V role detected

CPU:total 4 (initial active 4) (2 cores per cpu, 2 threads per core) family 6 model 78 stepping 3 microcode 0xea, cmov, cx8, fxsr, mmx, sse, sse2, sse3, ssse3, sse4.1, sse4.2, popcnt, avx, avx2, aes, clmul, erms, rtm, 3dnowpref, lzcnt, ht, tsc, tscinvbit, bmi1, bmi2, adx, fma

Memory: 4k page, system-wide physical 8071M (362M free)
TotalPageFile size 20249M (AvailPageFile size 9M)
current process WorkingSet (physical memory assigned to process): 565M, peak: 584M
current process commit charge ("private bytes"): 706M, peak: 756M

vm_info: OpenJDK 64-Bit Server VM (11.0.10+0-b96-7249189) for windows-amd64 JRE (11.0.10+0-b96-7249189), built on Mar 31 2021 21:44:00 by "builder" with MS VC++ 14.0 (VS2015)

END.
