#
# There is insufficient memory for the Java Runtime Environment to continue.
# Native memory allocation (mmap) failed to map 80740352 bytes for Failed to commit area from 0x000000008de00000 to 0x0000000092b00000 of length 80740352.
# Possible reasons:
#   The system is out of physical RAM or swap space
#   The process is running with CompressedOops enabled, and the Java Heap may be blocking the growth of the native heap
# Possible solutions:
#   Reduce memory load on the system
#   Increase physical memory or swap space
#   Check if swap backing store is full
#   Decrease Java heap size (-Xmx/-Xms)
#   Decrease number of Java threads
#   Decrease Java thread stack sizes (-Xss)
#   Set larger code cache with -XX:ReservedCodeCacheSize=
#   JVM is running with Unscaled Compressed Oops mode in which the Java heap is
#     placed in the first 4GB address space. The Java Heap base address is the
#     maximum limit for the native heap growth. Please use -XX:HeapBaseMinAddress
#     to set the Java Heap base and to place the Java Heap above 4GB virtual address.
# This output file may be truncated or incomplete.
#
#  Out of Memory Error (./src/hotspot/os/windows/os_windows.cpp:3301), pid=20596, tid=11352
#
# JRE version: OpenJDK Runtime Environment (11.0.10) (build 11.0.10+0-b96-7249189)
# Java VM: OpenJDK 64-Bit Server VM (11.0.10+0-b96-7249189, mixed mode, tiered, compressed oops, g1 gc, windows-amd64)
# No core dump will be written. Minidumps are not enabled by default on client versions of Windows
#

---------------  S U M M A R Y ------------

Command Line: --add-opens=java.base/java.util=ALL-UNNAMED --add-opens=java.base/java.lang=ALL-UNNAMED --add-opens=java.base/java.lang.invoke=ALL-UNNAMED --add-opens=java.base/java.util=ALL-UNNAMED --add-opens=java.prefs/java.util.prefs=ALL-UNNAMED --add-opens=java.prefs/java.util.prefs=ALL-UNNAMED --add-opens=java.base/java.nio.charset=ALL-UNNAMED --add-opens=java.base/java.net=ALL-UNNAMED --add-opens=java.base/java.util.concurrent.atomic=ALL-UNNAMED -Xmx2048m -Dfile.encoding=UTF-8 -Duser.country=US -Duser.language=en -Duser.variant org.gradle.launcher.daemon.bootstrap.GradleDaemon 7.0.2

Host: Intel(R) Core(TM) i7-6600U CPU @ 2.60GHz, 4 cores, 7G,  Windows 10 , 64 bit Build 19041 (10.0.19041.1348)
Time: Tue Dec 21 19:58:15 2021 E. Africa Standard Time elapsed time: 1485.934084 seconds (0d 0h 24m 45s)

---------------  T H R E A D  ---------------

Current thread (0x00000224b84d1800):  VMThread "VM Thread" [stack: 0x0000007c0bb00000,0x0000007c0bc00000] [id=11352]

Stack: [0x0000007c0bb00000,0x0000007c0bc00000]
[error occurred during error reporting (printing stack bounds), id 0xc0000005, EXCEPTION_ACCESS_VIOLATION (0xc0000005) at pc=0x00000224a2430f2d]

Native frames: (J=compiled Java code, j=interpreted, Vv=VM code, C=native code)
V  [jvm.dll+0x5ecfaa]
V  [jvm.dll+0x722bd5]
V  [jvm.dll+0x72412d]
V  [jvm.dll+0x724745]
V  [jvm.dll+0x7246fb]
V  [jvm.dll+0x5ec348]
V  [jvm.dll+0x5ecad8]
C  [ntdll.dll+0xa20cf]
C  [ntdll.dll+0x51454]
C  [ntdll.dll+0xa0bfe]
C  0x00000224a2430f2d

VM_Operation (0x0000007c0fbfb740): G1CollectForAllocation, mode: safepoint, requested by thread 0x00000224c125b000


---------------  P R O C E S S  ---------------

Threads class SMR info:
_java_thread_list=0x00000224c1598090, length=67, elements={
0x000002249e93d800, 0x00000224b8511800, 0x00000224b851c800, 0x00000224b8ea2800,
0x00000224b852f000, 0x00000224b852f800, 0x00000224b8532800, 0x00000224b8537000,
0x00000224b8546800, 0x00000224b8fe9000, 0x00000224ba9ff000, 0x00000224b9e69800,
0x00000224ba681800, 0x00000224b973a800, 0x00000224b9736000, 0x00000224b9735000,
0x00000224b9736800, 0x00000224b9738800, 0x00000224bde8e000, 0x00000224bde91000,
0x00000224bde8f000, 0x00000224bde93800, 0x00000224bde8f800, 0x00000224bde98800,
0x00000224bde99800, 0x00000224bde97000, 0x00000224bd57b000, 0x00000224bd576000,
0x00000224bd579000, 0x00000224bd57e000, 0x00000224bde90800, 0x00000224bd583000,
0x00000224c125d800, 0x00000224c4b45000, 0x00000224bd57a000, 0x00000224c4b45800,
0x00000224c4b46800, 0x00000224c4b48000, 0x00000224c4b47800, 0x00000224c4b49000,
0x00000224c4b44000, 0x00000224c4b4a800, 0x00000224c4b4e000, 0x00000224c4b4c800,
0x00000224c4b50800, 0x00000224c4b51000, 0x00000224c4b4b800, 0x00000224c4b4e800,
0x00000224c4b52000, 0x00000224c4b53000, 0x00000224c4b4f800, 0x00000224c4b4d000,
0x00000224bd574800, 0x00000224bd575000, 0x00000224bd576800, 0x00000224bd57b800,
0x00000224bd57c800, 0x00000224bd577800, 0x00000224bd578800, 0x00000224bd57f000,
0x00000224bd582000, 0x00000224bd580800, 0x00000224bd581800, 0x00000224bd57f800,
0x00000224c125b000, 0x00000224c125c000, 0x00000224c125d000
}

Java Threads: ( => current thread )
  0x000002249e93d800 JavaThread "main" [_thread_blocked, id=21412, stack(0x0000007c0b500000,0x0000007c0b600000)]
  0x00000224b8511800 JavaThread "Reference Handler" daemon [_thread_blocked, id=10460, stack(0x0000007c0bc00000,0x0000007c0bd00000)]
  0x00000224b851c800 JavaThread "Finalizer" daemon [_thread_blocked, id=17400, stack(0x0000007c0bd00000,0x0000007c0be00000)]
  0x00000224b8ea2800 JavaThread "Signal Dispatcher" daemon [_thread_blocked, id=21152, stack(0x0000007c0be00000,0x0000007c0bf00000)]
  0x00000224b852f000 JavaThread "Attach Listener" daemon [_thread_blocked, id=20948, stack(0x0000007c0bf00000,0x0000007c0c000000)]
  0x00000224b852f800 JavaThread "Service Thread" daemon [_thread_blocked, id=22148, stack(0x0000007c0c000000,0x0000007c0c100000)]
  0x00000224b8532800 JavaThread "C2 CompilerThread0" daemon [_thread_in_native, id=17384, stack(0x0000007c0c100000,0x0000007c0c200000)]
  0x00000224b8537000 JavaThread "C1 CompilerThread0" daemon [_thread_blocked, id=17924, stack(0x0000007c0c200000,0x0000007c0c300000)]
  0x00000224b8546800 JavaThread "Sweeper thread" daemon [_thread_blocked, id=13816, stack(0x0000007c0c300000,0x0000007c0c400000)]
  0x00000224b8fe9000 JavaThread "Common-Cleaner" daemon [_thread_blocked, id=7032, stack(0x0000007c0c400000,0x0000007c0c500000)]
  0x00000224ba9ff000 JavaThread "Daemon health stats" [_thread_blocked, id=18160, stack(0x0000007c0c600000,0x0000007c0c700000)]
  0x00000224b9e69800 JavaThread "Incoming local TCP Connector on port 53832" [_thread_in_native, id=10144, stack(0x0000007c0c900000,0x0000007c0ca00000)]
  0x00000224ba681800 JavaThread "Daemon periodic checks" [_thread_blocked, id=4716, stack(0x0000007c0ca00000,0x0000007c0cb00000)]
  0x00000224b973a800 JavaThread "Cache worker for file hash cache (C:\Users\bruno\.gradle\caches\7.0.2\fileHashes)" [_thread_blocked, id=5748, stack(0x0000007c0d300000,0x0000007c0d400000)]
  0x00000224b9736000 JavaThread "File lock request listener" [_thread_in_native, id=22316, stack(0x0000007c0d400000,0x0000007c0d500000)]
  0x00000224b9735000 JavaThread "Cache worker for journal cache (C:\Users\bruno\.gradle\caches\journal-1)" [_thread_blocked, id=5848, stack(0x0000007c0d500000,0x0000007c0d600000)]
  0x00000224b9736800 JavaThread "File watcher server" daemon [_thread_blocked, id=5700, stack(0x0000007c0d700000,0x0000007c0d800000)]
  0x00000224b9738800 JavaThread "File watcher consumer" daemon [_thread_blocked, id=20484, stack(0x0000007c0d800000,0x0000007c0d900000)]
  0x00000224bde8e000 JavaThread "Cache worker for execution history cache (C:\Users\bruno\.gradle\caches\7.0.2\executionHistory)" [_thread_blocked, id=22216, stack(0x0000007c0dd00000,0x0000007c0de00000)]
  0x00000224bde91000 JavaThread "jar transforms" [_thread_blocked, id=21004, stack(0x0000007c0db00000,0x0000007c0dc00000)]
  0x00000224bde8f000 JavaThread "jar transforms Thread 2" [_thread_blocked, id=7344, stack(0x0000007c0de00000,0x0000007c0df00000)]
  0x00000224bde93800 JavaThread "Cache worker for file content cache (C:\Users\bruno\.gradle\caches\7.0.2\fileContent)" [_thread_blocked, id=20464, stack(0x0000007c0df00000,0x0000007c0e000000)]
  0x00000224bde8f800 JavaThread "jar transforms Thread 3" [_thread_blocked, id=21696, stack(0x0000007c0e100000,0x0000007c0e200000)]
  0x00000224bde98800 JavaThread "jar transforms Thread 4" [_thread_blocked, id=5604, stack(0x0000007c0e700000,0x0000007c0e800000)]
  0x00000224bde99800 JavaThread "Memory manager" [_thread_blocked, id=22156, stack(0x0000007c0e800000,0x0000007c0e900000)]
  0x00000224bde97000 JavaThread "pool-3-thread-1" [_thread_blocked, id=18312, stack(0x0000007c0ea00000,0x0000007c0eb00000)]
  0x00000224bd57b000 JavaThread "RMI Scheduler(0)" daemon [_thread_blocked, id=20796, stack(0x0000007c0f200000,0x0000007c0f300000)]
  0x00000224bd576000 JavaThread "RMI GC Daemon" daemon [_thread_blocked, id=11868, stack(0x0000007c0f500000,0x0000007c0f600000)]
  0x00000224bd579000 JavaThread "RMI TCP Accept-0" daemon [_thread_in_native, id=20024, stack(0x0000007c0f600000,0x0000007c0f700000)]
  0x00000224bd57e000 JavaThread "RMI Reaper" [_thread_blocked, id=20964, stack(0x0000007c0f700000,0x0000007c0f800000)]
  0x00000224bde90800 JavaThread "pool-6-thread-1" [_thread_blocked, id=16724, stack(0x0000007c0e600000,0x0000007c0e700000)]
  0x00000224bd583000 JavaThread "pool-9-thread-1" [_thread_blocked, id=6332, stack(0x0000007c0e500000,0x0000007c0e600000)]
  0x00000224c125d800 JavaThread "Cache worker for Java compile cache (C:\Users\bruno\.gradle\caches\7.0.2\javaCompile)" [_thread_blocked, id=21164, stack(0x0000007c0f100000,0x0000007c0f200000)]
  0x00000224c4b45000 JavaThread "ForkJoinPool.commonPool-worker-5" daemon [_thread_blocked, id=15268, stack(0x0000007c10200000,0x0000007c10300000)]
  0x00000224bd57a000 JavaThread "pool-13-thread-1" [_thread_blocked, id=7936, stack(0x0000007c0e900000,0x0000007c0ea00000)]
  0x00000224c4b45800 JavaThread "pool-16-thread-1" [_thread_blocked, id=17064, stack(0x0000007c0eb00000,0x0000007c0ec00000)]
  0x00000224c4b46800 JavaThread "Daemon Thread 4" [_thread_blocked, id=19516, stack(0x0000007c0b200000,0x0000007c0b300000)]
  0x00000224c4b48000 JavaThread "Handler for socket connection from /127.0.0.1:53832 to /127.0.0.1:55445" [_thread_in_native, id=19228, stack(0x0000007c0b300000,0x0000007c0b400000)]
  0x00000224c4b47800 JavaThread "Cancel handler" [_thread_blocked, id=11360, stack(0x0000007c0b400000,0x0000007c0b500000)]
  0x00000224c4b49000 JavaThread "Daemon worker Thread 4" [_thread_blocked, id=20620, stack(0x0000007c0cb00000,0x0000007c0cc00000)]
  0x00000224c4b44000 JavaThread "Asynchronous log dispatcher for DefaultDaemonConnection: socket connection from /127.0.0.1:53832 to /127.0.0.1:55445" [_thread_blocked, id=11508, stack(0x0000007c0cc00000,0x0000007c0cd00000)]
  0x00000224c4b4a800 JavaThread "Stdin handler" [_thread_blocked, id=17624, stack(0x0000007c0cd00000,0x0000007c0ce00000)]
  0x00000224c4b4e000 JavaThread "Daemon client event forwarder" [_thread_blocked, id=13504, stack(0x0000007c0ce00000,0x0000007c0cf00000)]
  0x00000224c4b4c800 JavaThread "Cache worker for file hash cache (C:\Users\bruno\Documents\DIT\2.2\ICT Project II\Project\Android\E-Progression\.gradle\7.0.2\fileHashes)" [_thread_blocked, id=4616, stack(0x0000007c0cf00000,0x0000007c0d000000)]
  0x00000224c4b50800 JavaThread "Cache worker for checksums cache (C:\Users\bruno\Documents\DIT\2.2\ICT Project II\Project\Android\E-Progression\.gradle\checksums)" [_thread_blocked, id=6852, stack(0x0000007c0d000000,0x0000007c0d100000)]
  0x00000224c4b51000 JavaThread "Cache worker for cache directory md-supplier (C:\Users\bruno\.gradle\caches\7.0.2\md-supplier)" [_thread_blocked, id=3068, stack(0x0000007c0d200000,0x0000007c0d300000)]
  0x00000224c4b4b800 JavaThread "Cache worker for cache directory md-rule (C:\Users\bruno\.gradle\caches\7.0.2\md-rule)" [_thread_blocked, id=11276, stack(0x0000007c0d600000,0x0000007c0d700000)]
  0x00000224c4b4e800 JavaThread "Cache worker for dependencies-accessors (C:\Users\bruno\Documents\DIT\2.2\ICT Project II\Project\Android\E-Progression\.gradle\7.0.2\dependencies-accessors)" [_thread_blocked, id=5776, stack(0x0000007c0d900000,0x0000007c0da00000)]
  0x00000224c4b52000 JavaThread "Cache worker for Build Output Cleanup Cache (C:\Users\bruno\Documents\DIT\2.2\ICT Project II\Project\Android\E-Progression\.gradle\buildOutputCleanup)" [_thread_blocked, id=20772, stack(0x0000007c0da00000,0x0000007c0db00000)]
  0x00000224c4b53000 JavaThread "Build operations" [_thread_blocked, id=2484, stack(0x0000007c0dc00000,0x0000007c0dd00000)]
  0x00000224c4b4f800 JavaThread "Build operations Thread 2" [_thread_blocked, id=15328, stack(0x0000007c0e000000,0x0000007c0e100000)]
  0x00000224c4b4d000 JavaThread "Build operations Thread 3" [_thread_blocked, id=5496, stack(0x0000007c0e200000,0x0000007c0e300000)]
  0x00000224bd574800 JavaThread "Build operations Thread 4" [_thread_blocked, id=6520, stack(0x0000007c0e300000,0x0000007c0e400000)]
  0x00000224bd575000 JavaThread "build event listener" [_thread_blocked, id=560, stack(0x0000007c0e400000,0x0000007c0e500000)]
  0x00000224bd576800 JavaThread "pool-19-thread-1" [_thread_blocked, id=1508, stack(0x0000007c0ec00000,0x0000007c0ed00000)]
  0x00000224bd57b800 JavaThread "build event listener" [_thread_blocked, id=9532, stack(0x0000007c0ed00000,0x0000007c0ee00000)]
  0x00000224bd57c800 JavaThread "Execution worker for ':'" [_thread_blocked, id=8092, stack(0x0000007c0ee00000,0x0000007c0ef00000)]
  0x00000224bd577800 JavaThread "Execution worker for ':' Thread 2" [_thread_blocked, id=21864, stack(0x0000007c0ef00000,0x0000007c0f000000)]
  0x00000224bd578800 JavaThread "Execution worker for ':' Thread 3" [_thread_blocked, id=20180, stack(0x0000007c0f000000,0x0000007c0f100000)]
  0x00000224bd57f000 JavaThread "Cache worker for execution history cache (C:\Users\bruno\Documents\DIT\2.2\ICT Project II\Project\Android\E-Progression\.gradle\7.0.2\executionHistory)" [_thread_blocked, id=19888, stack(0x0000007c0f300000,0x0000007c0f400000)]
  0x00000224bd582000 JavaThread "RMI TCP Connection(idle)" daemon [_thread_blocked, id=2184, stack(0x0000007c0f800000,0x0000007c0f900000)]
  0x00000224bd580800 JavaThread "RMI TCP Connection(17)-127.0.0.1" daemon [_thread_in_native, id=2596, stack(0x0000007c0f900000,0x0000007c0fa00000)]
  0x00000224bd581800 JavaThread "Cache worker for Java compile cache (C:\Users\bruno\Documents\DIT\2.2\ICT Project II\Project\Android\E-Progression\.gradle\7.0.2\javaCompile)" [_thread_blocked, id=2192, stack(0x0000007c0fa00000,0x0000007c0fb00000)]
  0x00000224bd57f800 JavaThread "WorkerExecutor Queue" [_thread_blocked, id=21380, stack(0x0000007c0f400000,0x0000007c0f500000)]
  0x00000224c125b000 JavaThread "WorkerExecutor Queue Thread 2" [_thread_blocked, id=2856, stack(0x0000007c0fb00000,0x0000007c0fc00000)]
  0x00000224c125c000 JavaThread "WorkerExecutor Queue Thread 3" [_thread_blocked, id=21576, stack(0x0000007c0fc00000,0x0000007c0fd00000)]
  0x00000224c125d000 JavaThread "WorkerExecutor Queue Thread 4" [_thread_blocked, id=1988, stack(0x0000007c0fd00000,0x0000007c0fe00000)]

Other Threads:
=>0x00000224b84d1800 VMThread "VM Thread" [stack: 0x0000007c0bb00000,0x0000007c0bc00000] [id=11352]
  0x00000224b9024000 WatcherThread [stack: 0x0000007c0c500000,0x0000007c0c600000] [id=11180]
  0x000002249e955000 GCTaskThread "GC Thread#0" [stack: 0x0000007c0b600000,0x0000007c0b700000] [id=5600]
  0x00000224b9418800 GCTaskThread "GC Thread#1" [stack: 0x0000007c0c700000,0x0000007c0c800000] [id=10556]
  0x00000224b9ab8800 GCTaskThread "GC Thread#2" [stack: 0x0000007c0c800000,0x0000007c0c900000] [id=3348]
  0x00000224b9f2c800 GCTaskThread "GC Thread#3" [stack: 0x0000007c0d100000,0x0000007c0d200000] [id=20300]
  0x000002249e987800 ConcurrentGCThread "G1 Main Marker" [stack: 0x0000007c0b700000,0x0000007c0b800000] [id=22400]
  0x000002249e989800 ConcurrentGCThread "G1 Conc#0" [stack: 0x0000007c0b800000,0x0000007c0b900000] [id=13448]
  0x000002249ea16800 ConcurrentGCThread "G1 Refine#0" [stack: 0x0000007c0b900000,0x0000007c0ba00000] [id=9264]
  0x000002249ea17800 ConcurrentGCThread "G1 Young RemSet Sampling" [stack: 0x0000007c0ba00000,0x0000007c0bb00000] [id=15588]

Threads with active compile tasks:
C2 CompilerThread01485984 27553       4       com.android.tools.r8.internal.X4::a (1165 bytes)

VM state:at safepoint (normal execution)

VM Mutex/Monitor currently owned by a thread:  ([mutex/lock_event])
[0x000002249e939430] Threads_lock - owner thread: 0x00000224b84d1800
[0x000002249e9386b0] Heap_lock - owner thread: 0x00000224c125b000

Heap address: 0x0000000080000000, size: 2048 MB, Compressed Oops mode: 32-bit
Narrow klass base: 0x0000000000000000, Narrow klass shift: 3
Compressed class space size: 1073741824 Address: 0x0000000100000000

Heap:
 garbage-first heap   total 306176K, used 142086K [0x0000000080000000, 0x0000000100000000)
  region size 1024K, 2 young (2048K), 2 survivors (2048K)
 Metaspace       used 134212K, capacity 138038K, committed 138300K, reserved 1169408K
  class space    used 16409K, capacity 17840K, committed 17944K, reserved 1048576K
Heap Regions: E=young(eden), S=young(survivor), O=old, HS=humongous(starts), HC=humongous(continues), CS=collection set, F=free, A=archive, TAMS=top-at-mark-start (previous, next)
|   0|0x0000000080000000, 0x0000000080100000, 0x0000000080100000|100%| O|  |TAMS 0x0000000080100000, 0x0000000080100000| Untracked 
|   1|0x0000000080100000, 0x0000000080200000, 0x0000000080200000|100%| O|  |TAMS 0x0000000080200000, 0x0000000080200000| Untracked 
|   2|0x0000000080200000, 0x0000000080300000, 0x0000000080300000|100%| O|  |TAMS 0x0000000080300000, 0x0000000080300000| Untracked 
|   3|0x0000000080300000, 0x0000000080400000, 0x0000000080400000|100%|HS|  |TAMS 0x0000000080400000, 0x0000000080400000| Complete 
|   4|0x0000000080400000, 0x0000000080500000, 0x0000000080500000|100%|HC|  |TAMS 0x0000000080500000, 0x0000000080500000| Complete 
|   5|0x0000000080500000, 0x0000000080600000, 0x0000000080600000|100%|HC|  |TAMS 0x0000000080600000, 0x0000000080600000| Complete 
|   6|0x0000000080600000, 0x0000000080700000, 0x0000000080700000|100%| O|  |TAMS 0x0000000080700000, 0x0000000080700000| Untracked 
|   7|0x0000000080700000, 0x00000000807ffff8, 0x0000000080800000| 99%| O|  |TAMS 0x00000000807ffff8, 0x00000000807ffff8| Untracked 
|   8|0x0000000080800000, 0x0000000080900000, 0x0000000080900000|100%| O|  |TAMS 0x0000000080900000, 0x0000000080900000| Untracked 
|   9|0x0000000080900000, 0x0000000080a00000, 0x0000000080a00000|100%| O|  |TAMS 0x0000000080a00000, 0x0000000080a00000| Untracked 
|  10|0x0000000080a00000, 0x0000000080b00000, 0x0000000080b00000|100%| O|  |TAMS 0x0000000080b00000, 0x0000000080b00000| Untracked 
|  11|0x0000000080b00000, 0x0000000080c00000, 0x0000000080c00000|100%| O|  |TAMS 0x0000000080c00000, 0x0000000080c00000| Untracked 
|  12|0x0000000080c00000, 0x0000000080d00000, 0x0000000080d00000|100%| O|  |TAMS 0x0000000080d00000, 0x0000000080d00000| Untracked 
|  13|0x0000000080d00000, 0x0000000080e00000, 0x0000000080e00000|100%| O|  |TAMS 0x0000000080e00000, 0x0000000080e00000| Untracked 
|  14|0x0000000080e00000, 0x0000000080f00000, 0x0000000080f00000|100%| O|  |TAMS 0x0000000080f00000, 0x0000000080f00000| Untracked 
|  15|0x0000000080f00000, 0x0000000081000000, 0x0000000081000000|100%|HS|  |TAMS 0x0000000081000000, 0x0000000081000000| Complete 
|  16|0x0000000081000000, 0x0000000081100000, 0x0000000081100000|100%| O|  |TAMS 0x0000000081100000, 0x0000000081100000| Untracked 
|  17|0x0000000081100000, 0x0000000081200000, 0x0000000081200000|100%| O|  |TAMS 0x0000000081200000, 0x0000000081200000| Untracked 
|  18|0x0000000081200000, 0x0000000081300000, 0x0000000081300000|100%| O|  |TAMS 0x0000000081300000, 0x0000000081300000| Untracked 
|  19|0x0000000081300000, 0x0000000081400000, 0x0000000081400000|100%| O|  |TAMS 0x0000000081400000, 0x0000000081400000| Untracked 
|  20|0x0000000081400000, 0x0000000081500000, 0x0000000081500000|100%| O|  |TAMS 0x0000000081500000, 0x0000000081500000| Untracked 
|  21|0x0000000081500000, 0x0000000081600000, 0x0000000081600000|100%| O|  |TAMS 0x0000000081600000, 0x0000000081600000| Untracked 
|  22|0x0000000081600000, 0x0000000081700000, 0x0000000081700000|100%|HS|  |TAMS 0x0000000081700000, 0x0000000081700000| Complete 
|  23|0x0000000081700000, 0x0000000081800000, 0x0000000081800000|100%|HS|  |TAMS 0x0000000081800000, 0x0000000081800000| Complete 
|  24|0x0000000081800000, 0x0000000081900000, 0x0000000081900000|100%|HS|  |TAMS 0x0000000081900000, 0x0000000081900000| Complete 
|  25|0x0000000081900000, 0x0000000081a00000, 0x0000000081a00000|100%|HC|  |TAMS 0x0000000081a00000, 0x0000000081a00000| Complete 
|  26|0x0000000081a00000, 0x0000000081b00000, 0x0000000081b00000|100%|HC|  |TAMS 0x0000000081b00000, 0x0000000081b00000| Complete 
|  27|0x0000000081b00000, 0x0000000081c00000, 0x0000000081c00000|100%|HS|  |TAMS 0x0000000081c00000, 0x0000000081c00000| Complete 
|  28|0x0000000081c00000, 0x0000000081d00000, 0x0000000081d00000|100%|HC|  |TAMS 0x0000000081d00000, 0x0000000081d00000| Complete 
|  29|0x0000000081d00000, 0x0000000081e00000, 0x0000000081e00000|100%| O|  |TAMS 0x0000000081e00000, 0x0000000081e00000| Untracked 
|  30|0x0000000081e00000, 0x0000000081f00000, 0x0000000081f00000|100%| O|  |TAMS 0x0000000081f00000, 0x0000000081f00000| Untracked 
|  31|0x0000000081f00000, 0x0000000082000000, 0x0000000082000000|100%| O|  |TAMS 0x0000000082000000, 0x0000000082000000| Untracked 
|  32|0x0000000082000000, 0x0000000082000000, 0x0000000082100000|  0%| F|  |TAMS 0x0000000082000000, 0x0000000082000000| Untracked 
|  33|0x0000000082100000, 0x0000000082200000, 0x0000000082200000|100%| O|  |TAMS 0x0000000082200000, 0x0000000082200000| Untracked 
|  34|0x0000000082200000, 0x0000000082200000, 0x0000000082300000|  0%| F|  |TAMS 0x0000000082200000, 0x0000000082200000| Untracked 
|  35|0x0000000082300000, 0x0000000082300000, 0x0000000082400000|  0%| F|  |TAMS 0x0000000082300000, 0x0000000082300000| Untracked 
|  36|0x0000000082400000, 0x0000000082500000, 0x0000000082500000|100%| O|  |TAMS 0x0000000082500000, 0x0000000082500000| Untracked 
|  37|0x0000000082500000, 0x0000000082600000, 0x0000000082600000|100%| O|  |TAMS 0x0000000082600000, 0x0000000082600000| Untracked 
|  38|0x0000000082600000, 0x0000000082700000, 0x0000000082700000|100%| O|  |TAMS 0x0000000082700000, 0x0000000082700000| Untracked 
|  39|0x0000000082700000, 0x0000000082800000, 0x0000000082800000|100%| O|  |TAMS 0x0000000082800000, 0x0000000082800000| Untracked 
|  40|0x0000000082800000, 0x0000000082900000, 0x0000000082900000|100%| O|  |TAMS 0x0000000082900000, 0x0000000082900000| Untracked 
|  41|0x0000000082900000, 0x0000000082a00000, 0x0000000082a00000|100%| O|  |TAMS 0x0000000082a00000, 0x0000000082a00000| Untracked 
|  42|0x0000000082a00000, 0x0000000082b00000, 0x0000000082b00000|100%| O|  |TAMS 0x0000000082b00000, 0x0000000082b00000| Untracked 
|  43|0x0000000082b00000, 0x0000000082c00000, 0x0000000082c00000|100%| O|  |TAMS 0x0000000082c00000, 0x0000000082c00000| Untracked 
|  44|0x0000000082c00000, 0x0000000082d00000, 0x0000000082d00000|100%| O|  |TAMS 0x0000000082d00000, 0x0000000082d00000| Untracked 
|  45|0x0000000082d00000, 0x0000000082e00000, 0x0000000082e00000|100%| O|  |TAMS 0x0000000082e00000, 0x0000000082e00000| Untracked 
|  46|0x0000000082e00000, 0x0000000082f00000, 0x0000000082f00000|100%| O|  |TAMS 0x0000000082f00000, 0x0000000082f00000| Untracked 
|  47|0x0000000082f00000, 0x0000000083000000, 0x0000000083000000|100%| O|  |TAMS 0x0000000083000000, 0x0000000083000000| Untracked 
|  48|0x0000000083000000, 0x0000000083100000, 0x0000000083100000|100%| O|  |TAMS 0x0000000083100000, 0x0000000083100000| Untracked 
|  49|0x0000000083100000, 0x0000000083200000, 0x0000000083200000|100%| O|  |TAMS 0x0000000083200000, 0x0000000083200000| Untracked 
|  50|0x0000000083200000, 0x0000000083200000, 0x0000000083300000|  0%| F|  |TAMS 0x0000000083200000, 0x0000000083200000| Untracked 
|  51|0x0000000083300000, 0x0000000083400000, 0x0000000083400000|100%| O|  |TAMS 0x0000000083400000, 0x0000000083400000| Untracked 
|  52|0x0000000083400000, 0x0000000083500000, 0x0000000083500000|100%| O|  |TAMS 0x0000000083500000, 0x0000000083500000| Untracked 
|  53|0x0000000083500000, 0x0000000083600000, 0x0000000083600000|100%| O|  |TAMS 0x0000000083600000, 0x0000000083600000| Untracked 
|  54|0x0000000083600000, 0x0000000083700000, 0x0000000083700000|100%| O|  |TAMS 0x0000000083700000, 0x0000000083700000| Untracked 
|  55|0x0000000083700000, 0x0000000083800000, 0x0000000083800000|100%| O|  |TAMS 0x0000000083800000, 0x0000000083800000| Untracked 
|  56|0x0000000083800000, 0x0000000083900000, 0x0000000083900000|100%| O|  |TAMS 0x0000000083900000, 0x0000000083900000| Untracked 
|  57|0x0000000083900000, 0x0000000083a00000, 0x0000000083a00000|100%| O|  |TAMS 0x0000000083a00000, 0x0000000083a00000| Untracked 
|  58|0x0000000083a00000, 0x0000000083b00000, 0x0000000083b00000|100%| O|  |TAMS 0x0000000083b00000, 0x0000000083b00000| Untracked 
|  59|0x0000000083b00000, 0x0000000083c00000, 0x0000000083c00000|100%| O|  |TAMS 0x0000000083c00000, 0x0000000083c00000| Untracked 
|  60|0x0000000083c00000, 0x0000000083d00000, 0x0000000083d00000|100%| O|  |TAMS 0x0000000083d00000, 0x0000000083d00000| Untracked 
|  61|0x0000000083d00000, 0x0000000083e00000, 0x0000000083e00000|100%| O|  |TAMS 0x0000000083e00000, 0x0000000083e00000| Untracked 
|  62|0x0000000083e00000, 0x0000000083f00000, 0x0000000083f00000|100%| O|  |TAMS 0x0000000083e00000, 0x0000000083f00000| Untracked 
|  63|0x0000000083f00000, 0x0000000084000000, 0x0000000084000000|100%| O|  |TAMS 0x0000000084000000, 0x0000000084000000| Untracked 
|  64|0x0000000084000000, 0x0000000084100000, 0x0000000084100000|100%| O|  |TAMS 0x0000000084100000, 0x0000000084100000| Untracked 
|  65|0x0000000084100000, 0x0000000084200000, 0x0000000084200000|100%| O|  |TAMS 0x0000000084200000, 0x0000000084200000| Untracked 
|  66|0x0000000084200000, 0x0000000084300000, 0x0000000084300000|100%| O|  |TAMS 0x0000000084300000, 0x0000000084300000| Untracked 
|  67|0x0000000084300000, 0x0000000084400000, 0x0000000084400000|100%| O|  |TAMS 0x0000000084400000, 0x0000000084400000| Untracked 
|  68|0x0000000084400000, 0x0000000084500000, 0x0000000084500000|100%| O|  |TAMS 0x0000000084500000, 0x0000000084500000| Untracked 
|  69|0x0000000084500000, 0x0000000084600000, 0x0000000084600000|100%| O|  |TAMS 0x0000000084500000, 0x0000000084600000| Untracked 
|  70|0x0000000084600000, 0x0000000084700000, 0x0000000084700000|100%| O|  |TAMS 0x0000000084600000, 0x0000000084700000| Untracked 
|  71|0x0000000084700000, 0x0000000084800000, 0x0000000084800000|100%| O|  |TAMS 0x0000000084800000, 0x0000000084800000| Untracked 
|  72|0x0000000084800000, 0x0000000084900000, 0x0000000084900000|100%| O|  |TAMS 0x0000000084900000, 0x0000000084900000| Untracked 
|  73|0x0000000084900000, 0x0000000084a00000, 0x0000000084a00000|100%| O|  |TAMS 0x0000000084a00000, 0x0000000084a00000| Untracked 
|  74|0x0000000084a00000, 0x0000000084b00000, 0x0000000084b00000|100%| O|  |TAMS 0x0000000084af0600, 0x0000000084b00000| Untracked 
|  75|0x0000000084b00000, 0x0000000084c00000, 0x0000000084c00000|100%|HS|  |TAMS 0x0000000084c00000, 0x0000000084c00000| Complete 
|  76|0x0000000084c00000, 0x0000000084d00000, 0x0000000084d00000|100%| O|  |TAMS 0x0000000084d00000, 0x0000000084d00000| Untracked 
|  77|0x0000000084d00000, 0x0000000084e00000, 0x0000000084e00000|100%| O|  |TAMS 0x0000000084e00000, 0x0000000084e00000| Untracked 
|  78|0x0000000084e00000, 0x0000000084f00000, 0x0000000084f00000|100%| O|  |TAMS 0x0000000084f00000, 0x0000000084f00000| Untracked 
|  79|0x0000000084f00000, 0x0000000085000000, 0x0000000085000000|100%| O|  |TAMS 0x0000000085000000, 0x0000000085000000| Untracked 
|  80|0x0000000085000000, 0x0000000085100000, 0x0000000085100000|100%| O|  |TAMS 0x0000000085100000, 0x0000000085100000| Untracked 
|  81|0x0000000085100000, 0x0000000085200000, 0x0000000085200000|100%| O|  |TAMS 0x0000000085200000, 0x0000000085200000| Untracked 
|  82|0x0000000085200000, 0x0000000085300000, 0x0000000085300000|100%| O|  |TAMS 0x0000000085300000, 0x0000000085300000| Untracked 
|  83|0x0000000085300000, 0x0000000085400000, 0x0000000085400000|100%| O|  |TAMS 0x0000000085400000, 0x0000000085400000| Untracked 
|  84|0x0000000085400000, 0x0000000085500000, 0x0000000085500000|100%| O|  |TAMS 0x0000000085500000, 0x0000000085500000| Untracked 
|  85|0x0000000085500000, 0x0000000085600000, 0x0000000085600000|100%| O|  |TAMS 0x0000000085600000, 0x0000000085600000| Untracked 
|  86|0x0000000085600000, 0x0000000085700000, 0x0000000085700000|100%| O|  |TAMS 0x0000000085700000, 0x0000000085700000| Untracked 
|  87|0x0000000085700000, 0x0000000085800000, 0x0000000085800000|100%| O|  |TAMS 0x0000000085800000, 0x0000000085800000| Untracked 
|  88|0x0000000085800000, 0x0000000085900000, 0x0000000085900000|100%| O|  |TAMS 0x0000000085900000, 0x0000000085900000| Untracked 
|  89|0x0000000085900000, 0x0000000085a00000, 0x0000000085a00000|100%| O|  |TAMS 0x0000000085a00000, 0x0000000085a00000| Untracked 
|  90|0x0000000085a00000, 0x0000000085a00000, 0x0000000085b00000|  0%| F|  |TAMS 0x0000000085a00000, 0x0000000085a00000| Untracked 
|  91|0x0000000085b00000, 0x0000000085c00000, 0x0000000085c00000|100%| O|  |TAMS 0x0000000085c00000, 0x0000000085c00000| Untracked 
|  92|0x0000000085c00000, 0x0000000085d00000, 0x0000000085d00000|100%| O|  |TAMS 0x0000000085d00000, 0x0000000085d00000| Untracked 
|  93|0x0000000085d00000, 0x0000000085e00000, 0x0000000085e00000|100%| O|  |TAMS 0x0000000085e00000, 0x0000000085e00000| Untracked 
|  94|0x0000000085e00000, 0x0000000085f00000, 0x0000000085f00000|100%| O|  |TAMS 0x0000000085f00000, 0x0000000085f00000| Untracked 
|  95|0x0000000085f00000, 0x0000000086000000, 0x0000000086000000|100%| O|  |TAMS 0x0000000086000000, 0x0000000086000000| Untracked 
|  96|0x0000000086000000, 0x0000000086100000, 0x0000000086100000|100%|HS|  |TAMS 0x0000000086100000, 0x0000000086100000| Complete 
|  97|0x0000000086100000, 0x0000000086200000, 0x0000000086200000|100%|HC|  |TAMS 0x0000000086200000, 0x0000000086200000| Complete 
|  98|0x0000000086200000, 0x0000000086300000, 0x0000000086300000|100%|HC|  |TAMS 0x0000000086300000, 0x0000000086300000| Complete 
|  99|0x0000000086300000, 0x0000000086400000, 0x0000000086400000|100%| O|  |TAMS 0x0000000086400000, 0x0000000086400000| Untracked 
| 100|0x0000000086400000, 0x0000000086500000, 0x0000000086500000|100%| O|  |TAMS 0x0000000086500000, 0x0000000086500000| Untracked 
| 101|0x0000000086500000, 0x0000000086500000, 0x0000000086600000|  0%| F|  |TAMS 0x0000000086500000, 0x0000000086500000| Untracked 
| 102|0x0000000086600000, 0x0000000086700000, 0x0000000086700000|100%| O|  |TAMS 0x0000000086700000, 0x0000000086700000| Untracked 
| 103|0x0000000086700000, 0x0000000086700000, 0x0000000086800000|  0%| F|  |TAMS 0x0000000086700000, 0x0000000086700000| Untracked 
| 104|0x0000000086800000, 0x0000000086800000, 0x0000000086900000|  0%| F|  |TAMS 0x0000000086800000, 0x0000000086800000| Untracked 
| 105|0x0000000086900000, 0x0000000086900000, 0x0000000086a00000|  0%| F|  |TAMS 0x0000000086900000, 0x0000000086900000| Untracked 
| 106|0x0000000086a00000, 0x0000000086b00000, 0x0000000086b00000|100%| O|  |TAMS 0x0000000086a00000, 0x0000000086b00000| Untracked 
| 107|0x0000000086b00000, 0x0000000086c00000, 0x0000000086c00000|100%| O|  |TAMS 0x0000000086c00000, 0x0000000086c00000| Untracked 
| 108|0x0000000086c00000, 0x0000000086d00000, 0x0000000086d00000|100%| O|  |TAMS 0x0000000086d00000, 0x0000000086d00000| Untracked 
| 109|0x0000000086d00000, 0x0000000086d00000, 0x0000000086e00000|  0%| F|  |TAMS 0x0000000086d00000, 0x0000000086d00000| Untracked 
| 110|0x0000000086e00000, 0x0000000086f00000, 0x0000000086f00000|100%| O|  |TAMS 0x0000000086f00000, 0x0000000086f00000| Untracked 
| 111|0x0000000086f00000, 0x0000000087000000, 0x0000000087000000|100%| O|  |TAMS 0x0000000087000000, 0x0000000087000000| Untracked 
| 112|0x0000000087000000, 0x0000000087100000, 0x0000000087100000|100%| O|  |TAMS 0x0000000087100000, 0x0000000087100000| Untracked 
| 113|0x0000000087100000, 0x0000000087200000, 0x0000000087200000|100%| O|  |TAMS 0x0000000087200000, 0x0000000087200000| Untracked 
| 114|0x0000000087200000, 0x0000000087300000, 0x0000000087300000|100%| O|  |TAMS 0x0000000087300000, 0x0000000087300000| Untracked 
| 115|0x0000000087300000, 0x0000000087400000, 0x0000000087400000|100%| O|  |TAMS 0x0000000087400000, 0x0000000087400000| Untracked 
| 116|0x0000000087400000, 0x0000000087500000, 0x0000000087500000|100%| O|  |TAMS 0x0000000087500000, 0x0000000087500000| Untracked 
| 117|0x0000000087500000, 0x0000000087600000, 0x0000000087600000|100%| O|  |TAMS 0x0000000087500000, 0x0000000087600000| Untracked 
| 118|0x0000000087600000, 0x0000000087700000, 0x0000000087700000|100%| O|  |TAMS 0x0000000087700000, 0x0000000087700000| Untracked 
| 119|0x0000000087700000, 0x0000000087800000, 0x0000000087800000|100%| O|  |TAMS 0x0000000087800000, 0x0000000087800000| Untracked 
| 120|0x0000000087800000, 0x0000000087900000, 0x0000000087900000|100%| O|  |TAMS 0x0000000087900000, 0x0000000087900000| Untracked 
| 121|0x0000000087900000, 0x0000000087a00000, 0x0000000087a00000|100%| O|  |TAMS 0x0000000087a00000, 0x0000000087a00000| Untracked 
| 122|0x0000000087a00000, 0x0000000087b00000, 0x0000000087b00000|100%| O|  |TAMS 0x0000000087b00000, 0x0000000087b00000| Untracked 
| 123|0x0000000087b00000, 0x0000000087c00000, 0x0000000087c00000|100%| O|  |TAMS 0x0000000087c00000, 0x0000000087c00000| Untracked 
| 124|0x0000000087c00000, 0x0000000087d00000, 0x0000000087d00000|100%| O|  |TAMS 0x0000000087d00000, 0x0000000087d00000| Untracked 
| 125|0x0000000087d00000, 0x0000000087e00000, 0x0000000087e00000|100%| O|  |TAMS 0x0000000087e00000, 0x0000000087e00000| Untracked 
| 126|0x0000000087e00000, 0x0000000087f00000, 0x0000000087f00000|100%| O|  |TAMS 0x0000000087f00000, 0x0000000087f00000| Untracked 
| 127|0x0000000087f00000, 0x0000000088000000, 0x0000000088000000|100%| O|  |TAMS 0x0000000087f00000, 0x0000000088000000| Untracked 
| 128|0x0000000088000000, 0x000000008805b800, 0x0000000088100000| 35%| O|  |TAMS 0x0000000088000000, 0x000000008805b800| Untracked 
| 129|0x0000000088100000, 0x0000000088100000, 0x0000000088200000|  0%| F|  |TAMS 0x0000000088100000, 0x0000000088100000| Untracked 
| 130|0x0000000088200000, 0x0000000088300000, 0x0000000088300000|100%| O|  |TAMS 0x0000000088300000, 0x0000000088300000| Untracked 
| 131|0x0000000088300000, 0x0000000088400000, 0x0000000088400000|100%| O|  |TAMS 0x0000000088400000, 0x0000000088400000| Untracked 
| 132|0x0000000088400000, 0x0000000088400000, 0x0000000088500000|  0%| F|  |TAMS 0x0000000088400000, 0x0000000088400000| Untracked 
| 133|0x0000000088500000, 0x0000000088500000, 0x0000000088600000|  0%| F|  |TAMS 0x0000000088500000, 0x0000000088500000| Untracked 
| 134|0x0000000088600000, 0x0000000088700000, 0x0000000088700000|100%| O|  |TAMS 0x0000000088700000, 0x0000000088700000| Untracked 
| 135|0x0000000088700000, 0x0000000088800000, 0x0000000088800000|100%| O|  |TAMS 0x0000000088800000, 0x0000000088800000| Untracked 
| 136|0x0000000088800000, 0x0000000088900000, 0x0000000088900000|100%| O|  |TAMS 0x0000000088900000, 0x0000000088900000| Untracked 
| 137|0x0000000088900000, 0x0000000088a00000, 0x0000000088a00000|100%| O|  |TAMS 0x0000000088a00000, 0x0000000088a00000| Untracked 
| 138|0x0000000088a00000, 0x0000000088a00000, 0x0000000088b00000|  0%| F|  |TAMS 0x0000000088a00000, 0x0000000088a00000| Untracked 
| 139|0x0000000088b00000, 0x0000000088c00000, 0x0000000088c00000|100%| O|  |TAMS 0x0000000088c00000, 0x0000000088c00000| Untracked 
| 140|0x0000000088c00000, 0x0000000088c00000, 0x0000000088d00000|  0%| F|  |TAMS 0x0000000088c00000, 0x0000000088c00000| Untracked 
| 141|0x0000000088d00000, 0x0000000088d00000, 0x0000000088e00000|  0%| F|  |TAMS 0x0000000088d00000, 0x0000000088d00000| Untracked 
| 142|0x0000000088e00000, 0x0000000088e00000, 0x0000000088f00000|  0%| F|  |TAMS 0x0000000088e00000, 0x0000000088e00000| Untracked 
| 143|0x0000000088f00000, 0x0000000089000000, 0x0000000089000000|100%| O|  |TAMS 0x0000000089000000, 0x0000000089000000| Untracked 
| 144|0x0000000089000000, 0x0000000089000000, 0x0000000089100000|  0%| F|  |TAMS 0x0000000089000000, 0x0000000089000000| Untracked 
| 145|0x0000000089100000, 0x0000000089200000, 0x0000000089200000|100%| O|  |TAMS 0x0000000089200000, 0x0000000089200000| Untracked 
| 146|0x0000000089200000, 0x0000000089300000, 0x0000000089300000|100%| O|  |TAMS 0x0000000089300000, 0x0000000089300000| Untracked 
| 147|0x0000000089300000, 0x0000000089300000, 0x0000000089400000|  0%| F|  |TAMS 0x0000000089300000, 0x0000000089300000| Untracked 
| 148|0x0000000089400000, 0x0000000089500000, 0x0000000089500000|100%|HS|  |TAMS 0x0000000089500000, 0x0000000089500000| Complete 
| 149|0x0000000089500000, 0x0000000089600000, 0x0000000089600000|100%|HC|  |TAMS 0x0000000089600000, 0x0000000089600000| Complete 
| 150|0x0000000089600000, 0x0000000089600000, 0x0000000089700000|  0%| F|  |TAMS 0x0000000089600000, 0x0000000089600000| Untracked 
| 151|0x0000000089700000, 0x0000000089800000, 0x0000000089800000|100%| O|  |TAMS 0x0000000089800000, 0x0000000089800000| Untracked 
| 152|0x0000000089800000, 0x0000000089900000, 0x0000000089900000|100%| O|  |TAMS 0x0000000089900000, 0x0000000089900000| Untracked 
| 153|0x0000000089900000, 0x0000000089900000, 0x0000000089a00000|  0%| F|  |TAMS 0x0000000089900000, 0x0000000089900000| Untracked 
| 154|0x0000000089a00000, 0x0000000089b00000, 0x0000000089b00000|100%| O|  |TAMS 0x0000000089b00000, 0x0000000089b00000| Untracked 
| 155|0x0000000089b00000, 0x0000000089c00000, 0x0000000089c00000|100%| O|  |TAMS 0x0000000089c00000, 0x0000000089c00000| Untracked 
| 156|0x0000000089c00000, 0x0000000089d00000, 0x0000000089d00000|100%| O|  |TAMS 0x0000000089d00000, 0x0000000089d00000| Untracked 
| 157|0x0000000089d00000, 0x0000000089e00000, 0x0000000089e00000|100%| O|  |TAMS 0x0000000089e00000, 0x0000000089e00000| Untracked 
| 158|0x0000000089e00000, 0x0000000089f00000, 0x0000000089f00000|100%| O|  |TAMS 0x0000000089f00000, 0x0000000089f00000| Untracked 
| 159|0x0000000089f00000, 0x0000000089f00000, 0x000000008a000000|  0%| F|  |TAMS 0x0000000089f00000, 0x0000000089f00000| Untracked 
| 160|0x000000008a000000, 0x000000008a000000, 0x000000008a100000|  0%| F|  |TAMS 0x000000008a000000, 0x000000008a000000| Untracked 
| 161|0x000000008a100000, 0x000000008a100000, 0x000000008a200000|  0%| F|  |TAMS 0x000000008a100000, 0x000000008a100000| Untracked 
| 162|0x000000008a200000, 0x000000008a200000, 0x000000008a300000|  0%| F|  |TAMS 0x000000008a200000, 0x000000008a200000| Untracked 
| 163|0x000000008a300000, 0x000000008a300000, 0x000000008a400000|  0%| F|  |TAMS 0x000000008a300000, 0x000000008a300000| Untracked 
| 164|0x000000008a400000, 0x000000008a400000, 0x000000008a500000|  0%| F|  |TAMS 0x000000008a400000, 0x000000008a400000| Untracked 
| 165|0x000000008a500000, 0x000000008a500000, 0x000000008a600000|  0%| F|  |TAMS 0x000000008a500000, 0x000000008a500000| Untracked 
| 166|0x000000008a600000, 0x000000008a600000, 0x000000008a700000|  0%| F|  |TAMS 0x000000008a600000, 0x000000008a600000| Untracked 
| 167|0x000000008a700000, 0x000000008a700000, 0x000000008a800000|  0%| F|  |TAMS 0x000000008a700000, 0x000000008a700000| Untracked 
| 168|0x000000008a800000, 0x000000008a800000, 0x000000008a900000|  0%| F|  |TAMS 0x000000008a800000, 0x000000008a800000| Untracked 
| 169|0x000000008a900000, 0x000000008a900000, 0x000000008aa00000|  0%| F|  |TAMS 0x000000008a900000, 0x000000008a900000| Untracked 
| 170|0x000000008aa00000, 0x000000008aa00000, 0x000000008ab00000|  0%| F|  |TAMS 0x000000008aa00000, 0x000000008aa00000| Untracked 
| 171|0x000000008ab00000, 0x000000008ab00000, 0x000000008ac00000|  0%| F|  |TAMS 0x000000008ab00000, 0x000000008ab00000| Untracked 
| 172|0x000000008ac00000, 0x000000008ac00000, 0x000000008ad00000|  0%| F|  |TAMS 0x000000008ac00000, 0x000000008ac00000| Untracked 
| 173|0x000000008ad00000, 0x000000008ad00000, 0x000000008ae00000|  0%| F|  |TAMS 0x000000008ad00000, 0x000000008ad00000| Untracked 
| 174|0x000000008ae00000, 0x000000008ae66210, 0x000000008af00000| 39%| S|CS|TAMS 0x000000008ae00000, 0x000000008ae00000| Complete 
| 175|0x000000008af00000, 0x000000008b000000, 0x000000008b000000|100%| S|CS|TAMS 0x000000008af00000, 0x000000008af00000| Complete 
| 176|0x000000008b000000, 0x000000008b000000, 0x000000008b100000|  0%| F|  |TAMS 0x000000008b000000, 0x000000008b000000| Untracked 
| 177|0x000000008b100000, 0x000000008b100000, 0x000000008b200000|  0%| F|  |TAMS 0x000000008b100000, 0x000000008b100000| Untracked 
| 178|0x000000008b200000, 0x000000008b200000, 0x000000008b300000|  0%| F|  |TAMS 0x000000008b200000, 0x000000008b200000| Untracked 
| 179|0x000000008b300000, 0x000000008b300000, 0x000000008b400000|  0%| F|  |TAMS 0x000000008b300000, 0x000000008b300000| Untracked 
| 180|0x000000008b400000, 0x000000008b400000, 0x000000008b500000|  0%| F|  |TAMS 0x000000008b400000, 0x000000008b400000| Untracked 
| 181|0x000000008b500000, 0x000000008b500000, 0x000000008b600000|  0%| F|  |TAMS 0x000000008b500000, 0x000000008b500000| Untracked 
| 182|0x000000008b600000, 0x000000008b600000, 0x000000008b700000|  0%| F|  |TAMS 0x000000008b600000, 0x000000008b600000| Untracked 
| 183|0x000000008b700000, 0x000000008b700000, 0x000000008b800000|  0%| F|  |TAMS 0x000000008b700000, 0x000000008b700000| Untracked 
| 184|0x000000008b800000, 0x000000008b800000, 0x000000008b900000|  0%| F|  |TAMS 0x000000008b800000, 0x000000008b800000| Untracked 
| 185|0x000000008b900000, 0x000000008b900000, 0x000000008ba00000|  0%| F|  |TAMS 0x000000008b900000, 0x000000008b900000| Untracked 
| 186|0x000000008ba00000, 0x000000008ba00000, 0x000000008bb00000|  0%| F|  |TAMS 0x000000008ba00000, 0x000000008ba00000| Untracked 
| 187|0x000000008bb00000, 0x000000008bb00000, 0x000000008bc00000|  0%| F|  |TAMS 0x000000008bb00000, 0x000000008bb00000| Untracked 
| 188|0x000000008bc00000, 0x000000008bc00000, 0x000000008bd00000|  0%| F|  |TAMS 0x000000008bc00000, 0x000000008bc00000| Untracked 
| 189|0x000000008bd00000, 0x000000008bd00000, 0x000000008be00000|  0%| F|  |TAMS 0x000000008bd00000, 0x000000008bd00000| Untracked 
| 190|0x000000008be00000, 0x000000008be00000, 0x000000008bf00000|  0%| F|  |TAMS 0x000000008be00000, 0x000000008be00000| Untracked 
| 191|0x000000008bf00000, 0x000000008bf00000, 0x000000008c000000|  0%| F|  |TAMS 0x000000008bf00000, 0x000000008bf00000| Untracked 
| 192|0x000000008c000000, 0x000000008c000000, 0x000000008c100000|  0%| F|  |TAMS 0x000000008c000000, 0x000000008c000000| Untracked 
| 193|0x000000008c100000, 0x000000008c100000, 0x000000008c200000|  0%| F|  |TAMS 0x000000008c100000, 0x000000008c100000| Untracked 
| 194|0x000000008c200000, 0x000000008c200000, 0x000000008c300000|  0%| F|  |TAMS 0x000000008c200000, 0x000000008c200000| Untracked 
| 195|0x000000008c300000, 0x000000008c300000, 0x000000008c400000|  0%| F|  |TAMS 0x000000008c300000, 0x000000008c300000| Untracked 
| 196|0x000000008c400000, 0x000000008c400000, 0x000000008c500000|  0%| F|  |TAMS 0x000000008c400000, 0x000000008c400000| Untracked 
| 197|0x000000008c500000, 0x000000008c500000, 0x000000008c600000|  0%| F|  |TAMS 0x000000008c500000, 0x000000008c500000| Untracked 
| 198|0x000000008c600000, 0x000000008c600000, 0x000000008c700000|  0%| F|  |TAMS 0x000000008c600000, 0x000000008c600000| Untracked 
| 199|0x000000008c700000, 0x000000008c700000, 0x000000008c800000|  0%| F|  |TAMS 0x000000008c700000, 0x000000008c700000| Untracked 
| 200|0x000000008c800000, 0x000000008c800000, 0x000000008c900000|  0%| F|  |TAMS 0x000000008c800000, 0x000000008c800000| Untracked 
| 201|0x000000008c900000, 0x000000008c900000, 0x000000008ca00000|  0%| F|  |TAMS 0x000000008c900000, 0x000000008c900000| Untracked 
| 202|0x000000008ca00000, 0x000000008ca00000, 0x000000008cb00000|  0%| F|  |TAMS 0x000000008ca00000, 0x000000008ca00000| Untracked 
| 203|0x000000008cb00000, 0x000000008cb00000, 0x000000008cc00000|  0%| F|  |TAMS 0x000000008cb00000, 0x000000008cb00000| Untracked 
| 204|0x000000008cc00000, 0x000000008cc00000, 0x000000008cd00000|  0%| F|  |TAMS 0x000000008cc00000, 0x000000008cc00000| Untracked 
| 205|0x000000008cd00000, 0x000000008cd00000, 0x000000008ce00000|  0%| F|  |TAMS 0x000000008cd00000, 0x000000008cd00000| Untracked 
| 206|0x000000008ce00000, 0x000000008ce00000, 0x000000008cf00000|  0%| F|  |TAMS 0x000000008ce00000, 0x000000008ce00000| Untracked 
| 207|0x000000008cf00000, 0x000000008cf00000, 0x000000008d000000|  0%| F|  |TAMS 0x000000008cf00000, 0x000000008cf00000| Untracked 
| 208|0x000000008d000000, 0x000000008d000000, 0x000000008d100000|  0%| F|  |TAMS 0x000000008d000000, 0x000000008d000000| Untracked 
| 209|0x000000008d100000, 0x000000008d100000, 0x000000008d200000|  0%| F|  |TAMS 0x000000008d100000, 0x000000008d100000| Untracked 
| 210|0x000000008d200000, 0x000000008d200000, 0x000000008d300000|  0%| F|  |TAMS 0x000000008d200000, 0x000000008d200000| Untracked 
| 211|0x000000008d300000, 0x000000008d300000, 0x000000008d400000|  0%| F|  |TAMS 0x000000008d300000, 0x000000008d300000| Untracked 
| 212|0x000000008d400000, 0x000000008d400000, 0x000000008d500000|  0%| F|  |TAMS 0x000000008d400000, 0x000000008d400000| Untracked 
| 213|0x000000008d500000, 0x000000008d500000, 0x000000008d600000|  0%| F|  |TAMS 0x000000008d500000, 0x000000008d500000| Untracked 
| 214|0x000000008d600000, 0x000000008d600000, 0x000000008d700000|  0%| F|  |TAMS 0x000000008d600000, 0x000000008d600000| Untracked 
| 215|0x000000008d700000, 0x000000008d700000, 0x000000008d800000|  0%| F|  |TAMS 0x000000008d700000, 0x000000008d700000| Untracked 
| 216|0x000000008d800000, 0x000000008d800000, 0x000000008d900000|  0%| F|  |TAMS 0x000000008d800000, 0x000000008d800000| Untracked 
| 217|0x000000008d900000, 0x000000008d900000, 0x000000008da00000|  0%| F|  |TAMS 0x000000008d900000, 0x000000008d900000| Untracked 
| 218|0x000000008da00000, 0x000000008da00000, 0x000000008db00000|  0%| F|  |TAMS 0x000000008da00000, 0x000000008da00000| Untracked 
| 219|0x000000008db00000, 0x000000008db00000, 0x000000008dc00000|  0%| F|  |TAMS 0x000000008db00000, 0x000000008db00000| Untracked 
| 220|0x000000008dc00000, 0x000000008dc00000, 0x000000008dd00000|  0%| F|  |TAMS 0x000000008dc00000, 0x000000008dc00000| Untracked 
| 221|0x000000008dd00000, 0x000000008dd00000, 0x000000008de00000|  0%| F|  |TAMS 0x000000008dd00000, 0x000000008dd00000| Untracked 

Card table byte_map: [0x00000224b1830000,0x00000224b1c30000] _byte_map_base: 0x00000224b1430000

Marking Bits (Prev, Next): (CMBitMap*) 0x000002249e97e9f8, (CMBitMap*) 0x000002249e97ea30
 Prev Bits: [0x00000224b2030000, 0x00000224b4030000)
 Next Bits: [0x00000224b4030000, 0x00000224b6030000)

Polling page: 0x000002249c7d0000

Metaspace:

Usage:
  Non-class:    117.38 MB capacity,   115.04 MB ( 98%) used,     1.88 MB (  2%) free+waste,   473.06 KB ( <1%) overhead. 
      Class:     17.42 MB capacity,    16.03 MB ( 92%) used,     1.20 MB (  7%) free+waste,   204.31 KB (  1%) overhead. 
       Both:    134.80 MB capacity,   131.07 MB ( 97%) used,     3.07 MB (  2%) free+waste,   677.38 KB ( <1%) overhead. 

Virtual space:
  Non-class space:      118.00 MB reserved,     117.54 MB (>99%) committed 
      Class space:        1.00 GB reserved,      17.52 MB (  2%) committed 
             Both:        1.12 GB reserved,     135.06 MB ( 12%) committed 

Chunk freelists:
   Non-Class:  30.00 KB
       Class:  0 bytes
        Both:  30.00 KB

MaxMetaspaceSize: 17179869184.00 GB
CompressedClassSpaceSize: 1.00 GB

CodeHeap 'non-profiled nmethods': size=120064Kb used=16008Kb max_used=16008Kb free=104055Kb
 bounds [0x00000224a9ef0000, 0x00000224aaeb0000, 0x00000224b1430000]
CodeHeap 'profiled nmethods': size=120000Kb used=52517Kb max_used=53413Kb free=67482Kb
 bounds [0x00000224a29c0000, 0x00000224a5e50000, 0x00000224a9ef0000]
CodeHeap 'non-nmethods': size=5696Kb used=2369Kb max_used=2461Kb free=3326Kb
 bounds [0x00000224a2430000, 0x00000224a26a0000, 0x00000224a29c0000]
 total_blobs=23290 nmethods=22288 adapters=912
 compilation: enabled
              stopped_count=0, restarted_count=0
 full_count=0

Compilation events (20 events):
Event: 1485.847 Thread 0x00000224b8537000 27985 %     3       com.android.tools.r8.internal.Mv::a @ 21 (406 bytes)
Event: 1485.853 Thread 0x00000224b8537000 nmethod 27985% 0x00000224a44bef10 code [0x00000224a44bf6c0, 0x00000224a44c48a8]
Event: 1485.853 Thread 0x00000224b8537000 27986 %     3       com.android.tools.r8.internal.Tr::a @ 48 (115 bytes)
Event: 1485.855 Thread 0x00000224b8537000 nmethod 27986% 0x00000224a33b2310 code [0x00000224a33b25e0, 0x00000224a33b3968]
Event: 1485.855 Thread 0x00000224b8537000 27987 %     3       com.android.tools.r8.internal.F7::b @ 120 (455 bytes)
Event: 1485.861 Thread 0x00000224b8537000 nmethod 27987% 0x00000224a4574f10 code [0x00000224a4575660, 0x00000224a457a3e8]
Event: 1485.861 Thread 0x00000224b8537000 27990       2       com.android.tools.r8.internal.hr$$Lambda$3265/0x0000000100e02440::<init> (15 bytes)
Event: 1485.862 Thread 0x00000224b8537000 nmethod 27990 0x00000224a3281890 code [0x00000224a3281a40, 0x00000224a3281bd8]
Event: 1485.862 Thread 0x00000224b8537000 27989       2       com.android.tools.r8.internal.da::a (310 bytes)
Event: 1485.864 Thread 0x00000224b8537000 nmethod 27989 0x00000224a3391a10 code [0x00000224a3391d20, 0x00000224a3392858]
Event: 1485.866 Thread 0x00000224b8537000 27991       2       com.android.tools.r8.internal.ej::<init> (8 bytes)
Event: 1485.867 Thread 0x00000224b8537000 nmethod 27991 0x00000224a3288710 code [0x00000224a32888c0, 0x00000224a3288a48]
Event: 1485.870 Thread 0x00000224b8537000 27992       2       com.android.tools.r8.internal.aj::<init> (50 bytes)
Event: 1485.871 Thread 0x00000224b8537000 nmethod 27992 0x00000224a3289790 code [0x00000224a3289940, 0x00000224a3289ae8]
Event: 1485.875 Thread 0x00000224b8537000 27993       2       com.android.tools.r8.internal.Ph::remove (65 bytes)
Event: 1485.875 Thread 0x00000224b8537000 nmethod 27993 0x00000224a32cdd10 code [0x00000224a32cdee0, 0x00000224a32ce198]
Event: 1485.880 Thread 0x00000224b8537000 27994       2       com.android.tools.r8.internal.hv::a (29 bytes)
Event: 1485.881 Thread 0x00000224b8537000 nmethod 27994 0x00000224a3289310 code [0x00000224a32894c0, 0x00000224a3289628]
Event: 1485.897 Thread 0x00000224b8537000 27996       1       com.android.tools.r8.internal.Qs::M1 (2 bytes)
Event: 1485.897 Thread 0x00000224b8537000 nmethod 27996 0x00000224aa002110 code [0x00000224aa0022c0, 0x00000224aa002378]

GC Heap History (20 events):
Event: 1481.401 GC heap after
{Heap after GC invocations=166 (full 0):
 garbage-first heap   total 227328K, used 158971K [0x0000000080000000, 0x0000000100000000)
  region size 1024K, 5 young (5120K), 5 survivors (5120K)
 Metaspace       used 132884K, capacity 136687K, committed 137020K, reserved 1169408K
  class space    used 16391K, capacity 17820K, committed 17944K, reserved 1048576K
}
Event: 1481.810 GC heap before
{Heap before GC invocations=167 (full 0):
 garbage-first heap   total 227328K, used 186619K [0x0000000080000000, 0x0000000100000000)
  region size 1024K, 33 young (33792K), 5 survivors (5120K)
 Metaspace       used 133215K, capacity 137101K, committed 137276K, reserved 1169408K
  class space    used 16397K, capacity 17826K, committed 17944K, reserved 1048576K
}
Event: 1481.823 GC heap after
{Heap after GC invocations=168 (full 0):
 garbage-first heap   total 227328K, used 159916K [0x0000000080000000, 0x0000000100000000)
  region size 1024K, 3 young (3072K), 3 survivors (3072K)
 Metaspace       used 133215K, capacity 137101K, committed 137276K, reserved 1169408K
  class space    used 16397K, capacity 17826K, committed 17944K, reserved 1048576K
}
Event: 1481.890 GC heap before
{Heap before GC invocations=168 (full 0):
 garbage-first heap   total 227328K, used 168108K [0x0000000080000000, 0x0000000100000000)
  region size 1024K, 11 young (11264K), 3 survivors (3072K)
 Metaspace       used 133227K, capacity 137101K, committed 137276K, reserved 1169408K
  class space    used 16398K, capacity 17826K, committed 17944K, reserved 1048576K
}
Event: 1481.923 GC heap after
{Heap after GC invocations=169 (full 0):
 garbage-first heap   total 227328K, used 150943K [0x0000000080000000, 0x0000000100000000)
  region size 1024K, 1 young (1024K), 1 survivors (1024K)
 Metaspace       used 133227K, capacity 137101K, committed 137276K, reserved 1169408K
  class space    used 16398K, capacity 17826K, committed 17944K, reserved 1048576K
}
Event: 1482.193 GC heap before
{Heap before GC invocations=169 (full 0):
 garbage-first heap   total 227328K, used 183711K [0x0000000080000000, 0x0000000100000000)
  region size 1024K, 34 young (34816K), 1 survivors (1024K)
 Metaspace       used 133267K, capacity 137110K, committed 137276K, reserved 1169408K
  class space    used 16400K, capacity 17829K, committed 17944K, reserved 1048576K
}
Event: 1482.203 GC heap after
{Heap after GC invocations=170 (full 0):
 garbage-first heap   total 227328K, used 153431K [0x0000000080000000, 0x0000000100000000)
  region size 1024K, 3 young (3072K), 3 survivors (3072K)
 Metaspace       used 133267K, capacity 137110K, committed 137276K, reserved 1169408K
  class space    used 16400K, capacity 17829K, committed 17944K, reserved 1048576K
}
Event: 1482.694 GC heap before
{Heap before GC invocations=170 (full 0):
 garbage-first heap   total 227328K, used 189271K [0x0000000080000000, 0x0000000100000000)
  region size 1024K, 37 young (37888K), 3 survivors (3072K)
 Metaspace       used 133651K, capacity 137526K, committed 137788K, reserved 1169408K
  class space    used 16403K, capacity 17831K, committed 17944K, reserved 1048576K
}
Event: 1482.703 GC heap after
{Heap after GC invocations=171 (full 0):
 garbage-first heap   total 227328K, used 154101K [0x0000000080000000, 0x0000000100000000)
  region size 1024K, 2 young (2048K), 2 survivors (2048K)
 Metaspace       used 133651K, capacity 137526K, committed 137788K, reserved 1169408K
  class space    used 16403K, capacity 17831K, committed 17944K, reserved 1048576K
}
Event: 1483.060 GC heap before
{Heap before GC invocations=172 (full 0):
 garbage-first heap   total 227328K, used 188917K [0x0000000080000000, 0x0000000100000000)
  region size 1024K, 36 young (36864K), 2 survivors (2048K)
 Metaspace       used 133863K, capacity 137670K, committed 137788K, reserved 1169408K
  class space    used 16404K, capacity 17831K, committed 17944K, reserved 1048576K
}
Event: 1483.064 GC heap after
{Heap after GC invocations=173 (full 0):
 garbage-first heap   total 227328K, used 152582K [0x0000000080000000, 0x0000000100000000)
  region size 1024K, 2 young (2048K), 2 survivors (2048K)
 Metaspace       used 133863K, capacity 137670K, committed 137788K, reserved 1169408K
  class space    used 16404K, capacity 17831K, committed 17944K, reserved 1048576K
}
Event: 1483.106 GC heap before
{Heap before GC invocations=173 (full 0):
 garbage-first heap   total 227328K, used 161798K [0x0000000080000000, 0x0000000100000000)
  region size 1024K, 11 young (11264K), 2 survivors (2048K)
 Metaspace       used 133945K, capacity 137800K, committed 138044K, reserved 1169408K
  class space    used 16404K, capacity 17831K, committed 17944K, reserved 1048576K
}
Event: 1483.119 GC heap after
{Heap after GC invocations=174 (full 0):
 garbage-first heap   total 227328K, used 150682K [0x0000000080000000, 0x0000000100000000)
  region size 1024K, 2 young (2048K), 2 survivors (2048K)
 Metaspace       used 133945K, capacity 137800K, committed 138044K, reserved 1169408K
  class space    used 16404K, capacity 17831K, committed 17944K, reserved 1048576K
}
Event: 1483.376 GC heap before
{Heap before GC invocations=174 (full 0):
 garbage-first heap   total 227328K, used 189594K [0x0000000080000000, 0x0000000100000000)
  region size 1024K, 40 young (40960K), 2 survivors (2048K)
 Metaspace       used 134089K, capacity 137939K, committed 138300K, reserved 1169408K
  class space    used 16404K, capacity 17831K, committed 17944K, reserved 1048576K
}
Event: 1483.381 GC heap after
{Heap after GC invocations=175 (full 0):
 garbage-first heap   total 227328K, used 150056K [0x0000000080000000, 0x0000000100000000)
  region size 1024K, 1 young (1024K), 1 survivors (1024K)
 Metaspace       used 134089K, capacity 137939K, committed 138300K, reserved 1169408K
  class space    used 16404K, capacity 17831K, committed 17944K, reserved 1048576K
}
Event: 1485.543 GC heap before
{Heap before GC invocations=176 (full 0):
 garbage-first heap   total 227328K, used 188968K [0x0000000080000000, 0x0000000100000000)
  region size 1024K, 41 young (41984K), 1 survivors (1024K)
 Metaspace       used 134173K, capacity 138024K, committed 138300K, reserved 1169408K
  class space    used 16407K, capacity 17836K, committed 17944K, reserved 1048576K
}
Event: 1485.559 GC heap after
{Heap after GC invocations=177 (full 0):
 garbage-first heap   total 227328K, used 149039K [0x0000000080000000, 0x0000000100000000)
  region size 1024K, 2 young (2048K), 2 survivors (2048K)
 Metaspace       used 134173K, capacity 138024K, committed 138300K, reserved 1169408K
  class space    used 16407K, capacity 17836K, committed 17944K, reserved 1048576K
}
Event: 1485.629 GC heap before
{Heap before GC invocations=177 (full 0):
 garbage-first heap   total 227328K, used 158255K [0x0000000080000000, 0x0000000100000000)
  region size 1024K, 11 young (11264K), 2 survivors (2048K)
 Metaspace       used 134177K, capacity 138024K, committed 138300K, reserved 1169408K
  class space    used 16407K, capacity 17836K, committed 17944K, reserved 1048576K
}
Event: 1485.674 GC heap after
{Heap after GC invocations=178 (full 0):
 garbage-first heap   total 227328K, used 141471K [0x0000000080000000, 0x0000000100000000)
  region size 1024K, 1 young (1024K), 1 survivors (1024K)
 Metaspace       used 134177K, capacity 138024K, committed 138300K, reserved 1169408K
  class space    used 16407K, capacity 17836K, committed 17944K, reserved 1048576K
}
Event: 1485.909 GC heap before
{Heap before GC invocations=178 (full 0):
 garbage-first heap   total 227328K, used 187551K [0x0000000080000000, 0x0000000100000000)
  region size 1024K, 46 young (47104K), 1 survivors (1024K)
 Metaspace       used 134212K, capacity 138038K, committed 138300K, reserved 1169408K
  class space    used 16409K, capacity 17840K, committed 17944K, reserved 1048576K
}

Deoptimization events (20 events):
Event: 1483.784 Thread 0x00000224bd57f800 DEOPT PACKING pc=0x00000224a5b4632a sp=0x0000007c0f4fb840
Event: 1483.784 Thread 0x00000224bd57f800 DEOPT UNPACKING pc=0x00000224a24576ce sp=0x0000007c0f4fadc8 mode 0
Event: 1484.937 Thread 0x00000224bd57f800 DEOPT PACKING pc=0x00000224a5bb37ee sp=0x0000007c0f4fbde0
Event: 1484.986 Thread 0x00000224bd57f800 DEOPT UNPACKING pc=0x00000224a24576ce sp=0x0000007c0f4fb4d8 mode 0
Event: 1485.363 Thread 0x00000224bd57f800 DEOPT PACKING pc=0x00000224a5862907 sp=0x0000007c0f4fbf70
Event: 1485.363 Thread 0x00000224bd57f800 DEOPT UNPACKING pc=0x00000224a24576ce sp=0x0000007c0f4fb500 mode 0
Event: 1485.424 Thread 0x00000224bd57f800 DEOPT PACKING pc=0x00000224a58942a3 sp=0x0000007c0f4fbe50
Event: 1485.424 Thread 0x00000224bd57f800 DEOPT UNPACKING pc=0x00000224a24576ce sp=0x0000007c0f4fb4b8 mode 0
Event: 1485.427 Thread 0x00000224bd57f800 DEOPT PACKING pc=0x00000224a5b582e6 sp=0x0000007c0f4fbb90
Event: 1485.427 Thread 0x00000224bd57f800 DEOPT UNPACKING pc=0x00000224a24576ce sp=0x0000007c0f4fb220 mode 0
Event: 1485.539 Thread 0x00000224bd57f800 DEOPT PACKING pc=0x00000224a5c6b1c6 sp=0x0000007c0f4fb5b0
Event: 1485.539 Thread 0x00000224bd57f800 DEOPT UNPACKING pc=0x00000224a24576ce sp=0x0000007c0f4faa28 mode 0
Event: 1485.584 Thread 0x00000224bd57f800 DEOPT PACKING pc=0x00000224a5b4b2d3 sp=0x0000007c0f4fb930
Event: 1485.584 Thread 0x00000224bd57f800 DEOPT UNPACKING pc=0x00000224a24576ce sp=0x0000007c0f4faf80 mode 0
Event: 1485.590 Thread 0x00000224bd57f800 Uncommon trap: trap_request=0xffffffde fr.pc=0x00000224aae6fa90 relative=0x00000000000001b0
Event: 1485.590 Thread 0x00000224bd57f800 Uncommon trap: reason=class_check action=maybe_recompile pc=0x00000224aae6fa90 method=com.android.tools.r8.internal.XG.a(Lcom/android/tools/r8/internal/dG;)Lcom/android/tools/r8/internal/XG; @ 34 c2
Event: 1485.590 Thread 0x00000224bd57f800 DEOPT PACKING pc=0x00000224aae6fa90 sp=0x0000007c0f4fb210
Event: 1485.591 Thread 0x00000224bd57f800 DEOPT UNPACKING pc=0x00000224a24578af sp=0x0000007c0f4fb0e0 mode 2
Event: 1485.811 Thread 0x00000224c125b000 DEOPT PACKING pc=0x00000224a5bb8421 sp=0x0000007c0fbfc570
Event: 1485.811 Thread 0x00000224c125b000 DEOPT UNPACKING pc=0x00000224a24576ce sp=0x0000007c0fbfbb90 mode 0

Classes redefined (0 events):
No events

Internal exceptions (20 events):
Event: 1479.891 Thread 0x00000224bd578800 Exception <a 'sun/nio/fs/WindowsException'{0x000000008d2fc8b0}> (0x000000008d2fc8b0) thrown at [./src/hotspot/share/prims/jni.cpp, line 615]
Event: 1479.893 Thread 0x00000224bd578800 Exception <a 'sun/nio/fs/WindowsException'{0x000000008d109170}> (0x000000008d109170) thrown at [./src/hotspot/share/prims/jni.cpp, line 615]
Event: 1479.895 Thread 0x00000224bd578800 Exception <a 'sun/nio/fs/WindowsException'{0x000000008d110c28}> (0x000000008d110c28) thrown at [./src/hotspot/share/prims/jni.cpp, line 615]
Event: 1479.901 Thread 0x00000224bd578800 Exception <a 'sun/nio/fs/WindowsException'{0x000000008d11cb00}> (0x000000008d11cb00) thrown at [./src/hotspot/share/prims/jni.cpp, line 615]
Event: 1479.909 Thread 0x00000224bd578800 Exception <a 'sun/nio/fs/WindowsException'{0x000000008d124f20}> (0x000000008d124f20) thrown at [./src/hotspot/share/prims/jni.cpp, line 615]
Event: 1479.916 Thread 0x00000224bd578800 Exception <a 'sun/nio/fs/WindowsException'{0x000000008d12d680}> (0x000000008d12d680) thrown at [./src/hotspot/share/prims/jni.cpp, line 615]
Event: 1479.925 Thread 0x00000224bd578800 Exception <a 'sun/nio/fs/WindowsException'{0x000000008d138ae8}> (0x000000008d138ae8) thrown at [./src/hotspot/share/prims/jni.cpp, line 615]
Event: 1479.930 Thread 0x00000224bd578800 Exception <a 'sun/nio/fs/WindowsException'{0x000000008d1412a8}> (0x000000008d1412a8) thrown at [./src/hotspot/share/prims/jni.cpp, line 615]
Event: 1479.936 Thread 0x00000224bd578800 Exception <a 'sun/nio/fs/WindowsException'{0x000000008d1498e8}> (0x000000008d1498e8) thrown at [./src/hotspot/share/prims/jni.cpp, line 615]
Event: 1479.939 Thread 0x00000224bd578800 Exception <a 'sun/nio/fs/WindowsException'{0x000000008d1549f8}> (0x000000008d1549f8) thrown at [./src/hotspot/share/prims/jni.cpp, line 615]
Event: 1479.942 Thread 0x00000224bd578800 Exception <a 'sun/nio/fs/WindowsException'{0x000000008d155ab0}> (0x000000008d155ab0) thrown at [./src/hotspot/share/prims/jni.cpp, line 615]
Event: 1479.946 Thread 0x00000224bd578800 Exception <a 'sun/nio/fs/WindowsException'{0x000000008d15e460}> (0x000000008d15e460) thrown at [./src/hotspot/share/prims/jni.cpp, line 615]
Event: 1479.948 Thread 0x00000224bd578800 Exception <a 'sun/nio/fs/WindowsException'{0x000000008d172670}> (0x000000008d172670) thrown at [./src/hotspot/share/prims/jni.cpp, line 615]
Event: 1479.952 Thread 0x00000224bd578800 Exception <a 'sun/nio/fs/WindowsException'{0x000000008d17d488}> (0x000000008d17d488) thrown at [./src/hotspot/share/prims/jni.cpp, line 615]
Event: 1479.953 Thread 0x00000224bd578800 Exception <a 'sun/nio/fs/WindowsException'{0x000000008d187670}> (0x000000008d187670) thrown at [./src/hotspot/share/prims/jni.cpp, line 615]
Event: 1479.958 Thread 0x00000224bd578800 Exception <a 'sun/nio/fs/WindowsException'{0x000000008d18f708}> (0x000000008d18f708) thrown at [./src/hotspot/share/prims/jni.cpp, line 615]
Event: 1480.066 Thread 0x00000224bd578800 Exception <a 'sun/nio/fs/WindowsException'{0x000000008cb9f090}> (0x000000008cb9f090) thrown at [./src/hotspot/share/prims/jni.cpp, line 615]
Event: 1480.225 Thread 0x00000224c125b000 Exception <a 'sun/nio/fs/WindowsException'{0x000000008d80bbb8}> (0x000000008d80bbb8) thrown at [./src/hotspot/share/prims/jni.cpp, line 615]
Event: 1480.252 Thread 0x00000224bd57f800 Exception <a 'sun/nio/fs/WindowsException'{0x000000008d6eea08}> (0x000000008d6eea08) thrown at [./src/hotspot/share/prims/jni.cpp, line 615]
Event: 1482.897 Thread 0x00000224c125b000 Implicit null exception at 0x00000224aae7f88b to 0x00000224aae83af8

Events (20 events):
Event: 1485.514 loading class com/android/tools/r8/internal/tA done
Event: 1485.543 Executing VM operation: G1CollectForAllocation
Event: 1485.559 Executing VM operation: G1CollectForAllocation done
Event: 1485.628 Executing VM operation: G1CollectForAllocation
Event: 1485.674 Executing VM operation: G1CollectForAllocation done
Event: 1485.846 loading class com/android/tools/r8/internal/GE
Event: 1485.846 loading class com/android/tools/r8/internal/GE done
Event: 1485.846 loading class com/android/tools/r8/internal/GE
Event: 1485.846 loading class com/android/tools/r8/internal/GE done
Event: 1485.846 loading class com/android/tools/r8/internal/FE
Event: 1485.846 loading class com/android/tools/r8/internal/FE done
Event: 1485.846 loading class com/android/tools/r8/code/P0
Event: 1485.846 loading class com/android/tools/r8/code/P0 done
Event: 1485.846 loading class com/android/tools/r8/code/P0
Event: 1485.846 loading class com/android/tools/r8/code/P0 done
Event: 1485.847 loading class com/android/tools/r8/code/P0
Event: 1485.847 loading class com/android/tools/r8/code/P0 done
Event: 1485.847 loading class com/android/tools/r8/code/P0
Event: 1485.847 loading class com/android/tools/r8/code/P0 done
Event: 1485.908 Executing VM operation: G1CollectForAllocation


Dynamic libraries:
0x00007ff79e600000 - 0x00007ff79e60a000 	C:\Program Files\Android\Android Studio\jre\bin\java.exe
0x00007fffb70b0000 - 0x00007fffb72a5000 	C:\Windows\SYSTEM32\ntdll.dll
0x00007fffb5720000 - 0x00007fffb57de000 	C:\Windows\System32\KERNEL32.DLL
0x00007fffb4a00000 - 0x00007fffb4cc8000 	C:\Windows\System32\KERNELBASE.dll
0x00007fffb48d0000 - 0x00007fffb49d0000 	C:\Windows\System32\ucrtbase.dll
0x00007fff652d0000 - 0x00007fff652e7000 	C:\Program Files\Android\Android Studio\jre\bin\VCRUNTIME140.dll
0x00007fff652b0000 - 0x00007fff652c9000 	C:\Program Files\Android\Android Studio\jre\bin\jli.dll
0x00007fffb6b60000 - 0x00007fffb6d01000 	C:\Windows\System32\USER32.dll
0x00007fffb49d0000 - 0x00007fffb49f2000 	C:\Windows\System32\win32u.dll
0x00007fffb56e0000 - 0x00007fffb570b000 	C:\Windows\System32\GDI32.dll
0x00007fffb4fe0000 - 0x00007fffb50ed000 	C:\Windows\System32\gdi32full.dll
0x00007fffb4f40000 - 0x00007fffb4fdd000 	C:\Windows\System32\msvcp_win.dll
0x00007fff97f70000 - 0x00007fff9820a000 	C:\Windows\WinSxS\amd64_microsoft.windows.common-controls_6595b64144ccf1df_6.0.19041.1110_none_60b5254171f9507e\COMCTL32.dll
0x00007fffb6dd0000 - 0x00007fffb6e6e000 	C:\Windows\System32\msvcrt.dll
0x00007fffb7040000 - 0x00007fffb7070000 	C:\Windows\System32\IMM32.DLL
0x00007fff4b1e0000 - 0x00007fff4b27d000 	C:\Program Files\Android\Android Studio\jre\bin\msvcp140.dll
0x00007fff21050000 - 0x00007fff21b1f000 	C:\Program Files\Android\Android Studio\jre\bin\server\jvm.dll
0x00007fffb5ff0000 - 0x00007fffb609c000 	C:\Windows\System32\ADVAPI32.dll
0x00007fffb6240000 - 0x00007fffb62db000 	C:\Windows\System32\sechost.dll
0x00007fffb69d0000 - 0x00007fffb6afa000 	C:\Windows\System32\RPCRT4.dll
0x00007fffb6d10000 - 0x00007fffb6d18000 	C:\Windows\System32\PSAPI.DLL
0x00007fff97450000 - 0x00007fff97477000 	C:\Windows\SYSTEM32\WINMM.dll
0x00007fffaa140000 - 0x00007fffaa149000 	C:\Windows\SYSTEM32\WSOCK32.dll
0x00007fffaaf50000 - 0x00007fffaaf5a000 	C:\Windows\SYSTEM32\VERSION.dll
0x00007fffb60a0000 - 0x00007fffb610b000 	C:\Windows\System32\WS2_32.dll
0x00007fffb3000000 - 0x00007fffb3012000 	C:\Windows\SYSTEM32\kernel.appcore.dll
0x00007fff7aff0000 - 0x00007fff7b001000 	C:\Program Files\Android\Android Studio\jre\bin\verify.dll
0x00007fffafbf0000 - 0x00007fffafdd4000 	C:\Windows\SYSTEM32\DBGHELP.DLL
0x00007fffa3c30000 - 0x00007fffa3c5c000 	C:\Windows\SYSTEM32\dbgcore.DLL
0x00007fffb47c0000 - 0x00007fffb4842000 	C:\Windows\System32\bcryptPrimitives.dll
0x00007fff7afc0000 - 0x00007fff7afe9000 	C:\Program Files\Android\Android Studio\jre\bin\java.dll
0x00007fffa2d20000 - 0x00007fffa2d2b000 	C:\Program Files\Android\Android Studio\jre\bin\jimage.dll
0x00007fff7afa0000 - 0x00007fff7afb8000 	C:\Program Files\Android\Android Studio\jre\bin\zip.dll
0x00007fffb58a0000 - 0x00007fffb5fe4000 	C:\Windows\System32\SHELL32.dll
0x00007fffb22c0000 - 0x00007fffb2a54000 	C:\Windows\SYSTEM32\windows.storage.dll
0x00007fffb51d0000 - 0x00007fffb5525000 	C:\Windows\System32\combase.dll
0x00007fffb40c0000 - 0x00007fffb40ee000 	C:\Windows\SYSTEM32\Wldp.dll
0x00007fffb6ee0000 - 0x00007fffb6f8d000 	C:\Windows\System32\SHCORE.dll
0x00007fffb6e70000 - 0x00007fffb6ec5000 	C:\Windows\System32\shlwapi.dll
0x00007fffb4700000 - 0x00007fffb471f000 	C:\Windows\SYSTEM32\profapi.dll
0x00007fff7ae30000 - 0x00007fff7ae4a000 	C:\Program Files\Android\Android Studio\jre\bin\net.dll
0x00007fffa4530000 - 0x00007fffa463c000 	C:\Windows\SYSTEM32\WINHTTP.dll
0x00007fffb3e40000 - 0x00007fffb3eaa000 	C:\Windows\system32\mswsock.dll
0x00007fff7a500000 - 0x00007fff7a514000 	C:\Program Files\Android\Android Studio\jre\bin\nio.dll
0x00007fff652f0000 - 0x00007fff65317000 	C:\Users\bruno\.gradle\native\8bec1ad78214c89d9ad589b4d07fe93259594b29d510b10fafb7a158f7737e5d\windows-amd64\native-platform.dll
0x00007fff47860000 - 0x00007fff4799d000 	C:\Users\bruno\.gradle\native\53dbd7edfb1c66fb8903c78663c9afc45aea4f116125fa6feffd364cf09443e8\windows-amd64\native-platform-file-events.dll
0x00007fffa1620000 - 0x00007fffa162a000 	C:\Program Files\Android\Android Studio\jre\bin\management.dll
0x00007fff9fe60000 - 0x00007fff9fe6c000 	C:\Program Files\Android\Android Studio\jre\bin\management_ext.dll
0x00007fffb4420000 - 0x00007fffb4438000 	C:\Windows\SYSTEM32\CRYPTSP.dll
0x00007fffb37e0000 - 0x00007fffb3814000 	C:\Windows\system32\rsaenh.dll
0x00007fffb4850000 - 0x00007fffb4877000 	C:\Windows\System32\bcrypt.dll
0x00007fffb4680000 - 0x00007fffb46ae000 	C:\Windows\SYSTEM32\USERENV.dll
0x00007fffb4030000 - 0x00007fffb403c000 	C:\Windows\SYSTEM32\CRYPTBASE.dll
0x00007fffb3b50000 - 0x00007fffb3b8b000 	C:\Windows\SYSTEM32\IPHLPAPI.DLL
0x00007fffb6ed0000 - 0x00007fffb6ed8000 	C:\Windows\System32\NSI.dll
0x00007fffa9f20000 - 0x00007fffa9f37000 	C:\Windows\SYSTEM32\dhcpcsvc6.DLL
0x00007fffa9ea0000 - 0x00007fffa9ebd000 	C:\Windows\SYSTEM32\dhcpcsvc.DLL
0x00007fffb3b90000 - 0x00007fffb3c5b000 	C:\Windows\SYSTEM32\DNSAPI.dll
0x00007fff4c0f0000 - 0x00007fff4c10e000 	C:\Users\bruno\AppData\Local\Temp\native-platform5523110319065147513dir\native-platform.dll
0x00007fff8baa0000 - 0x00007fff8baa8000 	C:\Program Files\Android\Android Studio\jre\bin\rmi.dll
0x00007fffb3470000 - 0x00007fffb34a3000 	C:\Windows\SYSTEM32\ntmarta.dll
0x00007fff71010000 - 0x00007fff71037000 	C:\Program Files\Android\Android Studio\jre\bin\sunec.dll

dbghelp: loaded successfully - version: 4.0.5 - missing functions: none
symbol engine: initialized successfully - sym options: 0x614 - pdb path: .;C:\Program Files\Android\Android Studio\jre\bin;C:\Windows\SYSTEM32;C:\Windows\WinSxS\amd64_microsoft.windows.common-controls_6595b64144ccf1df_6.0.19041.1110_none_60b5254171f9507e;C:\Program Files\Android\Android Studio\jre\bin\server;C:\Users\bruno\.gradle\native\8bec1ad78214c89d9ad589b4d07fe93259594b29d510b10fafb7a158f7737e5d\windows-amd64;C:\Users\bruno\.gradle\native\53dbd7edfb1c66fb8903c78663c9afc45aea4f116125fa6feffd364cf09443e8\windows-amd64;C:\Users\bruno\AppData\Local\Temp\native-platform5523110319065147513dir

VM Arguments:
jvm_args: --add-opens=java.base/java.util=ALL-UNNAMED --add-opens=java.base/java.lang=ALL-UNNAMED --add-opens=java.base/java.lang.invoke=ALL-UNNAMED --add-opens=java.base/java.util=ALL-UNNAMED --add-opens=java.prefs/java.util.prefs=ALL-UNNAMED --add-opens=java.prefs/java.util.prefs=ALL-UNNAMED --add-opens=java.base/java.nio.charset=ALL-UNNAMED --add-opens=java.base/java.net=ALL-UNNAMED --add-opens=java.base/java.util.concurrent.atomic=ALL-UNNAMED -Xmx2048m -Dfile.encoding=UTF-8 -Duser.country=US -Duser.language=en -Duser.variant 
java_command: org.gradle.launcher.daemon.bootstrap.GradleDaemon 7.0.2
java_class_path (initial): C:\Users\bruno\.gradle\wrapper\dists\gradle-7.0.2-bin\857tjihv64xamwrf0h14cai3r\gradle-7.0.2\lib\gradle-launcher-7.0.2.jar
Launcher Type: SUN_STANDARD

[Global flags]
     intx CICompilerCount                          = 3                                         {product} {ergonomic}
     uint ConcGCThreads                            = 1                                         {product} {ergonomic}
     uint G1ConcRefinementThreads                  = 4                                         {product} {ergonomic}
   size_t G1HeapRegionSize                         = 1048576                                   {product} {ergonomic}
    uintx GCDrainStackTargetSize                   = 64                                        {product} {ergonomic}
   size_t InitialHeapSize                          = 134217728                                 {product} {ergonomic}
   size_t MarkStackSize                            = 4194304                                   {product} {ergonomic}
   size_t MaxHeapSize                              = 2147483648                                {product} {command line}
   size_t MaxNewSize                               = 1287651328                                {product} {ergonomic}
   size_t MinHeapDeltaBytes                        = 1048576                                   {product} {ergonomic}
    uintx NonNMethodCodeHeapSize                   = 5830732                                {pd product} {ergonomic}
    uintx NonProfiledCodeHeapSize                  = 122913754                              {pd product} {ergonomic}
    uintx ProfiledCodeHeapSize                     = 122913754                              {pd product} {ergonomic}
    uintx ReservedCodeCacheSize                    = 251658240                              {pd product} {ergonomic}
     bool SegmentedCodeCache                       = true                                      {product} {ergonomic}
     bool UseCompressedClassPointers               = true                                 {lp64_product} {ergonomic}
     bool UseCompressedOops                        = true                                 {lp64_product} {ergonomic}
     bool UseG1GC                                  = true                                      {product} {ergonomic}
     bool UseLargePagesIndividualAllocation        = false                                  {pd product} {ergonomic}

Logging:
Log output configuration:
 #0: stdout all=warning uptime,level,tags
 #1: stderr all=off uptime,level,tags

Environment Variables:
PATH=C:\Program Files\Common Files\Oracle\Java\javapath;C:\Program Files (x86)\Common Files\Oracle\Java\javapath;C:\Windows\system32;C:\Windows;C:\Windows\System32\Wbem;C:\Windows\System32\WindowsPowerShell\v1.0\;C:\Windows\System32\OpenSSH\;C:\Program Files\Microsoft VS Code\bin;C:\Users\bruno\AppData\Roaming\nvm;C:\Program Files\nodejs;C:\Program Files\Microsoft SQL Server\130\Tools\Binn\;C:\Program Files\Microsoft SQL Server\Client SDK\ODBC\170\Tools\Binn\;C:\Program Files (x86)\Intel\Intel(R) Management Engine Components\DAL;C:\Program Files\Intel\Intel(R) Management Engine Components\DAL;C:\Program Files\Git\cmd;C:\xampp\php;C:\ProgramData\ComposerSetup\bin;C:\Program Files\dotnet\;C:\Users\bruno\AppData\Local\Microsoft\WindowsApps;C:\Users\bruno\AppData\Roaming\npm;C:\Users\bruno\AppData\Roaming\nvm;C:\Program Files\nodejs;C:\Program Files\Java\jdk-17\bin;C:\Users\bruno\AppData\Local\hyper\app-3.0.2\resources\bin;C:\Program Files\MongoDB\Server\5.0\bin;C:\xampp\mysql\bin;C:\Users\bruno\AppData\Local\GitHubDesktop\bin;C:\Users\bruno\AppData\Local\Android\Sdk\emulator;C:\flutter\flutter\bin;C:\Program Files\JetBrains\IntelliJ IDEA 2021.2.2\bin;;C:\Program Files\JetBrains\CLion 2021.2.2\bin;;C:\Program Files\JetBrains\WebStorm 2021.2.2\bin;;C:\Program Files\heroku\bin;C:\Users\bruno\AppData\Roaming\Composer\vendor\bin;C:\Users\bruno\.dotnet\tools;C:\Program Files (x86)\ngrok;
USERNAME=bruno
OS=Windows_NT
PROCESSOR_IDENTIFIER=Intel64 Family 6 Model 78 Stepping 3, GenuineIntel



---------------  S Y S T E M  ---------------

OS: Windows 10 , 64 bit Build 19041 (10.0.19041.1348)
OS uptime: 3 days 20:43 hours
Hyper-V role detected

CPU:total 4 (initial active 4) (2 cores per cpu, 2 threads per core) family 6 model 78 stepping 3 microcode 0xea, cmov, cx8, fxsr, mmx, sse, sse2, sse3, ssse3, sse4.1, sse4.2, popcnt, avx, avx2, aes, clmul, erms, rtm, 3dnowpref, lzcnt, ht, tsc, tscinvbit, bmi1, bmi2, adx, fma

Memory: 4k page, system-wide physical 8071M (243M free)
TotalPageFile size 19776M (AvailPageFile size 61M)
current process WorkingSet (physical memory assigned to process): 428M, peak: 462M
current process commit charge ("private bytes"): 624M, peak: 701M

vm_info: OpenJDK 64-Bit Server VM (11.0.10+0-b96-7249189) for windows-amd64 JRE (11.0.10+0-b96-7249189), built on Mar 31 2021 21:44:00 by "builder" with MS VC++ 14.0 (VS2015)

END.
